2024-01-17 21:51:17.963 [info] Log level: Info
2024-01-17 21:51:17.963 [info] Validating found git in: "git"
2024-01-17 21:51:17.963 [info] Using git "2.34.1" from "git"
2024-01-17 21:51:17.963 [info] > git rev-parse --show-toplevel [5ms]
2024-01-17 21:51:17.963 [info] > git rev-parse --git-dir --git-common-dir [4ms]
2024-01-17 21:51:17.963 [info] Open repository: /opt/lampp/htdocs/PoliceMend
2024-01-17 21:51:17.963 [info] > git config --get commit.template [24ms]
2024-01-17 21:51:17.963 [info] > git rev-parse --show-toplevel [6ms]
2024-01-17 21:51:17.963 [info] > git rev-parse --show-toplevel [11ms]
2024-01-17 21:51:17.963 [info] > git for-each-ref --format=%(refname)%00%(upstream:short)%00%(objectname)%00%(upstream:track)%00%(upstream:remotename)%00%(upstream:remoteref) refs/heads/main refs/remotes/main [39ms]
2024-01-17 21:51:17.963 [info] > git rev-parse --show-toplevel [97ms]
2024-01-17 21:51:17.963 [info] > git rev-parse --show-toplevel [7ms]
2024-01-17 21:51:17.963 [info] > git status -z -uall [231ms]
2024-01-17 21:51:17.963 [info] > git rev-parse --show-toplevel [33ms]
2024-01-17 21:51:17.963 [info] > git rev-parse --show-toplevel [63ms]
2024-01-17 21:51:17.963 [info] > git rev-parse --show-toplevel [2ms]
2024-01-17 21:51:17.963 [info] > git config --get commit.template [26ms]
2024-01-17 21:51:17.963 [info] > git rev-parse --show-toplevel [20ms]
2024-01-17 21:51:17.963 [info] > git for-each-ref --format=%(refname)%00%(upstream:short)%00%(objectname)%00%(upstream:track)%00%(upstream:remotename)%00%(upstream:remoteref) refs/heads/main refs/remotes/main [46ms]
2024-01-17 21:51:17.990 [info] > git rev-parse --show-toplevel [27ms]
2024-01-17 21:51:18.027 [info] > git rev-parse --show-toplevel [3ms]
2024-01-17 21:51:18.053 [info] > git rev-parse --show-toplevel [3ms]
2024-01-17 21:51:18.074 [info] > git rev-parse --show-toplevel [2ms]
2024-01-17 21:51:18.090 [info] > git status -z -uall [108ms]
2024-01-17 21:51:18.107 [info] > git rev-parse --show-toplevel [19ms]
2024-01-17 21:51:18.125 [info] > git rev-parse --show-toplevel [4ms]
2024-01-17 21:51:18.148 [info] > git rev-parse --show-toplevel [4ms]
2024-01-17 21:51:18.172 [info] > git rev-parse --show-toplevel [7ms]
2024-01-17 21:51:18.181 [info] > git rev-parse --show-toplevel [1ms]
2024-01-17 21:51:18.213 [info] > git rev-parse --show-toplevel [12ms]
2024-01-17 21:51:18.238 [info] > git rev-parse --show-toplevel [1ms]
2024-01-17 21:51:18.253 [info] > git rev-parse --show-toplevel [4ms]
2024-01-17 21:51:18.285 [info] > git rev-parse --show-toplevel [5ms]
2024-01-17 21:51:18.350 [info] > git rev-parse --show-toplevel [29ms]
2024-01-17 21:51:18.988 [info] > git check-ignore -v -z --stdin [31ms]
2024-01-17 21:51:20.232 [info] > git check-ignore -v -z --stdin [16ms]
2024-01-17 21:51:20.598 [info] > git show --textconv :FrontEnd/src/app/admin/orden-mantenimiento/orden-mantenimiento-list.component.html [34ms]
2024-01-17 21:51:20.602 [info] > git ls-files --stage -- /opt/lampp/htdocs/PoliceMend/FrontEnd/src/app/admin/orden-mantenimiento/orden-mantenimiento-list.component.html [5ms]
2024-01-17 21:51:20.634 [info] > git cat-file -s 17f886a7f1385ea601f5e51a9014c0b82acddd26 [4ms]
2024-01-17 21:51:21.934 [info] > git check-ignore -v -z --stdin [11ms]
2024-01-17 21:51:30.217 [info] > git config --get commit.template [20ms]
2024-01-17 21:51:30.218 [info] > git for-each-ref --format=%(refname)%00%(upstream:short)%00%(objectname)%00%(upstream:track)%00%(upstream:remotename)%00%(upstream:remoteref) refs/heads/main refs/remotes/main [2ms]
2024-01-17 21:51:30.300 [info] > git status -z -uall [65ms]
2024-01-17 21:51:35.351 [info] > git config --get commit.template [18ms]
2024-01-17 21:51:35.352 [info] > git for-each-ref --format=%(refname)%00%(upstream:short)%00%(objectname)%00%(upstream:track)%00%(upstream:remotename)%00%(upstream:remoteref) refs/heads/main refs/remotes/main [3ms]
2024-01-17 21:51:35.430 [info] > git status -z -uall [54ms]
2024-01-17 21:51:40.463 [info] > git config --get commit.template [2ms]
2024-01-17 21:51:40.472 [info] > git for-each-ref --format=%(refname)%00%(upstream:short)%00%(objectname)%00%(upstream:track)%00%(upstream:remotename)%00%(upstream:remoteref) refs/heads/main refs/remotes/main [2ms]
2024-01-17 21:51:40.534 [info] > git status -z -uall [54ms]
2024-01-17 21:51:45.310 [info] > git check-ignore -v -z --stdin [14ms]
2024-01-17 21:51:45.568 [info] > git config --get commit.template [11ms]
2024-01-17 21:51:45.570 [info] > git for-each-ref --format=%(refname)%00%(upstream:short)%00%(objectname)%00%(upstream:track)%00%(upstream:remotename)%00%(upstream:remoteref) refs/heads/main refs/remotes/main [7ms]
2024-01-17 21:51:45.628 [info] > git status -z -uall [47ms]
2024-01-17 21:51:46.422 [info] > git check-ignore -v -z --stdin [11ms]
2024-01-17 21:51:47.510 [info] > git check-ignore -v -z --stdin [3ms]
2024-01-17 21:51:48.830 [info] > git check-ignore -v -z --stdin [5ms]
2024-01-17 21:51:50.668 [info] > git config --get commit.template [16ms]
2024-01-17 21:51:50.669 [info] > git for-each-ref --format=%(refname)%00%(upstream:short)%00%(objectname)%00%(upstream:track)%00%(upstream:remotename)%00%(upstream:remoteref) refs/heads/main refs/remotes/main [2ms]
2024-01-17 21:51:50.742 [info] > git status -z -uall [57ms]
2024-01-17 21:51:52.699 [info] > git show --textconv :FrontEnd/angular.json [7ms]
2024-01-17 21:51:52.701 [info] > git ls-files --stage -- /opt/lampp/htdocs/PoliceMend/FrontEnd/angular.json [2ms]
2024-01-17 21:51:52.710 [info] > git cat-file -s 8e877641abc661b7a75d94de4576bfa7f0e93b99 [2ms]
2024-01-17 21:51:55.770 [info] > git config --get commit.template [14ms]
2024-01-17 21:51:55.772 [info] > git for-each-ref --format=%(refname)%00%(upstream:short)%00%(objectname)%00%(upstream:track)%00%(upstream:remotename)%00%(upstream:remoteref) refs/heads/main refs/remotes/main [3ms]
2024-01-17 21:51:55.830 [info] > git status -z -uall [45ms]
2024-01-17 21:52:00.846 [info] > git config --get commit.template [2ms]
2024-01-17 21:52:00.857 [info] > git for-each-ref --format=%(refname)%00%(upstream:short)%00%(objectname)%00%(upstream:track)%00%(upstream:remotename)%00%(upstream:remoteref) refs/heads/main refs/remotes/main [2ms]
2024-01-17 21:52:00.917 [info] > git status -z -uall [46ms]
2024-01-17 21:52:15.469 [info] > git config --get commit.template [16ms]
2024-01-17 21:52:15.471 [info] > git for-each-ref --format=%(refname)%00%(upstream:short)%00%(objectname)%00%(upstream:track)%00%(upstream:remotename)%00%(upstream:remoteref) refs/heads/main refs/remotes/main [1ms]
2024-01-17 21:52:15.531 [info] > git status -z -uall [46ms]
2024-01-17 21:52:22.208 [info] > git config --get commit.template [14ms]
2024-01-17 21:52:22.208 [info] > git for-each-ref --format=%(refname)%00%(upstream:short)%00%(objectname)%00%(upstream:track)%00%(upstream:remotename)%00%(upstream:remoteref) refs/heads/main refs/remotes/main [4ms]
2024-01-17 21:52:22.261 [info] > git status -z -uall [44ms]
2024-01-17 21:52:38.710 [info] > git check-ignore -v -z --stdin [5ms]
2024-01-17 21:52:39.472 [info] > git config --get commit.template [17ms]
2024-01-17 21:52:39.474 [info] > git for-each-ref --format=%(refname)%00%(upstream:short)%00%(objectname)%00%(upstream:track)%00%(upstream:remotename)%00%(upstream:remoteref) refs/heads/main refs/remotes/main [3ms]
2024-01-17 21:52:39.534 [info] > git status -z -uall [51ms]
2024-01-17 21:52:41.197 [info] > git show --textconv :FrontEnd/src/environments/environment.ts [27ms]
2024-01-17 21:52:41.203 [info] > git ls-files --stage -- /opt/lampp/htdocs/PoliceMend/FrontEnd/src/environments/environment.ts [9ms]
2024-01-17 21:52:41.233 [info] > git cat-file -s f6daffd5b78a851df6fc667fbaf77260897d8386 [2ms]
2024-01-17 21:52:44.565 [info] > git config --get commit.template [1ms]
2024-01-17 21:52:44.586 [info] > git for-each-ref --format=%(refname)%00%(upstream:short)%00%(objectname)%00%(upstream:track)%00%(upstream:remotename)%00%(upstream:remoteref) refs/heads/main refs/remotes/main [6ms]
2024-01-17 21:52:44.660 [info] > git status -z -uall [66ms]
2024-01-17 21:52:53.460 [info] > git config --get commit.template [15ms]
2024-01-17 21:52:53.462 [info] > git for-each-ref --format=%(refname)%00%(upstream:short)%00%(objectname)%00%(upstream:track)%00%(upstream:remotename)%00%(upstream:remoteref) refs/heads/main refs/remotes/main [6ms]
2024-01-17 21:52:53.551 [info] > git status -z -uall [71ms]
2024-01-17 21:53:12.044 [info] > git config --get commit.template [7ms]
2024-01-17 21:53:12.044 [info] > git for-each-ref --format=%(refname)%00%(upstream:short)%00%(objectname)%00%(upstream:track)%00%(upstream:remotename)%00%(upstream:remoteref) refs/heads/main refs/remotes/main [2ms]
2024-01-17 21:53:12.113 [info] > git status -z -uall [54ms]
2024-01-17 21:53:17.144 [info] > git config --get commit.template [12ms]
2024-01-17 21:53:17.146 [info] > git for-each-ref --format=%(refname)%00%(upstream:short)%00%(objectname)%00%(upstream:track)%00%(upstream:remotename)%00%(upstream:remoteref) refs/heads/main refs/remotes/main [4ms]
2024-01-17 21:53:17.204 [info] > git status -z -uall [46ms]
2024-01-17 21:53:22.228 [info] > git config --get commit.template [3ms]
2024-01-17 21:53:22.243 [info] > git for-each-ref --format=%(refname)%00%(upstream:short)%00%(objectname)%00%(upstream:track)%00%(upstream:remotename)%00%(upstream:remoteref) refs/heads/main refs/remotes/main [3ms]
2024-01-17 21:53:22.297 [info] > git status -z -uall [42ms]
2024-01-17 21:53:28.725 [info] > git config --get commit.template [13ms]
2024-01-17 21:53:28.726 [info] > git for-each-ref --format=%(refname)%00%(upstream:short)%00%(objectname)%00%(upstream:track)%00%(upstream:remotename)%00%(upstream:remoteref) refs/heads/main refs/remotes/main [3ms]
2024-01-17 21:53:28.786 [info] > git status -z -uall [49ms]
2024-01-17 21:53:37.522 [info] > git config --get commit.template [3ms]
2024-01-17 21:53:37.535 [info] > git for-each-ref --format=%(refname)%00%(upstream:short)%00%(objectname)%00%(upstream:track)%00%(upstream:remotename)%00%(upstream:remoteref) refs/heads/main refs/remotes/main [2ms]
2024-01-17 21:53:37.582 [info] > git status -z -uall [38ms]
2024-01-17 21:53:50.028 [info] > git config --get commit.template [4ms]
2024-01-17 21:53:50.040 [info] > git for-each-ref --format=%(refname)%00%(upstream:short)%00%(objectname)%00%(upstream:track)%00%(upstream:remotename)%00%(upstream:remoteref) refs/heads/main refs/remotes/main [3ms]
2024-01-17 21:53:50.102 [info] > git status -z -uall [51ms]
2024-01-17 21:55:30.063 [info] > git config --get commit.template [12ms]
2024-01-17 21:55:30.064 [info] > git for-each-ref --format=%(refname)%00%(upstream:short)%00%(objectname)%00%(upstream:track)%00%(upstream:remotename)%00%(upstream:remoteref) refs/heads/main refs/remotes/main [1ms]
2024-01-17 21:55:30.105 [info] > git status -z -uall [35ms]
2024-01-17 21:55:35.134 [info] > git config --get commit.template [8ms]
2024-01-17 21:55:35.134 [info] > git for-each-ref --format=%(refname)%00%(upstream:short)%00%(objectname)%00%(upstream:track)%00%(upstream:remotename)%00%(upstream:remoteref) refs/heads/main refs/remotes/main [1ms]
2024-01-17 21:55:35.168 [info] > git status -z -uall [28ms]
2024-01-17 21:56:48.690 [info] > git config --get commit.template [10ms]
2024-01-17 21:56:48.691 [info] > git for-each-ref --format=%(refname)%00%(upstream:short)%00%(objectname)%00%(upstream:track)%00%(upstream:remotename)%00%(upstream:remoteref) refs/heads/main refs/remotes/main [2ms]
2024-01-17 21:56:48.738 [info] > git status -z -uall [36ms]
2024-01-17 21:56:53.755 [info] > git config --get commit.template [5ms]
2024-01-17 21:56:53.756 [info] > git for-each-ref --format=%(refname)%00%(upstream:short)%00%(objectname)%00%(upstream:track)%00%(upstream:remotename)%00%(upstream:remoteref) refs/heads/main refs/remotes/main [1ms]
2024-01-17 21:56:53.792 [info] > git status -z -uall [29ms]
2024-01-17 21:56:54.890 [info] > git check-ignore -v -z --stdin [7ms]
2024-01-17 21:56:58.817 [info] > git config --get commit.template [9ms]
2024-01-17 21:56:58.818 [info] > git for-each-ref --format=%(refname)%00%(upstream:short)%00%(objectname)%00%(upstream:track)%00%(upstream:remotename)%00%(upstream:remoteref) refs/heads/main refs/remotes/main [2ms]
2024-01-17 21:56:58.857 [info] > git status -z -uall [30ms]
2024-01-17 21:57:05.399 [info] > git config --get commit.template [8ms]
2024-01-17 21:57:05.400 [info] > git for-each-ref --format=%(refname)%00%(upstream:short)%00%(objectname)%00%(upstream:track)%00%(upstream:remotename)%00%(upstream:remoteref) refs/heads/main refs/remotes/main [2ms]
2024-01-17 21:57:05.441 [info] > git status -z -uall [32ms]
2024-01-17 21:57:25.722 [info] > git config --get commit.template [2ms]
2024-01-17 21:57:25.733 [info] > git for-each-ref --format=%(refname)%00%(upstream:short)%00%(objectname)%00%(upstream:track)%00%(upstream:remotename)%00%(upstream:remoteref) refs/heads/main refs/remotes/main [3ms]
2024-01-17 21:57:25.775 [info] > git status -z -uall [32ms]
2024-01-17 21:57:30.799 [info] > git config --get commit.template [11ms]
2024-01-17 21:57:30.801 [info] > git for-each-ref --format=%(refname)%00%(upstream:short)%00%(objectname)%00%(upstream:track)%00%(upstream:remotename)%00%(upstream:remoteref) refs/heads/main refs/remotes/main [3ms]
2024-01-17 21:57:30.839 [info] > git status -z -uall [30ms]
2024-01-17 21:57:54.460 [info] > git config --get commit.template [7ms]
2024-01-17 21:57:54.460 [info] > git for-each-ref --format=%(refname)%00%(upstream:short)%00%(objectname)%00%(upstream:track)%00%(upstream:remotename)%00%(upstream:remoteref) refs/heads/main refs/remotes/main [1ms]
2024-01-17 21:57:54.507 [info] > git status -z -uall [32ms]
2024-01-17 21:58:05.596 [info] > git config --get commit.template [2ms]
2024-01-17 21:58:05.619 [info] > git for-each-ref --format=%(refname)%00%(upstream:short)%00%(objectname)%00%(upstream:track)%00%(upstream:remotename)%00%(upstream:remoteref) refs/heads/main refs/remotes/main [6ms]
2024-01-17 21:58:05.666 [info] > git status -z -uall [39ms]
2024-01-17 21:58:14.819 [info] > git config --get commit.template [11ms]
2024-01-17 21:58:14.820 [info] > git for-each-ref --format=%(refname)%00%(upstream:short)%00%(objectname)%00%(upstream:track)%00%(upstream:remotename)%00%(upstream:remoteref) refs/heads/main refs/remotes/main [2ms]
2024-01-17 21:58:14.860 [info] > git status -z -uall [31ms]
2024-01-17 21:58:24.081 [info] > git config --get commit.template [9ms]
2024-01-17 21:58:24.081 [info] > git for-each-ref --format=%(refname)%00%(upstream:short)%00%(objectname)%00%(upstream:track)%00%(upstream:remotename)%00%(upstream:remoteref) refs/heads/main refs/remotes/main [1ms]
2024-01-17 21:58:24.120 [info] > git status -z -uall [33ms]
2024-01-17 21:58:29.136 [info] > git config --get commit.template [3ms]
2024-01-17 21:58:29.147 [info] > git for-each-ref --format=%(refname)%00%(upstream:short)%00%(objectname)%00%(upstream:track)%00%(upstream:remotename)%00%(upstream:remoteref) refs/heads/main refs/remotes/main [2ms]
2024-01-17 21:58:29.186 [info] > git status -z -uall [30ms]
2024-01-17 21:58:53.275 [info] > git config --get commit.template [8ms]
2024-01-17 21:58:53.276 [info] > git for-each-ref --format=%(refname)%00%(upstream:short)%00%(objectname)%00%(upstream:track)%00%(upstream:remotename)%00%(upstream:remoteref) refs/heads/main refs/remotes/main [2ms]
2024-01-17 21:58:53.314 [info] > git status -z -uall [30ms]
2024-01-17 21:59:13.797 [info] > git config --get commit.template [6ms]
2024-01-17 21:59:13.798 [info] > git for-each-ref --format=%(refname)%00%(upstream:short)%00%(objectname)%00%(upstream:track)%00%(upstream:remotename)%00%(upstream:remoteref) refs/heads/main refs/remotes/main [1ms]
2024-01-17 21:59:13.836 [info] > git status -z -uall [29ms]
2024-01-17 21:59:18.861 [info] > git config --get commit.template [10ms]
2024-01-17 21:59:18.862 [info] > git for-each-ref --format=%(refname)%00%(upstream:short)%00%(objectname)%00%(upstream:track)%00%(upstream:remotename)%00%(upstream:remoteref) refs/heads/main refs/remotes/main [2ms]
2024-01-17 21:59:18.900 [info] > git status -z -uall [32ms]
2024-01-17 21:59:26.832 [info] > git config --get commit.template [8ms]
2024-01-17 21:59:26.834 [info] > git for-each-ref --format=%(refname)%00%(upstream:short)%00%(objectname)%00%(upstream:track)%00%(upstream:remotename)%00%(upstream:remoteref) refs/heads/main refs/remotes/main [3ms]
2024-01-17 21:59:26.876 [info] > git status -z -uall [34ms]
2024-01-17 21:59:36.953 [info] > git config --get commit.template [9ms]
2024-01-17 21:59:36.953 [info] > git for-each-ref --format=%(refname)%00%(upstream:short)%00%(objectname)%00%(upstream:track)%00%(upstream:remotename)%00%(upstream:remoteref) refs/heads/main refs/remotes/main [1ms]
2024-01-17 21:59:36.993 [info] > git status -z -uall [34ms]
2024-01-17 21:59:42.009 [info] > git config --get commit.template [2ms]
2024-01-17 21:59:42.022 [info] > git for-each-ref --format=%(refname)%00%(upstream:short)%00%(objectname)%00%(upstream:track)%00%(upstream:remotename)%00%(upstream:remoteref) refs/heads/main refs/remotes/main [1ms]
2024-01-17 21:59:42.055 [info] > git status -z -uall [27ms]
2024-01-17 21:59:47.081 [info] > git config --get commit.template [11ms]
2024-01-17 21:59:47.081 [info] > git for-each-ref --format=%(refname)%00%(upstream:short)%00%(objectname)%00%(upstream:track)%00%(upstream:remotename)%00%(upstream:remoteref) refs/heads/main refs/remotes/main [3ms]
2024-01-17 21:59:47.126 [info] > git status -z -uall [32ms]
2024-01-17 21:59:54.509 [info] > git config --get commit.template [8ms]
2024-01-17 21:59:54.510 [info] > git for-each-ref --format=%(refname)%00%(upstream:short)%00%(objectname)%00%(upstream:track)%00%(upstream:remotename)%00%(upstream:remoteref) refs/heads/main refs/remotes/main [2ms]
2024-01-17 21:59:54.550 [info] > git status -z -uall [31ms]
2024-01-17 22:00:01.538 [info] > git show --textconv :FrontEnd/angular.json [17ms]
2024-01-17 22:00:01.543 [info] > git ls-files --stage -- /opt/lampp/htdocs/PoliceMend/FrontEnd/angular.json [6ms]
2024-01-17 22:00:01.554 [info] > git cat-file -s 8e877641abc661b7a75d94de4576bfa7f0e93b99 [4ms]
2024-01-17 22:00:02.707 [info] > git config --get commit.template [11ms]
2024-01-17 22:00:02.708 [info] > git for-each-ref --format=%(refname)%00%(upstream:short)%00%(objectname)%00%(upstream:track)%00%(upstream:remotename)%00%(upstream:remoteref) refs/heads/main refs/remotes/main [2ms]
2024-01-17 22:00:02.743 [info] > git status -z -uall [30ms]
2024-01-17 22:00:15.602 [info] > git config --get commit.template [10ms]
2024-01-17 22:00:15.603 [info] > git for-each-ref --format=%(refname)%00%(upstream:short)%00%(objectname)%00%(upstream:track)%00%(upstream:remotename)%00%(upstream:remoteref) refs/heads/main refs/remotes/main [2ms]
2024-01-17 22:00:15.644 [info] > git status -z -uall [31ms]
2024-01-17 22:00:30.809 [info] > git config --get commit.template [3ms]
2024-01-17 22:00:30.820 [info] > git for-each-ref --format=%(refname)%00%(upstream:short)%00%(objectname)%00%(upstream:track)%00%(upstream:remotename)%00%(upstream:remoteref) refs/heads/main refs/remotes/main [3ms]
2024-01-17 22:00:30.859 [info] > git status -z -uall [30ms]
2024-01-17 22:00:33.784 [info] > git check-ignore -v -z --stdin [8ms]
2024-01-17 22:00:35.885 [info] > git config --get commit.template [11ms]
2024-01-17 22:00:35.886 [info] > git for-each-ref --format=%(refname)%00%(upstream:short)%00%(objectname)%00%(upstream:track)%00%(upstream:remotename)%00%(upstream:remoteref) refs/heads/main refs/remotes/main [2ms]
2024-01-17 22:00:35.926 [info] > git status -z -uall [31ms]
2024-01-17 22:01:15.051 [info] > git config --get commit.template [8ms]
2024-01-17 22:01:15.052 [info] > git for-each-ref --format=%(refname)%00%(upstream:short)%00%(objectname)%00%(upstream:track)%00%(upstream:remotename)%00%(upstream:remoteref) refs/heads/main refs/remotes/main [2ms]
2024-01-17 22:01:15.091 [info] > git status -z -uall [30ms]
2024-01-17 22:04:47.371 [info] > git check-ignore -v -z --stdin [8ms]
2024-01-17 22:06:44.283 [info] > git config --get commit.template [8ms]
2024-01-17 22:06:44.284 [info] > git for-each-ref --format=%(refname)%00%(upstream:short)%00%(objectname)%00%(upstream:track)%00%(upstream:remotename)%00%(upstream:remoteref) refs/heads/main refs/remotes/main [2ms]
2024-01-17 22:06:44.321 [info] > git status -z -uall [29ms]
2024-01-17 23:07:36.773 [info] > git config --get commit.template [8ms]
2024-01-17 23:07:36.774 [info] > git for-each-ref --format=%(refname)%00%(upstream:short)%00%(objectname)%00%(upstream:track)%00%(upstream:remotename)%00%(upstream:remoteref) refs/heads/main refs/remotes/main [1ms]
2024-01-17 23:07:36.810 [info] > git status -z -uall [30ms]
2024-01-17 23:07:41.833 [info] > git config --get commit.template [6ms]
2024-01-17 23:07:41.834 [info] > git for-each-ref --format=%(refname)%00%(upstream:short)%00%(objectname)%00%(upstream:track)%00%(upstream:remotename)%00%(upstream:remoteref) refs/heads/main refs/remotes/main [3ms]
2024-01-17 23:07:41.877 [info] > git status -z -uall [33ms]
2024-01-17 23:13:56.854 [info] > git config --get commit.template [1ms]
2024-01-17 23:13:56.861 [info] > git for-each-ref --format=%(refname)%00%(upstream:short)%00%(objectname)%00%(upstream:track)%00%(upstream:remotename)%00%(upstream:remoteref) refs/heads/main refs/remotes/main [2ms]
2024-01-17 23:13:56.906 [info] > git status -z -uall [39ms]
2024-01-17 23:14:01.932 [info] > git config --get commit.template [11ms]
2024-01-17 23:14:01.932 [info] > git for-each-ref --format=%(refname)%00%(upstream:short)%00%(objectname)%00%(upstream:track)%00%(upstream:remotename)%00%(upstream:remoteref) refs/heads/main refs/remotes/main [2ms]
2024-01-17 23:14:01.971 [info] > git status -z -uall [33ms]
2024-01-17 23:14:11.273 [info] > git config --get commit.template [9ms]
2024-01-17 23:14:11.275 [info] > git for-each-ref --format=%(refname)%00%(upstream:short)%00%(objectname)%00%(upstream:track)%00%(upstream:remotename)%00%(upstream:remoteref) refs/heads/main refs/remotes/main [3ms]
2024-01-17 23:14:11.325 [info] > git status -z -uall [42ms]
2024-01-17 23:14:11.915 [info] > git show --textconv :FrontEnd/src/app/admin/orden-mantenimiento/orden-mantenimiento-list.component.html [7ms]
2024-01-17 23:14:11.917 [info] > git ls-files --stage -- /opt/lampp/htdocs/PoliceMend/FrontEnd/src/app/admin/orden-mantenimiento/orden-mantenimiento-list.component.html [2ms]
2024-01-17 23:14:11.925 [info] > git cat-file -s 17f886a7f1385ea601f5e51a9014c0b82acddd26 [1ms]
2024-01-17 23:14:16.349 [info] > git config --get commit.template [9ms]
2024-01-17 23:14:16.350 [info] > git for-each-ref --format=%(refname)%00%(upstream:short)%00%(objectname)%00%(upstream:track)%00%(upstream:remotename)%00%(upstream:remoteref) refs/heads/main refs/remotes/main [2ms]
2024-01-17 23:14:16.396 [info] > git status -z -uall [38ms]
2024-01-17 23:14:25.737 [info] > git config --get commit.template [11ms]
2024-01-17 23:14:25.738 [info] > git for-each-ref --format=%(refname)%00%(upstream:short)%00%(objectname)%00%(upstream:track)%00%(upstream:remotename)%00%(upstream:remoteref) refs/heads/main refs/remotes/main [3ms]
2024-01-17 23:14:25.789 [info] > git status -z -uall [42ms]
2024-01-17 23:14:33.164 [info] > git show --textconv :FrontEnd/src/app/admin/admin.module.ts [8ms]
2024-01-17 23:14:33.166 [info] > git ls-files --stage -- /opt/lampp/htdocs/PoliceMend/FrontEnd/src/app/admin/admin.module.ts [3ms]
2024-01-17 23:14:33.174 [info] > git cat-file -s 09228c0053e6e08f313c86667521ffc393c2d816 [1ms]
2024-01-17 23:14:34.321 [info] > git config --get commit.template [7ms]
2024-01-17 23:14:34.321 [info] > git for-each-ref --format=%(refname)%00%(upstream:short)%00%(objectname)%00%(upstream:track)%00%(upstream:remotename)%00%(upstream:remoteref) refs/heads/main refs/remotes/main [1ms]
2024-01-17 23:14:34.369 [info] > git status -z -uall [40ms]
2024-01-17 23:14:38.217 [info] > git show --textconv :FrontEnd/src/app/admin/orden-mantenimiento/orden-mantenimiento-list.component.html [8ms]
2024-01-17 23:14:38.219 [info] > git ls-files --stage -- /opt/lampp/htdocs/PoliceMend/FrontEnd/src/app/admin/orden-mantenimiento/orden-mantenimiento-list.component.html [3ms]
2024-01-17 23:14:38.227 [info] > git cat-file -s 17f886a7f1385ea601f5e51a9014c0b82acddd26 [1ms]
2024-01-17 23:14:39.391 [info] > git config --get commit.template [8ms]
2024-01-17 23:14:39.392 [info] > git for-each-ref --format=%(refname)%00%(upstream:short)%00%(objectname)%00%(upstream:track)%00%(upstream:remotename)%00%(upstream:remoteref) refs/heads/main refs/remotes/main [1ms]
2024-01-17 23:14:39.433 [info] > git status -z -uall [35ms]
2024-01-17 23:14:46.323 [info] > git config --get commit.template [10ms]
2024-01-17 23:14:46.323 [info] > git for-each-ref --format=%(refname)%00%(upstream:short)%00%(objectname)%00%(upstream:track)%00%(upstream:remotename)%00%(upstream:remoteref) refs/heads/main refs/remotes/main [1ms]
2024-01-17 23:14:46.365 [info] > git status -z -uall [35ms]
2024-01-17 23:14:51.389 [info] > git config --get commit.template [11ms]
2024-01-17 23:14:51.390 [info] > git for-each-ref --format=%(refname)%00%(upstream:short)%00%(objectname)%00%(upstream:track)%00%(upstream:remotename)%00%(upstream:remoteref) refs/heads/main refs/remotes/main [2ms]
2024-01-17 23:14:51.437 [info] > git status -z -uall [37ms]
2024-01-17 23:14:56.457 [info] > git config --get commit.template [7ms]
2024-01-17 23:14:56.458 [info] > git for-each-ref --format=%(refname)%00%(upstream:short)%00%(objectname)%00%(upstream:track)%00%(upstream:remotename)%00%(upstream:remoteref) refs/heads/main refs/remotes/main [2ms]
2024-01-17 23:14:56.501 [info] > git status -z -uall [37ms]
2024-01-17 23:15:02.204 [info] > git config --get commit.template [9ms]
2024-01-17 23:15:02.204 [info] > git for-each-ref --format=%(refname)%00%(upstream:short)%00%(objectname)%00%(upstream:track)%00%(upstream:remotename)%00%(upstream:remoteref) refs/heads/main refs/remotes/main [1ms]
2024-01-17 23:15:02.245 [info] > git status -z -uall [35ms]
2024-01-17 23:15:09.133 [info] > git config --get commit.template [12ms]
2024-01-17 23:15:09.135 [info] > git for-each-ref --format=%(refname)%00%(upstream:short)%00%(objectname)%00%(upstream:track)%00%(upstream:remotename)%00%(upstream:remoteref) refs/heads/main refs/remotes/main [3ms]
2024-01-17 23:15:09.185 [info] > git status -z -uall [40ms]
2024-01-17 23:15:13.908 [info] > git show --textconv :FrontEnd/src/app/admin/orden-mantenimiento/orden-mantenimiento-list.component.ts [8ms]
2024-01-17 23:15:13.910 [info] > git ls-files --stage -- /opt/lampp/htdocs/PoliceMend/FrontEnd/src/app/admin/orden-mantenimiento/orden-mantenimiento-list.component.ts [3ms]
2024-01-17 23:15:13.921 [info] > git cat-file -s 007b78822cb2f74bcf2ee603790f780655452658 [2ms]
2024-01-17 23:15:14.206 [info] > git config --get commit.template [11ms]
2024-01-17 23:15:14.206 [info] > git for-each-ref --format=%(refname)%00%(upstream:short)%00%(objectname)%00%(upstream:track)%00%(upstream:remotename)%00%(upstream:remoteref) refs/heads/main refs/remotes/main [1ms]
2024-01-17 23:15:14.257 [info] > git status -z -uall [41ms]
2024-01-17 23:15:19.278 [info] > git config --get commit.template [9ms]
2024-01-17 23:15:19.279 [info] > git for-each-ref --format=%(refname)%00%(upstream:short)%00%(objectname)%00%(upstream:track)%00%(upstream:remotename)%00%(upstream:remoteref) refs/heads/main refs/remotes/main [1ms]
2024-01-17 23:15:19.319 [info] > git status -z -uall [34ms]
2024-01-17 23:15:25.298 [info] > git config --get commit.template [8ms]
2024-01-17 23:15:25.300 [info] > git for-each-ref --format=%(refname)%00%(upstream:short)%00%(objectname)%00%(upstream:track)%00%(upstream:remotename)%00%(upstream:remoteref) refs/heads/main refs/remotes/main [3ms]
2024-01-17 23:15:25.342 [info] > git status -z -uall [34ms]
2024-01-17 23:15:27.651 [info] > git show --textconv :FrontEnd/src/app/admin/orden-mantenimiento/orden-mantenimiento-list.component.html [7ms]
2024-01-17 23:15:27.652 [info] > git ls-files --stage -- /opt/lampp/htdocs/PoliceMend/FrontEnd/src/app/admin/orden-mantenimiento/orden-mantenimiento-list.component.html [3ms]
2024-01-17 23:15:27.659 [info] > git cat-file -s 17f886a7f1385ea601f5e51a9014c0b82acddd26 [1ms]
2024-01-17 23:15:30.370 [info] > git config --get commit.template [12ms]
2024-01-17 23:15:30.371 [info] > git for-each-ref --format=%(refname)%00%(upstream:short)%00%(objectname)%00%(upstream:track)%00%(upstream:remotename)%00%(upstream:remoteref) refs/heads/main refs/remotes/main [4ms]
2024-01-17 23:15:30.416 [info] > git status -z -uall [37ms]
2024-01-17 23:15:30.955 [info] > git show --textconv :FrontEnd/src/app/admin/orden-mantenimiento/orden-mantenimiento-list.component.ts [12ms]
2024-01-17 23:15:30.958 [info] > git ls-files --stage -- /opt/lampp/htdocs/PoliceMend/FrontEnd/src/app/admin/orden-mantenimiento/orden-mantenimiento-list.component.ts [4ms]
2024-01-17 23:15:30.966 [info] > git cat-file -s 007b78822cb2f74bcf2ee603790f780655452658 [2ms]
2024-01-17 23:15:35.440 [info] > git for-each-ref --format=%(refname)%00%(upstream:short)%00%(objectname)%00%(upstream:track)%00%(upstream:remotename)%00%(upstream:remoteref) refs/heads/main refs/remotes/main [3ms]
2024-01-17 23:15:35.440 [info] > git config --get commit.template [13ms]
2024-01-17 23:15:35.486 [info] > git status -z -uall [37ms]
2024-01-17 23:15:40.508 [info] > git config --get commit.template [9ms]
2024-01-17 23:15:40.509 [info] > git for-each-ref --format=%(refname)%00%(upstream:short)%00%(objectname)%00%(upstream:track)%00%(upstream:remotename)%00%(upstream:remoteref) refs/heads/main refs/remotes/main [2ms]
2024-01-17 23:15:40.554 [info] > git status -z -uall [37ms]
2024-01-17 23:15:45.576 [info] > git config --get commit.template [9ms]
2024-01-17 23:15:45.577 [info] > git for-each-ref --format=%(refname)%00%(upstream:short)%00%(objectname)%00%(upstream:track)%00%(upstream:remotename)%00%(upstream:remoteref) refs/heads/main refs/remotes/main [4ms]
2024-01-17 23:15:45.619 [info] > git status -z -uall [34ms]
2024-01-17 23:18:13.690 [info] > git config --get commit.template [11ms]
2024-01-17 23:18:13.697 [info] > git for-each-ref --format=%(refname)%00%(upstream:short)%00%(objectname)%00%(upstream:track)%00%(upstream:remotename)%00%(upstream:remoteref) refs/heads/main refs/remotes/main [10ms]
2024-01-17 23:18:13.774 [info] > git status -z -uall [71ms]
2024-01-17 23:18:15.440 [info] > git show --textconv :FrontEnd/src/app/admin/orden-mantenimiento/orden-mantenimiento-list.component.html [8ms]
2024-01-17 23:18:15.443 [info] > git ls-files --stage -- /opt/lampp/htdocs/PoliceMend/FrontEnd/src/app/admin/orden-mantenimiento/orden-mantenimiento-list.component.html [3ms]
2024-01-17 23:18:15.452 [info] > git cat-file -s 17f886a7f1385ea601f5e51a9014c0b82acddd26 [1ms]
2024-01-17 23:18:18.799 [info] > git config --get commit.template [10ms]
2024-01-17 23:18:18.800 [info] > git for-each-ref --format=%(refname)%00%(upstream:short)%00%(objectname)%00%(upstream:track)%00%(upstream:remotename)%00%(upstream:remoteref) refs/heads/main refs/remotes/main [3ms]
2024-01-17 23:18:18.846 [info] > git status -z -uall [36ms]
2024-01-17 23:18:40.446 [info] > git config --get commit.template [9ms]
2024-01-17 23:18:40.448 [info] > git for-each-ref --format=%(refname)%00%(upstream:short)%00%(objectname)%00%(upstream:track)%00%(upstream:remotename)%00%(upstream:remoteref) refs/heads/main refs/remotes/main [3ms]
2024-01-17 23:18:40.498 [info] > git status -z -uall [44ms]
2024-01-17 23:18:45.515 [info] > git config --get commit.template [2ms]
2024-01-17 23:18:45.526 [info] > git for-each-ref --format=%(refname)%00%(upstream:short)%00%(objectname)%00%(upstream:track)%00%(upstream:remotename)%00%(upstream:remoteref) refs/heads/main refs/remotes/main [2ms]
2024-01-17 23:18:45.567 [info] > git status -z -uall [34ms]
2024-01-17 23:18:52.627 [info] > git config --get commit.template [2ms]
2024-01-17 23:18:52.645 [info] > git for-each-ref --format=%(refname)%00%(upstream:short)%00%(objectname)%00%(upstream:track)%00%(upstream:remotename)%00%(upstream:remoteref) refs/heads/main refs/remotes/main [2ms]
2024-01-17 23:18:52.694 [info] > git status -z -uall [43ms]
2024-01-17 23:18:57.718 [info] > git config --get commit.template [9ms]
2024-01-17 23:18:57.719 [info] > git for-each-ref --format=%(refname)%00%(upstream:short)%00%(objectname)%00%(upstream:track)%00%(upstream:remotename)%00%(upstream:remoteref) refs/heads/main refs/remotes/main [3ms]
2024-01-17 23:18:57.764 [info] > git status -z -uall [37ms]
2024-01-17 23:19:02.787 [info] > git config --get commit.template [10ms]
2024-01-17 23:19:02.787 [info] > git for-each-ref --format=%(refname)%00%(upstream:short)%00%(objectname)%00%(upstream:track)%00%(upstream:remotename)%00%(upstream:remoteref) refs/heads/main refs/remotes/main [2ms]
2024-01-17 23:19:02.831 [info] > git status -z -uall [35ms]
2024-01-17 23:19:12.723 [info] > git config --get commit.template [11ms]
2024-01-17 23:19:12.724 [info] > git for-each-ref --format=%(refname)%00%(upstream:short)%00%(objectname)%00%(upstream:track)%00%(upstream:remotename)%00%(upstream:remoteref) refs/heads/main refs/remotes/main [3ms]
2024-01-17 23:19:12.774 [info] > git status -z -uall [41ms]
2024-01-17 23:19:19.633 [info] > git config --get commit.template [9ms]
2024-01-17 23:19:19.634 [info] > git for-each-ref --format=%(refname)%00%(upstream:short)%00%(objectname)%00%(upstream:track)%00%(upstream:remotename)%00%(upstream:remoteref) refs/heads/main refs/remotes/main [2ms]
2024-01-17 23:19:19.689 [info] > git status -z -uall [45ms]
2024-01-17 23:19:27.065 [info] > git config --get commit.template [11ms]
2024-01-17 23:19:27.066 [info] > git for-each-ref --format=%(refname)%00%(upstream:short)%00%(objectname)%00%(upstream:track)%00%(upstream:remotename)%00%(upstream:remoteref) refs/heads/main refs/remotes/main [2ms]
2024-01-17 23:19:27.111 [info] > git status -z -uall [35ms]
2024-01-17 23:19:34.090 [info] > git config --get commit.template [6ms]
2024-01-17 23:19:34.090 [info] > git for-each-ref --format=%(refname)%00%(upstream:short)%00%(objectname)%00%(upstream:track)%00%(upstream:remotename)%00%(upstream:remoteref) refs/heads/main refs/remotes/main [1ms]
2024-01-17 23:19:34.136 [info] > git status -z -uall [39ms]
2024-01-17 23:19:39.160 [info] > git config --get commit.template [11ms]
2024-01-17 23:19:39.161 [info] > git for-each-ref --format=%(refname)%00%(upstream:short)%00%(objectname)%00%(upstream:track)%00%(upstream:remotename)%00%(upstream:remoteref) refs/heads/main refs/remotes/main [3ms]
2024-01-17 23:19:39.211 [info] > git status -z -uall [41ms]
2024-01-17 23:19:49.767 [info] > git config --get commit.template [11ms]
2024-01-17 23:19:49.768 [info] > git for-each-ref --format=%(refname)%00%(upstream:short)%00%(objectname)%00%(upstream:track)%00%(upstream:remotename)%00%(upstream:remoteref) refs/heads/main refs/remotes/main [2ms]
2024-01-17 23:19:49.820 [info] > git status -z -uall [43ms]
2024-01-17 23:20:34.138 [info] > git config --get commit.template [14ms]
2024-01-17 23:20:34.139 [info] > git for-each-ref --format=%(refname)%00%(upstream:short)%00%(objectname)%00%(upstream:track)%00%(upstream:remotename)%00%(upstream:remoteref) refs/heads/main refs/remotes/main [2ms]
2024-01-17 23:20:34.207 [info] > git status -z -uall [56ms]
2024-01-17 23:20:46.110 [info] > git config --get commit.template [16ms]
2024-01-17 23:20:46.110 [info] > git for-each-ref --format=%(refname)%00%(upstream:short)%00%(objectname)%00%(upstream:track)%00%(upstream:remotename)%00%(upstream:remoteref) refs/heads/main refs/remotes/main [1ms]
2024-01-17 23:20:46.176 [info] > git status -z -uall [54ms]
2024-01-17 23:20:51.201 [info] > git config --get commit.template [10ms]
2024-01-17 23:20:51.202 [info] > git for-each-ref --format=%(refname)%00%(upstream:short)%00%(objectname)%00%(upstream:track)%00%(upstream:remotename)%00%(upstream:remoteref) refs/heads/main refs/remotes/main [2ms]
2024-01-17 23:20:51.247 [info] > git status -z -uall [37ms]
2024-01-17 23:21:44.287 [info] > git config --get commit.template [10ms]
2024-01-17 23:21:44.288 [info] > git for-each-ref --format=%(refname)%00%(upstream:short)%00%(objectname)%00%(upstream:track)%00%(upstream:remotename)%00%(upstream:remoteref) refs/heads/main refs/remotes/main [2ms]
2024-01-17 23:21:44.338 [info] > git status -z -uall [43ms]
2024-01-17 23:22:56.993 [info] > git config --get commit.template [3ms]
2024-01-17 23:22:57.004 [info] > git for-each-ref --format=%(refname)%00%(upstream:short)%00%(objectname)%00%(upstream:track)%00%(upstream:remotename)%00%(upstream:remoteref) refs/heads/main refs/remotes/main [2ms]
2024-01-17 23:22:57.066 [info] > git status -z -uall [48ms]
2024-01-18 00:11:04.206 [info] > git config --get commit.template [9ms]
2024-01-18 00:11:04.209 [info] > git for-each-ref --format=%(refname)%00%(upstream:short)%00%(objectname)%00%(upstream:track)%00%(upstream:remotename)%00%(upstream:remoteref) refs/heads/main refs/remotes/main [4ms]
2024-01-18 00:11:04.262 [info] > git status -z -uall [46ms]
2024-01-18 00:11:09.286 [info] > git config --get commit.template [11ms]
2024-01-18 00:11:09.287 [info] > git for-each-ref --format=%(refname)%00%(upstream:short)%00%(objectname)%00%(upstream:track)%00%(upstream:remotename)%00%(upstream:remoteref) refs/heads/main refs/remotes/main [2ms]
2024-01-18 00:11:09.342 [info] > git status -z -uall [43ms]
2024-01-18 00:11:14.957 [info] > git config --get commit.template [11ms]
2024-01-18 00:11:14.959 [info] > git for-each-ref --format=%(refname)%00%(upstream:short)%00%(objectname)%00%(upstream:track)%00%(upstream:remotename)%00%(upstream:remoteref) refs/heads/main refs/remotes/main [2ms]
2024-01-18 00:11:14.999 [info] > git status -z -uall [34ms]
2024-01-18 00:11:20.024 [info] > git config --get commit.template [11ms]
2024-01-18 00:11:20.025 [info] > git for-each-ref --format=%(refname)%00%(upstream:short)%00%(objectname)%00%(upstream:track)%00%(upstream:remotename)%00%(upstream:remoteref) refs/heads/main refs/remotes/main [2ms]
2024-01-18 00:11:20.074 [info] > git status -z -uall [39ms]
2024-01-18 00:11:25.092 [info] > git config --get commit.template [9ms]
2024-01-18 00:11:25.094 [info] > git for-each-ref --format=%(refname)%00%(upstream:short)%00%(objectname)%00%(upstream:track)%00%(upstream:remotename)%00%(upstream:remoteref) refs/heads/main refs/remotes/main [3ms]
2024-01-18 00:11:25.141 [info] > git status -z -uall [38ms]
2024-01-18 00:11:38.258 [info] > git config --get commit.template [11ms]
2024-01-18 00:11:38.259 [info] > git for-each-ref --format=%(refname)%00%(upstream:short)%00%(objectname)%00%(upstream:track)%00%(upstream:remotename)%00%(upstream:remoteref) refs/heads/main refs/remotes/main [3ms]
2024-01-18 00:11:38.303 [info] > git status -z -uall [35ms]
2024-01-18 00:11:56.750 [info] > git config --get commit.template [9ms]
2024-01-18 00:11:56.750 [info] > git for-each-ref --format=%(refname)%00%(upstream:short)%00%(objectname)%00%(upstream:track)%00%(upstream:remotename)%00%(upstream:remoteref) refs/heads/main refs/remotes/main [1ms]
2024-01-18 00:11:56.792 [info] > git status -z -uall [35ms]
2024-01-18 00:12:01.808 [info] > git config --get commit.template [7ms]
2024-01-18 00:12:01.809 [info] > git for-each-ref --format=%(refname)%00%(upstream:short)%00%(objectname)%00%(upstream:track)%00%(upstream:remotename)%00%(upstream:remoteref) refs/heads/main refs/remotes/main [2ms]
2024-01-18 00:12:01.849 [info] > git status -z -uall [36ms]
2024-01-18 00:12:07.455 [info] > git check-ignore -v -z --stdin [6ms]
2024-01-18 00:12:08.231 [info] > git config --get commit.template [10ms]
2024-01-18 00:12:08.232 [info] > git for-each-ref --format=%(refname)%00%(upstream:short)%00%(objectname)%00%(upstream:track)%00%(upstream:remotename)%00%(upstream:remoteref) refs/heads/main refs/remotes/main [3ms]
2024-01-18 00:12:08.275 [info] > git status -z -uall [37ms]
2024-01-18 00:12:41.188 [info] > git config --get commit.template [9ms]
2024-01-18 00:12:41.189 [info] > git for-each-ref --format=%(refname)%00%(upstream:short)%00%(objectname)%00%(upstream:track)%00%(upstream:remotename)%00%(upstream:remoteref) refs/heads/main refs/remotes/main [3ms]
2024-01-18 00:12:41.235 [info] > git status -z -uall [38ms]
2024-01-18 00:12:41.718 [info] > git show --textconv :FrontEnd/src/app/admin/r-abastecimientos/r-abastecimientos.component.scss [15ms]
2024-01-18 00:12:41.719 [info] > git ls-files --stage -- /opt/lampp/htdocs/PoliceMend/FrontEnd/src/app/admin/r-abastecimientos/r-abastecimientos.component.scss [3ms]
2024-01-18 00:12:41.725 [info] > git cat-file -s 39ad790e465a0bb2555abaf6990649d12871a5b0 [1ms]
2024-01-18 00:13:22.880 [info] > git config --get commit.template [10ms]
2024-01-18 00:13:22.880 [info] > git for-each-ref --format=%(refname)%00%(upstream:short)%00%(objectname)%00%(upstream:track)%00%(upstream:remotename)%00%(upstream:remoteref) refs/heads/main refs/remotes/main [1ms]
2024-01-18 00:13:22.932 [info] > git status -z -uall [45ms]
2024-01-18 00:13:27.955 [info] > git config --get commit.template [10ms]
2024-01-18 00:13:27.956 [info] > git for-each-ref --format=%(refname)%00%(upstream:short)%00%(objectname)%00%(upstream:track)%00%(upstream:remotename)%00%(upstream:remoteref) refs/heads/main refs/remotes/main [3ms]
2024-01-18 00:13:28.017 [info] > git status -z -uall [53ms]
2024-01-18 00:13:40.197 [info] > git check-ignore -v -z --stdin [4ms]
2024-01-18 00:13:40.886 [info] > git config --get commit.template [6ms]
2024-01-18 00:13:40.886 [info] > git for-each-ref --format=%(refname)%00%(upstream:short)%00%(objectname)%00%(upstream:track)%00%(upstream:remotename)%00%(upstream:remoteref) refs/heads/main refs/remotes/main [1ms]
2024-01-18 00:13:40.937 [info] > git status -z -uall [43ms]
2024-01-18 00:13:44.598 [info] > git check-ignore -v -z --stdin [4ms]
2024-01-18 00:13:45.953 [info] > git config --get commit.template [6ms]
2024-01-18 00:13:45.953 [info] > git for-each-ref --format=%(refname)%00%(upstream:short)%00%(objectname)%00%(upstream:track)%00%(upstream:remotename)%00%(upstream:remoteref) refs/heads/main refs/remotes/main [1ms]
2024-01-18 00:13:45.997 [info] > git status -z -uall [38ms]
2024-01-18 00:13:46.539 [info] > git show --textconv :FrontEnd/src/app/admin/r-abastecimientos/r-abastecimientos.component.html [8ms]
2024-01-18 00:13:46.541 [info] > git ls-files --stage -- /opt/lampp/htdocs/PoliceMend/FrontEnd/src/app/admin/r-abastecimientos/r-abastecimientos.component.html [2ms]
2024-01-18 00:13:46.548 [info] > git cat-file -s 6495a0c3dba24aacc0aa312ea7b849d2aedffda0 [1ms]
2024-01-18 00:13:51.012 [info] > git config --get commit.template [5ms]
2024-01-18 00:13:51.012 [info] > git for-each-ref --format=%(refname)%00%(upstream:short)%00%(objectname)%00%(upstream:track)%00%(upstream:remotename)%00%(upstream:remoteref) refs/heads/main refs/remotes/main [1ms]
2024-01-18 00:13:51.060 [info] > git status -z -uall [43ms]
2024-01-18 00:13:56.100 [info] > git config --get commit.template [11ms]
2024-01-18 00:13:56.106 [info] > git for-each-ref --format=%(refname)%00%(upstream:short)%00%(objectname)%00%(upstream:track)%00%(upstream:remotename)%00%(upstream:remoteref) refs/heads/main refs/remotes/main [8ms]
2024-01-18 00:13:56.251 [info] > git status -z -uall [137ms]
2024-01-18 00:14:01.274 [info] > git config --get commit.template [5ms]
2024-01-18 00:14:01.274 [info] > git for-each-ref --format=%(refname)%00%(upstream:short)%00%(objectname)%00%(upstream:track)%00%(upstream:remotename)%00%(upstream:remoteref) refs/heads/main refs/remotes/main [1ms]
2024-01-18 00:14:01.323 [info] > git status -z -uall [42ms]
2024-01-18 00:14:05.884 [info] > git show --textconv :FrontEnd/src/app/admin/r-mantenimientos/r-mantenimientos.component.component.html [15ms]
2024-01-18 00:14:05.886 [info] > git ls-files --stage -- /opt/lampp/htdocs/PoliceMend/FrontEnd/src/app/admin/r-mantenimientos/r-mantenimientos.component.component.html [6ms]
2024-01-18 00:14:15.674 [info] > git config --get commit.template [7ms]
2024-01-18 00:14:15.674 [info] > git for-each-ref --format=%(refname)%00%(upstream:short)%00%(objectname)%00%(upstream:track)%00%(upstream:remotename)%00%(upstream:remoteref) refs/heads/main refs/remotes/main [1ms]
2024-01-18 00:14:15.716 [info] > git status -z -uall [37ms]
2024-01-18 00:14:57.586 [info] > git config --get commit.template [12ms]
2024-01-18 00:14:57.587 [info] > git for-each-ref --format=%(refname)%00%(upstream:short)%00%(objectname)%00%(upstream:track)%00%(upstream:remotename)%00%(upstream:remoteref) refs/heads/main refs/remotes/main [2ms]
2024-01-18 00:14:57.656 [info] > git status -z -uall [62ms]
2024-01-18 00:15:02.516 [info] > git show --textconv :FrontEnd/src/app/admin/admin-routing.module.ts [9ms]
2024-01-18 00:15:02.519 [info] > git ls-files --stage -- /opt/lampp/htdocs/PoliceMend/FrontEnd/src/app/admin/admin-routing.module.ts [4ms]
2024-01-18 00:15:02.529 [info] > git cat-file -s bd79384a0b47a429deb53aff2ff8261a2d4258a0 [3ms]
2024-01-18 00:15:02.670 [info] > git config --get commit.template [5ms]
2024-01-18 00:15:02.671 [info] > git for-each-ref --format=%(refname)%00%(upstream:short)%00%(objectname)%00%(upstream:track)%00%(upstream:remotename)%00%(upstream:remoteref) refs/heads/main refs/remotes/main [1ms]
2024-01-18 00:15:02.712 [info] > git status -z -uall [36ms]
2024-01-18 00:15:07.737 [info] > git config --get commit.template [11ms]
2024-01-18 00:15:07.738 [info] > git for-each-ref --format=%(refname)%00%(upstream:short)%00%(objectname)%00%(upstream:track)%00%(upstream:remotename)%00%(upstream:remoteref) refs/heads/main refs/remotes/main [2ms]
2024-01-18 00:15:07.783 [info] > git status -z -uall [37ms]
2024-01-18 00:15:12.805 [info] > git config --get commit.template [10ms]
2024-01-18 00:15:12.806 [info] > git for-each-ref --format=%(refname)%00%(upstream:short)%00%(objectname)%00%(upstream:track)%00%(upstream:remotename)%00%(upstream:remoteref) refs/heads/main refs/remotes/main [2ms]
2024-01-18 00:15:12.856 [info] > git status -z -uall [42ms]
2024-01-18 00:15:17.879 [info] > git config --get commit.template [9ms]
2024-01-18 00:15:17.880 [info] > git for-each-ref --format=%(refname)%00%(upstream:short)%00%(objectname)%00%(upstream:track)%00%(upstream:remotename)%00%(upstream:remoteref) refs/heads/main refs/remotes/main [2ms]
2024-01-18 00:15:17.927 [info] > git status -z -uall [39ms]
2024-01-18 00:15:22.944 [info] > git config --get commit.template [4ms]
2024-01-18 00:15:22.944 [info] > git for-each-ref --format=%(refname)%00%(upstream:short)%00%(objectname)%00%(upstream:track)%00%(upstream:remotename)%00%(upstream:remoteref) refs/heads/main refs/remotes/main [1ms]
2024-01-18 00:15:22.983 [info] > git status -z -uall [35ms]
2024-01-18 00:15:28.008 [info] > git config --get commit.template [10ms]
2024-01-18 00:15:28.009 [info] > git for-each-ref --format=%(refname)%00%(upstream:short)%00%(objectname)%00%(upstream:track)%00%(upstream:remotename)%00%(upstream:remoteref) refs/heads/main refs/remotes/main [2ms]
2024-01-18 00:15:28.053 [info] > git status -z -uall [38ms]
2024-01-18 00:15:38.275 [info] > git config --get commit.template [10ms]
2024-01-18 00:15:38.277 [info] > git for-each-ref --format=%(refname)%00%(upstream:short)%00%(objectname)%00%(upstream:track)%00%(upstream:remotename)%00%(upstream:remoteref) refs/heads/main refs/remotes/main [4ms]
2024-01-18 00:15:38.319 [info] > git status -z -uall [35ms]
2024-01-18 00:15:45.921 [info] > git config --get commit.template [9ms]
2024-01-18 00:15:45.923 [info] > git for-each-ref --format=%(refname)%00%(upstream:short)%00%(objectname)%00%(upstream:track)%00%(upstream:remotename)%00%(upstream:remoteref) refs/heads/main refs/remotes/main [3ms]
2024-01-18 00:15:45.968 [info] > git status -z -uall [38ms]
2024-01-18 00:15:50.991 [info] > git config --get commit.template [10ms]
2024-01-18 00:15:50.992 [info] > git for-each-ref --format=%(refname)%00%(upstream:short)%00%(objectname)%00%(upstream:track)%00%(upstream:remotename)%00%(upstream:remoteref) refs/heads/main refs/remotes/main [2ms]
2024-01-18 00:15:51.040 [info] > git status -z -uall [39ms]
2024-01-18 00:15:58.092 [info] > git config --get commit.template [10ms]
2024-01-18 00:15:58.093 [info] > git for-each-ref --format=%(refname)%00%(upstream:short)%00%(objectname)%00%(upstream:track)%00%(upstream:remotename)%00%(upstream:remoteref) refs/heads/main refs/remotes/main [2ms]
2024-01-18 00:15:58.139 [info] > git status -z -uall [39ms]
2024-01-18 00:16:03.943 [info] > git config --get commit.template [7ms]
2024-01-18 00:16:03.944 [info] > git for-each-ref --format=%(refname)%00%(upstream:short)%00%(objectname)%00%(upstream:track)%00%(upstream:remotename)%00%(upstream:remoteref) refs/heads/main refs/remotes/main [1ms]
2024-01-18 00:16:03.984 [info] > git status -z -uall [36ms]
2024-01-18 00:16:09.386 [info] > git config --get commit.template [17ms]
2024-01-18 00:16:09.393 [info] > git for-each-ref --format=%(refname)%00%(upstream:short)%00%(objectname)%00%(upstream:track)%00%(upstream:remotename)%00%(upstream:remoteref) refs/heads/main refs/remotes/main [2ms]
2024-01-18 00:16:09.431 [info] > git status -z -uall [34ms]
2024-01-18 00:16:15.271 [info] > git config --get commit.template [10ms]
2024-01-18 00:16:15.272 [info] > git for-each-ref --format=%(refname)%00%(upstream:short)%00%(objectname)%00%(upstream:track)%00%(upstream:remotename)%00%(upstream:remoteref) refs/heads/main refs/remotes/main [2ms]
2024-01-18 00:16:15.320 [info] > git status -z -uall [41ms]
2024-01-18 00:16:20.342 [info] > git config --get commit.template [10ms]
2024-01-18 00:16:20.343 [info] > git for-each-ref --format=%(refname)%00%(upstream:short)%00%(objectname)%00%(upstream:track)%00%(upstream:remotename)%00%(upstream:remoteref) refs/heads/main refs/remotes/main [3ms]
2024-01-18 00:16:20.384 [info] > git status -z -uall [36ms]
2024-01-18 00:16:25.619 [info] > git config --get commit.template [5ms]
2024-01-18 00:16:25.619 [info] > git for-each-ref --format=%(refname)%00%(upstream:short)%00%(objectname)%00%(upstream:track)%00%(upstream:remotename)%00%(upstream:remoteref) refs/heads/main refs/remotes/main [1ms]
2024-01-18 00:16:25.662 [info] > git status -z -uall [37ms]
2024-01-18 00:16:30.674 [info] > git config --get commit.template [1ms]
2024-01-18 00:16:30.679 [info] > git for-each-ref --format=%(refname)%00%(upstream:short)%00%(objectname)%00%(upstream:track)%00%(upstream:remotename)%00%(upstream:remoteref) refs/heads/main refs/remotes/main [1ms]
2024-01-18 00:16:30.718 [info] > git status -z -uall [35ms]
2024-01-18 00:16:35.740 [info] > git config --get commit.template [10ms]
2024-01-18 00:16:35.742 [info] > git for-each-ref --format=%(refname)%00%(upstream:short)%00%(objectname)%00%(upstream:track)%00%(upstream:remotename)%00%(upstream:remoteref) refs/heads/main refs/remotes/main [3ms]
2024-01-18 00:16:35.788 [info] > git status -z -uall [38ms]
2024-01-18 00:16:40.803 [info] > git config --get commit.template [7ms]
2024-01-18 00:16:40.804 [info] > git for-each-ref --format=%(refname)%00%(upstream:short)%00%(objectname)%00%(upstream:track)%00%(upstream:remotename)%00%(upstream:remoteref) refs/heads/main refs/remotes/main [2ms]
2024-01-18 00:16:40.852 [info] > git status -z -uall [40ms]
2024-01-18 00:16:44.816 [info] > git show --textconv :FrontEnd/src/app/admin/r-mantenimientos/r-mantenimientos.component.component.ts [11ms]
2024-01-18 00:16:44.819 [info] > git ls-files --stage -- /opt/lampp/htdocs/PoliceMend/FrontEnd/src/app/admin/r-mantenimientos/r-mantenimientos.component.component.ts [4ms]
2024-01-18 00:16:52.269 [info] > git show --textconv :FrontEnd/src/app/admin/admin-routing.module.ts [8ms]
2024-01-18 00:16:52.271 [info] > git ls-files --stage -- /opt/lampp/htdocs/PoliceMend/FrontEnd/src/app/admin/admin-routing.module.ts [2ms]
2024-01-18 00:16:52.276 [info] > git cat-file -s bd79384a0b47a429deb53aff2ff8261a2d4258a0 [1ms]
2024-01-18 00:16:58.078 [info] > git config --get commit.template [5ms]
2024-01-18 00:16:58.078 [info] > git for-each-ref --format=%(refname)%00%(upstream:short)%00%(objectname)%00%(upstream:track)%00%(upstream:remotename)%00%(upstream:remoteref) refs/heads/main refs/remotes/main [1ms]
2024-01-18 00:16:58.117 [info] > git status -z -uall [35ms]
2024-01-18 00:17:10.255 [info] > git config --get commit.template [5ms]
2024-01-18 00:17:10.256 [info] > git for-each-ref --format=%(refname)%00%(upstream:short)%00%(objectname)%00%(upstream:track)%00%(upstream:remotename)%00%(upstream:remoteref) refs/heads/main refs/remotes/main [1ms]
2024-01-18 00:17:10.301 [info] > git status -z -uall [40ms]
2024-01-18 00:17:15.323 [info] > git config --get commit.template [8ms]
2024-01-18 00:17:15.323 [info] > git for-each-ref --format=%(refname)%00%(upstream:short)%00%(objectname)%00%(upstream:track)%00%(upstream:remotename)%00%(upstream:remoteref) refs/heads/main refs/remotes/main [1ms]
2024-01-18 00:17:15.368 [info] > git status -z -uall [40ms]
2024-01-18 00:17:19.455 [info] > git show --textconv :FrontEnd/src/app/admin/r-mantenimientos/r-mantenimientos.component.component.html [6ms]
2024-01-18 00:17:19.457 [info] > git ls-files --stage -- /opt/lampp/htdocs/PoliceMend/FrontEnd/src/app/admin/r-mantenimientos/r-mantenimientos.component.component.html [2ms]
2024-01-18 00:17:20.543 [info] > git config --get commit.template [10ms]
2024-01-18 00:17:20.544 [info] > git for-each-ref --format=%(refname)%00%(upstream:short)%00%(objectname)%00%(upstream:track)%00%(upstream:remotename)%00%(upstream:remoteref) refs/heads/main refs/remotes/main [1ms]
2024-01-18 00:17:20.584 [info] > git status -z -uall [36ms]
2024-01-18 00:17:24.835 [info] > git show --textconv :FrontEnd/src/app/admin/r-mantenimientos/r-mantenimientos.component.component.spec.ts [11ms]
2024-01-18 00:17:24.837 [info] > git ls-files --stage -- /opt/lampp/htdocs/PoliceMend/FrontEnd/src/app/admin/r-mantenimientos/r-mantenimientos.component.component.spec.ts [3ms]
2024-01-18 00:17:24.970 [info] > git check-ignore -v -z --stdin [5ms]
2024-01-18 00:17:26.240 [info] > git config --get commit.template [7ms]
2024-01-18 00:17:26.241 [info] > git for-each-ref --format=%(refname)%00%(upstream:short)%00%(objectname)%00%(upstream:track)%00%(upstream:remotename)%00%(upstream:remoteref) refs/heads/main refs/remotes/main [2ms]
2024-01-18 00:17:26.293 [info] > git status -z -uall [43ms]
2024-01-18 00:17:30.924 [info] > git show --textconv :FrontEnd/src/app/admin/r-mantenimientos/r-mantenimientos.component.component.scss [7ms]
2024-01-18 00:17:30.926 [info] > git ls-files --stage -- /opt/lampp/htdocs/PoliceMend/FrontEnd/src/app/admin/r-mantenimientos/r-mantenimientos.component.component.scss [2ms]
2024-01-18 00:17:31.081 [info] > git check-ignore -v -z --stdin [4ms]
2024-01-18 00:17:31.309 [info] > git config --get commit.template [6ms]
2024-01-18 00:17:31.309 [info] > git for-each-ref --format=%(refname)%00%(upstream:short)%00%(objectname)%00%(upstream:track)%00%(upstream:remotename)%00%(upstream:remoteref) refs/heads/main refs/remotes/main [1ms]
2024-01-18 00:17:31.379 [info] > git status -z -uall [63ms]
2024-01-18 00:17:34.631 [info] > git show --textconv :FrontEnd/src/app/admin/r-mantenimientos/r-mantenimientos.component.html [10ms]
2024-01-18 00:17:34.632 [info] > git ls-files --stage -- /opt/lampp/htdocs/PoliceMend/FrontEnd/src/app/admin/r-mantenimientos/r-mantenimientos.component.html [3ms]
2024-01-18 00:17:34.858 [info] > git check-ignore -v -z --stdin [3ms]
2024-01-18 00:17:36.292 [info] > git show --textconv :FrontEnd/src/app/admin/r-mantenimientos/r-mantenimientos.component.component.ts [6ms]
2024-01-18 00:17:36.294 [info] > git ls-files --stage -- /opt/lampp/htdocs/PoliceMend/FrontEnd/src/app/admin/r-mantenimientos/r-mantenimientos.component.component.ts [3ms]
2024-01-18 00:17:36.396 [info] > git config --get commit.template [7ms]
2024-01-18 00:17:36.397 [info] > git for-each-ref --format=%(refname)%00%(upstream:short)%00%(objectname)%00%(upstream:track)%00%(upstream:remotename)%00%(upstream:remoteref) refs/heads/main refs/remotes/main [2ms]
2024-01-18 00:17:36.466 [info] > git status -z -uall [63ms]
2024-01-18 00:17:40.489 [info] > git show --textconv :FrontEnd/src/app/admin/r-mantenimientos/r-mantenimientos.component.ts [8ms]
2024-01-18 00:17:40.494 [info] > git ls-files --stage -- /opt/lampp/htdocs/PoliceMend/FrontEnd/src/app/admin/r-mantenimientos/r-mantenimientos.component.ts [6ms]
2024-01-18 00:17:40.732 [info] > git check-ignore -v -z --stdin [4ms]
2024-01-18 00:17:45.194 [info] > git config --get commit.template [3ms]
2024-01-18 00:17:45.205 [info] > git for-each-ref --format=%(refname)%00%(upstream:short)%00%(objectname)%00%(upstream:track)%00%(upstream:remotename)%00%(upstream:remoteref) refs/heads/main refs/remotes/main [1ms]
2024-01-18 00:17:45.280 [info] > git status -z -uall [66ms]
2024-01-18 00:17:50.298 [info] > git config --get commit.template [7ms]
2024-01-18 00:17:50.299 [info] > git for-each-ref --format=%(refname)%00%(upstream:short)%00%(objectname)%00%(upstream:track)%00%(upstream:remotename)%00%(upstream:remoteref) refs/heads/main refs/remotes/main [2ms]
2024-01-18 00:17:50.347 [info] > git status -z -uall [43ms]
2024-01-18 00:17:55.360 [info] > git config --get commit.template [5ms]
2024-01-18 00:17:55.361 [info] > git for-each-ref --format=%(refname)%00%(upstream:short)%00%(objectname)%00%(upstream:track)%00%(upstream:remotename)%00%(upstream:remoteref) refs/heads/main refs/remotes/main [1ms]
2024-01-18 00:17:55.400 [info] > git status -z -uall [35ms]
2024-01-18 00:18:00.419 [info] > git config --get commit.template [7ms]
2024-01-18 00:18:00.420 [info] > git for-each-ref --format=%(refname)%00%(upstream:short)%00%(objectname)%00%(upstream:track)%00%(upstream:remotename)%00%(upstream:remoteref) refs/heads/main refs/remotes/main [1ms]
2024-01-18 00:18:00.466 [info] > git status -z -uall [37ms]
2024-01-18 00:18:05.486 [info] > git config --get commit.template [9ms]
2024-01-18 00:18:05.487 [info] > git for-each-ref --format=%(refname)%00%(upstream:short)%00%(objectname)%00%(upstream:track)%00%(upstream:remotename)%00%(upstream:remoteref) refs/heads/main refs/remotes/main [2ms]
2024-01-18 00:18:05.537 [info] > git status -z -uall [42ms]
2024-01-18 00:18:15.831 [info] > git show --textconv :FrontEnd/src/app/admin/admin.module.ts [10ms]
2024-01-18 00:18:15.833 [info] > git ls-files --stage -- /opt/lampp/htdocs/PoliceMend/FrontEnd/src/app/admin/admin.module.ts [2ms]
2024-01-18 00:18:15.838 [info] > git cat-file -s 09228c0053e6e08f313c86667521ffc393c2d816 [1ms]
2024-01-18 00:18:20.988 [info] > git config --get commit.template [9ms]
2024-01-18 00:18:20.988 [info] > git for-each-ref --format=%(refname)%00%(upstream:short)%00%(objectname)%00%(upstream:track)%00%(upstream:remotename)%00%(upstream:remoteref) refs/heads/main refs/remotes/main [1ms]
2024-01-18 00:18:21.042 [info] > git status -z -uall [44ms]
2024-01-18 00:18:26.063 [info] > git config --get commit.template [10ms]
2024-01-18 00:18:26.063 [info] > git for-each-ref --format=%(refname)%00%(upstream:short)%00%(objectname)%00%(upstream:track)%00%(upstream:remotename)%00%(upstream:remoteref) refs/heads/main refs/remotes/main [1ms]
2024-01-18 00:18:26.107 [info] > git status -z -uall [39ms]
2024-01-18 00:18:31.130 [info] > git config --get commit.template [11ms]
2024-01-18 00:18:31.131 [info] > git for-each-ref --format=%(refname)%00%(upstream:short)%00%(objectname)%00%(upstream:track)%00%(upstream:remotename)%00%(upstream:remoteref) refs/heads/main refs/remotes/main [2ms]
2024-01-18 00:18:31.178 [info] > git status -z -uall [39ms]
2024-01-18 00:18:36.194 [info] > git config --get commit.template [8ms]
2024-01-18 00:18:36.195 [info] > git for-each-ref --format=%(refname)%00%(upstream:short)%00%(objectname)%00%(upstream:track)%00%(upstream:remotename)%00%(upstream:remoteref) refs/heads/main refs/remotes/main [2ms]
2024-01-18 00:18:36.239 [info] > git status -z -uall [39ms]
2024-01-18 00:18:41.250 [info] > git config --get commit.template [1ms]
2024-01-18 00:18:41.255 [info] > git for-each-ref --format=%(refname)%00%(upstream:short)%00%(objectname)%00%(upstream:track)%00%(upstream:remotename)%00%(upstream:remoteref) refs/heads/main refs/remotes/main [1ms]
2024-01-18 00:18:41.295 [info] > git status -z -uall [35ms]
2024-01-18 00:18:46.317 [info] > git config --get commit.template [9ms]
2024-01-18 00:18:46.318 [info] > git for-each-ref --format=%(refname)%00%(upstream:short)%00%(objectname)%00%(upstream:track)%00%(upstream:remotename)%00%(upstream:remoteref) refs/heads/main refs/remotes/main [2ms]
2024-01-18 00:18:46.365 [info] > git status -z -uall [40ms]
2024-01-18 00:18:55.729 [info] > git config --get commit.template [10ms]
2024-01-18 00:18:55.730 [info] > git for-each-ref --format=%(refname)%00%(upstream:short)%00%(objectname)%00%(upstream:track)%00%(upstream:remotename)%00%(upstream:remoteref) refs/heads/main refs/remotes/main [2ms]
2024-01-18 00:18:55.777 [info] > git status -z -uall [38ms]
2024-01-18 00:19:00.803 [info] > git config --get commit.template [10ms]
2024-01-18 00:19:00.804 [info] > git for-each-ref --format=%(refname)%00%(upstream:short)%00%(objectname)%00%(upstream:track)%00%(upstream:remotename)%00%(upstream:remoteref) refs/heads/main refs/remotes/main [2ms]
2024-01-18 00:19:00.854 [info] > git status -z -uall [39ms]
2024-01-18 00:19:05.869 [info] > git config --get commit.template [2ms]
2024-01-18 00:19:05.879 [info] > git for-each-ref --format=%(refname)%00%(upstream:short)%00%(objectname)%00%(upstream:track)%00%(upstream:remotename)%00%(upstream:remoteref) refs/heads/main refs/remotes/main [2ms]
2024-01-18 00:19:05.930 [info] > git status -z -uall [43ms]
2024-01-18 00:19:15.097 [info] > git config --get commit.template [5ms]
2024-01-18 00:19:15.098 [info] > git for-each-ref --format=%(refname)%00%(upstream:short)%00%(objectname)%00%(upstream:track)%00%(upstream:remotename)%00%(upstream:remoteref) refs/heads/main refs/remotes/main [2ms]
2024-01-18 00:19:15.137 [info] > git status -z -uall [35ms]
2024-01-18 00:19:20.152 [info] > git config --get commit.template [5ms]
2024-01-18 00:19:20.152 [info] > git for-each-ref --format=%(refname)%00%(upstream:short)%00%(objectname)%00%(upstream:track)%00%(upstream:remotename)%00%(upstream:remoteref) refs/heads/main refs/remotes/main [0ms]
2024-01-18 00:19:20.191 [info] > git status -z -uall [34ms]
2024-01-18 00:19:25.207 [info] > git config --get commit.template [7ms]
2024-01-18 00:19:25.208 [info] > git for-each-ref --format=%(refname)%00%(upstream:short)%00%(objectname)%00%(upstream:track)%00%(upstream:remotename)%00%(upstream:remoteref) refs/heads/main refs/remotes/main [2ms]
2024-01-18 00:19:25.251 [info] > git status -z -uall [38ms]
2024-01-18 00:19:31.230 [info] > git config --get commit.template [8ms]
2024-01-18 00:19:31.231 [info] > git for-each-ref --format=%(refname)%00%(upstream:short)%00%(objectname)%00%(upstream:track)%00%(upstream:remotename)%00%(upstream:remoteref) refs/heads/main refs/remotes/main [2ms]
2024-01-18 00:19:31.297 [info] > git status -z -uall [59ms]
2024-01-18 00:19:36.323 [info] > git config --get commit.template [11ms]
2024-01-18 00:19:36.324 [info] > git for-each-ref --format=%(refname)%00%(upstream:short)%00%(objectname)%00%(upstream:track)%00%(upstream:remotename)%00%(upstream:remoteref) refs/heads/main refs/remotes/main [3ms]
2024-01-18 00:19:36.375 [info] > git status -z -uall [43ms]
2024-01-18 00:19:41.389 [info] > git config --get commit.template [5ms]
2024-01-18 00:19:41.390 [info] > git for-each-ref --format=%(refname)%00%(upstream:short)%00%(objectname)%00%(upstream:track)%00%(upstream:remotename)%00%(upstream:remoteref) refs/heads/main refs/remotes/main [2ms]
2024-01-18 00:19:41.436 [info] > git status -z -uall [39ms]
2024-01-18 00:19:46.454 [info] > git config --get commit.template [5ms]
2024-01-18 00:19:46.454 [info] > git for-each-ref --format=%(refname)%00%(upstream:short)%00%(objectname)%00%(upstream:track)%00%(upstream:remotename)%00%(upstream:remoteref) refs/heads/main refs/remotes/main [1ms]
2024-01-18 00:19:46.504 [info] > git status -z -uall [38ms]
2024-01-18 00:19:47.529 [info] > git show --textconv :FrontEnd/src/app/admin/r-mantenimientos/r-mantenimientos.component.ts [7ms]
2024-01-18 00:19:47.531 [info] > git ls-files --stage -- /opt/lampp/htdocs/PoliceMend/FrontEnd/src/app/admin/r-mantenimientos/r-mantenimientos.component.ts [3ms]
2024-01-18 00:19:51.530 [info] > git config --get commit.template [12ms]
2024-01-18 00:19:51.532 [info] > git for-each-ref --format=%(refname)%00%(upstream:short)%00%(objectname)%00%(upstream:track)%00%(upstream:remotename)%00%(upstream:remoteref) refs/heads/main refs/remotes/main [4ms]
2024-01-18 00:19:51.579 [info] > git status -z -uall [37ms]
2024-01-18 00:19:56.599 [info] > git config --get commit.template [7ms]
2024-01-18 00:19:56.600 [info] > git for-each-ref --format=%(refname)%00%(upstream:short)%00%(objectname)%00%(upstream:track)%00%(upstream:remotename)%00%(upstream:remoteref) refs/heads/main refs/remotes/main [2ms]
2024-01-18 00:19:56.641 [info] > git status -z -uall [35ms]
2024-01-18 00:20:01.658 [info] > git config --get commit.template [8ms]
2024-01-18 00:20:01.658 [info] > git for-each-ref --format=%(refname)%00%(upstream:short)%00%(objectname)%00%(upstream:track)%00%(upstream:remotename)%00%(upstream:remoteref) refs/heads/main refs/remotes/main [1ms]
2024-01-18 00:20:01.713 [info] > git status -z -uall [48ms]
2024-01-18 00:20:02.678 [info] > git show --textconv :FrontEnd/src/app/admin/r-mantenimientos/r-mantenimientos.component.spec.ts [6ms]
2024-01-18 00:20:02.679 [info] > git ls-files --stage -- /opt/lampp/htdocs/PoliceMend/FrontEnd/src/app/admin/r-mantenimientos/r-mantenimientos.component.spec.ts [2ms]
2024-01-18 00:20:06.735 [info] > git config --get commit.template [8ms]
2024-01-18 00:20:06.736 [info] > git for-each-ref --format=%(refname)%00%(upstream:short)%00%(objectname)%00%(upstream:track)%00%(upstream:remotename)%00%(upstream:remoteref) refs/heads/main refs/remotes/main [2ms]
2024-01-18 00:20:06.778 [info] > git status -z -uall [37ms]
2024-01-18 00:20:11.799 [info] > git config --get commit.template [10ms]
2024-01-18 00:20:11.800 [info] > git for-each-ref --format=%(refname)%00%(upstream:short)%00%(objectname)%00%(upstream:track)%00%(upstream:remotename)%00%(upstream:remoteref) refs/heads/main refs/remotes/main [3ms]
2024-01-18 00:20:11.846 [info] > git status -z -uall [37ms]
2024-01-18 00:20:16.858 [info] > git config --get commit.template [5ms]
2024-01-18 00:20:16.859 [info] > git for-each-ref --format=%(refname)%00%(upstream:short)%00%(objectname)%00%(upstream:track)%00%(upstream:remotename)%00%(upstream:remoteref) refs/heads/main refs/remotes/main [1ms]
2024-01-18 00:20:16.898 [info] > git status -z -uall [35ms]
2024-01-18 00:20:21.922 [info] > git config --get commit.template [11ms]
2024-01-18 00:20:21.924 [info] > git for-each-ref --format=%(refname)%00%(upstream:short)%00%(objectname)%00%(upstream:track)%00%(upstream:remotename)%00%(upstream:remoteref) refs/heads/main refs/remotes/main [3ms]
2024-01-18 00:20:21.971 [info] > git status -z -uall [38ms]
2024-01-18 00:20:26.989 [info] > git config --get commit.template [3ms]
2024-01-18 00:20:26.999 [info] > git for-each-ref --format=%(refname)%00%(upstream:short)%00%(objectname)%00%(upstream:track)%00%(upstream:remotename)%00%(upstream:remoteref) refs/heads/main refs/remotes/main [1ms]
2024-01-18 00:20:27.061 [info] > git status -z -uall [51ms]
2024-01-18 00:20:30.538 [info] > git show --textconv :FrontEnd/src/app/admin/r-abastecimientos/r-abastecimientos.component.spec.ts [12ms]
2024-01-18 00:20:30.540 [info] > git ls-files --stage -- /opt/lampp/htdocs/PoliceMend/FrontEnd/src/app/admin/r-abastecimientos/r-abastecimientos.component.spec.ts [5ms]
2024-01-18 00:20:30.548 [info] > git cat-file -s 3b5088998e35bc1e8d8095a569da3f99c6a34ea0 [1ms]
2024-01-18 00:20:32.082 [info] > git config --get commit.template [9ms]
2024-01-18 00:20:32.082 [info] > git for-each-ref --format=%(refname)%00%(upstream:short)%00%(objectname)%00%(upstream:track)%00%(upstream:remotename)%00%(upstream:remoteref) refs/heads/main refs/remotes/main [1ms]
2024-01-18 00:20:32.126 [info] > git status -z -uall [37ms]
2024-01-18 00:20:34.998 [info] > git show --textconv :FrontEnd/src/app/admin/r-mantenimientos/r-mantenimientos.component.spec.ts [7ms]
2024-01-18 00:20:35.000 [info] > git ls-files --stage -- /opt/lampp/htdocs/PoliceMend/FrontEnd/src/app/admin/r-mantenimientos/r-mantenimientos.component.spec.ts [2ms]
2024-01-18 00:20:38.328 [info] > git config --get commit.template [11ms]
2024-01-18 00:20:38.329 [info] > git for-each-ref --format=%(refname)%00%(upstream:short)%00%(objectname)%00%(upstream:track)%00%(upstream:remotename)%00%(upstream:remoteref) refs/heads/main refs/remotes/main [2ms]
2024-01-18 00:20:38.378 [info] > git status -z -uall [40ms]
2024-01-18 00:20:43.881 [info] > git config --get commit.template [8ms]
2024-01-18 00:20:43.882 [info] > git for-each-ref --format=%(refname)%00%(upstream:short)%00%(objectname)%00%(upstream:track)%00%(upstream:remotename)%00%(upstream:remoteref) refs/heads/main refs/remotes/main [1ms]
2024-01-18 00:20:43.924 [info] > git status -z -uall [37ms]
2024-01-18 00:20:55.343 [info] > git config --get commit.template [8ms]
2024-01-18 00:20:55.343 [info] > git for-each-ref --format=%(refname)%00%(upstream:short)%00%(objectname)%00%(upstream:track)%00%(upstream:remotename)%00%(upstream:remoteref) refs/heads/main refs/remotes/main [1ms]
2024-01-18 00:20:55.388 [info] > git status -z -uall [38ms]
2024-01-18 00:21:00.415 [info] > git config --get commit.template [11ms]
2024-01-18 00:21:00.416 [info] > git for-each-ref --format=%(refname)%00%(upstream:short)%00%(objectname)%00%(upstream:track)%00%(upstream:remotename)%00%(upstream:remoteref) refs/heads/main refs/remotes/main [3ms]
2024-01-18 00:21:00.461 [info] > git status -z -uall [37ms]
2024-01-18 00:21:05.486 [info] > git config --get commit.template [11ms]
2024-01-18 00:21:05.488 [info] > git for-each-ref --format=%(refname)%00%(upstream:short)%00%(objectname)%00%(upstream:track)%00%(upstream:remotename)%00%(upstream:remoteref) refs/heads/main refs/remotes/main [3ms]
2024-01-18 00:21:05.538 [info] > git status -z -uall [42ms]
2024-01-18 00:21:10.554 [info] > git config --get commit.template [5ms]
2024-01-18 00:21:10.554 [info] > git for-each-ref --format=%(refname)%00%(upstream:short)%00%(objectname)%00%(upstream:track)%00%(upstream:remotename)%00%(upstream:remoteref) refs/heads/main refs/remotes/main [1ms]
2024-01-18 00:21:10.592 [info] > git status -z -uall [33ms]
2024-01-18 00:21:15.614 [info] > git show --textconv :FrontEnd/src/app/admin/r-mantenimientos/r-mantenimientos.component.scss [13ms]
2024-01-18 00:21:15.615 [info] > git config --get commit.template [2ms]
2024-01-18 00:21:15.615 [info] > git ls-files --stage -- /opt/lampp/htdocs/PoliceMend/FrontEnd/src/app/admin/r-mantenimientos/r-mantenimientos.component.scss [7ms]
2024-01-18 00:21:15.622 [info] > git for-each-ref --format=%(refname)%00%(upstream:short)%00%(objectname)%00%(upstream:track)%00%(upstream:remotename)%00%(upstream:remoteref) refs/heads/main refs/remotes/main [2ms]
2024-01-18 00:21:15.672 [info] > git status -z -uall [44ms]
2024-01-18 00:21:17.634 [info] > git show --textconv :FrontEnd/src/app/admin/r-mantenimientos/r-mantenimientos.component.html [7ms]
2024-01-18 00:21:17.636 [info] > git ls-files --stage -- /opt/lampp/htdocs/PoliceMend/FrontEnd/src/app/admin/r-mantenimientos/r-mantenimientos.component.html [3ms]
2024-01-18 00:21:20.696 [info] > git config --get commit.template [10ms]
2024-01-18 00:21:20.697 [info] > git for-each-ref --format=%(refname)%00%(upstream:short)%00%(objectname)%00%(upstream:track)%00%(upstream:remotename)%00%(upstream:remoteref) refs/heads/main refs/remotes/main [2ms]
2024-01-18 00:21:20.750 [info] > git status -z -uall [46ms]
2024-01-18 00:21:25.727 [info] > git show --textconv :FrontEnd/src/app/admin/r-mantenimientos/r-mantenimientos.component.ts [12ms]
2024-01-18 00:21:25.730 [info] > git ls-files --stage -- /opt/lampp/htdocs/PoliceMend/FrontEnd/src/app/admin/r-mantenimientos/r-mantenimientos.component.ts [4ms]
2024-01-18 00:21:25.772 [info] > git config --get commit.template [9ms]
2024-01-18 00:21:25.773 [info] > git for-each-ref --format=%(refname)%00%(upstream:short)%00%(objectname)%00%(upstream:track)%00%(upstream:remotename)%00%(upstream:remoteref) refs/heads/main refs/remotes/main [1ms]
2024-01-18 00:21:25.844 [info] > git status -z -uall [62ms]
2024-01-18 00:21:30.859 [info] > git config --get commit.template [5ms]
2024-01-18 00:21:30.859 [info] > git for-each-ref --format=%(refname)%00%(upstream:short)%00%(objectname)%00%(upstream:track)%00%(upstream:remotename)%00%(upstream:remoteref) refs/heads/main refs/remotes/main [1ms]
2024-01-18 00:21:30.903 [info] > git status -z -uall [38ms]
2024-01-18 00:21:35.926 [info] > git config --get commit.template [10ms]
2024-01-18 00:21:35.928 [info] > git for-each-ref --format=%(refname)%00%(upstream:short)%00%(objectname)%00%(upstream:track)%00%(upstream:remotename)%00%(upstream:remoteref) refs/heads/main refs/remotes/main [3ms]
2024-01-18 00:21:35.979 [info] > git status -z -uall [42ms]
2024-01-18 00:21:41.005 [info] > git config --get commit.template [10ms]
2024-01-18 00:21:41.005 [info] > git for-each-ref --format=%(refname)%00%(upstream:short)%00%(objectname)%00%(upstream:track)%00%(upstream:remotename)%00%(upstream:remoteref) refs/heads/main refs/remotes/main [2ms]
2024-01-18 00:21:41.048 [info] > git status -z -uall [35ms]
2024-01-18 00:21:48.880 [info] > git show --textconv :FrontEnd/src/app/admin/r-mantenimientos/r-mantenimientos.component.html [9ms]
2024-01-18 00:21:48.883 [info] > git ls-files --stage -- /opt/lampp/htdocs/PoliceMend/FrontEnd/src/app/admin/r-mantenimientos/r-mantenimientos.component.html [4ms]
2024-01-18 00:21:49.958 [info] > git config --get commit.template [5ms]
2024-01-18 00:21:49.959 [info] > git for-each-ref --format=%(refname)%00%(upstream:short)%00%(objectname)%00%(upstream:track)%00%(upstream:remotename)%00%(upstream:remoteref) refs/heads/main refs/remotes/main [2ms]
2024-01-18 00:21:50.001 [info] > git status -z -uall [36ms]
2024-01-18 00:21:55.882 [info] > git for-each-ref --format=%(refname)%00%(upstream:short)%00%(objectname)%00%(upstream:track)%00%(upstream:remotename)%00%(upstream:remoteref) refs/heads/main refs/remotes/main [3ms]
2024-01-18 00:21:55.882 [info] > git config --get commit.template [13ms]
2024-01-18 00:21:55.931 [info] > git status -z -uall [40ms]
2024-01-18 00:21:57.961 [info] > git show --textconv :FrontEnd/src/app/admin/admin.module.ts [8ms]
2024-01-18 00:21:57.963 [info] > git ls-files --stage -- /opt/lampp/htdocs/PoliceMend/FrontEnd/src/app/admin/admin.module.ts [2ms]
2024-01-18 00:21:57.968 [info] > git cat-file -s 09228c0053e6e08f313c86667521ffc393c2d816 [1ms]
2024-01-18 00:22:00.392 [info] > git show --textconv :FrontEnd/src/app/admin/admin-routing.module.ts [11ms]
2024-01-18 00:22:00.394 [info] > git ls-files --stage -- /opt/lampp/htdocs/PoliceMend/FrontEnd/src/app/admin/admin-routing.module.ts [4ms]
2024-01-18 00:22:00.402 [info] > git cat-file -s bd79384a0b47a429deb53aff2ff8261a2d4258a0 [2ms]
2024-01-18 00:22:00.959 [info] > git config --get commit.template [12ms]
2024-01-18 00:22:00.960 [info] > git for-each-ref --format=%(refname)%00%(upstream:short)%00%(objectname)%00%(upstream:track)%00%(upstream:remotename)%00%(upstream:remoteref) refs/heads/main refs/remotes/main [1ms]
2024-01-18 00:22:01.019 [info] > git status -z -uall [54ms]
2024-01-18 00:22:09.738 [info] > git config --get commit.template [6ms]
2024-01-18 00:22:09.739 [info] > git for-each-ref --format=%(refname)%00%(upstream:short)%00%(objectname)%00%(upstream:track)%00%(upstream:remotename)%00%(upstream:remoteref) refs/heads/main refs/remotes/main [1ms]
2024-01-18 00:22:09.780 [info] > git status -z -uall [35ms]
2024-01-18 00:22:14.805 [info] > git config --get commit.template [11ms]
2024-01-18 00:22:14.806 [info] > git for-each-ref --format=%(refname)%00%(upstream:short)%00%(objectname)%00%(upstream:track)%00%(upstream:remotename)%00%(upstream:remoteref) refs/heads/main refs/remotes/main [2ms]
2024-01-18 00:22:14.855 [info] > git status -z -uall [40ms]
2024-01-18 00:22:19.881 [info] > git config --get commit.template [12ms]
2024-01-18 00:22:19.883 [info] > git for-each-ref --format=%(refname)%00%(upstream:short)%00%(objectname)%00%(upstream:track)%00%(upstream:remotename)%00%(upstream:remoteref) refs/heads/main refs/remotes/main [3ms]
2024-01-18 00:22:19.934 [info] > git status -z -uall [42ms]
2024-01-18 00:22:24.953 [info] > git config --get commit.template [5ms]
2024-01-18 00:22:24.953 [info] > git for-each-ref --format=%(refname)%00%(upstream:short)%00%(objectname)%00%(upstream:track)%00%(upstream:remotename)%00%(upstream:remoteref) refs/heads/main refs/remotes/main [1ms]
2024-01-18 00:22:24.992 [info] > git status -z -uall [33ms]
2024-01-18 00:22:30.012 [info] > git config --get commit.template [9ms]
2024-01-18 00:22:30.014 [info] > git for-each-ref --format=%(refname)%00%(upstream:short)%00%(objectname)%00%(upstream:track)%00%(upstream:remotename)%00%(upstream:remoteref) refs/heads/main refs/remotes/main [3ms]
2024-01-18 00:22:30.059 [info] > git status -z -uall [38ms]
2024-01-18 00:22:35.084 [info] > git config --get commit.template [11ms]
2024-01-18 00:22:35.084 [info] > git for-each-ref --format=%(refname)%00%(upstream:short)%00%(objectname)%00%(upstream:track)%00%(upstream:remotename)%00%(upstream:remoteref) refs/heads/main refs/remotes/main [2ms]
2024-01-18 00:22:35.127 [info] > git status -z -uall [36ms]
2024-01-18 00:22:40.149 [info] > git config --get commit.template [10ms]
2024-01-18 00:22:40.150 [info] > git for-each-ref --format=%(refname)%00%(upstream:short)%00%(objectname)%00%(upstream:track)%00%(upstream:remotename)%00%(upstream:remoteref) refs/heads/main refs/remotes/main [1ms]
2024-01-18 00:22:40.188 [info] > git status -z -uall [34ms]
2024-01-18 00:22:45.210 [info] > git config --get commit.template [10ms]
2024-01-18 00:22:45.211 [info] > git for-each-ref --format=%(refname)%00%(upstream:short)%00%(objectname)%00%(upstream:track)%00%(upstream:remotename)%00%(upstream:remoteref) refs/heads/main refs/remotes/main [2ms]
2024-01-18 00:22:45.263 [info] > git status -z -uall [43ms]
2024-01-18 00:22:50.287 [info] > git config --get commit.template [10ms]
2024-01-18 00:22:50.289 [info] > git for-each-ref --format=%(refname)%00%(upstream:short)%00%(objectname)%00%(upstream:track)%00%(upstream:remotename)%00%(upstream:remoteref) refs/heads/main refs/remotes/main [2ms]
2024-01-18 00:22:50.333 [info] > git status -z -uall [37ms]
2024-01-18 00:22:55.351 [info] > git config --get commit.template [7ms]
2024-01-18 00:22:55.353 [info] > git for-each-ref --format=%(refname)%00%(upstream:short)%00%(objectname)%00%(upstream:track)%00%(upstream:remotename)%00%(upstream:remoteref) refs/heads/main refs/remotes/main [2ms]
2024-01-18 00:22:55.409 [info] > git status -z -uall [48ms]
2024-01-18 00:23:04.352 [info] > git ls-files --stage -- /opt/lampp/htdocs/PoliceMend/FrontEnd/src/app/admin/r-abastecimientos/r-abastecimientos.component.ts [3ms]
2024-01-18 00:23:04.357 [info] > git show --textconv :FrontEnd/src/app/admin/r-abastecimientos/r-abastecimientos.component.ts [14ms]
2024-01-18 00:23:04.357 [info] > git cat-file -s f34abc7f5159552c88434bbec3be2e71f125bf63 [1ms]
2024-01-18 00:23:09.207 [info] > git show --textconv :FrontEnd/src/app/admin/r-mantenimientos/r-mantenimientos.component.ts [10ms]
2024-01-18 00:23:09.209 [info] > git ls-files --stage -- /opt/lampp/htdocs/PoliceMend/FrontEnd/src/app/admin/r-mantenimientos/r-mantenimientos.component.ts [3ms]
2024-01-18 00:23:12.590 [info] > git show --textconv :FrontEnd/src/app/admin/r-abastecimientos/r-abastecimientos.component.ts [6ms]
2024-01-18 00:23:12.592 [info] > git ls-files --stage -- /opt/lampp/htdocs/PoliceMend/FrontEnd/src/app/admin/r-abastecimientos/r-abastecimientos.component.ts [2ms]
2024-01-18 00:23:12.600 [info] > git cat-file -s f34abc7f5159552c88434bbec3be2e71f125bf63 [1ms]
2024-01-18 00:23:14.322 [info] > git config --get commit.template [8ms]
2024-01-18 00:23:14.323 [info] > git for-each-ref --format=%(refname)%00%(upstream:short)%00%(objectname)%00%(upstream:track)%00%(upstream:remotename)%00%(upstream:remoteref) refs/heads/main refs/remotes/main [1ms]
2024-01-18 00:23:14.367 [info] > git status -z -uall [38ms]
2024-01-18 00:23:15.767 [info] > git show --textconv :FrontEnd/src/app/admin/r-mantenimientos/r-mantenimientos.component.ts [8ms]
2024-01-18 00:23:15.768 [info] > git ls-files --stage -- /opt/lampp/htdocs/PoliceMend/FrontEnd/src/app/admin/r-mantenimientos/r-mantenimientos.component.ts [2ms]
2024-01-18 00:23:24.218 [info] > git config --get commit.template [10ms]
2024-01-18 00:23:24.220 [info] > git for-each-ref --format=%(refname)%00%(upstream:short)%00%(objectname)%00%(upstream:track)%00%(upstream:remotename)%00%(upstream:remoteref) refs/heads/main refs/remotes/main [2ms]
2024-01-18 00:23:24.268 [info] > git status -z -uall [40ms]
2024-01-18 00:23:29.291 [info] > git config --get commit.template [11ms]
2024-01-18 00:23:29.292 [info] > git for-each-ref --format=%(refname)%00%(upstream:short)%00%(objectname)%00%(upstream:track)%00%(upstream:remotename)%00%(upstream:remoteref) refs/heads/main refs/remotes/main [2ms]
2024-01-18 00:23:29.341 [info] > git status -z -uall [40ms]
2024-01-18 00:23:36.801 [info] > git show --textconv :FrontEnd/src/app/admin/r-abastecimientos/r-abastecimientos.component.ts [8ms]
2024-01-18 00:23:36.804 [info] > git ls-files --stage -- /opt/lampp/htdocs/PoliceMend/FrontEnd/src/app/admin/r-abastecimientos/r-abastecimientos.component.ts [3ms]
2024-01-18 00:23:36.811 [info] > git cat-file -s f34abc7f5159552c88434bbec3be2e71f125bf63 [1ms]
2024-01-18 00:23:38.421 [info] > git config --get commit.template [10ms]
2024-01-18 00:23:38.422 [info] > git for-each-ref --format=%(refname)%00%(upstream:short)%00%(objectname)%00%(upstream:track)%00%(upstream:remotename)%00%(upstream:remoteref) refs/heads/main refs/remotes/main [3ms]
2024-01-18 00:23:38.474 [info] > git status -z -uall [43ms]
2024-01-18 00:23:43.497 [info] > git config --get commit.template [8ms]
2024-01-18 00:23:43.498 [info] > git for-each-ref --format=%(refname)%00%(upstream:short)%00%(objectname)%00%(upstream:track)%00%(upstream:remotename)%00%(upstream:remoteref) refs/heads/main refs/remotes/main [2ms]
2024-01-18 00:23:43.542 [info] > git status -z -uall [38ms]
2024-01-18 00:23:45.792 [info] > git show --textconv :FrontEnd/src/app/admin/r-mantenimientos/r-mantenimientos.component.ts [9ms]
2024-01-18 00:23:45.795 [info] > git ls-files --stage -- /opt/lampp/htdocs/PoliceMend/FrontEnd/src/app/admin/r-mantenimientos/r-mantenimientos.component.ts [3ms]
2024-01-18 00:23:50.064 [info] > git config --get commit.template [5ms]
2024-01-18 00:23:50.064 [info] > git for-each-ref --format=%(refname)%00%(upstream:short)%00%(objectname)%00%(upstream:track)%00%(upstream:remotename)%00%(upstream:remoteref) refs/heads/main refs/remotes/main [1ms]
2024-01-18 00:23:50.111 [info] > git status -z -uall [40ms]
2024-01-18 00:23:55.133 [info] > git config --get commit.template [8ms]
2024-01-18 00:23:55.133 [info] > git for-each-ref --format=%(refname)%00%(upstream:short)%00%(objectname)%00%(upstream:track)%00%(upstream:remotename)%00%(upstream:remoteref) refs/heads/main refs/remotes/main [1ms]
2024-01-18 00:23:55.176 [info] > git status -z -uall [36ms]
2024-01-18 00:24:01.789 [info] > git config --get commit.template [9ms]
2024-01-18 00:24:01.791 [info] > git for-each-ref --format=%(refname)%00%(upstream:short)%00%(objectname)%00%(upstream:track)%00%(upstream:remotename)%00%(upstream:remoteref) refs/heads/main refs/remotes/main [3ms]
2024-01-18 00:24:01.837 [info] > git status -z -uall [37ms]
2024-01-18 00:24:10.339 [info] > git config --get commit.template [11ms]
2024-01-18 00:24:10.340 [info] > git for-each-ref --format=%(refname)%00%(upstream:short)%00%(objectname)%00%(upstream:track)%00%(upstream:remotename)%00%(upstream:remoteref) refs/heads/main refs/remotes/main [2ms]
2024-01-18 00:24:10.386 [info] > git status -z -uall [37ms]
2024-01-18 00:24:15.411 [info] > git config --get commit.template [10ms]
2024-01-18 00:24:15.412 [info] > git for-each-ref --format=%(refname)%00%(upstream:short)%00%(objectname)%00%(upstream:track)%00%(upstream:remotename)%00%(upstream:remoteref) refs/heads/main refs/remotes/main [2ms]
2024-01-18 00:24:15.460 [info] > git status -z -uall [39ms]
2024-01-18 00:24:20.484 [info] > git config --get commit.template [10ms]
2024-01-18 00:24:20.486 [info] > git for-each-ref --format=%(refname)%00%(upstream:short)%00%(objectname)%00%(upstream:track)%00%(upstream:remotename)%00%(upstream:remoteref) refs/heads/main refs/remotes/main [3ms]
2024-01-18 00:24:20.532 [info] > git status -z -uall [38ms]
2024-01-18 00:24:27.085 [info] > git config --get commit.template [7ms]
2024-01-18 00:24:27.087 [info] > git for-each-ref --format=%(refname)%00%(upstream:short)%00%(objectname)%00%(upstream:track)%00%(upstream:remotename)%00%(upstream:remoteref) refs/heads/main refs/remotes/main [2ms]
2024-01-18 00:24:27.130 [info] > git status -z -uall [35ms]
2024-01-18 00:24:32.169 [info] > git config --get commit.template [17ms]
2024-01-18 00:24:32.169 [info] > git for-each-ref --format=%(refname)%00%(upstream:short)%00%(objectname)%00%(upstream:track)%00%(upstream:remotename)%00%(upstream:remoteref) refs/heads/main refs/remotes/main [1ms]
2024-01-18 00:24:32.221 [info] > git status -z -uall [37ms]
2024-01-18 00:24:38.353 [info] > git config --get commit.template [10ms]
2024-01-18 00:24:38.355 [info] > git for-each-ref --format=%(refname)%00%(upstream:short)%00%(objectname)%00%(upstream:track)%00%(upstream:remotename)%00%(upstream:remoteref) refs/heads/main refs/remotes/main [3ms]
2024-01-18 00:24:38.399 [info] > git status -z -uall [36ms]
2024-01-18 00:24:40.458 [info] > git show --textconv :FrontEnd/src/app/admin/admin-routing.module.ts [7ms]
2024-01-18 00:24:40.460 [info] > git ls-files --stage -- /opt/lampp/htdocs/PoliceMend/FrontEnd/src/app/admin/admin-routing.module.ts [2ms]
2024-01-18 00:24:40.467 [info] > git cat-file -s bd79384a0b47a429deb53aff2ff8261a2d4258a0 [1ms]
2024-01-18 00:24:44.758 [info] > git config --get commit.template [1ms]
2024-01-18 00:24:44.763 [info] > git for-each-ref --format=%(refname)%00%(upstream:short)%00%(objectname)%00%(upstream:track)%00%(upstream:remotename)%00%(upstream:remoteref) refs/heads/main refs/remotes/main [1ms]
2024-01-18 00:24:44.803 [info] > git status -z -uall [35ms]
2024-01-18 00:24:54.678 [info] > git config --get commit.template [14ms]
2024-01-18 00:24:54.680 [info] > git for-each-ref --format=%(refname)%00%(upstream:short)%00%(objectname)%00%(upstream:track)%00%(upstream:remotename)%00%(upstream:remoteref) refs/heads/main refs/remotes/main [3ms]
2024-01-18 00:24:54.731 [info] > git status -z -uall [45ms]
2024-01-18 00:24:59.002 [info] > git show --textconv :FrontEnd/src/app/admin/r-abastecimientos/r-abastecimientos.component.html [10ms]
2024-01-18 00:24:59.005 [info] > git ls-files --stage -- /opt/lampp/htdocs/PoliceMend/FrontEnd/src/app/admin/r-abastecimientos/r-abastecimientos.component.html [3ms]
2024-01-18 00:24:59.014 [info] > git cat-file -s 6495a0c3dba24aacc0aa312ea7b849d2aedffda0 [2ms]
2024-01-18 00:24:59.744 [info] > git config --get commit.template [2ms]
2024-01-18 00:24:59.751 [info] > git for-each-ref --format=%(refname)%00%(upstream:short)%00%(objectname)%00%(upstream:track)%00%(upstream:remotename)%00%(upstream:remoteref) refs/heads/main refs/remotes/main [1ms]
2024-01-18 00:24:59.795 [info] > git status -z -uall [38ms]
2024-01-18 00:25:04.821 [info] > git config --get commit.template [12ms]
2024-01-18 00:25:04.822 [info] > git for-each-ref --format=%(refname)%00%(upstream:short)%00%(objectname)%00%(upstream:track)%00%(upstream:remotename)%00%(upstream:remoteref) refs/heads/main refs/remotes/main [2ms]
2024-01-18 00:25:04.869 [info] > git status -z -uall [39ms]
2024-01-18 00:25:05.190 [info] > git show --textconv :FrontEnd/src/app/admin/r-mantenimientos/r-mantenimientos.component.html [5ms]
2024-01-18 00:25:05.192 [info] > git ls-files --stage -- /opt/lampp/htdocs/PoliceMend/FrontEnd/src/app/admin/r-mantenimientos/r-mantenimientos.component.html [2ms]
2024-01-18 00:25:09.890 [info] > git config --get commit.template [8ms]
2024-01-18 00:25:09.891 [info] > git for-each-ref --format=%(refname)%00%(upstream:short)%00%(objectname)%00%(upstream:track)%00%(upstream:remotename)%00%(upstream:remoteref) refs/heads/main refs/remotes/main [2ms]
2024-01-18 00:25:09.936 [info] > git status -z -uall [36ms]
2024-01-18 00:25:11.918 [info] > git show --textconv :FrontEnd/src/app/admin/r-mantenimientos/r-mantenimientos.component.ts [10ms]
2024-01-18 00:25:11.920 [info] > git ls-files --stage -- /opt/lampp/htdocs/PoliceMend/FrontEnd/src/app/admin/r-mantenimientos/r-mantenimientos.component.ts [3ms]
2024-01-18 00:25:14.957 [info] > git config --get commit.template [5ms]
2024-01-18 00:25:14.957 [info] > git for-each-ref --format=%(refname)%00%(upstream:short)%00%(objectname)%00%(upstream:track)%00%(upstream:remotename)%00%(upstream:remoteref) refs/heads/main refs/remotes/main [1ms]
2024-01-18 00:25:14.995 [info] > git status -z -uall [33ms]
2024-01-18 00:25:20.011 [info] > git config --get commit.template [7ms]
2024-01-18 00:25:20.012 [info] > git for-each-ref --format=%(refname)%00%(upstream:short)%00%(objectname)%00%(upstream:track)%00%(upstream:remotename)%00%(upstream:remoteref) refs/heads/main refs/remotes/main [1ms]
2024-01-18 00:25:20.067 [info] > git status -z -uall [49ms]
2024-01-18 00:25:25.411 [info] > git config --get commit.template [11ms]
2024-01-18 00:25:25.412 [info] > git for-each-ref --format=%(refname)%00%(upstream:short)%00%(objectname)%00%(upstream:track)%00%(upstream:remotename)%00%(upstream:remoteref) refs/heads/main refs/remotes/main [2ms]
2024-01-18 00:25:25.463 [info] > git status -z -uall [41ms]
2024-01-18 00:25:30.488 [info] > git config --get commit.template [10ms]
2024-01-18 00:25:30.489 [info] > git for-each-ref --format=%(refname)%00%(upstream:short)%00%(objectname)%00%(upstream:track)%00%(upstream:remotename)%00%(upstream:remoteref) refs/heads/main refs/remotes/main [3ms]
2024-01-18 00:25:30.536 [info] > git status -z -uall [38ms]
2024-01-18 00:25:48.527 [info] > git config --get commit.template [7ms]
2024-01-18 00:25:48.528 [info] > git for-each-ref --format=%(refname)%00%(upstream:short)%00%(objectname)%00%(upstream:track)%00%(upstream:remotename)%00%(upstream:remoteref) refs/heads/main refs/remotes/main [1ms]
2024-01-18 00:25:48.574 [info] > git status -z -uall [39ms]
2024-01-18 00:25:50.318 [info] > git show --textconv :FrontEnd/src/app/admin/r-mantenimientos/r-mantenimientos.component.html [10ms]
2024-01-18 00:25:50.322 [info] > git ls-files --stage -- /opt/lampp/htdocs/PoliceMend/FrontEnd/src/app/admin/r-mantenimientos/r-mantenimientos.component.html [5ms]
2024-01-18 00:25:53.590 [info] > git config --get commit.template [6ms]
2024-01-18 00:25:53.590 [info] > git for-each-ref --format=%(refname)%00%(upstream:short)%00%(objectname)%00%(upstream:track)%00%(upstream:remotename)%00%(upstream:remoteref) refs/heads/main refs/remotes/main [1ms]
2024-01-18 00:25:53.638 [info] > git status -z -uall [40ms]
2024-01-18 00:26:00.287 [info] > git config --get commit.template [7ms]
2024-01-18 00:26:00.288 [info] > git for-each-ref --format=%(refname)%00%(upstream:short)%00%(objectname)%00%(upstream:track)%00%(upstream:remotename)%00%(upstream:remoteref) refs/heads/main refs/remotes/main [1ms]
2024-01-18 00:26:00.335 [info] > git status -z -uall [39ms]
2024-01-18 00:26:06.966 [info] > git config --get commit.template [5ms]
2024-01-18 00:26:06.967 [info] > git for-each-ref --format=%(refname)%00%(upstream:short)%00%(objectname)%00%(upstream:track)%00%(upstream:remotename)%00%(upstream:remoteref) refs/heads/main refs/remotes/main [1ms]
2024-01-18 00:26:07.012 [info] > git status -z -uall [38ms]
2024-01-18 00:26:11.200 [info] > git show --textconv :FrontEnd/angular.json [9ms]
2024-01-18 00:26:11.201 [info] > git ls-files --stage -- /opt/lampp/htdocs/PoliceMend/FrontEnd/angular.json [2ms]
2024-01-18 00:26:11.209 [info] > git cat-file -s 8e877641abc661b7a75d94de4576bfa7f0e93b99 [1ms]
2024-01-18 00:26:11.554 [info] > git check-ignore -v -z --stdin [6ms]
2024-01-18 00:26:12.283 [info] > git config --get commit.template [11ms]
2024-01-18 00:26:12.284 [info] > git for-each-ref --format=%(refname)%00%(upstream:short)%00%(objectname)%00%(upstream:track)%00%(upstream:remotename)%00%(upstream:remoteref) refs/heads/main refs/remotes/main [2ms]
2024-01-18 00:26:12.335 [info] > git status -z -uall [42ms]
2024-01-18 00:26:18.603 [info] > git config --get commit.template [11ms]
2024-01-18 00:26:18.605 [info] > git for-each-ref --format=%(refname)%00%(upstream:short)%00%(objectname)%00%(upstream:track)%00%(upstream:remotename)%00%(upstream:remoteref) refs/heads/main refs/remotes/main [2ms]
2024-01-18 00:26:18.652 [info] > git status -z -uall [38ms]
2024-01-18 00:26:22.386 [info] > git check-ignore -v -z --stdin [10ms]
2024-01-18 00:26:23.669 [info] > git config --get commit.template [9ms]
2024-01-18 00:26:23.671 [info] > git for-each-ref --format=%(refname)%00%(upstream:short)%00%(objectname)%00%(upstream:track)%00%(upstream:remotename)%00%(upstream:remoteref) refs/heads/main refs/remotes/main [3ms]
2024-01-18 00:26:23.721 [info] > git status -z -uall [39ms]
2024-01-18 00:26:28.742 [info] > git config --get commit.template [10ms]
2024-01-18 00:26:28.743 [info] > git for-each-ref --format=%(refname)%00%(upstream:short)%00%(objectname)%00%(upstream:track)%00%(upstream:remotename)%00%(upstream:remoteref) refs/heads/main refs/remotes/main [2ms]
2024-01-18 00:26:28.793 [info] > git status -z -uall [41ms]
2024-01-18 00:26:33.814 [info] > git config --get commit.template [8ms]
2024-01-18 00:26:33.815 [info] > git for-each-ref --format=%(refname)%00%(upstream:short)%00%(objectname)%00%(upstream:track)%00%(upstream:remotename)%00%(upstream:remoteref) refs/heads/main refs/remotes/main [2ms]
2024-01-18 00:26:33.862 [info] > git status -z -uall [39ms]
