2024-01-18 20:04:14.636 [info] Log level: Info
2024-01-18 20:04:14.636 [info] Validating found git in: "git"
2024-01-18 20:04:14.636 [info] Using git "2.34.1" from "git"
2024-01-18 20:04:14.636 [info] > git rev-parse --show-toplevel [9ms]
2024-01-18 20:04:14.647 [info] > git rev-parse --git-dir --git-common-dir [3ms]
2024-01-18 20:04:14.661 [info] Open repository: /opt/lampp/htdocs/PoliceMend
2024-01-18 20:04:14.691 [info] > git config --get commit.template [19ms]
2024-01-18 20:04:14.699 [info] > git rev-parse --show-toplevel [15ms]
2024-01-18 20:04:14.734 [info] > git for-each-ref --format=%(refname)%00%(upstream:short)%00%(objectname)%00%(upstream:track)%00%(upstream:remotename)%00%(upstream:remoteref) refs/heads/main refs/remotes/main [22ms]
2024-01-18 20:04:14.748 [info] > git rev-parse --show-toplevel [20ms]
2024-01-18 20:04:14.769 [info] > git rev-parse --show-toplevel [6ms]
2024-01-18 20:04:14.783 [info] > git rev-parse --show-toplevel [3ms]
2024-01-18 20:04:15.029 [info] > git status -z -uall [285ms]
2024-01-18 20:04:15.258 [info] > git rev-parse --show-toplevel [235ms]
2024-01-18 20:04:15.297 [info] > git config --get commit.template [42ms]
2024-01-18 20:04:15.365 [info] > git check-ignore -v -z --stdin [81ms]
2024-01-18 20:04:15.366 [info] > git rev-parse --show-toplevel [73ms]
2024-01-18 20:04:15.424 [info] > git rev-parse --show-toplevel [10ms]
2024-01-18 20:04:15.424 [info] > git for-each-ref --format=%(refname)%00%(upstream:short)%00%(objectname)%00%(upstream:track)%00%(upstream:remotename)%00%(upstream:remoteref) refs/heads/main refs/remotes/main [17ms]
2024-01-18 20:04:15.437 [info] > git rev-parse --show-toplevel [5ms]
2024-01-18 20:04:15.557 [info] > git rev-parse --show-toplevel [39ms]
2024-01-18 20:04:15.583 [info] > git status -z -uall [104ms]
2024-01-18 20:04:15.583 [info] > git rev-parse --show-toplevel [3ms]
2024-01-18 20:04:15.657 [info] > git rev-parse --show-toplevel [5ms]
2024-01-18 20:04:15.786 [info] > git rev-parse --show-toplevel [96ms]
2024-01-18 20:04:15.808 [info] > git rev-parse --show-toplevel [4ms]
2024-01-18 20:04:15.832 [info] > git rev-parse --show-toplevel [5ms]
2024-01-18 20:04:15.846 [info] > git rev-parse --show-toplevel [2ms]
2024-01-18 20:04:15.858 [info] > git rev-parse --show-toplevel [2ms]
2024-01-18 20:04:15.869 [info] > git rev-parse --show-toplevel [2ms]
2024-01-18 20:04:15.878 [info] > git rev-parse --show-toplevel [2ms]
2024-01-18 20:04:15.886 [info] > git rev-parse --show-toplevel [1ms]
2024-01-18 20:04:15.895 [info] > git rev-parse --show-toplevel [2ms]
2024-01-18 20:04:15.912 [info] > git rev-parse --show-toplevel [3ms]
2024-01-18 20:04:15.932 [info] > git rev-parse --show-toplevel [3ms]
2024-01-18 20:04:15.949 [info] > git rev-parse --show-toplevel [5ms]
2024-01-18 20:04:15.981 [info] > git show --textconv :FrontEnd/src/environments/environment.ts [15ms]
2024-01-18 20:04:15.986 [info] > git ls-files --stage -- /opt/lampp/htdocs/PoliceMend/FrontEnd/src/environments/environment.ts [6ms]
2024-01-18 20:04:16.001 [info] > git cat-file -s baa17bfaceaf64ac8e43f13988520a190b99a5c1 [1ms]
2024-01-18 20:04:28.661 [info] > git config --get commit.template [6ms]
2024-01-18 20:04:28.661 [info] > git for-each-ref --format=%(refname)%00%(upstream:short)%00%(objectname)%00%(upstream:track)%00%(upstream:remotename)%00%(upstream:remoteref) refs/heads/main refs/remotes/main [1ms]
2024-01-18 20:04:28.698 [info] > git status -z -uall [32ms]
2024-01-18 20:04:33.728 [info] > git config --get commit.template [10ms]
2024-01-18 20:04:33.729 [info] > git for-each-ref --format=%(refname)%00%(upstream:short)%00%(objectname)%00%(upstream:track)%00%(upstream:remotename)%00%(upstream:remoteref) refs/heads/main refs/remotes/main [2ms]
2024-01-18 20:04:33.774 [info] > git status -z -uall [36ms]
2024-01-18 20:05:05.472 [info] > git config --get commit.template [17ms]
2024-01-18 20:05:05.473 [info] > git for-each-ref --format=%(refname)%00%(upstream:short)%00%(objectname)%00%(upstream:track)%00%(upstream:remotename)%00%(upstream:remoteref) refs/heads/main refs/remotes/main [6ms]
2024-01-18 20:05:05.587 [info] > git status -z -uall [104ms]
2024-01-18 20:05:26.439 [info] > git config --get commit.template [2ms]
2024-01-18 20:05:26.451 [info] > git for-each-ref --format=%(refname)%00%(upstream:short)%00%(objectname)%00%(upstream:track)%00%(upstream:remotename)%00%(upstream:remoteref) refs/heads/main refs/remotes/main [2ms]
2024-01-18 20:05:26.499 [info] > git ls-files --stage -- /opt/lampp/htdocs/PoliceMend/FrontEnd/src/environments/environment.ts [13ms]
2024-01-18 20:05:26.506 [info] > git cat-file -s baa17bfaceaf64ac8e43f13988520a190b99a5c1 [1ms]
2024-01-18 20:05:26.521 [info] > git status -z -uall [52ms]
2024-01-18 20:05:26.546 [info] > git show --textconv :FrontEnd/src/environments/environment.ts [5ms]
2024-01-18 20:05:32.618 [info] > git config --get commit.template [12ms]
2024-01-18 20:05:32.619 [info] > git for-each-ref --format=%(refname)%00%(upstream:short)%00%(objectname)%00%(upstream:track)%00%(upstream:remotename)%00%(upstream:remoteref) refs/heads/main refs/remotes/main [2ms]
2024-01-18 20:05:32.688 [info] > git status -z -uall [55ms]
2024-01-18 20:11:20.360 [info] > git config --get commit.template [12ms]
2024-01-18 20:11:20.361 [info] > git for-each-ref --format=%(refname)%00%(upstream:short)%00%(objectname)%00%(upstream:track)%00%(upstream:remotename)%00%(upstream:remoteref) refs/heads/main refs/remotes/main [2ms]
2024-01-18 20:11:20.411 [info] > git status -z -uall [45ms]
2024-01-18 20:11:23.727 [info] > git check-ignore -v -z --stdin [25ms]
2024-01-18 20:11:25.445 [info] > git config --get commit.template [9ms]
2024-01-18 20:11:25.446 [info] > git for-each-ref --format=%(refname)%00%(upstream:short)%00%(objectname)%00%(upstream:track)%00%(upstream:remotename)%00%(upstream:remoteref) refs/heads/main refs/remotes/main [3ms]
2024-01-18 20:11:25.490 [info] > git status -z -uall [36ms]
2024-01-18 20:11:26.988 [info] > git show --textconv :FrontEnd/src/app/admin/orden-mantenimiento/orden-mantenimiento-edit.component.html [15ms]
2024-01-18 20:11:26.995 [info] > git ls-files --stage -- /opt/lampp/htdocs/PoliceMend/FrontEnd/src/app/admin/orden-mantenimiento/orden-mantenimiento-edit.component.html [8ms]
2024-01-18 20:11:27.009 [info] > git cat-file -s bdcd2b75bc18e2e638373cfde5d14e0f00cfc80f [5ms]
2024-01-18 20:11:27.152 [info] > git check-ignore -v -z --stdin [32ms]
2024-01-18 20:11:30.520 [info] > git config --get commit.template [10ms]
2024-01-18 20:11:30.521 [info] > git for-each-ref --format=%(refname)%00%(upstream:short)%00%(objectname)%00%(upstream:track)%00%(upstream:remotename)%00%(upstream:remoteref) refs/heads/main refs/remotes/main [3ms]
2024-01-18 20:11:30.566 [info] > git status -z -uall [37ms]
2024-01-18 20:11:35.587 [info] > git config --get commit.template [6ms]
2024-01-18 20:11:35.587 [info] > git for-each-ref --format=%(refname)%00%(upstream:short)%00%(objectname)%00%(upstream:track)%00%(upstream:remotename)%00%(upstream:remoteref) refs/heads/main refs/remotes/main [1ms]
2024-01-18 20:11:35.625 [info] > git status -z -uall [33ms]
2024-01-18 20:11:40.641 [info] > git config --get commit.template [0ms]
2024-01-18 20:11:40.647 [info] > git for-each-ref --format=%(refname)%00%(upstream:short)%00%(objectname)%00%(upstream:track)%00%(upstream:remotename)%00%(upstream:remoteref) refs/heads/main refs/remotes/main [1ms]
2024-01-18 20:11:40.699 [info] > git status -z -uall [46ms]
2024-01-18 20:11:45.730 [info] > git config --get commit.template [11ms]
2024-01-18 20:11:45.731 [info] > git for-each-ref --format=%(refname)%00%(upstream:short)%00%(objectname)%00%(upstream:track)%00%(upstream:remotename)%00%(upstream:remoteref) refs/heads/main refs/remotes/main [2ms]
2024-01-18 20:11:45.781 [info] > git status -z -uall [40ms]
2024-01-18 20:11:50.803 [info] > git config --get commit.template [1ms]
2024-01-18 20:11:50.810 [info] > git for-each-ref --format=%(refname)%00%(upstream:short)%00%(objectname)%00%(upstream:track)%00%(upstream:remotename)%00%(upstream:remoteref) refs/heads/main refs/remotes/main [1ms]
2024-01-18 20:11:50.848 [info] > git status -z -uall [33ms]
2024-01-18 20:11:55.879 [info] > git config --get commit.template [11ms]
2024-01-18 20:11:55.879 [info] > git for-each-ref --format=%(refname)%00%(upstream:short)%00%(objectname)%00%(upstream:track)%00%(upstream:remotename)%00%(upstream:remoteref) refs/heads/main refs/remotes/main [2ms]
2024-01-18 20:11:55.924 [info] > git status -z -uall [36ms]
2024-01-18 20:12:00.954 [info] > git config --get commit.template [8ms]
2024-01-18 20:12:00.954 [info] > git for-each-ref --format=%(refname)%00%(upstream:short)%00%(objectname)%00%(upstream:track)%00%(upstream:remotename)%00%(upstream:remoteref) refs/heads/main refs/remotes/main [1ms]
2024-01-18 20:12:01.000 [info] > git status -z -uall [37ms]
2024-01-18 20:12:06.022 [info] > git config --get commit.template [1ms]
2024-01-18 20:12:06.033 [info] > git for-each-ref --format=%(refname)%00%(upstream:short)%00%(objectname)%00%(upstream:track)%00%(upstream:remotename)%00%(upstream:remoteref) refs/heads/main refs/remotes/main [2ms]
2024-01-18 20:12:06.078 [info] > git status -z -uall [36ms]
2024-01-18 20:12:06.717 [info] > git show --textconv :FrontEnd/src/app/admin/orden-mantenimiento/orden-mantenimiento-edit.component.ts [26ms]
2024-01-18 20:12:06.719 [info] > git ls-files --stage -- /opt/lampp/htdocs/PoliceMend/FrontEnd/src/app/admin/orden-mantenimiento/orden-mantenimiento-edit.component.ts [4ms]
2024-01-18 20:12:06.737 [info] > git cat-file -s f3bea7d06397b2223fc75c229bbd68419b75e528 [2ms]
2024-01-18 20:12:11.106 [info] > git config --get commit.template [8ms]
2024-01-18 20:12:11.107 [info] > git for-each-ref --format=%(refname)%00%(upstream:short)%00%(objectname)%00%(upstream:track)%00%(upstream:remotename)%00%(upstream:remoteref) refs/heads/main refs/remotes/main [3ms]
2024-01-18 20:12:11.151 [info] > git status -z -uall [37ms]
2024-01-18 20:12:16.170 [info] > git config --get commit.template [5ms]
2024-01-18 20:12:16.170 [info] > git for-each-ref --format=%(refname)%00%(upstream:short)%00%(objectname)%00%(upstream:track)%00%(upstream:remotename)%00%(upstream:remoteref) refs/heads/main refs/remotes/main [1ms]
2024-01-18 20:12:16.214 [info] > git status -z -uall [37ms]
2024-01-18 20:12:21.244 [info] > git config --get commit.template [11ms]
2024-01-18 20:12:21.245 [info] > git for-each-ref --format=%(refname)%00%(upstream:short)%00%(objectname)%00%(upstream:track)%00%(upstream:remotename)%00%(upstream:remoteref) refs/heads/main refs/remotes/main [2ms]
2024-01-18 20:12:21.290 [info] > git status -z -uall [36ms]
2024-01-18 20:12:26.338 [info] > git config --get commit.template [25ms]
2024-01-18 20:12:26.340 [info] > git for-each-ref --format=%(refname)%00%(upstream:short)%00%(objectname)%00%(upstream:track)%00%(upstream:remotename)%00%(upstream:remoteref) refs/heads/main refs/remotes/main [4ms]
2024-01-18 20:12:26.429 [info] > git status -z -uall [77ms]
2024-01-18 20:12:31.457 [info] > git config --get commit.template [7ms]
2024-01-18 20:12:31.457 [info] > git for-each-ref --format=%(refname)%00%(upstream:short)%00%(objectname)%00%(upstream:track)%00%(upstream:remotename)%00%(upstream:remoteref) refs/heads/main refs/remotes/main [1ms]
2024-01-18 20:12:31.518 [info] > git status -z -uall [54ms]
2024-01-18 20:12:36.535 [info] > git config --get commit.template [1ms]
2024-01-18 20:12:36.542 [info] > git for-each-ref --format=%(refname)%00%(upstream:short)%00%(objectname)%00%(upstream:track)%00%(upstream:remotename)%00%(upstream:remoteref) refs/heads/main refs/remotes/main [1ms]
2024-01-18 20:12:36.583 [info] > git status -z -uall [35ms]
2024-01-18 20:12:41.619 [info] > git config --get commit.template [13ms]
2024-01-18 20:12:41.621 [info] > git for-each-ref --format=%(refname)%00%(upstream:short)%00%(objectname)%00%(upstream:track)%00%(upstream:remotename)%00%(upstream:remoteref) refs/heads/main refs/remotes/main [2ms]
2024-01-18 20:12:41.676 [info] > git status -z -uall [45ms]
2024-01-18 20:12:42.145 [info] > git show --textconv :FrontEnd/src/app/admin/orden-mantenimiento/orden-mantenimiento-edit.component.html [11ms]
2024-01-18 20:12:42.148 [info] > git ls-files --stage -- /opt/lampp/htdocs/PoliceMend/FrontEnd/src/app/admin/orden-mantenimiento/orden-mantenimiento-edit.component.html [3ms]
2024-01-18 20:12:42.154 [info] > git cat-file -s bdcd2b75bc18e2e638373cfde5d14e0f00cfc80f [1ms]
2024-01-18 20:12:46.708 [info] > git config --get commit.template [11ms]
2024-01-18 20:12:46.709 [info] > git for-each-ref --format=%(refname)%00%(upstream:short)%00%(objectname)%00%(upstream:track)%00%(upstream:remotename)%00%(upstream:remoteref) refs/heads/main refs/remotes/main [2ms]
2024-01-18 20:12:46.757 [info] > git status -z -uall [39ms]
2024-01-18 20:12:51.788 [info] > git config --get commit.template [11ms]
2024-01-18 20:12:51.789 [info] > git for-each-ref --format=%(refname)%00%(upstream:short)%00%(objectname)%00%(upstream:track)%00%(upstream:remotename)%00%(upstream:remoteref) refs/heads/main refs/remotes/main [2ms]
2024-01-18 20:12:51.840 [info] > git status -z -uall [43ms]
