2023-12-23 07:03:37.076 [info] Getting Manifest... angular.ng-template
2023-12-23 07:03:37.096 [info] Installing extension: angular.ng-template
2023-12-23 07:03:43.724 [info] Extension signature is verified: angular.ng-template
2023-12-23 07:03:44.556 [info] Extracted extension to file:///root/.vscode/extensions/angular.ng-template-17.0.3: angular.ng-template
2023-12-23 07:03:44.567 [info] Renamed to /root/.vscode/extensions/angular.ng-template-17.0.3
2023-12-23 07:03:44.569 [info] Extracting extension completed. angular.ng-template
2023-12-23 07:03:44.579 [info] Extension installed successfully: angular.ng-template
2023-12-23 07:03:44.664 [error] [uncaught exception in sharedProcess]: Error: ENOENT: no such file or directory, stat '/root/.vscode/extensions/extensions.json.vsctmp': EntryNotFound (FileSystemError): Error: ENOENT: no such file or directory, stat '/root/.vscode/extensions/extensions.json.vsctmp'
    at r.create (/snap/code/148/usr/share/code/resources/app/out/vs/code/node/sharedProcess/sharedProcessMain.js:51:30056)
    at a (/snap/code/148/usr/share/code/resources/app/out/vs/code/node/sharedProcess/sharedProcessMain.js:51:30170)
    at s.fb (/snap/code/148/usr/share/code/resources/app/out/vs/code/node/sharedProcess/sharedProcessMain.js:56:36175)
    at s.stat (/snap/code/148/usr/share/code/resources/app/out/vs/code/node/sharedProcess/sharedProcessMain.js:56:28621)
    at async E.stat (/snap/code/148/usr/share/code/resources/app/out/vs/code/node/sharedProcess/sharedProcessMain.js:56:15732)
    at async Y.tb (/snap/code/148/usr/share/code/resources/app/out/vs/code/node/sharedProcess/sharedProcessMain.js:100:111319)
2023-12-23 07:04:53.947 [info] Getting Manifest... mikerhyssmith.ts-barrelr
2023-12-23 07:04:53.958 [info] Installing extension: mikerhyssmith.ts-barrelr
2023-12-23 07:04:55.805 [info] Extension signature is verified: mikerhyssmith.ts-barrelr
2023-12-23 07:04:55.822 [info] Extracted extension to file:///root/.vscode/extensions/mikerhyssmith.ts-barrelr-1.6.0: mikerhyssmith.ts-barrelr
2023-12-23 07:04:55.832 [info] Renamed to /root/.vscode/extensions/mikerhyssmith.ts-barrelr-1.6.0
2023-12-23 07:04:55.833 [info] Extracting extension completed. mikerhyssmith.ts-barrelr
2023-12-23 07:04:55.849 [info] Extension installed successfully: mikerhyssmith.ts-barrelr
2023-12-23 07:04:55.941 [error] [uncaught exception in sharedProcess]: Error: ENOENT: no such file or directory, stat '/root/.vscode/extensions/extensions.json.vsctmp': EntryNotFound (FileSystemError): Error: ENOENT: no such file or directory, stat '/root/.vscode/extensions/extensions.json.vsctmp'
    at r.create (/snap/code/148/usr/share/code/resources/app/out/vs/code/node/sharedProcess/sharedProcessMain.js:51:30056)
    at a (/snap/code/148/usr/share/code/resources/app/out/vs/code/node/sharedProcess/sharedProcessMain.js:51:30170)
    at s.fb (/snap/code/148/usr/share/code/resources/app/out/vs/code/node/sharedProcess/sharedProcessMain.js:56:36175)
    at s.stat (/snap/code/148/usr/share/code/resources/app/out/vs/code/node/sharedProcess/sharedProcessMain.js:56:28621)
    at async E.stat (/snap/code/148/usr/share/code/resources/app/out/vs/code/node/sharedProcess/sharedProcessMain.js:56:15732)
    at async Y.tb (/snap/code/148/usr/share/code/resources/app/out/vs/code/node/sharedProcess/sharedProcessMain.js:100:111319)
2023-12-23 07:05:52.866 [info] Getting Manifest... esbenp.prettier-vscode
2023-12-23 07:05:52.897 [info] Installing extension: esbenp.prettier-vscode
2023-12-23 07:05:55.674 [info] Extension signature is verified: esbenp.prettier-vscode
2023-12-23 07:05:55.763 [info] Extracted extension to file:///root/.vscode/extensions/esbenp.prettier-vscode-10.1.0: esbenp.prettier-vscode
2023-12-23 07:05:55.773 [info] Renamed to /root/.vscode/extensions/esbenp.prettier-vscode-10.1.0
2023-12-23 07:05:55.776 [info] Extracting extension completed. esbenp.prettier-vscode
2023-12-23 07:05:55.799 [info] Extension installed successfully: esbenp.prettier-vscode
2023-12-23 07:05:55.871 [error] [uncaught exception in sharedProcess]: Error: ENOENT: no such file or directory, stat '/root/.vscode/extensions/extensions.json.vsctmp': EntryNotFound (FileSystemError): Error: ENOENT: no such file or directory, stat '/root/.vscode/extensions/extensions.json.vsctmp'
    at r.create (/snap/code/148/usr/share/code/resources/app/out/vs/code/node/sharedProcess/sharedProcessMain.js:51:30056)
    at a (/snap/code/148/usr/share/code/resources/app/out/vs/code/node/sharedProcess/sharedProcessMain.js:51:30170)
    at s.fb (/snap/code/148/usr/share/code/resources/app/out/vs/code/node/sharedProcess/sharedProcessMain.js:56:36175)
    at s.stat (/snap/code/148/usr/share/code/resources/app/out/vs/code/node/sharedProcess/sharedProcessMain.js:56:28621)
    at async E.stat (/snap/code/148/usr/share/code/resources/app/out/vs/code/node/sharedProcess/sharedProcessMain.js:56:15732)
    at async Y.tb (/snap/code/148/usr/share/code/resources/app/out/vs/code/node/sharedProcess/sharedProcessMain.js:100:111319)
