2023-12-23 07:03:02.831 [info] Added views:workbench.panel.markers.view in workbench.panel.markers
2023-12-23 07:03:02.831 [info] Added views:workbench.panel.output in workbench.panel.output
2023-12-23 07:03:02.831 [info] Added views:terminal in terminal
2023-12-23 07:03:02.831 [info] Added views:outline in workbench.view.explorer
2023-12-23 07:03:02.831 [info] Added views:workbench.scm in workbench.view.scm
2023-12-23 07:03:02.831 [info] Added views:workbench.view.search in workbench.view.search
2023-12-23 07:03:02.832 [info] Added views:timeline in workbench.view.explorer
2023-12-23 07:03:02.832 [info] Added views:workbench.explorer.fileView in workbench.view.explorer
2023-12-23 07:03:03.899 [info] Added views:workbench.debug.variablesView,workbench.debug.watchExpressionsView,workbench.debug.callStackView,workbench.debug.breakPointsView in workbench.view.debug
2023-12-23 07:03:04.033 [info] Added views:workbench.panel.repl.view in workbench.panel.repl
2023-12-23 07:03:04.546 [info] Added views:~remote.forwardedPorts in ~remote.forwardedPortsContainer
2023-12-23 07:03:35.825 [info] Added views:workbench.views.extensions.installed,workbench.views.extensions.popular,extensions.recommendedList in workbench.view.extensions
2023-12-23 07:03:35.828 [info] Removed views:workbench.views.extensions.popular from workbench.view.extensions
2023-12-23 07:03:36.344 [info] Added views:workbench.views.extensions.popular in workbench.view.extensions
2023-12-23 07:03:36.509 [info] Removed views:extensions.recommendedList,workbench.views.extensions.popular,workbench.views.extensions.installed from workbench.view.extensions
2023-12-23 07:03:36.543 [info] Added views:workbench.views.extensions.workspaceRecommendations,workbench.views.extensions.otherRecommendations in workbench.view.extensions
2023-12-23 07:04:49.986 [info] Removed views:workbench.views.extensions.otherRecommendations,workbench.views.extensions.workspaceRecommendations from workbench.view.extensions
2023-12-23 07:04:49.997 [info] Added views:workbench.views.extensions.marketplace in workbench.view.extensions
2023-12-23 07:05:23.956 [info] Removed views:workbench.views.extensions.marketplace from workbench.view.extensions
2023-12-23 07:05:23.972 [info] Added views:workbench.views.extensions.installed,workbench.views.extensions.popular,extensions.recommendedList in workbench.view.extensions
2023-12-23 07:05:25.633 [info] Removed views:extensions.recommendedList,workbench.views.extensions.popular,workbench.views.extensions.installed from workbench.view.extensions
2023-12-23 07:05:25.642 [info] Added views:workbench.views.extensions.marketplace in workbench.view.extensions
