2024-01-17 21:51:14.197 [warning] Via 'product.json#extensionEnabledApiProposals' extension 'ms-python.python' wants API proposal 'registerIssueDataProvider' but that proposal DOES NOT EXIST. Likely, the proposal has been finalized (check 'vscode.d.ts') or was abandoned.
2024-01-17 21:51:15.061 [info] Started local extension host with pid 7466.
2024-01-17 21:51:21.243 [info] [perf] Render performance baseline is 38ms
2024-01-18 00:17:24.555 [error] Unable to read file '/opt/lampp/htdocs/PoliceMend/FrontEnd/src/app/admin/r-mantenimientos/r-mantenimientos.component.html' (Error: File not modified since): Error: Unable to read file '/opt/lampp/htdocs/PoliceMend/FrontEnd/src/app/admin/r-mantenimientos/r-mantenimientos.component.html' (Error: File not modified since)
    at n.F (vscode-file://vscode-app/snap/code/148/usr/share/code/resources/app/out/vs/workbench/workbench.desktop.main.js:645:18798)
    at n.D (vscode-file://vscode-app/snap/code/148/usr/share/code/resources/app/out/vs/workbench/workbench.desktop.main.js:645:18686)
    at async b.M (vscode-file://vscode-app/snap/code/148/usr/share/code/resources/app/out/vs/workbench/workbench.desktop.main.js:2169:42874)
    at async b.readStream (vscode-file://vscode-app/snap/code/148/usr/share/code/resources/app/out/vs/workbench/workbench.desktop.main.js:2169:42628)
    at async P.Cb (vscode-file://vscode-app/snap/code/148/usr/share/code/resources/app/out/vs/workbench/workbench.desktop.main.js:2158:6445)
    at async P.resolve (vscode-file://vscode-app/snap/code/148/usr/share/code/resources/app/out/vs/workbench/workbench.desktop.main.js:2158:4892)
    at async vscode-file://vscode-app/snap/code/148/usr/share/code/resources/app/out/vs/workbench/workbench.desktop.main.js:2169:38735
2024-01-18 00:17:30.667 [error] Unable to read file '/opt/lampp/htdocs/PoliceMend/FrontEnd/src/app/admin/r-mantenimientos/r-mantenimientos.component.spec.ts' (Error: File not modified since): Error: Unable to read file '/opt/lampp/htdocs/PoliceMend/FrontEnd/src/app/admin/r-mantenimientos/r-mantenimientos.component.spec.ts' (Error: File not modified since)
    at n.F (vscode-file://vscode-app/snap/code/148/usr/share/code/resources/app/out/vs/workbench/workbench.desktop.main.js:645:18798)
    at n.D (vscode-file://vscode-app/snap/code/148/usr/share/code/resources/app/out/vs/workbench/workbench.desktop.main.js:645:18686)
    at async b.M (vscode-file://vscode-app/snap/code/148/usr/share/code/resources/app/out/vs/workbench/workbench.desktop.main.js:2169:42874)
    at async b.readStream (vscode-file://vscode-app/snap/code/148/usr/share/code/resources/app/out/vs/workbench/workbench.desktop.main.js:2169:42628)
    at async P.Cb (vscode-file://vscode-app/snap/code/148/usr/share/code/resources/app/out/vs/workbench/workbench.desktop.main.js:2158:6445)
    at async P.resolve (vscode-file://vscode-app/snap/code/148/usr/share/code/resources/app/out/vs/workbench/workbench.desktop.main.js:2158:4892)
    at async vscode-file://vscode-app/snap/code/148/usr/share/code/resources/app/out/vs/workbench/workbench.desktop.main.js:2169:38735
2024-01-18 00:17:34.430 [error] Unable to read file '/opt/lampp/htdocs/PoliceMend/FrontEnd/src/app/admin/r-mantenimientos/r-mantenimientos.component.scss' (Error: File not modified since): Error: Unable to read file '/opt/lampp/htdocs/PoliceMend/FrontEnd/src/app/admin/r-mantenimientos/r-mantenimientos.component.scss' (Error: File not modified since)
    at n.F (vscode-file://vscode-app/snap/code/148/usr/share/code/resources/app/out/vs/workbench/workbench.desktop.main.js:645:18798)
    at n.D (vscode-file://vscode-app/snap/code/148/usr/share/code/resources/app/out/vs/workbench/workbench.desktop.main.js:645:18686)
    at async b.M (vscode-file://vscode-app/snap/code/148/usr/share/code/resources/app/out/vs/workbench/workbench.desktop.main.js:2169:42874)
    at async b.readStream (vscode-file://vscode-app/snap/code/148/usr/share/code/resources/app/out/vs/workbench/workbench.desktop.main.js:2169:42628)
    at async P.Cb (vscode-file://vscode-app/snap/code/148/usr/share/code/resources/app/out/vs/workbench/workbench.desktop.main.js:2158:6445)
    at async P.resolve (vscode-file://vscode-app/snap/code/148/usr/share/code/resources/app/out/vs/workbench/workbench.desktop.main.js:2158:4892)
    at async vscode-file://vscode-app/snap/code/148/usr/share/code/resources/app/out/vs/workbench/workbench.desktop.main.js:2169:38735
