2023-12-26 04:02:14.159 [info] Log level: Info
2023-12-26 04:02:14.160 [info] Validating found git in: "git"
2023-12-26 04:02:14.160 [info] Using git "2.34.1" from "git"
2023-12-26 04:02:14.160 [info] > git rev-parse --show-toplevel [7ms]
2023-12-26 04:02:14.160 [info] > git rev-parse --git-dir --git-common-dir [7ms]
2023-12-26 04:02:14.160 [info] Open repository: /opt/lampp/htdocs/PoliceMend
2023-12-26 04:02:14.160 [info] > git config --get commit.template [31ms]
2023-12-26 04:02:14.160 [info] > git rev-parse --show-toplevel [35ms]
2023-12-26 04:02:14.160 [info] > git for-each-ref --format=%(refname)%00%(upstream:short)%00%(objectname)%00%(upstream:track)%00%(upstream:remotename)%00%(upstream:remoteref) refs/heads/main refs/remotes/main [35ms]
2023-12-26 04:02:14.160 [info] > git rev-parse --show-toplevel [19ms]
2023-12-26 04:02:14.160 [info] > git rev-parse --show-toplevel [2ms]
2023-12-26 04:02:14.160 [info] > git rev-parse --show-toplevel [1ms]
2023-12-26 04:02:14.160 [info] > git rev-parse --show-toplevel [2ms]
2023-12-26 04:02:14.160 [info] > git rev-parse --show-toplevel [1ms]
2023-12-26 04:02:14.160 [info] > git rev-parse --show-toplevel [2ms]
2023-12-26 04:02:14.160 [info] > git status -z -uall [165ms]
2023-12-26 04:02:14.160 [info] > git rev-parse --show-toplevel [89ms]
2023-12-26 04:02:14.160 [info] > git config --get commit.template [20ms]
2023-12-26 04:02:14.160 [info] > git for-each-ref --format=%(refname)%00%(upstream:short)%00%(objectname)%00%(upstream:track)%00%(upstream:remotename)%00%(upstream:remoteref) refs/heads/main refs/remotes/main [148ms]
2023-12-26 04:02:14.160 [info] > git rev-parse --show-toplevel [178ms]
2023-12-26 04:02:14.161 [info] > git rev-parse --show-toplevel [7ms]
2023-12-26 04:02:14.221 [info] > git rev-parse --show-toplevel [34ms]
2023-12-26 04:02:14.285 [info] > git rev-parse --show-toplevel [10ms]
2023-12-26 04:02:14.309 [info] > git rev-parse --show-toplevel [10ms]
2023-12-26 04:02:14.351 [info] > git status -z -uall [150ms]
2023-12-26 04:02:14.395 [info] > git rev-parse --show-toplevel [44ms]
2023-12-26 04:02:14.444 [info] > git rev-parse --show-toplevel [4ms]
2023-12-26 04:02:14.496 [info] > git rev-parse --show-toplevel [38ms]
2023-12-26 04:02:14.513 [info] > git rev-parse --show-toplevel [3ms]
2023-12-26 04:02:14.526 [info] > git rev-parse --show-toplevel [3ms]
2023-12-26 04:02:14.538 [info] > git rev-parse --show-toplevel [2ms]
2023-12-26 04:02:14.562 [info] > git rev-parse --show-toplevel [4ms]
2023-12-26 04:02:14.578 [info] > git rev-parse --show-toplevel [4ms]
2023-12-26 04:02:14.632 [info] > git rev-parse --show-toplevel [10ms]
2023-12-26 04:02:15.167 [info] > git check-ignore -v -z --stdin [16ms]
2023-12-26 04:02:17.038 [info] > git show --textconv :FrontEnd/src/app/admin/admin.module.ts [16ms]
2023-12-26 04:02:17.043 [info] > git ls-files --stage -- /opt/lampp/htdocs/PoliceMend/FrontEnd/src/app/admin/admin.module.ts [6ms]
2023-12-26 04:02:17.055 [info] > git cat-file -s 365c625807ffb525a9031b5167f3028e7beaf243 [2ms]
2023-12-26 04:02:18.663 [info] > git config --get commit.template [14ms]
2023-12-26 04:02:18.664 [info] > git for-each-ref --format=%(refname)%00%(upstream:short)%00%(objectname)%00%(upstream:track)%00%(upstream:remotename)%00%(upstream:remoteref) refs/heads/main refs/remotes/main [2ms]
2023-12-26 04:02:18.712 [info] > git status -z -uall [37ms]
2023-12-26 04:02:23.741 [info] > git config --get commit.template [13ms]
2023-12-26 04:02:23.742 [info] > git for-each-ref --format=%(refname)%00%(upstream:short)%00%(objectname)%00%(upstream:track)%00%(upstream:remotename)%00%(upstream:remoteref) refs/heads/main refs/remotes/main [3ms]
2023-12-26 04:02:23.798 [info] > git status -z -uall [43ms]
2023-12-26 04:02:28.709 [info] > git check-ignore -v -z --stdin [15ms]
2023-12-26 04:02:28.822 [info] > git config --get commit.template [8ms]
2023-12-26 04:02:28.823 [info] > git for-each-ref --format=%(refname)%00%(upstream:short)%00%(objectname)%00%(upstream:track)%00%(upstream:remotename)%00%(upstream:remoteref) refs/heads/main refs/remotes/main [2ms]
2023-12-26 04:02:28.865 [info] > git status -z -uall [31ms]
2023-12-26 04:02:33.489 [info] > git show --textconv :FrontEnd/Preferences [13ms]
2023-12-26 04:02:33.492 [info] > git ls-files --stage -- /opt/lampp/htdocs/PoliceMend/FrontEnd/Preferences [4ms]
2023-12-26 04:02:33.499 [info] > git cat-file -s 1ec6df73d5a38a0063ebf26b4e21373333fb611d [1ms]
2023-12-26 04:02:33.881 [info] > git config --get commit.template [2ms]
2023-12-26 04:02:33.890 [info] > git for-each-ref --format=%(refname)%00%(upstream:short)%00%(objectname)%00%(upstream:track)%00%(upstream:remotename)%00%(upstream:remoteref) refs/heads/main refs/remotes/main [2ms]
2023-12-26 04:02:33.948 [info] > git status -z -uall [49ms]
2023-12-26 04:02:34.292 [info] > git show --textconv :FrontEnd/package.json [9ms]
2023-12-26 04:02:34.301 [info] > git ls-files --stage -- /opt/lampp/htdocs/PoliceMend/FrontEnd/package.json [10ms]
2023-12-26 04:02:34.315 [info] > git cat-file -s 36c3560143be4b0ac724bf4eb74ad24f7244859c [6ms]
2023-12-26 04:02:38.974 [info] > git config --get commit.template [12ms]
2023-12-26 04:02:38.974 [info] > git for-each-ref --format=%(refname)%00%(upstream:short)%00%(objectname)%00%(upstream:track)%00%(upstream:remotename)%00%(upstream:remoteref) refs/heads/main refs/remotes/main [1ms]
2023-12-26 04:02:39.015 [info] > git status -z -uall [32ms]
2023-12-26 04:02:44.033 [info] > git config --get commit.template [7ms]
2023-12-26 04:02:44.033 [info] > git for-each-ref --format=%(refname)%00%(upstream:short)%00%(objectname)%00%(upstream:track)%00%(upstream:remotename)%00%(upstream:remoteref) refs/heads/main refs/remotes/main [2ms]
2023-12-26 04:02:44.075 [info] > git status -z -uall [37ms]
2023-12-26 04:02:49.091 [info] > git config --get commit.template [3ms]
2023-12-26 04:02:49.107 [info] > git for-each-ref --format=%(refname)%00%(upstream:short)%00%(objectname)%00%(upstream:track)%00%(upstream:remotename)%00%(upstream:remoteref) refs/heads/main refs/remotes/main [4ms]
2023-12-26 04:02:49.156 [info] > git status -z -uall [39ms]
2023-12-26 04:02:54.171 [info] > git config --get commit.template [1ms]
2023-12-26 04:02:54.180 [info] > git for-each-ref --format=%(refname)%00%(upstream:short)%00%(objectname)%00%(upstream:track)%00%(upstream:remotename)%00%(upstream:remoteref) refs/heads/main refs/remotes/main [1ms]
2023-12-26 04:02:54.230 [info] > git status -z -uall [43ms]
2023-12-26 04:03:03.746 [info] > git config --get commit.template [12ms]
2023-12-26 04:03:03.747 [info] > git for-each-ref --format=%(refname)%00%(upstream:short)%00%(objectname)%00%(upstream:track)%00%(upstream:remotename)%00%(upstream:remoteref) refs/heads/main refs/remotes/main [4ms]
2023-12-26 04:03:03.789 [info] > git status -z -uall [33ms]
2023-12-26 04:03:11.096 [info] > git config --get commit.template [6ms]
2023-12-26 04:03:11.097 [info] > git for-each-ref --format=%(refname)%00%(upstream:short)%00%(objectname)%00%(upstream:track)%00%(upstream:remotename)%00%(upstream:remoteref) refs/heads/main refs/remotes/main [1ms]
2023-12-26 04:03:11.134 [info] > git status -z -uall [32ms]
2023-12-26 04:03:16.158 [info] > git config --get commit.template [12ms]
2023-12-26 04:03:16.159 [info] > git for-each-ref --format=%(refname)%00%(upstream:short)%00%(objectname)%00%(upstream:track)%00%(upstream:remotename)%00%(upstream:remoteref) refs/heads/main refs/remotes/main [2ms]
2023-12-26 04:03:16.199 [info] > git status -z -uall [32ms]
2023-12-26 04:03:21.228 [info] > git config --get commit.template [11ms]
2023-12-26 04:03:21.228 [info] > git for-each-ref --format=%(refname)%00%(upstream:short)%00%(objectname)%00%(upstream:track)%00%(upstream:remotename)%00%(upstream:remoteref) refs/heads/main refs/remotes/main [2ms]
2023-12-26 04:03:21.273 [info] > git status -z -uall [35ms]
2023-12-26 04:03:26.299 [info] > git config --get commit.template [11ms]
2023-12-26 04:03:26.300 [info] > git for-each-ref --format=%(refname)%00%(upstream:short)%00%(objectname)%00%(upstream:track)%00%(upstream:remotename)%00%(upstream:remoteref) refs/heads/main refs/remotes/main [2ms]
2023-12-26 04:03:26.341 [info] > git status -z -uall [32ms]
2023-12-26 04:03:31.366 [info] > git config --get commit.template [12ms]
2023-12-26 04:03:31.368 [info] > git for-each-ref --format=%(refname)%00%(upstream:short)%00%(objectname)%00%(upstream:track)%00%(upstream:remotename)%00%(upstream:remoteref) refs/heads/main refs/remotes/main [2ms]
2023-12-26 04:03:31.412 [info] > git status -z -uall [35ms]
2023-12-26 04:03:39.830 [info] > git config --get commit.template [2ms]
2023-12-26 04:03:39.841 [info] > git for-each-ref --format=%(refname)%00%(upstream:short)%00%(objectname)%00%(upstream:track)%00%(upstream:remotename)%00%(upstream:remoteref) refs/heads/main refs/remotes/main [2ms]
2023-12-26 04:03:39.881 [info] > git status -z -uall [31ms]
2023-12-26 04:03:44.902 [info] > git config --get commit.template [9ms]
2023-12-26 04:03:44.903 [info] > git for-each-ref --format=%(refname)%00%(upstream:short)%00%(objectname)%00%(upstream:track)%00%(upstream:remotename)%00%(upstream:remoteref) refs/heads/main refs/remotes/main [1ms]
2023-12-26 04:03:44.944 [info] > git status -z -uall [34ms]
2023-12-26 04:03:52.484 [info] > git check-ignore -v -z --stdin [6ms]
2023-12-26 04:03:55.433 [info] > git config --get commit.template [12ms]
2023-12-26 04:03:55.434 [info] > git for-each-ref --format=%(refname)%00%(upstream:short)%00%(objectname)%00%(upstream:track)%00%(upstream:remotename)%00%(upstream:remoteref) refs/heads/main refs/remotes/main [3ms]
2023-12-26 04:03:55.473 [info] > git status -z -uall [30ms]
2023-12-26 04:03:58.908 [info] > git show --textconv :FrontEnd/src/app/admin/admin.module.ts [11ms]
2023-12-26 04:03:58.910 [info] > git ls-files --stage -- /opt/lampp/htdocs/PoliceMend/FrontEnd/src/app/admin/admin.module.ts [3ms]
2023-12-26 04:03:58.917 [info] > git cat-file -s 365c625807ffb525a9031b5167f3028e7beaf243 [1ms]
2023-12-26 04:04:00.512 [info] > git for-each-ref --format=%(refname)%00%(upstream:short)%00%(objectname)%00%(upstream:track)%00%(upstream:remotename)%00%(upstream:remoteref) refs/heads/main refs/remotes/main [3ms]
2023-12-26 04:04:00.512 [info] > git config --get commit.template [20ms]
2023-12-26 04:04:00.557 [info] > git status -z -uall [36ms]
2023-12-26 04:04:20.681 [info] > git config --get commit.template [25ms]
2023-12-26 04:04:20.684 [info] > git for-each-ref --format=%(refname)%00%(upstream:short)%00%(objectname)%00%(upstream:track)%00%(upstream:remotename)%00%(upstream:remoteref) refs/heads/main refs/remotes/main [8ms]
2023-12-26 04:04:20.749 [info] > git status -z -uall [48ms]
2023-12-26 04:04:25.775 [info] > git config --get commit.template [10ms]
2023-12-26 04:04:25.777 [info] > git for-each-ref --format=%(refname)%00%(upstream:short)%00%(objectname)%00%(upstream:track)%00%(upstream:remotename)%00%(upstream:remoteref) refs/heads/main refs/remotes/main [3ms]
2023-12-26 04:04:25.820 [info] > git status -z -uall [33ms]
2023-12-26 04:04:30.841 [info] > git config --get commit.template [7ms]
2023-12-26 04:04:30.842 [info] > git for-each-ref --format=%(refname)%00%(upstream:short)%00%(objectname)%00%(upstream:track)%00%(upstream:remotename)%00%(upstream:remoteref) refs/heads/main refs/remotes/main [2ms]
2023-12-26 04:04:30.879 [info] > git status -z -uall [31ms]
2023-12-26 04:04:33.444 [info] > git check-ignore -v -z --stdin [15ms]
2023-12-26 04:04:35.899 [info] > git config --get commit.template [2ms]
2023-12-26 04:04:35.907 [info] > git for-each-ref --format=%(refname)%00%(upstream:short)%00%(objectname)%00%(upstream:track)%00%(upstream:remotename)%00%(upstream:remoteref) refs/heads/main refs/remotes/main [1ms]
2023-12-26 04:04:35.943 [info] > git status -z -uall [29ms]
2023-12-26 04:04:37.672 [info] > git check-ignore -v -z --stdin [7ms]
2023-12-26 04:04:40.965 [info] > git config --get commit.template [9ms]
2023-12-26 04:04:40.966 [info] > git for-each-ref --format=%(refname)%00%(upstream:short)%00%(objectname)%00%(upstream:track)%00%(upstream:remotename)%00%(upstream:remoteref) refs/heads/main refs/remotes/main [2ms]
2023-12-26 04:04:41.006 [info] > git status -z -uall [32ms]
2023-12-26 04:04:50.981 [info] > git config --get commit.template [12ms]
2023-12-26 04:04:50.981 [info] > git for-each-ref --format=%(refname)%00%(upstream:short)%00%(objectname)%00%(upstream:track)%00%(upstream:remotename)%00%(upstream:remoteref) refs/heads/main refs/remotes/main [1ms]
2023-12-26 04:04:51.041 [info] > git status -z -uall [47ms]
2023-12-26 04:04:53.778 [info] > git check-ignore -v -z --stdin [9ms]
2023-12-26 04:04:56.069 [info] > git config --get commit.template [10ms]
2023-12-26 04:04:56.069 [info] > git for-each-ref --format=%(refname)%00%(upstream:short)%00%(objectname)%00%(upstream:track)%00%(upstream:remotename)%00%(upstream:remoteref) refs/heads/main refs/remotes/main [2ms]
2023-12-26 04:04:56.107 [info] > git status -z -uall [31ms]
2023-12-26 04:04:59.971 [info] > git show --textconv :FrontEnd/src/app/_models/chartOptions [12ms]
2023-12-26 04:04:59.974 [info] > git ls-files --stage -- /opt/lampp/htdocs/PoliceMend/FrontEnd/src/app/_models/chartOptions [4ms]
2023-12-26 04:05:00.235 [info] > git check-ignore -v -z --stdin [8ms]
2023-12-26 04:05:01.134 [info] > git config --get commit.template [12ms]
2023-12-26 04:05:01.135 [info] > git for-each-ref --format=%(refname)%00%(upstream:short)%00%(objectname)%00%(upstream:track)%00%(upstream:remotename)%00%(upstream:remoteref) refs/heads/main refs/remotes/main [2ms]
2023-12-26 04:05:01.173 [info] > git status -z -uall [30ms]
2023-12-26 04:05:06.976 [info] > git config --get commit.template [9ms]
2023-12-26 04:05:06.977 [info] > git for-each-ref --format=%(refname)%00%(upstream:short)%00%(objectname)%00%(upstream:track)%00%(upstream:remotename)%00%(upstream:remoteref) refs/heads/main refs/remotes/main [2ms]
2023-12-26 04:05:07.018 [info] > git status -z -uall [32ms]
2023-12-26 04:05:08.924 [info] > git show --textconv :FrontEnd/src/app/_models/chartOptions.ts [12ms]
2023-12-26 04:05:08.928 [info] > git ls-files --stage -- /opt/lampp/htdocs/PoliceMend/FrontEnd/src/app/_models/chartOptions.ts [4ms]
2023-12-26 04:05:09.199 [info] > git check-ignore -v -z --stdin [4ms]
2023-12-26 04:05:12.046 [info] > git config --get commit.template [13ms]
2023-12-26 04:05:12.047 [info] > git for-each-ref --format=%(refname)%00%(upstream:short)%00%(objectname)%00%(upstream:track)%00%(upstream:remotename)%00%(upstream:remoteref) refs/heads/main refs/remotes/main [3ms]
2023-12-26 04:05:12.086 [info] > git status -z -uall [31ms]
2023-12-26 04:05:17.104 [info] > git config --get commit.template [7ms]
2023-12-26 04:05:17.105 [info] > git for-each-ref --format=%(refname)%00%(upstream:short)%00%(objectname)%00%(upstream:track)%00%(upstream:remotename)%00%(upstream:remoteref) refs/heads/main refs/remotes/main [1ms]
2023-12-26 04:05:17.149 [info] > git status -z -uall [37ms]
2023-12-26 04:05:22.178 [info] > git config --get commit.template [9ms]
2023-12-26 04:05:22.178 [info] > git for-each-ref --format=%(refname)%00%(upstream:short)%00%(objectname)%00%(upstream:track)%00%(upstream:remotename)%00%(upstream:remoteref) refs/heads/main refs/remotes/main [1ms]
2023-12-26 04:05:22.213 [info] > git status -z -uall [29ms]
2023-12-26 04:05:27.234 [info] > git config --get commit.template [8ms]
2023-12-26 04:05:27.234 [info] > git for-each-ref --format=%(refname)%00%(upstream:short)%00%(objectname)%00%(upstream:track)%00%(upstream:remotename)%00%(upstream:remoteref) refs/heads/main refs/remotes/main [1ms]
2023-12-26 04:05:27.272 [info] > git status -z -uall [31ms]
2023-12-26 04:05:32.299 [info] > git config --get commit.template [10ms]
2023-12-26 04:05:32.300 [info] > git for-each-ref --format=%(refname)%00%(upstream:short)%00%(objectname)%00%(upstream:track)%00%(upstream:remotename)%00%(upstream:remoteref) refs/heads/main refs/remotes/main [2ms]
2023-12-26 04:05:32.339 [info] > git status -z -uall [31ms]
2023-12-26 04:05:37.365 [info] > git config --get commit.template [8ms]
2023-12-26 04:05:37.366 [info] > git for-each-ref --format=%(refname)%00%(upstream:short)%00%(objectname)%00%(upstream:track)%00%(upstream:remotename)%00%(upstream:remoteref) refs/heads/main refs/remotes/main [1ms]
2023-12-26 04:05:37.402 [info] > git status -z -uall [30ms]
2023-12-26 04:05:56.203 [info] > git config --get commit.template [2ms]
2023-12-26 04:05:56.214 [info] > git for-each-ref --format=%(refname)%00%(upstream:short)%00%(objectname)%00%(upstream:track)%00%(upstream:remotename)%00%(upstream:remoteref) refs/heads/main refs/remotes/main [2ms]
2023-12-26 04:05:56.255 [info] > git status -z -uall [32ms]
2023-12-26 04:06:01.285 [info] > git config --get commit.template [14ms]
2023-12-26 04:06:01.286 [info] > git for-each-ref --format=%(refname)%00%(upstream:short)%00%(objectname)%00%(upstream:track)%00%(upstream:remotename)%00%(upstream:remoteref) refs/heads/main refs/remotes/main [3ms]
2023-12-26 04:06:01.324 [info] > git status -z -uall [30ms]
2023-12-26 04:06:06.353 [info] > git config --get commit.template [10ms]
2023-12-26 04:06:06.354 [info] > git for-each-ref --format=%(refname)%00%(upstream:short)%00%(objectname)%00%(upstream:track)%00%(upstream:remotename)%00%(upstream:remoteref) refs/heads/main refs/remotes/main [2ms]
2023-12-26 04:06:06.401 [info] > git status -z -uall [36ms]
2023-12-26 04:06:11.426 [info] > git config --get commit.template [10ms]
2023-12-26 04:06:11.427 [info] > git for-each-ref --format=%(refname)%00%(upstream:short)%00%(objectname)%00%(upstream:track)%00%(upstream:remotename)%00%(upstream:remoteref) refs/heads/main refs/remotes/main [2ms]
2023-12-26 04:06:11.465 [info] > git status -z -uall [29ms]
2023-12-26 04:06:16.491 [info] > git config --get commit.template [9ms]
2023-12-26 04:06:16.492 [info] > git for-each-ref --format=%(refname)%00%(upstream:short)%00%(objectname)%00%(upstream:track)%00%(upstream:remotename)%00%(upstream:remoteref) refs/heads/main refs/remotes/main [2ms]
2023-12-26 04:06:16.529 [info] > git status -z -uall [29ms]
2023-12-26 04:06:21.558 [info] > git config --get commit.template [12ms]
2023-12-26 04:06:21.559 [info] > git for-each-ref --format=%(refname)%00%(upstream:short)%00%(objectname)%00%(upstream:track)%00%(upstream:remotename)%00%(upstream:remoteref) refs/heads/main refs/remotes/main [2ms]
2023-12-26 04:06:21.599 [info] > git status -z -uall [30ms]
2023-12-26 04:06:26.625 [info] > git config --get commit.template [10ms]
2023-12-26 04:06:26.626 [info] > git for-each-ref --format=%(refname)%00%(upstream:short)%00%(objectname)%00%(upstream:track)%00%(upstream:remotename)%00%(upstream:remoteref) refs/heads/main refs/remotes/main [2ms]
2023-12-26 04:06:26.667 [info] > git status -z -uall [31ms]
2023-12-26 04:06:34.856 [info] > git config --get commit.template [13ms]
2023-12-26 04:06:34.857 [info] > git for-each-ref --format=%(refname)%00%(upstream:short)%00%(objectname)%00%(upstream:track)%00%(upstream:remotename)%00%(upstream:remoteref) refs/heads/main refs/remotes/main [2ms]
2023-12-26 04:06:34.900 [info] > git status -z -uall [34ms]
2023-12-26 04:06:39.929 [info] > git config --get commit.template [12ms]
2023-12-26 04:06:39.930 [info] > git for-each-ref --format=%(refname)%00%(upstream:short)%00%(objectname)%00%(upstream:track)%00%(upstream:remotename)%00%(upstream:remoteref) refs/heads/main refs/remotes/main [2ms]
2023-12-26 04:06:39.971 [info] > git status -z -uall [32ms]
2023-12-26 04:06:44.986 [info] > git config --get commit.template [2ms]
2023-12-26 04:06:44.999 [info] > git for-each-ref --format=%(refname)%00%(upstream:short)%00%(objectname)%00%(upstream:track)%00%(upstream:remotename)%00%(upstream:remoteref) refs/heads/main refs/remotes/main [2ms]
2023-12-26 04:06:45.038 [info] > git status -z -uall [31ms]
2023-12-26 04:06:47.329 [info] > git show --textconv :FrontEnd/src/app/admin/s-vehicular-aprobar/s-vehicular-aprobar-edit.component.ts [10ms]
2023-12-26 04:06:47.332 [info] > git ls-files --stage -- /opt/lampp/htdocs/PoliceMend/FrontEnd/src/app/admin/s-vehicular-aprobar/s-vehicular-aprobar-edit.component.ts [2ms]
2023-12-26 04:06:47.343 [info] > git cat-file -s 084192d1828d39f62de7a91a0bd231103d6dcdd6 [2ms]
2023-12-26 04:06:57.166 [info] > git config --get commit.template [10ms]
2023-12-26 04:06:57.167 [info] > git for-each-ref --format=%(refname)%00%(upstream:short)%00%(objectname)%00%(upstream:track)%00%(upstream:remotename)%00%(upstream:remoteref) refs/heads/main refs/remotes/main [1ms]
2023-12-26 04:06:57.210 [info] > git status -z -uall [32ms]
2023-12-26 04:07:02.241 [info] > git config --get commit.template [15ms]
2023-12-26 04:07:02.244 [info] > git for-each-ref --format=%(refname)%00%(upstream:short)%00%(objectname)%00%(upstream:track)%00%(upstream:remotename)%00%(upstream:remoteref) refs/heads/main refs/remotes/main [4ms]
2023-12-26 04:07:02.327 [info] > git status -z -uall [69ms]
2023-12-26 04:07:07.346 [info] > git config --get commit.template [3ms]
2023-12-26 04:07:07.357 [info] > git for-each-ref --format=%(refname)%00%(upstream:short)%00%(objectname)%00%(upstream:track)%00%(upstream:remotename)%00%(upstream:remoteref) refs/heads/main refs/remotes/main [1ms]
2023-12-26 04:07:07.394 [info] > git status -z -uall [28ms]
2023-12-26 04:07:12.423 [info] > git config --get commit.template [14ms]
2023-12-26 04:07:12.424 [info] > git for-each-ref --format=%(refname)%00%(upstream:short)%00%(objectname)%00%(upstream:track)%00%(upstream:remotename)%00%(upstream:remoteref) refs/heads/main refs/remotes/main [2ms]
2023-12-26 04:07:12.479 [info] > git status -z -uall [42ms]
2023-12-26 04:07:21.294 [info] > git config --get commit.template [10ms]
2023-12-26 04:07:21.296 [info] > git for-each-ref --format=%(refname)%00%(upstream:short)%00%(objectname)%00%(upstream:track)%00%(upstream:remotename)%00%(upstream:remoteref) refs/heads/main refs/remotes/main [3ms]
2023-12-26 04:07:21.347 [info] > git status -z -uall [43ms]
2023-12-26 04:07:26.375 [info] > git config --get commit.template [13ms]
2023-12-26 04:07:26.376 [info] > git for-each-ref --format=%(refname)%00%(upstream:short)%00%(objectname)%00%(upstream:track)%00%(upstream:remotename)%00%(upstream:remoteref) refs/heads/main refs/remotes/main [2ms]
2023-12-26 04:07:26.418 [info] > git status -z -uall [32ms]
2023-12-26 04:07:42.980 [info] > git config --get commit.template [3ms]
2023-12-26 04:07:43.003 [info] > git for-each-ref --format=%(refname)%00%(upstream:short)%00%(objectname)%00%(upstream:track)%00%(upstream:remotename)%00%(upstream:remoteref) refs/heads/main refs/remotes/main [2ms]
2023-12-26 04:07:43.059 [info] > git status -z -uall [47ms]
2023-12-26 04:07:49.244 [info] > git config --get commit.template [15ms]
2023-12-26 04:07:49.245 [info] > git for-each-ref --format=%(refname)%00%(upstream:short)%00%(objectname)%00%(upstream:track)%00%(upstream:remotename)%00%(upstream:remoteref) refs/heads/main refs/remotes/main [2ms]
2023-12-26 04:07:49.302 [info] > git status -z -uall [41ms]
2023-12-26 04:07:54.328 [info] > git config --get commit.template [14ms]
2023-12-26 04:07:54.329 [info] > git for-each-ref --format=%(refname)%00%(upstream:short)%00%(objectname)%00%(upstream:track)%00%(upstream:remotename)%00%(upstream:remoteref) refs/heads/main refs/remotes/main [3ms]
2023-12-26 04:07:54.369 [info] > git status -z -uall [31ms]
2023-12-26 04:07:59.402 [info] > git config --get commit.template [14ms]
2023-12-26 04:07:59.402 [info] > git for-each-ref --format=%(refname)%00%(upstream:short)%00%(objectname)%00%(upstream:track)%00%(upstream:remotename)%00%(upstream:remoteref) refs/heads/main refs/remotes/main [2ms]
2023-12-26 04:07:59.447 [info] > git status -z -uall [34ms]
2023-12-26 04:08:04.475 [info] > git config --get commit.template [12ms]
2023-12-26 04:08:04.476 [info] > git for-each-ref --format=%(refname)%00%(upstream:short)%00%(objectname)%00%(upstream:track)%00%(upstream:remotename)%00%(upstream:remoteref) refs/heads/main refs/remotes/main [2ms]
2023-12-26 04:08:04.519 [info] > git status -z -uall [34ms]
2023-12-26 04:08:09.550 [info] > git config --get commit.template [15ms]
2023-12-26 04:08:09.552 [info] > git for-each-ref --format=%(refname)%00%(upstream:short)%00%(objectname)%00%(upstream:track)%00%(upstream:remotename)%00%(upstream:remoteref) refs/heads/main refs/remotes/main [3ms]
2023-12-26 04:08:09.596 [info] > git status -z -uall [33ms]
2023-12-26 04:08:14.626 [info] > git config --get commit.template [12ms]
2023-12-26 04:08:14.627 [info] > git for-each-ref --format=%(refname)%00%(upstream:short)%00%(objectname)%00%(upstream:track)%00%(upstream:remotename)%00%(upstream:remoteref) refs/heads/main refs/remotes/main [2ms]
2023-12-26 04:08:14.672 [info] > git status -z -uall [37ms]
2023-12-26 04:08:19.702 [info] > git config --get commit.template [13ms]
2023-12-26 04:08:19.703 [info] > git for-each-ref --format=%(refname)%00%(upstream:short)%00%(objectname)%00%(upstream:track)%00%(upstream:remotename)%00%(upstream:remoteref) refs/heads/main refs/remotes/main [2ms]
2023-12-26 04:08:19.742 [info] > git status -z -uall [30ms]
2023-12-26 04:08:25.023 [info] > git config --get commit.template [12ms]
2023-12-26 04:08:25.024 [info] > git for-each-ref --format=%(refname)%00%(upstream:short)%00%(objectname)%00%(upstream:track)%00%(upstream:remotename)%00%(upstream:remoteref) refs/heads/main refs/remotes/main [3ms]
2023-12-26 04:08:25.064 [info] > git status -z -uall [32ms]
2023-12-26 04:08:25.783 [info] > git show --textconv :FrontEnd/src/app/admin/s-vehicular-aprobar/s-vehicular-aprobar-edit.component.html [8ms]
2023-12-26 04:08:25.785 [info] > git ls-files --stage -- /opt/lampp/htdocs/PoliceMend/FrontEnd/src/app/admin/s-vehicular-aprobar/s-vehicular-aprobar-edit.component.html [2ms]
2023-12-26 04:08:25.792 [info] > git cat-file -s 3ea66b7c680aebc490494d0a7cdff3a53dd5715c [0ms]
2023-12-26 04:08:35.065 [info] > git config --get commit.template [9ms]
2023-12-26 04:08:35.066 [info] > git for-each-ref --format=%(refname)%00%(upstream:short)%00%(objectname)%00%(upstream:track)%00%(upstream:remotename)%00%(upstream:remoteref) refs/heads/main refs/remotes/main [1ms]
2023-12-26 04:08:35.107 [info] > git status -z -uall [32ms]
2023-12-26 04:08:40.129 [info] > git config --get commit.template [9ms]
2023-12-26 04:08:40.129 [info] > git for-each-ref --format=%(refname)%00%(upstream:short)%00%(objectname)%00%(upstream:track)%00%(upstream:remotename)%00%(upstream:remoteref) refs/heads/main refs/remotes/main [1ms]
2023-12-26 04:08:40.167 [info] > git status -z -uall [30ms]
2023-12-26 04:08:47.394 [info] > git config --get commit.template [1ms]
2023-12-26 04:08:47.409 [info] > git for-each-ref --format=%(refname)%00%(upstream:short)%00%(objectname)%00%(upstream:track)%00%(upstream:remotename)%00%(upstream:remoteref) refs/heads/main refs/remotes/main [1ms]
2023-12-26 04:08:47.466 [info] > git status -z -uall [42ms]
2023-12-26 04:08:55.484 [info] > git config --get commit.template [13ms]
2023-12-26 04:08:55.485 [info] > git for-each-ref --format=%(refname)%00%(upstream:short)%00%(objectname)%00%(upstream:track)%00%(upstream:remotename)%00%(upstream:remoteref) refs/heads/main refs/remotes/main [2ms]
2023-12-26 04:08:55.534 [info] > git status -z -uall [37ms]
2023-12-26 04:09:00.566 [info] > git config --get commit.template [14ms]
2023-12-26 04:09:00.567 [info] > git for-each-ref --format=%(refname)%00%(upstream:short)%00%(objectname)%00%(upstream:track)%00%(upstream:remotename)%00%(upstream:remoteref) refs/heads/main refs/remotes/main [2ms]
2023-12-26 04:09:00.603 [info] > git status -z -uall [28ms]
2023-12-26 04:10:38.410 [info] > git config --get commit.template [22ms]
2023-12-26 04:10:38.420 [info] > git for-each-ref --format=%(refname)%00%(upstream:short)%00%(objectname)%00%(upstream:track)%00%(upstream:remotename)%00%(upstream:remoteref) refs/heads/main refs/remotes/main [18ms]
2023-12-26 04:10:38.498 [info] > git status -z -uall [66ms]
2023-12-26 04:10:41.892 [info] > git show --textconv :FrontEnd/src/app/admin/s-vehicular-aprobar/s-vehicular-aprobar-edit.component.ts [13ms]
2023-12-26 04:10:41.895 [info] > git ls-files --stage -- /opt/lampp/htdocs/PoliceMend/FrontEnd/src/app/admin/s-vehicular-aprobar/s-vehicular-aprobar-edit.component.ts [3ms]
2023-12-26 04:10:41.905 [info] > git cat-file -s 084192d1828d39f62de7a91a0bd231103d6dcdd6 [2ms]
2023-12-26 04:10:43.525 [info] > git config --get commit.template [11ms]
2023-12-26 04:10:43.527 [info] > git for-each-ref --format=%(refname)%00%(upstream:short)%00%(objectname)%00%(upstream:track)%00%(upstream:remotename)%00%(upstream:remoteref) refs/heads/main refs/remotes/main [3ms]
2023-12-26 04:10:43.570 [info] > git status -z -uall [32ms]
2023-12-26 04:10:55.344 [info] > git config --get commit.template [11ms]
2023-12-26 04:10:55.345 [info] > git for-each-ref --format=%(refname)%00%(upstream:short)%00%(objectname)%00%(upstream:track)%00%(upstream:remotename)%00%(upstream:remoteref) refs/heads/main refs/remotes/main [2ms]
2023-12-26 04:10:55.385 [info] > git status -z -uall [29ms]
2023-12-26 04:11:02.794 [info] > git config --get commit.template [11ms]
2023-12-26 04:11:02.795 [info] > git for-each-ref --format=%(refname)%00%(upstream:short)%00%(objectname)%00%(upstream:track)%00%(upstream:remotename)%00%(upstream:remoteref) refs/heads/main refs/remotes/main [2ms]
2023-12-26 04:11:02.831 [info] > git status -z -uall [28ms]
2023-12-26 04:11:13.208 [info] > git config --get commit.template [12ms]
2023-12-26 04:11:13.209 [info] > git for-each-ref --format=%(refname)%00%(upstream:short)%00%(objectname)%00%(upstream:track)%00%(upstream:remotename)%00%(upstream:remoteref) refs/heads/main refs/remotes/main [3ms]
2023-12-26 04:11:13.250 [info] > git status -z -uall [32ms]
2023-12-26 04:11:18.279 [info] > git config --get commit.template [12ms]
2023-12-26 04:11:18.280 [info] > git for-each-ref --format=%(refname)%00%(upstream:short)%00%(objectname)%00%(upstream:track)%00%(upstream:remotename)%00%(upstream:remoteref) refs/heads/main refs/remotes/main [2ms]
2023-12-26 04:11:18.322 [info] > git status -z -uall [32ms]
2023-12-26 04:11:34.735 [info] > git config --get commit.template [2ms]
2023-12-26 04:11:34.744 [info] > git for-each-ref --format=%(refname)%00%(upstream:short)%00%(objectname)%00%(upstream:track)%00%(upstream:remotename)%00%(upstream:remoteref) refs/heads/main refs/remotes/main [2ms]
2023-12-26 04:11:34.780 [info] > git status -z -uall [30ms]
2023-12-26 04:11:39.803 [info] > git config --get commit.template [9ms]
2023-12-26 04:11:39.803 [info] > git for-each-ref --format=%(refname)%00%(upstream:short)%00%(objectname)%00%(upstream:track)%00%(upstream:remotename)%00%(upstream:remoteref) refs/heads/main refs/remotes/main [1ms]
2023-12-26 04:11:39.839 [info] > git status -z -uall [28ms]
2023-12-26 04:11:46.431 [info] > git config --get commit.template [13ms]
2023-12-26 04:11:46.432 [info] > git for-each-ref --format=%(refname)%00%(upstream:short)%00%(objectname)%00%(upstream:track)%00%(upstream:remotename)%00%(upstream:remoteref) refs/heads/main refs/remotes/main [1ms]
2023-12-26 04:11:46.470 [info] > git status -z -uall [29ms]
2023-12-26 04:11:51.581 [info] > git config --get commit.template [10ms]
2023-12-26 04:11:51.582 [info] > git for-each-ref --format=%(refname)%00%(upstream:short)%00%(objectname)%00%(upstream:track)%00%(upstream:remotename)%00%(upstream:remoteref) refs/heads/main refs/remotes/main [2ms]
2023-12-26 04:11:51.634 [info] > git status -z -uall [43ms]
2023-12-26 04:11:56.656 [info] > git config --get commit.template [9ms]
2023-12-26 04:11:56.657 [info] > git for-each-ref --format=%(refname)%00%(upstream:short)%00%(objectname)%00%(upstream:track)%00%(upstream:remotename)%00%(upstream:remoteref) refs/heads/main refs/remotes/main [1ms]
2023-12-26 04:11:56.705 [info] > git status -z -uall [38ms]
2023-12-26 04:12:53.900 [info] > git config --get commit.template [19ms]
2023-12-26 04:12:53.905 [info] > git for-each-ref --format=%(refname)%00%(upstream:short)%00%(objectname)%00%(upstream:track)%00%(upstream:remotename)%00%(upstream:remoteref) refs/heads/main refs/remotes/main [7ms]
2023-12-26 04:12:53.991 [info] > git status -z -uall [73ms]
2023-12-26 04:12:59.011 [info] > git config --get commit.template [3ms]
2023-12-26 04:12:59.025 [info] > git for-each-ref --format=%(refname)%00%(upstream:short)%00%(objectname)%00%(upstream:track)%00%(upstream:remotename)%00%(upstream:remoteref) refs/heads/main refs/remotes/main [3ms]
2023-12-26 04:12:59.092 [info] > git status -z -uall [55ms]
2023-12-26 04:13:04.118 [info] > git config --get commit.template [9ms]
2023-12-26 04:13:04.118 [info] > git for-each-ref --format=%(refname)%00%(upstream:short)%00%(objectname)%00%(upstream:track)%00%(upstream:remotename)%00%(upstream:remoteref) refs/heads/main refs/remotes/main [1ms]
2023-12-26 04:13:04.156 [info] > git status -z -uall [30ms]
2023-12-26 04:13:43.262 [info] > git config --get commit.template [14ms]
2023-12-26 04:13:43.264 [info] > git for-each-ref --format=%(refname)%00%(upstream:short)%00%(objectname)%00%(upstream:track)%00%(upstream:remotename)%00%(upstream:remoteref) refs/heads/main refs/remotes/main [2ms]
2023-12-26 04:13:43.310 [info] > git status -z -uall [34ms]
2023-12-26 04:13:48.324 [info] > git config --get commit.template [1ms]
2023-12-26 04:13:48.332 [info] > git for-each-ref --format=%(refname)%00%(upstream:short)%00%(objectname)%00%(upstream:track)%00%(upstream:remotename)%00%(upstream:remoteref) refs/heads/main refs/remotes/main [1ms]
2023-12-26 04:13:48.368 [info] > git status -z -uall [29ms]
2023-12-26 04:13:53.392 [info] > git config --get commit.template [12ms]
2023-12-26 04:13:53.393 [info] > git for-each-ref --format=%(refname)%00%(upstream:short)%00%(objectname)%00%(upstream:track)%00%(upstream:remotename)%00%(upstream:remoteref) refs/heads/main refs/remotes/main [2ms]
2023-12-26 04:13:53.438 [info] > git status -z -uall [35ms]
2023-12-26 04:14:54.509 [info] > git config --get commit.template [12ms]
2023-12-26 04:14:54.510 [info] > git for-each-ref --format=%(refname)%00%(upstream:short)%00%(objectname)%00%(upstream:track)%00%(upstream:remotename)%00%(upstream:remoteref) refs/heads/main refs/remotes/main [2ms]
2023-12-26 04:14:54.559 [info] > git status -z -uall [37ms]
2023-12-26 04:14:59.581 [info] > git config --get commit.template [2ms]
2023-12-26 04:14:59.591 [info] > git for-each-ref --format=%(refname)%00%(upstream:short)%00%(objectname)%00%(upstream:track)%00%(upstream:remotename)%00%(upstream:remoteref) refs/heads/main refs/remotes/main [2ms]
2023-12-26 04:14:59.635 [info] > git status -z -uall [36ms]
2023-12-26 04:15:04.654 [info] > git config --get commit.template [8ms]
2023-12-26 04:15:04.655 [info] > git for-each-ref --format=%(refname)%00%(upstream:short)%00%(objectname)%00%(upstream:track)%00%(upstream:remotename)%00%(upstream:remoteref) refs/heads/main refs/remotes/main [2ms]
2023-12-26 04:15:04.695 [info] > git status -z -uall [32ms]
2023-12-26 04:15:12.162 [info] > git config --get commit.template [14ms]
2023-12-26 04:15:12.162 [info] > git for-each-ref --format=%(refname)%00%(upstream:short)%00%(objectname)%00%(upstream:track)%00%(upstream:remotename)%00%(upstream:remoteref) refs/heads/main refs/remotes/main [1ms]
2023-12-26 04:15:12.206 [info] > git status -z -uall [33ms]
2023-12-26 04:15:17.223 [info] > git config --get commit.template [1ms]
2023-12-26 04:15:17.235 [info] > git for-each-ref --format=%(refname)%00%(upstream:short)%00%(objectname)%00%(upstream:track)%00%(upstream:remotename)%00%(upstream:remoteref) refs/heads/main refs/remotes/main [2ms]
2023-12-26 04:15:17.280 [info] > git status -z -uall [35ms]
2023-12-26 04:15:22.302 [info] > git config --get commit.template [8ms]
2023-12-26 04:15:22.302 [info] > git for-each-ref --format=%(refname)%00%(upstream:short)%00%(objectname)%00%(upstream:track)%00%(upstream:remotename)%00%(upstream:remoteref) refs/heads/main refs/remotes/main [1ms]
2023-12-26 04:15:22.361 [info] > git status -z -uall [53ms]
2023-12-26 04:15:28.136 [info] > git config --get commit.template [4ms]
2023-12-26 04:15:28.158 [info] > git for-each-ref --format=%(refname)%00%(upstream:short)%00%(objectname)%00%(upstream:track)%00%(upstream:remotename)%00%(upstream:remoteref) refs/heads/main refs/remotes/main [5ms]
2023-12-26 04:15:28.216 [info] > git status -z -uall [42ms]
2023-12-26 04:15:33.571 [info] > git config --get commit.template [12ms]
2023-12-26 04:15:33.573 [info] > git for-each-ref --format=%(refname)%00%(upstream:short)%00%(objectname)%00%(upstream:track)%00%(upstream:remotename)%00%(upstream:remoteref) refs/heads/main refs/remotes/main [3ms]
2023-12-26 04:15:33.613 [info] > git status -z -uall [31ms]
2023-12-26 04:15:42.176 [info] > git config --get commit.template [7ms]
2023-12-26 04:15:42.177 [info] > git for-each-ref --format=%(refname)%00%(upstream:short)%00%(objectname)%00%(upstream:track)%00%(upstream:remotename)%00%(upstream:remoteref) refs/heads/main refs/remotes/main [1ms]
2023-12-26 04:15:42.214 [info] > git status -z -uall [29ms]
2023-12-26 04:15:47.233 [info] > git config --get commit.template [3ms]
2023-12-26 04:15:47.247 [info] > git for-each-ref --format=%(refname)%00%(upstream:short)%00%(objectname)%00%(upstream:track)%00%(upstream:remotename)%00%(upstream:remoteref) refs/heads/main refs/remotes/main [2ms]
2023-12-26 04:15:47.288 [info] > git status -z -uall [30ms]
2023-12-26 04:15:52.937 [info] > git config --get commit.template [3ms]
2023-12-26 04:15:52.951 [info] > git for-each-ref --format=%(refname)%00%(upstream:short)%00%(objectname)%00%(upstream:track)%00%(upstream:remotename)%00%(upstream:remoteref) refs/heads/main refs/remotes/main [2ms]
2023-12-26 04:15:52.994 [info] > git status -z -uall [32ms]
2023-12-26 04:15:58.017 [info] > git config --get commit.template [6ms]
2023-12-26 04:15:58.030 [info] > git for-each-ref --format=%(refname)%00%(upstream:short)%00%(objectname)%00%(upstream:track)%00%(upstream:remotename)%00%(upstream:remoteref) refs/heads/main refs/remotes/main [4ms]
2023-12-26 04:15:58.069 [info] > git status -z -uall [32ms]
2023-12-26 04:16:03.095 [info] > git config --get commit.template [9ms]
2023-12-26 04:16:03.096 [info] > git for-each-ref --format=%(refname)%00%(upstream:short)%00%(objectname)%00%(upstream:track)%00%(upstream:remotename)%00%(upstream:remoteref) refs/heads/main refs/remotes/main [2ms]
2023-12-26 04:16:03.136 [info] > git status -z -uall [31ms]
2023-12-26 04:16:08.176 [info] > git config --get commit.template [13ms]
2023-12-26 04:16:08.212 [info] > git for-each-ref --format=%(refname)%00%(upstream:short)%00%(objectname)%00%(upstream:track)%00%(upstream:remotename)%00%(upstream:remoteref) refs/heads/main refs/remotes/main [6ms]
2023-12-26 04:16:08.282 [info] > git status -z -uall [56ms]
2023-12-26 04:16:17.737 [info] > git config --get commit.template [8ms]
2023-12-26 04:16:17.756 [info] > git for-each-ref --format=%(refname)%00%(upstream:short)%00%(objectname)%00%(upstream:track)%00%(upstream:remotename)%00%(upstream:remoteref) refs/heads/main refs/remotes/main [3ms]
2023-12-26 04:16:17.803 [info] > git status -z -uall [35ms]
2023-12-26 04:16:22.814 [info] > git config --get commit.template [1ms]
2023-12-26 04:16:22.821 [info] > git for-each-ref --format=%(refname)%00%(upstream:short)%00%(objectname)%00%(upstream:track)%00%(upstream:remotename)%00%(upstream:remoteref) refs/heads/main refs/remotes/main [1ms]
2023-12-26 04:16:22.858 [info] > git status -z -uall [29ms]
2023-12-26 04:16:27.890 [info] > git config --get commit.template [14ms]
2023-12-26 04:16:27.891 [info] > git for-each-ref --format=%(refname)%00%(upstream:short)%00%(objectname)%00%(upstream:track)%00%(upstream:remotename)%00%(upstream:remoteref) refs/heads/main refs/remotes/main [2ms]
2023-12-26 04:16:27.931 [info] > git status -z -uall [30ms]
2023-12-26 04:16:33.482 [info] > git config --get commit.template [9ms]
2023-12-26 04:16:33.483 [info] > git for-each-ref --format=%(refname)%00%(upstream:short)%00%(objectname)%00%(upstream:track)%00%(upstream:remotename)%00%(upstream:remoteref) refs/heads/main refs/remotes/main [2ms]
2023-12-26 04:16:33.525 [info] > git status -z -uall [32ms]
2023-12-26 04:16:38.551 [info] > git config --get commit.template [9ms]
2023-12-26 04:16:38.553 [info] > git for-each-ref --format=%(refname)%00%(upstream:short)%00%(objectname)%00%(upstream:track)%00%(upstream:remotename)%00%(upstream:remoteref) refs/heads/main refs/remotes/main [3ms]
2023-12-26 04:16:38.593 [info] > git status -z -uall [31ms]
2023-12-26 04:17:09.476 [info] > git config --get commit.template [8ms]
2023-12-26 04:17:09.477 [info] > git for-each-ref --format=%(refname)%00%(upstream:short)%00%(objectname)%00%(upstream:track)%00%(upstream:remotename)%00%(upstream:remoteref) refs/heads/main refs/remotes/main [2ms]
2023-12-26 04:17:09.514 [info] > git status -z -uall [29ms]
2023-12-26 04:17:14.544 [info] > git config --get commit.template [13ms]
2023-12-26 04:17:14.545 [info] > git for-each-ref --format=%(refname)%00%(upstream:short)%00%(objectname)%00%(upstream:track)%00%(upstream:remotename)%00%(upstream:remoteref) refs/heads/main refs/remotes/main [2ms]
2023-12-26 04:17:14.603 [info] > git status -z -uall [47ms]
2023-12-26 04:17:36.312 [info] > git config --get commit.template [10ms]
2023-12-26 04:17:36.313 [info] > git for-each-ref --format=%(refname)%00%(upstream:short)%00%(objectname)%00%(upstream:track)%00%(upstream:remotename)%00%(upstream:remoteref) refs/heads/main refs/remotes/main [2ms]
2023-12-26 04:17:36.356 [info] > git status -z -uall [34ms]
2023-12-26 04:17:41.388 [info] > git config --get commit.template [14ms]
2023-12-26 04:17:41.389 [info] > git for-each-ref --format=%(refname)%00%(upstream:short)%00%(objectname)%00%(upstream:track)%00%(upstream:remotename)%00%(upstream:remoteref) refs/heads/main refs/remotes/main [2ms]
2023-12-26 04:17:41.434 [info] > git status -z -uall [33ms]
2023-12-26 04:20:05.010 [info] > git config --get commit.template [11ms]
2023-12-26 04:20:05.011 [info] > git for-each-ref --format=%(refname)%00%(upstream:short)%00%(objectname)%00%(upstream:track)%00%(upstream:remotename)%00%(upstream:remoteref) refs/heads/main refs/remotes/main [2ms]
2023-12-26 04:20:05.053 [info] > git status -z -uall [33ms]
2023-12-26 04:20:10.079 [info] > git config --get commit.template [12ms]
2023-12-26 04:20:10.080 [info] > git for-each-ref --format=%(refname)%00%(upstream:short)%00%(objectname)%00%(upstream:track)%00%(upstream:remotename)%00%(upstream:remoteref) refs/heads/main refs/remotes/main [2ms]
2023-12-26 04:20:10.122 [info] > git status -z -uall [33ms]
2023-12-26 04:20:15.153 [info] > git config --get commit.template [13ms]
2023-12-26 04:20:15.154 [info] > git for-each-ref --format=%(refname)%00%(upstream:short)%00%(objectname)%00%(upstream:track)%00%(upstream:remotename)%00%(upstream:remoteref) refs/heads/main refs/remotes/main [2ms]
2023-12-26 04:20:15.197 [info] > git status -z -uall [34ms]
2023-12-26 04:20:21.045 [info] > git for-each-ref --format=%(refname)%00%(upstream:short)%00%(objectname)%00%(upstream:track)%00%(upstream:remotename)%00%(upstream:remoteref) refs/heads/main refs/remotes/main [1ms]
2023-12-26 04:20:21.050 [info] > git config --get commit.template [55ms]
2023-12-26 04:20:21.147 [info] > git status -z -uall [83ms]
2023-12-26 04:21:06.234 [info] > git config --get commit.template [27ms]
2023-12-26 04:21:06.235 [info] > git for-each-ref --format=%(refname)%00%(upstream:short)%00%(objectname)%00%(upstream:track)%00%(upstream:remotename)%00%(upstream:remoteref) refs/heads/main refs/remotes/main [1ms]
2023-12-26 04:21:06.287 [info] > git status -z -uall [36ms]
2023-12-26 04:21:27.471 [info] > git config --get commit.template [13ms]
2023-12-26 04:21:27.471 [info] > git for-each-ref --format=%(refname)%00%(upstream:short)%00%(objectname)%00%(upstream:track)%00%(upstream:remotename)%00%(upstream:remoteref) refs/heads/main refs/remotes/main [1ms]
2023-12-26 04:21:27.521 [info] > git status -z -uall [35ms]
2023-12-26 04:21:32.538 [info] > git config --get commit.template [1ms]
2023-12-26 04:21:32.552 [info] > git for-each-ref --format=%(refname)%00%(upstream:short)%00%(objectname)%00%(upstream:track)%00%(upstream:remotename)%00%(upstream:remoteref) refs/heads/main refs/remotes/main [2ms]
2023-12-26 04:21:32.598 [info] > git status -z -uall [37ms]
2023-12-26 04:21:37.628 [info] > git config --get commit.template [12ms]
2023-12-26 04:21:37.629 [info] > git for-each-ref --format=%(refname)%00%(upstream:short)%00%(objectname)%00%(upstream:track)%00%(upstream:remotename)%00%(upstream:remoteref) refs/heads/main refs/remotes/main [1ms]
2023-12-26 04:21:37.664 [info] > git status -z -uall [27ms]
2023-12-26 04:21:42.686 [info] > git config --get commit.template [1ms]
2023-12-26 04:21:42.696 [info] > git for-each-ref --format=%(refname)%00%(upstream:short)%00%(objectname)%00%(upstream:track)%00%(upstream:remotename)%00%(upstream:remoteref) refs/heads/main refs/remotes/main [1ms]
2023-12-26 04:21:42.736 [info] > git status -z -uall [31ms]
2023-12-26 04:21:47.757 [info] > git config --get commit.template [3ms]
2023-12-26 04:21:47.771 [info] > git for-each-ref --format=%(refname)%00%(upstream:short)%00%(objectname)%00%(upstream:track)%00%(upstream:remotename)%00%(upstream:remoteref) refs/heads/main refs/remotes/main [3ms]
2023-12-26 04:21:47.813 [info] > git status -z -uall [31ms]
2023-12-26 04:21:52.843 [info] > git config --get commit.template [10ms]
2023-12-26 04:21:52.844 [info] > git for-each-ref --format=%(refname)%00%(upstream:short)%00%(objectname)%00%(upstream:track)%00%(upstream:remotename)%00%(upstream:remoteref) refs/heads/main refs/remotes/main [2ms]
2023-12-26 04:21:52.887 [info] > git status -z -uall [31ms]
2023-12-26 04:21:57.914 [info] > git config --get commit.template [11ms]
2023-12-26 04:21:57.914 [info] > git for-each-ref --format=%(refname)%00%(upstream:short)%00%(objectname)%00%(upstream:track)%00%(upstream:remotename)%00%(upstream:remoteref) refs/heads/main refs/remotes/main [1ms]
2023-12-26 04:21:57.948 [info] > git status -z -uall [28ms]
2023-12-26 04:22:02.978 [info] > git config --get commit.template [11ms]
2023-12-26 04:22:02.979 [info] > git for-each-ref --format=%(refname)%00%(upstream:short)%00%(objectname)%00%(upstream:track)%00%(upstream:remotename)%00%(upstream:remoteref) refs/heads/main refs/remotes/main [3ms]
2023-12-26 04:22:03.025 [info] > git status -z -uall [35ms]
2023-12-26 04:22:08.064 [info] > git config --get commit.template [14ms]
2023-12-26 04:22:08.065 [info] > git for-each-ref --format=%(refname)%00%(upstream:short)%00%(objectname)%00%(upstream:track)%00%(upstream:remotename)%00%(upstream:remoteref) refs/heads/main refs/remotes/main [1ms]
2023-12-26 04:22:08.151 [info] > git status -z -uall [70ms]
2023-12-26 04:24:10.985 [info] > git config --get commit.template [12ms]
2023-12-26 04:24:10.986 [info] > git for-each-ref --format=%(refname)%00%(upstream:short)%00%(objectname)%00%(upstream:track)%00%(upstream:remotename)%00%(upstream:remoteref) refs/heads/main refs/remotes/main [2ms]
2023-12-26 04:24:11.027 [info] > git status -z -uall [31ms]
2023-12-26 04:24:16.043 [info] > git config --get commit.template [2ms]
2023-12-26 04:24:16.052 [info] > git for-each-ref --format=%(refname)%00%(upstream:short)%00%(objectname)%00%(upstream:track)%00%(upstream:remotename)%00%(upstream:remoteref) refs/heads/main refs/remotes/main [2ms]
2023-12-26 04:24:16.090 [info] > git status -z -uall [31ms]
2023-12-26 04:24:21.117 [info] > git config --get commit.template [11ms]
2023-12-26 04:24:21.117 [info] > git for-each-ref --format=%(refname)%00%(upstream:short)%00%(objectname)%00%(upstream:track)%00%(upstream:remotename)%00%(upstream:remoteref) refs/heads/main refs/remotes/main [1ms]
2023-12-26 04:24:21.155 [info] > git status -z -uall [31ms]
2023-12-26 04:24:26.184 [info] > git config --get commit.template [12ms]
2023-12-26 04:24:26.185 [info] > git for-each-ref --format=%(refname)%00%(upstream:short)%00%(objectname)%00%(upstream:track)%00%(upstream:remotename)%00%(upstream:remoteref) refs/heads/main refs/remotes/main [1ms]
2023-12-26 04:24:26.227 [info] > git status -z -uall [34ms]
2023-12-26 04:24:31.262 [info] > git config --get commit.template [11ms]
2023-12-26 04:24:31.262 [info] > git for-each-ref --format=%(refname)%00%(upstream:short)%00%(objectname)%00%(upstream:track)%00%(upstream:remotename)%00%(upstream:remoteref) refs/heads/main refs/remotes/main [1ms]
2023-12-26 04:24:31.313 [info] > git status -z -uall [41ms]
2023-12-26 04:24:36.345 [info] > git config --get commit.template [13ms]
2023-12-26 04:24:36.347 [info] > git for-each-ref --format=%(refname)%00%(upstream:short)%00%(objectname)%00%(upstream:track)%00%(upstream:remotename)%00%(upstream:remoteref) refs/heads/main refs/remotes/main [2ms]
2023-12-26 04:24:36.388 [info] > git status -z -uall [32ms]
2023-12-26 04:24:41.415 [info] > git config --get commit.template [12ms]
2023-12-26 04:24:41.415 [info] > git for-each-ref --format=%(refname)%00%(upstream:short)%00%(objectname)%00%(upstream:track)%00%(upstream:remotename)%00%(upstream:remoteref) refs/heads/main refs/remotes/main [1ms]
2023-12-26 04:24:41.460 [info] > git status -z -uall [35ms]
2023-12-26 04:24:46.486 [info] > git config --get commit.template [11ms]
2023-12-26 04:24:46.487 [info] > git for-each-ref --format=%(refname)%00%(upstream:short)%00%(objectname)%00%(upstream:track)%00%(upstream:remotename)%00%(upstream:remoteref) refs/heads/main refs/remotes/main [3ms]
2023-12-26 04:24:46.525 [info] > git status -z -uall [29ms]
2023-12-26 04:24:51.557 [info] > git config --get commit.template [12ms]
2023-12-26 04:24:51.558 [info] > git for-each-ref --format=%(refname)%00%(upstream:short)%00%(objectname)%00%(upstream:track)%00%(upstream:remotename)%00%(upstream:remoteref) refs/heads/main refs/remotes/main [2ms]
2023-12-26 04:24:51.599 [info] > git status -z -uall [33ms]
2023-12-26 04:24:56.629 [info] > git config --get commit.template [14ms]
2023-12-26 04:24:56.630 [info] > git for-each-ref --format=%(refname)%00%(upstream:short)%00%(objectname)%00%(upstream:track)%00%(upstream:remotename)%00%(upstream:remoteref) refs/heads/main refs/remotes/main [3ms]
2023-12-26 04:24:56.672 [info] > git status -z -uall [31ms]
2023-12-26 04:25:01.695 [info] > git config --get commit.template [8ms]
2023-12-26 04:25:01.696 [info] > git for-each-ref --format=%(refname)%00%(upstream:short)%00%(objectname)%00%(upstream:track)%00%(upstream:remotename)%00%(upstream:remoteref) refs/heads/main refs/remotes/main [2ms]
2023-12-26 04:25:01.735 [info] > git status -z -uall [30ms]
2023-12-26 04:25:06.755 [info] > git config --get commit.template [1ms]
2023-12-26 04:25:06.768 [info] > git for-each-ref --format=%(refname)%00%(upstream:short)%00%(objectname)%00%(upstream:track)%00%(upstream:remotename)%00%(upstream:remoteref) refs/heads/main refs/remotes/main [3ms]
2023-12-26 04:25:06.808 [info] > git status -z -uall [32ms]
2023-12-26 04:25:11.836 [info] > git config --get commit.template [13ms]
2023-12-26 04:25:11.837 [info] > git for-each-ref --format=%(refname)%00%(upstream:short)%00%(objectname)%00%(upstream:track)%00%(upstream:remotename)%00%(upstream:remoteref) refs/heads/main refs/remotes/main [2ms]
2023-12-26 04:25:11.882 [info] > git status -z -uall [34ms]
2023-12-26 04:25:16.906 [info] > git config --get commit.template [10ms]
2023-12-26 04:25:16.907 [info] > git for-each-ref --format=%(refname)%00%(upstream:short)%00%(objectname)%00%(upstream:track)%00%(upstream:remotename)%00%(upstream:remoteref) refs/heads/main refs/remotes/main [3ms]
2023-12-26 04:25:16.945 [info] > git status -z -uall [29ms]
2023-12-26 04:25:21.965 [info] > git config --get commit.template [9ms]
2023-12-26 04:25:21.965 [info] > git for-each-ref --format=%(refname)%00%(upstream:short)%00%(objectname)%00%(upstream:track)%00%(upstream:remotename)%00%(upstream:remoteref) refs/heads/main refs/remotes/main [1ms]
2023-12-26 04:25:22.003 [info] > git status -z -uall [30ms]
2023-12-26 04:25:27.032 [info] > git config --get commit.template [13ms]
2023-12-26 04:25:27.034 [info] > git for-each-ref --format=%(refname)%00%(upstream:short)%00%(objectname)%00%(upstream:track)%00%(upstream:remotename)%00%(upstream:remoteref) refs/heads/main refs/remotes/main [3ms]
2023-12-26 04:25:27.093 [info] > git status -z -uall [45ms]
2023-12-26 04:25:41.030 [info] > git config --get commit.template [15ms]
2023-12-26 04:25:41.031 [info] > git for-each-ref --format=%(refname)%00%(upstream:short)%00%(objectname)%00%(upstream:track)%00%(upstream:remotename)%00%(upstream:remoteref) refs/heads/main refs/remotes/main [4ms]
2023-12-26 04:25:41.076 [info] > git status -z -uall [36ms]
2023-12-26 04:25:46.096 [info] > git config --get commit.template [7ms]
2023-12-26 04:25:46.097 [info] > git for-each-ref --format=%(refname)%00%(upstream:short)%00%(objectname)%00%(upstream:track)%00%(upstream:remotename)%00%(upstream:remoteref) refs/heads/main refs/remotes/main [1ms]
2023-12-26 04:25:46.133 [info] > git status -z -uall [30ms]
2023-12-26 04:25:51.151 [info] > git config --get commit.template [6ms]
2023-12-26 04:25:51.152 [info] > git for-each-ref --format=%(refname)%00%(upstream:short)%00%(objectname)%00%(upstream:track)%00%(upstream:remotename)%00%(upstream:remoteref) refs/heads/main refs/remotes/main [1ms]
2023-12-26 04:25:51.190 [info] > git status -z -uall [32ms]
2023-12-26 04:25:56.208 [info] > git config --get commit.template [7ms]
2023-12-26 04:25:56.208 [info] > git for-each-ref --format=%(refname)%00%(upstream:short)%00%(objectname)%00%(upstream:track)%00%(upstream:remotename)%00%(upstream:remoteref) refs/heads/main refs/remotes/main [1ms]
2023-12-26 04:25:56.242 [info] > git status -z -uall [28ms]
2023-12-26 04:26:01.269 [info] > git config --get commit.template [11ms]
2023-12-26 04:26:01.270 [info] > git for-each-ref --format=%(refname)%00%(upstream:short)%00%(objectname)%00%(upstream:track)%00%(upstream:remotename)%00%(upstream:remoteref) refs/heads/main refs/remotes/main [2ms]
2023-12-26 04:26:01.315 [info] > git status -z -uall [34ms]
2023-12-26 04:26:06.345 [info] > git config --get commit.template [12ms]
2023-12-26 04:26:06.346 [info] > git for-each-ref --format=%(refname)%00%(upstream:short)%00%(objectname)%00%(upstream:track)%00%(upstream:remotename)%00%(upstream:remoteref) refs/heads/main refs/remotes/main [3ms]
2023-12-26 04:26:06.392 [info] > git status -z -uall [35ms]
2023-12-26 04:26:11.431 [info] > git config --get commit.template [16ms]
2023-12-26 04:26:11.433 [info] > git for-each-ref --format=%(refname)%00%(upstream:short)%00%(objectname)%00%(upstream:track)%00%(upstream:remotename)%00%(upstream:remoteref) refs/heads/main refs/remotes/main [3ms]
2023-12-26 04:26:11.488 [info] > git status -z -uall [43ms]
2023-12-26 04:29:34.135 [info] > git config --get commit.template [16ms]
2023-12-26 04:29:34.136 [info] > git for-each-ref --format=%(refname)%00%(upstream:short)%00%(objectname)%00%(upstream:track)%00%(upstream:remotename)%00%(upstream:remoteref) refs/heads/main refs/remotes/main [2ms]
2023-12-26 04:29:34.183 [info] > git status -z -uall [36ms]
2023-12-26 04:29:39.212 [info] > git config --get commit.template [10ms]
2023-12-26 04:29:39.213 [info] > git for-each-ref --format=%(refname)%00%(upstream:short)%00%(objectname)%00%(upstream:track)%00%(upstream:remotename)%00%(upstream:remoteref) refs/heads/main refs/remotes/main [2ms]
2023-12-26 04:29:39.251 [info] > git status -z -uall [31ms]
2023-12-26 04:29:44.282 [info] > git config --get commit.template [10ms]
2023-12-26 04:29:44.283 [info] > git for-each-ref --format=%(refname)%00%(upstream:short)%00%(objectname)%00%(upstream:track)%00%(upstream:remotename)%00%(upstream:remoteref) refs/heads/main refs/remotes/main [2ms]
2023-12-26 04:29:44.326 [info] > git status -z -uall [32ms]
2023-12-26 04:29:49.358 [info] > git config --get commit.template [14ms]
2023-12-26 04:29:49.359 [info] > git for-each-ref --format=%(refname)%00%(upstream:short)%00%(objectname)%00%(upstream:track)%00%(upstream:remotename)%00%(upstream:remoteref) refs/heads/main refs/remotes/main [2ms]
2023-12-26 04:29:49.403 [info] > git status -z -uall [34ms]
2023-12-26 04:29:54.415 [info] > git config --get commit.template [1ms]
2023-12-26 04:29:54.424 [info] > git for-each-ref --format=%(refname)%00%(upstream:short)%00%(objectname)%00%(upstream:track)%00%(upstream:remotename)%00%(upstream:remoteref) refs/heads/main refs/remotes/main [1ms]
2023-12-26 04:29:54.471 [info] > git status -z -uall [38ms]
2023-12-26 04:29:59.494 [info] > git config --get commit.template [9ms]
2023-12-26 04:29:59.495 [info] > git for-each-ref --format=%(refname)%00%(upstream:short)%00%(objectname)%00%(upstream:track)%00%(upstream:remotename)%00%(upstream:remoteref) refs/heads/main refs/remotes/main [1ms]
2023-12-26 04:29:59.532 [info] > git status -z -uall [28ms]
2023-12-26 04:32:37.677 [info] > git config --get commit.template [14ms]
2023-12-26 04:32:37.678 [info] > git for-each-ref --format=%(refname)%00%(upstream:short)%00%(objectname)%00%(upstream:track)%00%(upstream:remotename)%00%(upstream:remoteref) refs/heads/main refs/remotes/main [3ms]
2023-12-26 04:32:37.720 [info] > git status -z -uall [34ms]
2023-12-26 04:32:42.749 [info] > git config --get commit.template [13ms]
2023-12-26 04:32:42.750 [info] > git for-each-ref --format=%(refname)%00%(upstream:short)%00%(objectname)%00%(upstream:track)%00%(upstream:remotename)%00%(upstream:remoteref) refs/heads/main refs/remotes/main [2ms]
2023-12-26 04:32:42.791 [info] > git status -z -uall [30ms]
2023-12-26 04:32:47.804 [info] > git config --get commit.template [2ms]
2023-12-26 04:32:47.813 [info] > git for-each-ref --format=%(refname)%00%(upstream:short)%00%(objectname)%00%(upstream:track)%00%(upstream:remotename)%00%(upstream:remoteref) refs/heads/main refs/remotes/main [1ms]
2023-12-26 04:32:47.851 [info] > git status -z -uall [30ms]
2023-12-26 04:32:52.874 [info] > git config --get commit.template [1ms]
2023-12-26 04:32:52.884 [info] > git for-each-ref --format=%(refname)%00%(upstream:short)%00%(objectname)%00%(upstream:track)%00%(upstream:remotename)%00%(upstream:remoteref) refs/heads/main refs/remotes/main [2ms]
2023-12-26 04:32:52.929 [info] > git status -z -uall [36ms]
2023-12-26 04:32:57.955 [info] > git config --get commit.template [10ms]
2023-12-26 04:32:57.956 [info] > git for-each-ref --format=%(refname)%00%(upstream:short)%00%(objectname)%00%(upstream:track)%00%(upstream:remotename)%00%(upstream:remoteref) refs/heads/main refs/remotes/main [3ms]
2023-12-26 04:32:58.002 [info] > git status -z -uall [32ms]
2023-12-26 04:33:03.023 [info] > git config --get commit.template [2ms]
2023-12-26 04:33:03.037 [info] > git for-each-ref --format=%(refname)%00%(upstream:short)%00%(objectname)%00%(upstream:track)%00%(upstream:remotename)%00%(upstream:remoteref) refs/heads/main refs/remotes/main [3ms]
2023-12-26 04:33:03.079 [info] > git status -z -uall [32ms]
2023-12-26 04:33:08.095 [info] > git config --get commit.template [1ms]
2023-12-26 04:33:08.105 [info] > git for-each-ref --format=%(refname)%00%(upstream:short)%00%(objectname)%00%(upstream:track)%00%(upstream:remotename)%00%(upstream:remoteref) refs/heads/main refs/remotes/main [2ms]
2023-12-26 04:33:08.145 [info] > git status -z -uall [31ms]
2023-12-26 04:33:13.172 [info] > git config --get commit.template [9ms]
2023-12-26 04:33:13.173 [info] > git for-each-ref --format=%(refname)%00%(upstream:short)%00%(objectname)%00%(upstream:track)%00%(upstream:remotename)%00%(upstream:remoteref) refs/heads/main refs/remotes/main [1ms]
2023-12-26 04:33:13.213 [info] > git status -z -uall [32ms]
2023-12-26 04:33:18.240 [info] > git config --get commit.template [12ms]
2023-12-26 04:33:18.242 [info] > git for-each-ref --format=%(refname)%00%(upstream:short)%00%(objectname)%00%(upstream:track)%00%(upstream:remotename)%00%(upstream:remoteref) refs/heads/main refs/remotes/main [3ms]
2023-12-26 04:33:18.283 [info] > git status -z -uall [31ms]
2023-12-26 04:33:23.309 [info] > git config --get commit.template [13ms]
2023-12-26 04:33:23.310 [info] > git for-each-ref --format=%(refname)%00%(upstream:short)%00%(objectname)%00%(upstream:track)%00%(upstream:remotename)%00%(upstream:remoteref) refs/heads/main refs/remotes/main [4ms]
2023-12-26 04:33:23.353 [info] > git status -z -uall [34ms]
2023-12-26 04:33:28.380 [info] > git config --get commit.template [9ms]
2023-12-26 04:33:28.381 [info] > git for-each-ref --format=%(refname)%00%(upstream:short)%00%(objectname)%00%(upstream:track)%00%(upstream:remotename)%00%(upstream:remoteref) refs/heads/main refs/remotes/main [2ms]
2023-12-26 04:33:28.420 [info] > git status -z -uall [30ms]
2023-12-26 04:33:33.447 [info] > git config --get commit.template [9ms]
2023-12-26 04:33:33.448 [info] > git for-each-ref --format=%(refname)%00%(upstream:short)%00%(objectname)%00%(upstream:track)%00%(upstream:remotename)%00%(upstream:remoteref) refs/heads/main refs/remotes/main [2ms]
2023-12-26 04:33:33.488 [info] > git status -z -uall [30ms]
2023-12-26 04:33:38.520 [info] > git config --get commit.template [12ms]
2023-12-26 04:33:38.521 [info] > git for-each-ref --format=%(refname)%00%(upstream:short)%00%(objectname)%00%(upstream:track)%00%(upstream:remotename)%00%(upstream:remoteref) refs/heads/main refs/remotes/main [3ms]
2023-12-26 04:33:38.563 [info] > git status -z -uall [32ms]
2023-12-26 04:33:43.590 [info] > git config --get commit.template [11ms]
2023-12-26 04:33:43.591 [info] > git for-each-ref --format=%(refname)%00%(upstream:short)%00%(objectname)%00%(upstream:track)%00%(upstream:remotename)%00%(upstream:remoteref) refs/heads/main refs/remotes/main [2ms]
2023-12-26 04:33:43.633 [info] > git status -z -uall [33ms]
2023-12-26 04:33:48.661 [info] > git config --get commit.template [11ms]
2023-12-26 04:33:48.662 [info] > git for-each-ref --format=%(refname)%00%(upstream:short)%00%(objectname)%00%(upstream:track)%00%(upstream:remotename)%00%(upstream:remoteref) refs/heads/main refs/remotes/main [2ms]
2023-12-26 04:33:48.709 [info] > git status -z -uall [34ms]
2023-12-26 04:33:53.736 [info] > git config --get commit.template [9ms]
2023-12-26 04:33:53.737 [info] > git for-each-ref --format=%(refname)%00%(upstream:short)%00%(objectname)%00%(upstream:track)%00%(upstream:remotename)%00%(upstream:remoteref) refs/heads/main refs/remotes/main [2ms]
2023-12-26 04:33:53.787 [info] > git status -z -uall [35ms]
2023-12-26 04:33:58.814 [info] > git config --get commit.template [8ms]
2023-12-26 04:33:58.816 [info] > git for-each-ref --format=%(refname)%00%(upstream:short)%00%(objectname)%00%(upstream:track)%00%(upstream:remotename)%00%(upstream:remoteref) refs/heads/main refs/remotes/main [3ms]
2023-12-26 04:33:58.861 [info] > git status -z -uall [31ms]
2023-12-26 04:34:03.890 [info] > git config --get commit.template [13ms]
2023-12-26 04:34:03.892 [info] > git for-each-ref --format=%(refname)%00%(upstream:short)%00%(objectname)%00%(upstream:track)%00%(upstream:remotename)%00%(upstream:remoteref) refs/heads/main refs/remotes/main [3ms]
2023-12-26 04:34:03.937 [info] > git status -z -uall [32ms]
2023-12-26 04:34:08.956 [info] > git config --get commit.template [1ms]
2023-12-26 04:34:08.968 [info] > git for-each-ref --format=%(refname)%00%(upstream:short)%00%(objectname)%00%(upstream:track)%00%(upstream:remotename)%00%(upstream:remoteref) refs/heads/main refs/remotes/main [2ms]
2023-12-26 04:34:09.010 [info] > git status -z -uall [34ms]
2023-12-26 04:34:14.040 [info] > git config --get commit.template [13ms]
2023-12-26 04:34:14.040 [info] > git for-each-ref --format=%(refname)%00%(upstream:short)%00%(objectname)%00%(upstream:track)%00%(upstream:remotename)%00%(upstream:remoteref) refs/heads/main refs/remotes/main [2ms]
2023-12-26 04:34:14.094 [info] > git status -z -uall [37ms]
2023-12-26 04:34:19.124 [info] > git config --get commit.template [12ms]
2023-12-26 04:34:19.125 [info] > git for-each-ref --format=%(refname)%00%(upstream:short)%00%(objectname)%00%(upstream:track)%00%(upstream:remotename)%00%(upstream:remoteref) refs/heads/main refs/remotes/main [3ms]
2023-12-26 04:34:19.172 [info] > git status -z -uall [33ms]
2023-12-26 04:34:24.192 [info] > git config --get commit.template [2ms]
2023-12-26 04:34:24.205 [info] > git for-each-ref --format=%(refname)%00%(upstream:short)%00%(objectname)%00%(upstream:track)%00%(upstream:remotename)%00%(upstream:remoteref) refs/heads/main refs/remotes/main [3ms]
2023-12-26 04:34:24.245 [info] > git status -z -uall [31ms]
2023-12-26 04:34:29.272 [info] > git config --get commit.template [11ms]
2023-12-26 04:34:29.272 [info] > git for-each-ref --format=%(refname)%00%(upstream:short)%00%(objectname)%00%(upstream:track)%00%(upstream:remotename)%00%(upstream:remoteref) refs/heads/main refs/remotes/main [1ms]
2023-12-26 04:34:29.320 [info] > git status -z -uall [33ms]
2023-12-26 04:34:34.350 [info] > git config --get commit.template [12ms]
2023-12-26 04:34:34.352 [info] > git for-each-ref --format=%(refname)%00%(upstream:short)%00%(objectname)%00%(upstream:track)%00%(upstream:remotename)%00%(upstream:remoteref) refs/heads/main refs/remotes/main [3ms]
2023-12-26 04:34:34.400 [info] > git status -z -uall [37ms]
2023-12-26 04:34:39.430 [info] > git config --get commit.template [13ms]
2023-12-26 04:34:39.431 [info] > git for-each-ref --format=%(refname)%00%(upstream:short)%00%(objectname)%00%(upstream:track)%00%(upstream:remotename)%00%(upstream:remoteref) refs/heads/main refs/remotes/main [2ms]
2023-12-26 04:34:39.478 [info] > git status -z -uall [32ms]
2023-12-26 04:34:44.508 [info] > git config --get commit.template [13ms]
2023-12-26 04:34:44.510 [info] > git for-each-ref --format=%(refname)%00%(upstream:short)%00%(objectname)%00%(upstream:track)%00%(upstream:remotename)%00%(upstream:remoteref) refs/heads/main refs/remotes/main [2ms]
2023-12-26 04:34:44.554 [info] > git status -z -uall [30ms]
2023-12-26 04:34:49.574 [info] > git config --get commit.template [8ms]
2023-12-26 04:34:49.574 [info] > git for-each-ref --format=%(refname)%00%(upstream:short)%00%(objectname)%00%(upstream:track)%00%(upstream:remotename)%00%(upstream:remoteref) refs/heads/main refs/remotes/main [1ms]
2023-12-26 04:34:49.613 [info] > git status -z -uall [27ms]
2023-12-26 04:34:54.644 [info] > git config --get commit.template [12ms]
2023-12-26 04:34:54.646 [info] > git for-each-ref --format=%(refname)%00%(upstream:short)%00%(objectname)%00%(upstream:track)%00%(upstream:remotename)%00%(upstream:remoteref) refs/heads/main refs/remotes/main [3ms]
2023-12-26 04:34:54.688 [info] > git status -z -uall [34ms]
2023-12-26 04:34:59.717 [info] > git config --get commit.template [11ms]
2023-12-26 04:34:59.718 [info] > git for-each-ref --format=%(refname)%00%(upstream:short)%00%(objectname)%00%(upstream:track)%00%(upstream:remotename)%00%(upstream:remoteref) refs/heads/main refs/remotes/main [2ms]
2023-12-26 04:34:59.755 [info] > git status -z -uall [30ms]
2023-12-26 04:35:04.785 [info] > git config --get commit.template [9ms]
2023-12-26 04:35:04.786 [info] > git for-each-ref --format=%(refname)%00%(upstream:short)%00%(objectname)%00%(upstream:track)%00%(upstream:remotename)%00%(upstream:remoteref) refs/heads/main refs/remotes/main [3ms]
2023-12-26 04:35:04.834 [info] > git status -z -uall [34ms]
2023-12-26 04:35:09.863 [info] > git config --get commit.template [13ms]
2023-12-26 04:35:09.865 [info] > git for-each-ref --format=%(refname)%00%(upstream:short)%00%(objectname)%00%(upstream:track)%00%(upstream:remotename)%00%(upstream:remoteref) refs/heads/main refs/remotes/main [2ms]
2023-12-26 04:35:09.905 [info] > git status -z -uall [30ms]
2023-12-26 04:35:14.935 [info] > git config --get commit.template [14ms]
2023-12-26 04:35:14.936 [info] > git for-each-ref --format=%(refname)%00%(upstream:short)%00%(objectname)%00%(upstream:track)%00%(upstream:remotename)%00%(upstream:remoteref) refs/heads/main refs/remotes/main [2ms]
2023-12-26 04:35:14.978 [info] > git status -z -uall [32ms]
2023-12-26 04:35:20.002 [info] > git config --get commit.template [10ms]
2023-12-26 04:35:20.003 [info] > git for-each-ref --format=%(refname)%00%(upstream:short)%00%(objectname)%00%(upstream:track)%00%(upstream:remotename)%00%(upstream:remoteref) refs/heads/main refs/remotes/main [2ms]
2023-12-26 04:35:20.043 [info] > git status -z -uall [30ms]
2023-12-26 04:35:25.066 [info] > git config --get commit.template [9ms]
2023-12-26 04:35:25.067 [info] > git for-each-ref --format=%(refname)%00%(upstream:short)%00%(objectname)%00%(upstream:track)%00%(upstream:remotename)%00%(upstream:remoteref) refs/heads/main refs/remotes/main [3ms]
2023-12-26 04:35:25.112 [info] > git status -z -uall [35ms]
2023-12-26 04:35:30.141 [info] > git config --get commit.template [11ms]
2023-12-26 04:35:30.142 [info] > git for-each-ref --format=%(refname)%00%(upstream:short)%00%(objectname)%00%(upstream:track)%00%(upstream:remotename)%00%(upstream:remoteref) refs/heads/main refs/remotes/main [2ms]
2023-12-26 04:35:30.184 [info] > git status -z -uall [31ms]
2023-12-26 04:35:35.201 [info] > git config --get commit.template [8ms]
2023-12-26 04:35:35.201 [info] > git for-each-ref --format=%(refname)%00%(upstream:short)%00%(objectname)%00%(upstream:track)%00%(upstream:remotename)%00%(upstream:remoteref) refs/heads/main refs/remotes/main [1ms]
2023-12-26 04:35:35.240 [info] > git status -z -uall [27ms]
2023-12-26 04:35:40.274 [info] > git config --get commit.template [15ms]
2023-12-26 04:35:40.276 [info] > git for-each-ref --format=%(refname)%00%(upstream:short)%00%(objectname)%00%(upstream:track)%00%(upstream:remotename)%00%(upstream:remoteref) refs/heads/main refs/remotes/main [2ms]
2023-12-26 04:35:40.312 [info] > git status -z -uall [28ms]
2023-12-26 04:35:45.350 [info] > git config --get commit.template [17ms]
2023-12-26 04:35:45.351 [info] > git for-each-ref --format=%(refname)%00%(upstream:short)%00%(objectname)%00%(upstream:track)%00%(upstream:remotename)%00%(upstream:remoteref) refs/heads/main refs/remotes/main [2ms]
2023-12-26 04:35:45.426 [info] > git status -z -uall [60ms]
2023-12-26 04:35:50.465 [info] > git config --get commit.template [14ms]
2023-12-26 04:35:50.466 [info] > git for-each-ref --format=%(refname)%00%(upstream:short)%00%(objectname)%00%(upstream:track)%00%(upstream:remotename)%00%(upstream:remoteref) refs/heads/main refs/remotes/main [3ms]
2023-12-26 04:35:50.511 [info] > git status -z -uall [35ms]
2023-12-26 04:37:17.101 [info] > git config --get commit.template [11ms]
2023-12-26 04:37:17.102 [info] > git for-each-ref --format=%(refname)%00%(upstream:short)%00%(objectname)%00%(upstream:track)%00%(upstream:remotename)%00%(upstream:remoteref) refs/heads/main refs/remotes/main [3ms]
2023-12-26 04:37:17.150 [info] > git status -z -uall [39ms]
2023-12-26 04:37:22.175 [info] > git config --get commit.template [11ms]
2023-12-26 04:37:22.175 [info] > git for-each-ref --format=%(refname)%00%(upstream:short)%00%(objectname)%00%(upstream:track)%00%(upstream:remotename)%00%(upstream:remoteref) refs/heads/main refs/remotes/main [1ms]
2023-12-26 04:37:22.210 [info] > git status -z -uall [28ms]
2023-12-26 04:37:27.234 [info] > git config --get commit.template [8ms]
2023-12-26 04:37:27.235 [info] > git for-each-ref --format=%(refname)%00%(upstream:short)%00%(objectname)%00%(upstream:track)%00%(upstream:remotename)%00%(upstream:remoteref) refs/heads/main refs/remotes/main [1ms]
2023-12-26 04:37:27.270 [info] > git status -z -uall [28ms]
2023-12-26 04:37:32.295 [info] > git config --get commit.template [10ms]
2023-12-26 04:37:32.297 [info] > git for-each-ref --format=%(refname)%00%(upstream:short)%00%(objectname)%00%(upstream:track)%00%(upstream:remotename)%00%(upstream:remoteref) refs/heads/main refs/remotes/main [3ms]
2023-12-26 04:37:32.334 [info] > git status -z -uall [28ms]
2023-12-26 04:37:37.363 [info] > git config --get commit.template [9ms]
2023-12-26 04:37:37.364 [info] > git for-each-ref --format=%(refname)%00%(upstream:short)%00%(objectname)%00%(upstream:track)%00%(upstream:remotename)%00%(upstream:remoteref) refs/heads/main refs/remotes/main [1ms]
2023-12-26 04:37:37.415 [info] > git status -z -uall [36ms]
2023-12-26 04:37:42.440 [info] > git config --get commit.template [11ms]
2023-12-26 04:37:42.440 [info] > git for-each-ref --format=%(refname)%00%(upstream:short)%00%(objectname)%00%(upstream:track)%00%(upstream:remotename)%00%(upstream:remoteref) refs/heads/main refs/remotes/main [1ms]
2023-12-26 04:37:42.501 [info] > git status -z -uall [52ms]
2023-12-26 04:37:47.522 [info] > git config --get commit.template [7ms]
2023-12-26 04:37:47.523 [info] > git for-each-ref --format=%(refname)%00%(upstream:short)%00%(objectname)%00%(upstream:track)%00%(upstream:remotename)%00%(upstream:remoteref) refs/heads/main refs/remotes/main [1ms]
2023-12-26 04:37:47.558 [info] > git status -z -uall [29ms]
2023-12-26 04:38:09.015 [info] > git config --get commit.template [16ms]
2023-12-26 04:38:09.016 [info] > git for-each-ref --format=%(refname)%00%(upstream:short)%00%(objectname)%00%(upstream:track)%00%(upstream:remotename)%00%(upstream:remoteref) refs/heads/main refs/remotes/main [2ms]
2023-12-26 04:38:09.058 [info] > git status -z -uall [32ms]
2023-12-26 04:38:14.085 [info] > git config --get commit.template [10ms]
2023-12-26 04:38:14.086 [info] > git for-each-ref --format=%(refname)%00%(upstream:short)%00%(objectname)%00%(upstream:track)%00%(upstream:remotename)%00%(upstream:remoteref) refs/heads/main refs/remotes/main [2ms]
2023-12-26 04:38:14.130 [info] > git status -z -uall [36ms]
2023-12-26 04:38:19.158 [info] > git config --get commit.template [8ms]
2023-12-26 04:38:19.159 [info] > git for-each-ref --format=%(refname)%00%(upstream:short)%00%(objectname)%00%(upstream:track)%00%(upstream:remotename)%00%(upstream:remoteref) refs/heads/main refs/remotes/main [1ms]
2023-12-26 04:38:19.199 [info] > git status -z -uall [31ms]
2023-12-26 04:43:04.021 [info] > git config --get commit.template [14ms]
2023-12-26 04:43:04.021 [info] > git for-each-ref --format=%(refname)%00%(upstream:short)%00%(objectname)%00%(upstream:track)%00%(upstream:remotename)%00%(upstream:remoteref) refs/heads/main refs/remotes/main [1ms]
2023-12-26 04:43:04.062 [info] > git status -z -uall [31ms]
2023-12-26 04:43:09.083 [info] > git config --get commit.template [7ms]
2023-12-26 04:43:09.084 [info] > git for-each-ref --format=%(refname)%00%(upstream:short)%00%(objectname)%00%(upstream:track)%00%(upstream:remotename)%00%(upstream:remoteref) refs/heads/main refs/remotes/main [1ms]
2023-12-26 04:43:09.119 [info] > git status -z -uall [29ms]
2023-12-26 04:43:14.140 [info] > git config --get commit.template [2ms]
2023-12-26 04:43:14.150 [info] > git for-each-ref --format=%(refname)%00%(upstream:short)%00%(objectname)%00%(upstream:track)%00%(upstream:remotename)%00%(upstream:remoteref) refs/heads/main refs/remotes/main [1ms]
2023-12-26 04:43:14.188 [info] > git status -z -uall [31ms]
2023-12-26 04:43:19.207 [info] > git config --get commit.template [2ms]
2023-12-26 04:43:19.219 [info] > git for-each-ref --format=%(refname)%00%(upstream:short)%00%(objectname)%00%(upstream:track)%00%(upstream:remotename)%00%(upstream:remoteref) refs/heads/main refs/remotes/main [2ms]
2023-12-26 04:43:19.262 [info] > git status -z -uall [33ms]
2023-12-26 04:43:24.281 [info] > git config --get commit.template [3ms]
2023-12-26 04:43:24.293 [info] > git for-each-ref --format=%(refname)%00%(upstream:short)%00%(objectname)%00%(upstream:track)%00%(upstream:remotename)%00%(upstream:remoteref) refs/heads/main refs/remotes/main [1ms]
2023-12-26 04:43:24.332 [info] > git status -z -uall [30ms]
2023-12-26 04:43:29.358 [info] > git config --get commit.template [8ms]
2023-12-26 04:43:29.359 [info] > git for-each-ref --format=%(refname)%00%(upstream:short)%00%(objectname)%00%(upstream:track)%00%(upstream:remotename)%00%(upstream:remoteref) refs/heads/main refs/remotes/main [1ms]
2023-12-26 04:43:29.393 [info] > git status -z -uall [28ms]
2023-12-26 04:44:08.263 [info] > git config --get commit.template [21ms]
2023-12-26 04:44:08.264 [info] > git for-each-ref --format=%(refname)%00%(upstream:short)%00%(objectname)%00%(upstream:track)%00%(upstream:remotename)%00%(upstream:remoteref) refs/heads/main refs/remotes/main [1ms]
2023-12-26 04:44:08.308 [info] > git status -z -uall [32ms]
2023-12-26 04:44:13.335 [info] > git config --get commit.template [11ms]
2023-12-26 04:44:13.336 [info] > git for-each-ref --format=%(refname)%00%(upstream:short)%00%(objectname)%00%(upstream:track)%00%(upstream:remotename)%00%(upstream:remoteref) refs/heads/main refs/remotes/main [2ms]
2023-12-26 04:44:13.378 [info] > git status -z -uall [30ms]
2023-12-26 04:44:18.410 [info] > git config --get commit.template [13ms]
2023-12-26 04:44:18.411 [info] > git for-each-ref --format=%(refname)%00%(upstream:short)%00%(objectname)%00%(upstream:track)%00%(upstream:remotename)%00%(upstream:remoteref) refs/heads/main refs/remotes/main [2ms]
2023-12-26 04:44:18.454 [info] > git status -z -uall [32ms]
2023-12-26 04:44:23.476 [info] > git config --get commit.template [7ms]
2023-12-26 04:44:23.476 [info] > git for-each-ref --format=%(refname)%00%(upstream:short)%00%(objectname)%00%(upstream:track)%00%(upstream:remotename)%00%(upstream:remoteref) refs/heads/main refs/remotes/main [1ms]
2023-12-26 04:44:23.515 [info] > git status -z -uall [32ms]
2023-12-26 04:44:28.539 [info] > git config --get commit.template [10ms]
2023-12-26 04:44:28.540 [info] > git for-each-ref --format=%(refname)%00%(upstream:short)%00%(objectname)%00%(upstream:track)%00%(upstream:remotename)%00%(upstream:remoteref) refs/heads/main refs/remotes/main [2ms]
2023-12-26 04:44:28.580 [info] > git status -z -uall [30ms]
2023-12-26 04:44:33.610 [info] > git config --get commit.template [13ms]
2023-12-26 04:44:33.612 [info] > git for-each-ref --format=%(refname)%00%(upstream:short)%00%(objectname)%00%(upstream:track)%00%(upstream:remotename)%00%(upstream:remoteref) refs/heads/main refs/remotes/main [3ms]
2023-12-26 04:44:33.657 [info] > git status -z -uall [34ms]
2023-12-26 04:44:38.689 [info] > git config --get commit.template [14ms]
2023-12-26 04:44:38.690 [info] > git for-each-ref --format=%(refname)%00%(upstream:short)%00%(objectname)%00%(upstream:track)%00%(upstream:remotename)%00%(upstream:remoteref) refs/heads/main refs/remotes/main [2ms]
2023-12-26 04:44:38.729 [info] > git status -z -uall [29ms]
2023-12-26 04:44:43.747 [info] > git config --get commit.template [8ms]
2023-12-26 04:44:43.747 [info] > git for-each-ref --format=%(refname)%00%(upstream:short)%00%(objectname)%00%(upstream:track)%00%(upstream:remotename)%00%(upstream:remoteref) refs/heads/main refs/remotes/main [1ms]
2023-12-26 04:44:43.787 [info] > git status -z -uall [31ms]
2023-12-26 04:44:48.805 [info] > git config --get commit.template [6ms]
2023-12-26 04:44:48.806 [info] > git for-each-ref --format=%(refname)%00%(upstream:short)%00%(objectname)%00%(upstream:track)%00%(upstream:remotename)%00%(upstream:remoteref) refs/heads/main refs/remotes/main [1ms]
2023-12-26 04:44:48.842 [info] > git status -z -uall [29ms]
2023-12-26 04:44:53.872 [info] > git config --get commit.template [12ms]
2023-12-26 04:44:53.874 [info] > git for-each-ref --format=%(refname)%00%(upstream:short)%00%(objectname)%00%(upstream:track)%00%(upstream:remotename)%00%(upstream:remoteref) refs/heads/main refs/remotes/main [3ms]
2023-12-26 04:44:53.915 [info] > git status -z -uall [34ms]
2023-12-26 04:44:58.946 [info] > git config --get commit.template [12ms]
2023-12-26 04:44:58.948 [info] > git for-each-ref --format=%(refname)%00%(upstream:short)%00%(objectname)%00%(upstream:track)%00%(upstream:remotename)%00%(upstream:remoteref) refs/heads/main refs/remotes/main [2ms]
2023-12-26 04:44:58.990 [info] > git status -z -uall [33ms]
2023-12-26 04:45:04.007 [info] > git config --get commit.template [7ms]
2023-12-26 04:45:04.008 [info] > git for-each-ref --format=%(refname)%00%(upstream:short)%00%(objectname)%00%(upstream:track)%00%(upstream:remotename)%00%(upstream:remoteref) refs/heads/main refs/remotes/main [2ms]
2023-12-26 04:45:04.050 [info] > git status -z -uall [30ms]
2023-12-26 04:45:09.075 [info] > git config --get commit.template [11ms]
2023-12-26 04:45:09.075 [info] > git for-each-ref --format=%(refname)%00%(upstream:short)%00%(objectname)%00%(upstream:track)%00%(upstream:remotename)%00%(upstream:remoteref) refs/heads/main refs/remotes/main [1ms]
2023-12-26 04:45:09.118 [info] > git status -z -uall [35ms]
2023-12-26 04:45:11.862 [info] > git show --textconv :FrontEnd/src/app/admin/s-vehicular-aprobar/s-vehicular-aprobar-edit.component.html [11ms]
2023-12-26 04:45:11.863 [info] > git ls-files --stage -- /opt/lampp/htdocs/PoliceMend/FrontEnd/src/app/admin/s-vehicular-aprobar/s-vehicular-aprobar-edit.component.html [3ms]
2023-12-26 04:45:11.871 [info] > git cat-file -s 3ea66b7c680aebc490494d0a7cdff3a53dd5715c [1ms]
2023-12-26 04:45:14.149 [info] > git config --get commit.template [12ms]
2023-12-26 04:45:14.150 [info] > git for-each-ref --format=%(refname)%00%(upstream:short)%00%(objectname)%00%(upstream:track)%00%(upstream:remotename)%00%(upstream:remoteref) refs/heads/main refs/remotes/main [3ms]
2023-12-26 04:45:14.191 [info] > git status -z -uall [31ms]
2023-12-26 04:45:16.821 [info] > git show --textconv :FrontEnd/src/app/admin/s-vehicular-aprobar/s-vehicular-aprobar-edit.component.ts [12ms]
2023-12-26 04:45:16.823 [info] > git ls-files --stage -- /opt/lampp/htdocs/PoliceMend/FrontEnd/src/app/admin/s-vehicular-aprobar/s-vehicular-aprobar-edit.component.ts [3ms]
2023-12-26 04:45:16.835 [info] > git cat-file -s 084192d1828d39f62de7a91a0bd231103d6dcdd6 [2ms]
2023-12-26 04:45:19.217 [info] > git config --get commit.template [11ms]
2023-12-26 04:45:19.217 [info] > git for-each-ref --format=%(refname)%00%(upstream:short)%00%(objectname)%00%(upstream:track)%00%(upstream:remotename)%00%(upstream:remoteref) refs/heads/main refs/remotes/main [1ms]
2023-12-26 04:45:19.254 [info] > git status -z -uall [28ms]
2023-12-26 04:45:24.267 [info] > git config --get commit.template [1ms]
2023-12-26 04:45:24.280 [info] > git for-each-ref --format=%(refname)%00%(upstream:short)%00%(objectname)%00%(upstream:track)%00%(upstream:remotename)%00%(upstream:remoteref) refs/heads/main refs/remotes/main [2ms]
2023-12-26 04:45:24.323 [info] > git status -z -uall [35ms]
2023-12-26 04:45:29.340 [info] > git config --get commit.template [1ms]
2023-12-26 04:45:29.348 [info] > git for-each-ref --format=%(refname)%00%(upstream:short)%00%(objectname)%00%(upstream:track)%00%(upstream:remotename)%00%(upstream:remoteref) refs/heads/main refs/remotes/main [1ms]
2023-12-26 04:45:29.396 [info] > git status -z -uall [42ms]
2023-12-26 04:45:34.417 [info] > git config --get commit.template [8ms]
2023-12-26 04:45:34.418 [info] > git for-each-ref --format=%(refname)%00%(upstream:short)%00%(objectname)%00%(upstream:track)%00%(upstream:remotename)%00%(upstream:remoteref) refs/heads/main refs/remotes/main [2ms]
2023-12-26 04:45:34.461 [info] > git status -z -uall [35ms]
2023-12-26 04:45:39.489 [info] > git config --get commit.template [12ms]
2023-12-26 04:45:39.492 [info] > git for-each-ref --format=%(refname)%00%(upstream:short)%00%(objectname)%00%(upstream:track)%00%(upstream:remotename)%00%(upstream:remoteref) refs/heads/main refs/remotes/main [4ms]
2023-12-26 04:45:39.544 [info] > git status -z -uall [40ms]
2023-12-26 04:47:35.493 [info] > git config --get commit.template [3ms]
2023-12-26 04:47:35.513 [info] > git for-each-ref --format=%(refname)%00%(upstream:short)%00%(objectname)%00%(upstream:track)%00%(upstream:remotename)%00%(upstream:remoteref) refs/heads/main refs/remotes/main [4ms]
2023-12-26 04:47:35.566 [info] > git status -z -uall [38ms]
2023-12-26 04:47:40.599 [info] > git config --get commit.template [14ms]
2023-12-26 04:47:40.600 [info] > git for-each-ref --format=%(refname)%00%(upstream:short)%00%(objectname)%00%(upstream:track)%00%(upstream:remotename)%00%(upstream:remoteref) refs/heads/main refs/remotes/main [2ms]
2023-12-26 04:47:40.638 [info] > git status -z -uall [29ms]
2023-12-26 04:48:05.816 [info] > git config --get commit.template [15ms]
2023-12-26 04:48:05.817 [info] > git for-each-ref --format=%(refname)%00%(upstream:short)%00%(objectname)%00%(upstream:track)%00%(upstream:remotename)%00%(upstream:remoteref) refs/heads/main refs/remotes/main [2ms]
2023-12-26 04:48:05.860 [info] > git status -z -uall [33ms]
2023-12-26 04:48:10.890 [info] > git config --get commit.template [12ms]
2023-12-26 04:48:10.892 [info] > git for-each-ref --format=%(refname)%00%(upstream:short)%00%(objectname)%00%(upstream:track)%00%(upstream:remotename)%00%(upstream:remoteref) refs/heads/main refs/remotes/main [2ms]
2023-12-26 04:48:10.928 [info] > git status -z -uall [28ms]
2023-12-26 04:48:15.957 [info] > git config --get commit.template [13ms]
2023-12-26 04:48:15.958 [info] > git for-each-ref --format=%(refname)%00%(upstream:short)%00%(objectname)%00%(upstream:track)%00%(upstream:remotename)%00%(upstream:remoteref) refs/heads/main refs/remotes/main [2ms]
2023-12-26 04:48:16.000 [info] > git status -z -uall [31ms]
2023-12-26 04:48:21.026 [info] > git config --get commit.template [11ms]
2023-12-26 04:48:21.027 [info] > git for-each-ref --format=%(refname)%00%(upstream:short)%00%(objectname)%00%(upstream:track)%00%(upstream:remotename)%00%(upstream:remoteref) refs/heads/main refs/remotes/main [3ms]
2023-12-26 04:48:21.068 [info] > git status -z -uall [31ms]
2023-12-26 04:48:26.086 [info] > git config --get commit.template [7ms]
2023-12-26 04:48:26.086 [info] > git for-each-ref --format=%(refname)%00%(upstream:short)%00%(objectname)%00%(upstream:track)%00%(upstream:remotename)%00%(upstream:remoteref) refs/heads/main refs/remotes/main [2ms]
2023-12-26 04:48:26.120 [info] > git status -z -uall [28ms]
2023-12-26 04:48:31.148 [info] > git config --get commit.template [13ms]
2023-12-26 04:48:31.149 [info] > git for-each-ref --format=%(refname)%00%(upstream:short)%00%(objectname)%00%(upstream:track)%00%(upstream:remotename)%00%(upstream:remoteref) refs/heads/main refs/remotes/main [3ms]
2023-12-26 04:48:31.186 [info] > git status -z -uall [29ms]
2023-12-26 04:48:36.216 [info] > git config --get commit.template [12ms]
2023-12-26 04:48:36.217 [info] > git for-each-ref --format=%(refname)%00%(upstream:short)%00%(objectname)%00%(upstream:track)%00%(upstream:remotename)%00%(upstream:remoteref) refs/heads/main refs/remotes/main [3ms]
2023-12-26 04:48:36.255 [info] > git status -z -uall [29ms]
2023-12-26 04:48:41.284 [info] > git config --get commit.template [13ms]
2023-12-26 04:48:41.285 [info] > git for-each-ref --format=%(refname)%00%(upstream:short)%00%(objectname)%00%(upstream:track)%00%(upstream:remotename)%00%(upstream:remoteref) refs/heads/main refs/remotes/main [2ms]
2023-12-26 04:48:41.330 [info] > git status -z -uall [31ms]
2023-12-26 04:48:46.356 [info] > git config --get commit.template [8ms]
2023-12-26 04:48:46.356 [info] > git for-each-ref --format=%(refname)%00%(upstream:short)%00%(objectname)%00%(upstream:track)%00%(upstream:remotename)%00%(upstream:remoteref) refs/heads/main refs/remotes/main [1ms]
2023-12-26 04:48:46.391 [info] > git status -z -uall [29ms]
2023-12-26 04:48:51.418 [info] > git config --get commit.template [10ms]
2023-12-26 04:48:51.419 [info] > git for-each-ref --format=%(refname)%00%(upstream:short)%00%(objectname)%00%(upstream:track)%00%(upstream:remotename)%00%(upstream:remoteref) refs/heads/main refs/remotes/main [2ms]
2023-12-26 04:48:51.460 [info] > git status -z -uall [30ms]
2023-12-26 04:48:56.489 [info] > git config --get commit.template [12ms]
2023-12-26 04:48:56.490 [info] > git for-each-ref --format=%(refname)%00%(upstream:short)%00%(objectname)%00%(upstream:track)%00%(upstream:remotename)%00%(upstream:remoteref) refs/heads/main refs/remotes/main [2ms]
2023-12-26 04:48:56.536 [info] > git status -z -uall [35ms]
2023-12-26 04:49:01.563 [info] > git config --get commit.template [9ms]
2023-12-26 04:49:01.563 [info] > git for-each-ref --format=%(refname)%00%(upstream:short)%00%(objectname)%00%(upstream:track)%00%(upstream:remotename)%00%(upstream:remoteref) refs/heads/main refs/remotes/main [2ms]
2023-12-26 04:49:01.608 [info] > git status -z -uall [36ms]
2023-12-26 04:49:06.652 [info] > git config --get commit.template [23ms]
2023-12-26 04:49:06.654 [info] > git for-each-ref --format=%(refname)%00%(upstream:short)%00%(objectname)%00%(upstream:track)%00%(upstream:remotename)%00%(upstream:remoteref) refs/heads/main refs/remotes/main [6ms]
2023-12-26 04:49:06.715 [info] > git status -z -uall [38ms]
2023-12-26 04:49:19.203 [info] > git config --get commit.template [17ms]
2023-12-26 04:49:19.204 [info] > git for-each-ref --format=%(refname)%00%(upstream:short)%00%(objectname)%00%(upstream:track)%00%(upstream:remotename)%00%(upstream:remoteref) refs/heads/main refs/remotes/main [2ms]
2023-12-26 04:49:19.241 [info] > git status -z -uall [30ms]
2023-12-26 04:49:24.260 [info] > git config --get commit.template [1ms]
2023-12-26 04:49:24.270 [info] > git for-each-ref --format=%(refname)%00%(upstream:short)%00%(objectname)%00%(upstream:track)%00%(upstream:remotename)%00%(upstream:remoteref) refs/heads/main refs/remotes/main [2ms]
2023-12-26 04:49:24.311 [info] > git status -z -uall [34ms]
2023-12-26 04:49:29.336 [info] > git config --get commit.template [11ms]
2023-12-26 04:49:29.337 [info] > git for-each-ref --format=%(refname)%00%(upstream:short)%00%(objectname)%00%(upstream:track)%00%(upstream:remotename)%00%(upstream:remoteref) refs/heads/main refs/remotes/main [2ms]
2023-12-26 04:49:29.378 [info] > git status -z -uall [31ms]
2023-12-26 04:49:34.404 [info] > git config --get commit.template [9ms]
2023-12-26 04:49:34.404 [info] > git for-each-ref --format=%(refname)%00%(upstream:short)%00%(objectname)%00%(upstream:track)%00%(upstream:remotename)%00%(upstream:remoteref) refs/heads/main refs/remotes/main [1ms]
2023-12-26 04:49:34.441 [info] > git status -z -uall [29ms]
2023-12-26 04:49:34.519 [info] > git show --textconv :FrontEnd/src/app/admin/s-vehicular-aprobar/s-vehicular-aprobar-edit.component.html [12ms]
2023-12-26 04:49:34.521 [info] > git ls-files --stage -- /opt/lampp/htdocs/PoliceMend/FrontEnd/src/app/admin/s-vehicular-aprobar/s-vehicular-aprobar-edit.component.html [3ms]
2023-12-26 04:49:34.528 [info] > git cat-file -s 3ea66b7c680aebc490494d0a7cdff3a53dd5715c [1ms]
2023-12-26 04:49:39.467 [info] > git config --get commit.template [10ms]
2023-12-26 04:49:39.468 [info] > git for-each-ref --format=%(refname)%00%(upstream:short)%00%(objectname)%00%(upstream:track)%00%(upstream:remotename)%00%(upstream:remoteref) refs/heads/main refs/remotes/main [2ms]
2023-12-26 04:49:39.506 [info] > git status -z -uall [29ms]
2023-12-26 04:49:44.533 [info] > git config --get commit.template [2ms]
2023-12-26 04:49:44.559 [info] > git for-each-ref --format=%(refname)%00%(upstream:short)%00%(objectname)%00%(upstream:track)%00%(upstream:remotename)%00%(upstream:remoteref) refs/heads/main refs/remotes/main [2ms]
2023-12-26 04:49:44.646 [info] > git status -z -uall [68ms]
2023-12-26 04:49:49.681 [info] > git config --get commit.template [10ms]
2023-12-26 04:49:49.682 [info] > git for-each-ref --format=%(refname)%00%(upstream:short)%00%(objectname)%00%(upstream:track)%00%(upstream:remotename)%00%(upstream:remoteref) refs/heads/main refs/remotes/main [3ms]
2023-12-26 04:49:49.726 [info] > git status -z -uall [36ms]
2023-12-26 04:49:53.110 [info] > git show --textconv :FrontEnd/src/app/admin/s-vehicular-aprobar/s-vehicular-aprobar-edit.component.ts [7ms]
2023-12-26 04:49:53.112 [info] > git ls-files --stage -- /opt/lampp/htdocs/PoliceMend/FrontEnd/src/app/admin/s-vehicular-aprobar/s-vehicular-aprobar-edit.component.ts [2ms]
2023-12-26 04:49:53.120 [info] > git cat-file -s 084192d1828d39f62de7a91a0bd231103d6dcdd6 [1ms]
2023-12-26 04:49:54.757 [info] > git config --get commit.template [13ms]
2023-12-26 04:49:54.758 [info] > git for-each-ref --format=%(refname)%00%(upstream:short)%00%(objectname)%00%(upstream:track)%00%(upstream:remotename)%00%(upstream:remoteref) refs/heads/main refs/remotes/main [2ms]
2023-12-26 04:49:54.797 [info] > git status -z -uall [30ms]
2023-12-26 04:49:59.826 [info] > git config --get commit.template [8ms]
2023-12-26 04:49:59.827 [info] > git for-each-ref --format=%(refname)%00%(upstream:short)%00%(objectname)%00%(upstream:track)%00%(upstream:remotename)%00%(upstream:remoteref) refs/heads/main refs/remotes/main [1ms]
2023-12-26 04:49:59.879 [info] > git status -z -uall [41ms]
2023-12-26 04:50:04.913 [info] > git config --get commit.template [14ms]
2023-12-26 04:50:04.915 [info] > git for-each-ref --format=%(refname)%00%(upstream:short)%00%(objectname)%00%(upstream:track)%00%(upstream:remotename)%00%(upstream:remoteref) refs/heads/main refs/remotes/main [3ms]
2023-12-26 04:50:04.989 [info] > git status -z -uall [61ms]
2023-12-26 04:50:10.014 [info] > git config --get commit.template [9ms]
2023-12-26 04:50:10.015 [info] > git for-each-ref --format=%(refname)%00%(upstream:short)%00%(objectname)%00%(upstream:track)%00%(upstream:remotename)%00%(upstream:remoteref) refs/heads/main refs/remotes/main [2ms]
2023-12-26 04:50:10.051 [info] > git status -z -uall [30ms]
2023-12-26 04:50:11.042 [info] > git show --textconv :FrontEnd/src/app/admin/s-vehicular-aprobar/s-vehicular-aprobar-edit.component.html [9ms]
2023-12-26 04:50:11.044 [info] > git ls-files --stage -- /opt/lampp/htdocs/PoliceMend/FrontEnd/src/app/admin/s-vehicular-aprobar/s-vehicular-aprobar-edit.component.html [3ms]
2023-12-26 04:50:11.058 [info] > git cat-file -s 3ea66b7c680aebc490494d0a7cdff3a53dd5715c [2ms]
2023-12-26 04:50:14.021 [info] > git show --textconv :FrontEnd/src/app/admin/s-vehicular-aprobar/s-vehicular-aprobar-edit.component.ts [15ms]
2023-12-26 04:50:14.023 [info] > git ls-files --stage -- /opt/lampp/htdocs/PoliceMend/FrontEnd/src/app/admin/s-vehicular-aprobar/s-vehicular-aprobar-edit.component.ts [3ms]
2023-12-26 04:50:14.042 [info] > git cat-file -s 084192d1828d39f62de7a91a0bd231103d6dcdd6 [4ms]
2023-12-26 04:50:15.089 [info] > git config --get commit.template [8ms]
2023-12-26 04:50:15.130 [info] > git for-each-ref --format=%(refname)%00%(upstream:short)%00%(objectname)%00%(upstream:track)%00%(upstream:remotename)%00%(upstream:remoteref) refs/heads/main refs/remotes/main [2ms]
2023-12-26 04:50:15.258 [info] > git status -z -uall [94ms]
2023-12-26 04:50:20.288 [info] > git config --get commit.template [7ms]
2023-12-26 04:50:20.289 [info] > git for-each-ref --format=%(refname)%00%(upstream:short)%00%(objectname)%00%(upstream:track)%00%(upstream:remotename)%00%(upstream:remoteref) refs/heads/main refs/remotes/main [2ms]
2023-12-26 04:50:20.327 [info] > git status -z -uall [30ms]
2023-12-26 04:50:25.353 [info] > git config --get commit.template [11ms]
2023-12-26 04:50:25.354 [info] > git for-each-ref --format=%(refname)%00%(upstream:short)%00%(objectname)%00%(upstream:track)%00%(upstream:remotename)%00%(upstream:remoteref) refs/heads/main refs/remotes/main [2ms]
2023-12-26 04:50:25.398 [info] > git status -z -uall [34ms]
2023-12-26 04:50:39.065 [info] > git config --get commit.template [19ms]
2023-12-26 04:50:39.066 [info] > git for-each-ref --format=%(refname)%00%(upstream:short)%00%(objectname)%00%(upstream:track)%00%(upstream:remotename)%00%(upstream:remoteref) refs/heads/main refs/remotes/main [4ms]
2023-12-26 04:50:39.122 [info] > git status -z -uall [43ms]
2023-12-26 04:50:44.176 [info] > git config --get commit.template [17ms]
2023-12-26 04:50:44.176 [info] > git for-each-ref --format=%(refname)%00%(upstream:short)%00%(objectname)%00%(upstream:track)%00%(upstream:remotename)%00%(upstream:remoteref) refs/heads/main refs/remotes/main [1ms]
2023-12-26 04:50:44.237 [info] > git status -z -uall [51ms]
2023-12-26 04:50:52.885 [info] > git config --get commit.template [12ms]
2023-12-26 04:50:52.886 [info] > git for-each-ref --format=%(refname)%00%(upstream:short)%00%(objectname)%00%(upstream:track)%00%(upstream:remotename)%00%(upstream:remoteref) refs/heads/main refs/remotes/main [2ms]
2023-12-26 04:50:52.924 [info] > git status -z -uall [32ms]
2023-12-26 04:50:57.950 [info] > git config --get commit.template [11ms]
2023-12-26 04:50:57.951 [info] > git for-each-ref --format=%(refname)%00%(upstream:short)%00%(objectname)%00%(upstream:track)%00%(upstream:remotename)%00%(upstream:remoteref) refs/heads/main refs/remotes/main [2ms]
2023-12-26 04:50:57.993 [info] > git status -z -uall [31ms]
2023-12-26 04:54:22.566 [info] > git config --get commit.template [12ms]
2023-12-26 04:54:22.567 [info] > git for-each-ref --format=%(refname)%00%(upstream:short)%00%(objectname)%00%(upstream:track)%00%(upstream:remotename)%00%(upstream:remoteref) refs/heads/main refs/remotes/main [2ms]
2023-12-26 04:54:22.608 [info] > git status -z -uall [32ms]
2023-12-26 04:56:22.602 [info] > git config --get commit.template [12ms]
2023-12-26 04:56:22.607 [info] > git for-each-ref --format=%(refname)%00%(upstream:short)%00%(objectname)%00%(upstream:track)%00%(upstream:remotename)%00%(upstream:remoteref) refs/heads/main refs/remotes/main [6ms]
2023-12-26 04:56:22.698 [info] > git status -z -uall [78ms]
2023-12-26 05:18:08.764 [info] > git config --get commit.template [22ms]
2023-12-26 05:18:08.787 [info] > git ls-files --stage -- /opt/lampp/htdocs/PoliceMend/FrontEnd/src/app/admin/s-vehicular-aprobar/s-vehicular-aprobar-edit.component.ts [24ms]
2023-12-26 05:18:08.808 [info] > git for-each-ref --format=%(refname)%00%(upstream:short)%00%(objectname)%00%(upstream:track)%00%(upstream:remotename)%00%(upstream:remoteref) refs/heads/main refs/remotes/main [23ms]
2023-12-26 05:18:08.809 [info] > git cat-file -s b1a34d2baa140cd238a733c1e21935914866f734 [4ms]
2023-12-26 05:18:08.844 [info] > git show --textconv :FrontEnd/src/app/admin/s-vehicular-aprobar/s-vehicular-aprobar-edit.component.ts [3ms]
2023-12-26 05:18:08.864 [info] > git status -z -uall [41ms]
