2023-12-23 17:09:39.455 [info] Extension host with pid 10120 started
2023-12-23 17:09:39.455 [info] Skipping acquiring lock for /opt/lampp/htdocs/PoliceMend/FrontEnd/User/workspaceStorage/be769c1f6968d66de036622ddfb1b3c5.
2023-12-23 17:09:39.483 [info] ExtensionService#_doActivateExtension vscode.git-base, startup: true, activationEvent: '*', root cause: vscode.git
2023-12-23 17:09:39.489 [info] ExtensionService#_doActivateExtension vscode.npm, startup: true, activationEvent: 'workspaceContains:package.json'
2023-12-23 17:09:39.500 [info] ExtensionService#_doActivateExtension vscode.git, startup: true, activationEvent: '*'
2023-12-23 17:09:39.524 [info] ExtensionService#_doActivateExtension vscode.github, startup: true, activationEvent: '*'
2023-12-23 17:09:39.719 [info] Eager extensions activated
2023-12-23 17:09:39.768 [info] ExtensionService#_doActivateExtension vscode.debug-auto-launch, startup: false, activationEvent: 'onStartupFinished'
2023-12-23 17:09:39.771 [info] ExtensionService#_doActivateExtension vscode.merge-conflict, startup: false, activationEvent: 'onStartupFinished'
2023-12-23 17:09:39.778 [info] ExtensionService#_doActivateExtension esbenp.prettier-vscode, startup: false, activationEvent: 'onStartupFinished'
2023-12-23 17:09:39.985 [info] ExtensionService#_doActivateExtension vscode.github-authentication, startup: false, activationEvent: 'onAuthenticationRequest:github'
2023-12-23 17:12:41.882 [info] ExtensionService#_doActivateExtension vscode.css-language-features, startup: false, activationEvent: 'onLanguage:scss'
2023-12-23 17:12:41.924 [info] ExtensionService#_doActivateExtension vscode.emmet, startup: false, activationEvent: 'onLanguage'
2023-12-23 17:13:02.149 [info] ExtensionService#_doActivateExtension vscode.html-language-features, startup: false, activationEvent: 'onLanguage:html'
2023-12-23 17:13:02.207 [info] ExtensionService#_doActivateExtension Angular.ng-template, startup: false, activationEvent: 'onLanguage:html'
2023-12-23 17:13:18.329 [info] ExtensionService#_doActivateExtension vscode.typescript-language-features, startup: false, activationEvent: 'onLanguage:typescript'
2023-12-23 17:13:40.318 [error] [Angular.ng-template] provider FAILED
2023-12-23 17:13:40.325 [error] Error: Request codeLens/resolve failed with message: Could not determine component for file:///opt/lampp/htdocs/PoliceMend/FrontEnd/src/app/admin/r-abastecimientos/r-abastecimientos.component.html
	at handleResponse (/root/.vscode/extensions/angular.ng-template-17.0.3/node_modules/vscode-jsonrpc/lib/common/connection.js:477:48)
	at processMessageQueue (/root/.vscode/extensions/angular.ng-template-17.0.3/node_modules/vscode-jsonrpc/lib/common/connection.js:292:17)
	at Immediate.<anonymous> (/root/.vscode/extensions/angular.ng-template-17.0.3/node_modules/vscode-jsonrpc/lib/common/connection.js:276:13)
	at process.processImmediate (node:internal/timers:476:21)
2023-12-23 17:23:32.099 [warning] [Decorations] CAPPING events from decorations provider vscode.git 256
2023-12-23 17:23:37.175 [warning] [Decorations] CAPPING events from decorations provider vscode.git 255
2023-12-23 17:23:54.906 [warning] [Decorations] CAPPING events from decorations provider vscode.git 256
2023-12-23 17:23:59.976 [warning] [Decorations] CAPPING events from decorations provider vscode.git 255
2023-12-23 17:24:05.046 [warning] [Decorations] CAPPING events from decorations provider vscode.git 255
2023-12-23 17:24:10.106 [warning] [Decorations] CAPPING events from decorations provider vscode.git 255
2023-12-23 17:31:08.634 [warning] [Decorations] CAPPING events from decorations provider vscode.git 255
2023-12-23 18:01:47.163 [warning] [Decorations] CAPPING events from decorations provider vscode.git 259
2023-12-23 18:01:52.311 [warning] [Decorations] CAPPING events from decorations provider vscode.git 260
2023-12-23 18:01:57.442 [warning] [Decorations] CAPPING events from decorations provider vscode.git 259
2023-12-23 18:02:02.565 [warning] [Decorations] CAPPING events from decorations provider vscode.git 259
2023-12-23 18:32:54.098 [warning] [Decorations] CAPPING events from decorations provider vscode.git 260
2023-12-23 18:33:05.707 [warning] [Decorations] CAPPING events from decorations provider vscode.git 261
2023-12-23 18:33:16.294 [warning] [Decorations] CAPPING events from decorations provider vscode.git 261
2023-12-23 19:32:36.727 [warning] [Decorations] CAPPING events from decorations provider vscode.git 263
2023-12-23 19:32:49.599 [warning] [Decorations] CAPPING events from decorations provider vscode.git 262
2023-12-23 19:32:54.661 [warning] [Decorations] CAPPING events from decorations provider vscode.git 262
2023-12-23 19:32:59.728 [warning] [Decorations] CAPPING events from decorations provider vscode.git 262
2023-12-23 19:33:04.799 [warning] [Decorations] CAPPING events from decorations provider vscode.git 263
2023-12-23 19:33:09.856 [warning] [Decorations] CAPPING events from decorations provider vscode.git 264
2023-12-23 19:36:17.734 [warning] [Decorations] CAPPING events from decorations provider vscode.git 263
2023-12-23 19:36:49.021 [warning] [Decorations] CAPPING events from decorations provider vscode.git 263
2023-12-23 19:36:54.088 [warning] [Decorations] CAPPING events from decorations provider vscode.git 263
2023-12-23 19:36:59.159 [warning] [Decorations] CAPPING events from decorations provider vscode.git 263
2023-12-23 19:37:04.224 [warning] [Decorations] CAPPING events from decorations provider vscode.git 263
2023-12-23 19:37:09.293 [warning] [Decorations] CAPPING events from decorations provider vscode.git 263
2023-12-23 19:37:14.381 [warning] [Decorations] CAPPING events from decorations provider vscode.git 263
2023-12-23 19:37:19.446 [warning] [Decorations] CAPPING events from decorations provider vscode.git 263
2023-12-23 19:37:24.513 [warning] [Decorations] CAPPING events from decorations provider vscode.git 263
2023-12-23 19:37:29.577 [warning] [Decorations] CAPPING events from decorations provider vscode.git 263
2023-12-23 19:37:34.647 [warning] [Decorations] CAPPING events from decorations provider vscode.git 263
2023-12-23 19:37:39.718 [warning] [Decorations] CAPPING events from decorations provider vscode.git 263
2023-12-23 19:37:44.815 [warning] [Decorations] CAPPING events from decorations provider vscode.git 263
2023-12-23 19:37:49.888 [warning] [Decorations] CAPPING events from decorations provider vscode.git 263
2023-12-23 19:37:54.946 [warning] [Decorations] CAPPING events from decorations provider vscode.git 263
2023-12-23 19:38:00.019 [warning] [Decorations] CAPPING events from decorations provider vscode.git 263
2023-12-23 19:38:05.102 [warning] [Decorations] CAPPING events from decorations provider vscode.git 264
2023-12-23 19:38:10.171 [warning] [Decorations] CAPPING events from decorations provider vscode.git 264
2023-12-23 19:38:15.228 [warning] [Decorations] CAPPING events from decorations provider vscode.git 264
2023-12-23 19:38:20.294 [warning] [Decorations] CAPPING events from decorations provider vscode.git 264
2023-12-23 19:38:25.363 [warning] [Decorations] CAPPING events from decorations provider vscode.git 264
2023-12-23 19:38:30.443 [warning] [Decorations] CAPPING events from decorations provider vscode.git 264
2023-12-23 19:38:35.509 [warning] [Decorations] CAPPING events from decorations provider vscode.git 264
2023-12-23 19:38:40.581 [warning] [Decorations] CAPPING events from decorations provider vscode.git 264
2023-12-23 19:38:45.637 [warning] [Decorations] CAPPING events from decorations provider vscode.git 264
2023-12-23 19:38:50.705 [warning] [Decorations] CAPPING events from decorations provider vscode.git 264
2023-12-23 19:38:55.792 [warning] [Decorations] CAPPING events from decorations provider vscode.git 266
2023-12-23 19:39:09.142 [warning] [Decorations] CAPPING events from decorations provider vscode.git 265
2023-12-23 19:39:14.208 [warning] [Decorations] CAPPING events from decorations provider vscode.git 265
2023-12-23 19:39:19.277 [warning] [Decorations] CAPPING events from decorations provider vscode.git 265
2023-12-23 19:39:24.360 [warning] [Decorations] CAPPING events from decorations provider vscode.git 265
2023-12-23 19:40:02.473 [warning] [Decorations] CAPPING events from decorations provider vscode.git 266
2023-12-23 19:40:07.535 [warning] [Decorations] CAPPING events from decorations provider vscode.git 266
2023-12-23 19:40:12.614 [warning] [Decorations] CAPPING events from decorations provider vscode.git 267
2023-12-23 19:40:17.681 [warning] [Decorations] CAPPING events from decorations provider vscode.git 266
2023-12-23 19:40:28.522 [warning] [Decorations] CAPPING events from decorations provider vscode.git 266
2023-12-23 19:40:33.597 [warning] [Decorations] CAPPING events from decorations provider vscode.git 266
2023-12-23 19:40:38.663 [warning] [Decorations] CAPPING events from decorations provider vscode.git 266
2023-12-23 19:40:43.731 [warning] [Decorations] CAPPING events from decorations provider vscode.git 266
2023-12-23 19:40:48.805 [warning] [Decorations] CAPPING events from decorations provider vscode.git 266
2023-12-23 19:40:53.878 [warning] [Decorations] CAPPING events from decorations provider vscode.git 266
2023-12-23 19:40:58.938 [warning] [Decorations] CAPPING events from decorations provider vscode.git 266
2023-12-23 19:41:04.010 [warning] [Decorations] CAPPING events from decorations provider vscode.git 266
2023-12-23 19:41:09.080 [warning] [Decorations] CAPPING events from decorations provider vscode.git 266
2023-12-23 19:41:14.142 [warning] [Decorations] CAPPING events from decorations provider vscode.git 266
2023-12-23 19:41:19.215 [warning] [Decorations] CAPPING events from decorations provider vscode.git 266
2023-12-23 19:43:27.548 [warning] [Decorations] CAPPING events from decorations provider vscode.git 266
2023-12-23 19:43:32.616 [warning] [Decorations] CAPPING events from decorations provider vscode.git 266
2023-12-23 19:43:37.692 [warning] [Decorations] CAPPING events from decorations provider vscode.git 266
2023-12-23 19:43:42.760 [warning] [Decorations] CAPPING events from decorations provider vscode.git 266
2023-12-23 19:43:47.820 [warning] [Decorations] CAPPING events from decorations provider vscode.git 266
2023-12-23 19:43:52.885 [warning] [Decorations] CAPPING events from decorations provider vscode.git 268
2023-12-23 19:43:57.956 [warning] [Decorations] CAPPING events from decorations provider vscode.git 268
2023-12-23 19:44:03.018 [warning] [Decorations] CAPPING events from decorations provider vscode.git 268
2023-12-23 19:44:08.091 [warning] [Decorations] CAPPING events from decorations provider vscode.git 268
2023-12-23 19:44:13.158 [warning] [Decorations] CAPPING events from decorations provider vscode.git 268
2023-12-23 19:44:18.216 [warning] [Decorations] CAPPING events from decorations provider vscode.git 268
2023-12-23 19:44:23.285 [warning] [Decorations] CAPPING events from decorations provider vscode.git 269
2023-12-23 19:44:28.354 [warning] [Decorations] CAPPING events from decorations provider vscode.git 269
2023-12-23 19:44:35.324 [warning] [Decorations] CAPPING events from decorations provider vscode.git 269
2023-12-23 19:44:40.395 [warning] [Decorations] CAPPING events from decorations provider vscode.git 269
2023-12-23 19:44:45.457 [warning] [Decorations] CAPPING events from decorations provider vscode.git 269
2023-12-23 19:44:50.525 [warning] [Decorations] CAPPING events from decorations provider vscode.git 269
2023-12-23 19:44:55.592 [warning] [Decorations] CAPPING events from decorations provider vscode.git 269
2023-12-23 19:45:00.662 [warning] [Decorations] CAPPING events from decorations provider vscode.git 269
2023-12-23 19:45:05.718 [warning] [Decorations] CAPPING events from decorations provider vscode.git 269
2023-12-23 19:45:10.824 [warning] [Decorations] CAPPING events from decorations provider vscode.git 270
2023-12-23 19:45:15.896 [warning] [Decorations] CAPPING events from decorations provider vscode.git 269
2023-12-23 19:45:20.965 [warning] [Decorations] CAPPING events from decorations provider vscode.git 269
2023-12-23 19:45:26.032 [warning] [Decorations] CAPPING events from decorations provider vscode.git 269
2023-12-23 19:45:33.014 [warning] [Decorations] CAPPING events from decorations provider vscode.git 269
2023-12-23 19:45:38.088 [warning] [Decorations] CAPPING events from decorations provider vscode.git 269
2023-12-23 19:45:43.162 [warning] [Decorations] CAPPING events from decorations provider vscode.git 269
2023-12-23 19:47:42.395 [warning] [Decorations] CAPPING events from decorations provider vscode.git 269
2023-12-23 19:47:47.469 [warning] [Decorations] CAPPING events from decorations provider vscode.git 269
2023-12-23 19:47:52.530 [warning] [Decorations] CAPPING events from decorations provider vscode.git 269
2023-12-23 19:47:57.599 [warning] [Decorations] CAPPING events from decorations provider vscode.git 269
2023-12-23 19:48:02.673 [warning] [Decorations] CAPPING events from decorations provider vscode.git 269
2023-12-23 19:48:07.743 [warning] [Decorations] CAPPING events from decorations provider vscode.git 269
2023-12-23 19:48:12.819 [warning] [Decorations] CAPPING events from decorations provider vscode.git 269
2023-12-23 19:48:17.888 [warning] [Decorations] CAPPING events from decorations provider vscode.git 269
2023-12-23 19:48:22.959 [warning] [Decorations] CAPPING events from decorations provider vscode.git 269
2023-12-23 19:48:28.024 [warning] [Decorations] CAPPING events from decorations provider vscode.git 269
2023-12-23 19:48:33.095 [warning] [Decorations] CAPPING events from decorations provider vscode.git 269
2023-12-23 19:48:38.164 [warning] [Decorations] CAPPING events from decorations provider vscode.git 269
2023-12-23 19:48:43.224 [warning] [Decorations] CAPPING events from decorations provider vscode.git 270
2023-12-23 19:48:48.299 [warning] [Decorations] CAPPING events from decorations provider vscode.git 270
2023-12-23 19:48:53.372 [warning] [Decorations] CAPPING events from decorations provider vscode.git 270
2023-12-23 19:49:01.337 [warning] [Decorations] CAPPING events from decorations provider vscode.git 270
2023-12-23 19:49:06.409 [warning] [Decorations] CAPPING events from decorations provider vscode.git 270
2023-12-23 19:49:11.497 [warning] [Decorations] CAPPING events from decorations provider vscode.git 270
2023-12-23 19:49:16.581 [warning] [Decorations] CAPPING events from decorations provider vscode.git 270
2023-12-23 19:49:21.658 [warning] [Decorations] CAPPING events from decorations provider vscode.git 270
2023-12-23 19:49:26.720 [warning] [Decorations] CAPPING events from decorations provider vscode.git 270
2023-12-23 19:49:31.793 [warning] [Decorations] CAPPING events from decorations provider vscode.git 270
2023-12-23 19:49:36.861 [warning] [Decorations] CAPPING events from decorations provider vscode.git 270
2023-12-23 19:49:41.932 [warning] [Decorations] CAPPING events from decorations provider vscode.git 270
2023-12-23 19:49:47.022 [warning] [Decorations] CAPPING events from decorations provider vscode.git 270
2023-12-23 19:49:52.094 [warning] [Decorations] CAPPING events from decorations provider vscode.git 270
2023-12-23 19:49:57.164 [warning] [Decorations] CAPPING events from decorations provider vscode.git 270
2023-12-23 19:50:02.224 [warning] [Decorations] CAPPING events from decorations provider vscode.git 270
2023-12-23 19:50:07.297 [warning] [Decorations] CAPPING events from decorations provider vscode.git 270
2023-12-23 19:50:12.372 [warning] [Decorations] CAPPING events from decorations provider vscode.git 270
2023-12-23 19:50:17.443 [warning] [Decorations] CAPPING events from decorations provider vscode.git 270
2023-12-23 19:50:22.506 [warning] [Decorations] CAPPING events from decorations provider vscode.git 270
2023-12-23 19:50:30.202 [warning] [Decorations] CAPPING events from decorations provider vscode.git 271
2023-12-23 19:50:35.278 [warning] [Decorations] CAPPING events from decorations provider vscode.git 270
2023-12-23 19:50:54.296 [warning] [Decorations] CAPPING events from decorations provider vscode.git 270
2023-12-23 19:50:59.371 [warning] [Decorations] CAPPING events from decorations provider vscode.git 270
2023-12-23 19:51:04.444 [warning] [Decorations] CAPPING events from decorations provider vscode.git 270
2023-12-23 19:51:09.505 [warning] [Decorations] CAPPING events from decorations provider vscode.git 270
2023-12-23 19:51:14.583 [warning] [Decorations] CAPPING events from decorations provider vscode.git 270
2023-12-23 19:51:19.652 [warning] [Decorations] CAPPING events from decorations provider vscode.git 270
2023-12-23 19:51:24.727 [warning] [Decorations] CAPPING events from decorations provider vscode.git 270
2023-12-23 19:51:29.852 [warning] [Decorations] CAPPING events from decorations provider vscode.git 270
2023-12-23 19:51:34.916 [warning] [Decorations] CAPPING events from decorations provider vscode.git 270
2023-12-23 19:51:39.996 [warning] [Decorations] CAPPING events from decorations provider vscode.git 270
2023-12-23 19:51:45.066 [warning] [Decorations] CAPPING events from decorations provider vscode.git 270
2023-12-23 19:51:50.137 [warning] [Decorations] CAPPING events from decorations provider vscode.git 270
2023-12-23 19:51:55.206 [warning] [Decorations] CAPPING events from decorations provider vscode.git 270
2023-12-23 19:52:00.282 [warning] [Decorations] CAPPING events from decorations provider vscode.git 270
2023-12-23 19:52:05.356 [warning] [Decorations] CAPPING events from decorations provider vscode.git 270
2023-12-23 19:52:10.427 [warning] [Decorations] CAPPING events from decorations provider vscode.git 270
2023-12-23 19:52:15.497 [warning] [Decorations] CAPPING events from decorations provider vscode.git 270
2023-12-23 19:52:20.566 [warning] [Decorations] CAPPING events from decorations provider vscode.git 270
2023-12-23 19:52:25.640 [warning] [Decorations] CAPPING events from decorations provider vscode.git 270
2023-12-23 19:52:30.705 [warning] [Decorations] CAPPING events from decorations provider vscode.git 270
2023-12-23 19:52:35.777 [warning] [Decorations] CAPPING events from decorations provider vscode.git 270
2023-12-23 19:52:40.841 [warning] [Decorations] CAPPING events from decorations provider vscode.git 270
2023-12-23 19:52:45.907 [warning] [Decorations] CAPPING events from decorations provider vscode.git 270
2023-12-23 19:52:50.974 [warning] [Decorations] CAPPING events from decorations provider vscode.git 270
2023-12-23 19:52:56.039 [warning] [Decorations] CAPPING events from decorations provider vscode.git 270
2023-12-23 19:53:01.091 [warning] [Decorations] CAPPING events from decorations provider vscode.git 270
2023-12-23 19:53:06.156 [warning] [Decorations] CAPPING events from decorations provider vscode.git 270
2023-12-23 19:53:13.331 [warning] [Decorations] CAPPING events from decorations provider vscode.git 270
2023-12-23 19:53:23.448 [warning] [Decorations] CAPPING events from decorations provider vscode.git 270
2023-12-23 19:53:31.992 [warning] [Decorations] CAPPING events from decorations provider vscode.git 270
2023-12-23 19:53:37.060 [warning] [Decorations] CAPPING events from decorations provider vscode.git 271
2023-12-23 19:53:42.129 [warning] [Decorations] CAPPING events from decorations provider vscode.git 272
2023-12-23 19:54:09.601 [warning] [Decorations] CAPPING events from decorations provider vscode.git 271
2023-12-23 19:54:14.664 [warning] [Decorations] CAPPING events from decorations provider vscode.git 271
2023-12-23 19:54:29.925 [warning] [Decorations] CAPPING events from decorations provider vscode.git 271
2023-12-23 19:54:34.991 [warning] [Decorations] CAPPING events from decorations provider vscode.git 272
2023-12-23 19:54:40.041 [warning] [Decorations] CAPPING events from decorations provider vscode.git 272
2023-12-23 19:54:45.108 [warning] [Decorations] CAPPING events from decorations provider vscode.git 272
2023-12-23 19:54:50.175 [warning] [Decorations] CAPPING events from decorations provider vscode.git 272
2023-12-23 19:54:55.224 [warning] [Decorations] CAPPING events from decorations provider vscode.git 272
2023-12-23 19:55:00.277 [warning] [Decorations] CAPPING events from decorations provider vscode.git 272
2023-12-23 19:55:05.358 [warning] [Decorations] CAPPING events from decorations provider vscode.git 272
2023-12-23 19:55:10.408 [warning] [Decorations] CAPPING events from decorations provider vscode.git 272
2023-12-23 19:55:15.473 [warning] [Decorations] CAPPING events from decorations provider vscode.git 272
2023-12-23 19:55:20.537 [warning] [Decorations] CAPPING events from decorations provider vscode.git 272
2023-12-23 19:55:27.251 [warning] [Decorations] CAPPING events from decorations provider vscode.git 272
2023-12-23 19:55:32.318 [warning] [Decorations] CAPPING events from decorations provider vscode.git 272
2023-12-23 19:55:37.380 [warning] [Decorations] CAPPING events from decorations provider vscode.git 272
2023-12-23 19:55:42.453 [warning] [Decorations] CAPPING events from decorations provider vscode.git 272
2023-12-23 19:55:47.517 [warning] [Decorations] CAPPING events from decorations provider vscode.git 272
2023-12-23 19:55:52.582 [warning] [Decorations] CAPPING events from decorations provider vscode.git 272
2023-12-23 19:55:57.649 [warning] [Decorations] CAPPING events from decorations provider vscode.git 272
2023-12-23 19:56:02.706 [warning] [Decorations] CAPPING events from decorations provider vscode.git 272
2023-12-23 19:56:07.773 [warning] [Decorations] CAPPING events from decorations provider vscode.git 272
2023-12-23 19:56:12.838 [warning] [Decorations] CAPPING events from decorations provider vscode.git 272
2023-12-23 19:56:17.909 [warning] [Decorations] CAPPING events from decorations provider vscode.git 272
2023-12-23 19:56:22.976 [warning] [Decorations] CAPPING events from decorations provider vscode.git 272
2023-12-23 19:56:28.021 [warning] [Decorations] CAPPING events from decorations provider vscode.git 272
2023-12-23 19:56:33.137 [warning] [Decorations] CAPPING events from decorations provider vscode.git 273
2023-12-23 19:56:38.211 [warning] [Decorations] CAPPING events from decorations provider vscode.git 272
2023-12-23 19:56:43.282 [warning] [Decorations] CAPPING events from decorations provider vscode.git 272
2023-12-23 19:56:48.338 [warning] [Decorations] CAPPING events from decorations provider vscode.git 273
2023-12-23 19:56:57.153 [warning] [Decorations] CAPPING events from decorations provider vscode.git 273
2023-12-23 19:57:04.526 [warning] [Decorations] CAPPING events from decorations provider vscode.git 273
2023-12-23 19:57:09.589 [warning] [Decorations] CAPPING events from decorations provider vscode.git 273
2023-12-23 19:57:21.266 [warning] [Decorations] CAPPING events from decorations provider vscode.git 274
2023-12-23 19:57:26.331 [warning] [Decorations] CAPPING events from decorations provider vscode.git 274
2023-12-23 19:57:31.396 [warning] [Decorations] CAPPING events from decorations provider vscode.git 275
2023-12-23 19:57:36.450 [warning] [Decorations] CAPPING events from decorations provider vscode.git 275
2023-12-23 19:57:41.508 [warning] [Decorations] CAPPING events from decorations provider vscode.git 276
2023-12-23 19:57:46.572 [warning] [Decorations] CAPPING events from decorations provider vscode.git 276
2023-12-23 19:57:51.637 [warning] [Decorations] CAPPING events from decorations provider vscode.git 276
2023-12-23 19:57:56.692 [warning] [Decorations] CAPPING events from decorations provider vscode.git 276
2023-12-23 19:58:01.752 [warning] [Decorations] CAPPING events from decorations provider vscode.git 276
2023-12-23 19:58:06.825 [warning] [Decorations] CAPPING events from decorations provider vscode.git 278
2023-12-23 19:58:34.843 [warning] [Decorations] CAPPING events from decorations provider vscode.git 276
2023-12-23 19:58:53.732 [warning] [Decorations] CAPPING events from decorations provider vscode.git 276
2023-12-23 19:58:59.771 [warning] [Decorations] CAPPING events from decorations provider vscode.git 276
2023-12-23 19:59:04.839 [warning] [Decorations] CAPPING events from decorations provider vscode.git 276
2023-12-23 19:59:09.894 [warning] [Decorations] CAPPING events from decorations provider vscode.git 276
2023-12-23 19:59:14.961 [warning] [Decorations] CAPPING events from decorations provider vscode.git 276
2023-12-23 19:59:20.024 [warning] [Decorations] CAPPING events from decorations provider vscode.git 277
2023-12-23 19:59:25.101 [warning] [Decorations] CAPPING events from decorations provider vscode.git 278
2023-12-23 19:59:30.168 [warning] [Decorations] CAPPING events from decorations provider vscode.git 277
2023-12-23 19:59:35.232 [warning] [Decorations] CAPPING events from decorations provider vscode.git 278
2023-12-23 19:59:40.382 [warning] [Decorations] CAPPING events from decorations provider vscode.git 279
2023-12-23 19:59:57.795 [warning] [Decorations] CAPPING events from decorations provider vscode.git 278
2023-12-23 20:00:02.869 [warning] [Decorations] CAPPING events from decorations provider vscode.git 278
2023-12-23 20:00:07.948 [warning] [Decorations] CAPPING events from decorations provider vscode.git 279
2023-12-23 20:00:12.999 [warning] [Decorations] CAPPING events from decorations provider vscode.git 279
2023-12-23 20:00:20.021 [warning] [Decorations] CAPPING events from decorations provider vscode.git 279
2023-12-23 20:00:25.085 [warning] [Decorations] CAPPING events from decorations provider vscode.git 280
2023-12-23 20:00:30.186 [warning] [Decorations] CAPPING events from decorations provider vscode.git 281
2023-12-23 20:00:35.250 [warning] [Decorations] CAPPING events from decorations provider vscode.git 280
2023-12-23 20:00:40.305 [warning] [Decorations] CAPPING events from decorations provider vscode.git 281
2023-12-23 20:01:10.064 [warning] [Decorations] CAPPING events from decorations provider vscode.git 281
2023-12-23 20:01:15.129 [warning] [Decorations] CAPPING events from decorations provider vscode.git 282
2023-12-23 20:01:20.286 [warning] [Decorations] CAPPING events from decorations provider vscode.git 283
2023-12-23 20:01:25.370 [warning] [Decorations] CAPPING events from decorations provider vscode.git 283
2023-12-23 20:01:30.434 [warning] [Decorations] CAPPING events from decorations provider vscode.git 283
2023-12-23 20:01:35.493 [warning] [Decorations] CAPPING events from decorations provider vscode.git 283
2023-12-23 20:01:40.572 [warning] [Decorations] CAPPING events from decorations provider vscode.git 283
2023-12-23 20:01:45.680 [warning] [Decorations] CAPPING events from decorations provider vscode.git 284
2023-12-23 20:02:40.725 [warning] [Decorations] CAPPING events from decorations provider vscode.git 283
2023-12-23 20:02:45.786 [warning] [Decorations] CAPPING events from decorations provider vscode.git 283
2023-12-23 20:02:50.849 [warning] [Decorations] CAPPING events from decorations provider vscode.git 284
2023-12-23 20:02:55.895 [warning] [Decorations] CAPPING events from decorations provider vscode.git 284
2023-12-23 20:03:00.966 [warning] [Decorations] CAPPING events from decorations provider vscode.git 284
2023-12-23 20:03:06.034 [warning] [Decorations] CAPPING events from decorations provider vscode.git 284
2023-12-23 20:03:11.095 [warning] [Decorations] CAPPING events from decorations provider vscode.git 284
2023-12-23 20:03:16.176 [warning] [Decorations] CAPPING events from decorations provider vscode.git 285
2023-12-23 20:03:21.235 [warning] [Decorations] CAPPING events from decorations provider vscode.git 285
2023-12-23 20:03:26.300 [warning] [Decorations] CAPPING events from decorations provider vscode.git 285
2023-12-23 20:04:07.002 [warning] [Decorations] CAPPING events from decorations provider vscode.git 285
2023-12-23 20:04:12.071 [warning] [Decorations] CAPPING events from decorations provider vscode.git 285
2023-12-23 20:04:17.130 [warning] [Decorations] CAPPING events from decorations provider vscode.git 285
2023-12-23 20:04:22.196 [warning] [Decorations] CAPPING events from decorations provider vscode.git 285
2023-12-23 20:04:27.264 [warning] [Decorations] CAPPING events from decorations provider vscode.git 285
2023-12-23 20:04:32.326 [warning] [Decorations] CAPPING events from decorations provider vscode.git 285
2023-12-23 20:04:37.383 [warning] [Decorations] CAPPING events from decorations provider vscode.git 285
2023-12-23 20:04:42.448 [warning] [Decorations] CAPPING events from decorations provider vscode.git 285
2023-12-23 20:04:47.504 [warning] [Decorations] CAPPING events from decorations provider vscode.git 285
2023-12-23 20:04:52.570 [warning] [Decorations] CAPPING events from decorations provider vscode.git 285
2023-12-23 20:04:57.641 [warning] [Decorations] CAPPING events from decorations provider vscode.git 285
2023-12-23 20:05:02.690 [warning] [Decorations] CAPPING events from decorations provider vscode.git 285
2023-12-23 20:05:07.756 [warning] [Decorations] CAPPING events from decorations provider vscode.git 285
2023-12-23 20:05:12.824 [warning] [Decorations] CAPPING events from decorations provider vscode.git 285
2023-12-23 20:05:17.892 [warning] [Decorations] CAPPING events from decorations provider vscode.git 285
2023-12-23 20:05:22.965 [warning] [Decorations] CAPPING events from decorations provider vscode.git 285
2023-12-23 20:05:28.034 [warning] [Decorations] CAPPING events from decorations provider vscode.git 285
2023-12-23 20:05:33.089 [warning] [Decorations] CAPPING events from decorations provider vscode.git 285
2023-12-23 20:05:38.167 [warning] [Decorations] CAPPING events from decorations provider vscode.git 285
2023-12-23 20:05:43.239 [warning] [Decorations] CAPPING events from decorations provider vscode.git 285
2023-12-23 20:05:48.306 [warning] [Decorations] CAPPING events from decorations provider vscode.git 285
2023-12-23 20:05:53.375 [warning] [Decorations] CAPPING events from decorations provider vscode.git 285
2023-12-23 20:05:58.441 [warning] [Decorations] CAPPING events from decorations provider vscode.git 285
2023-12-23 20:06:03.495 [warning] [Decorations] CAPPING events from decorations provider vscode.git 285
2023-12-23 20:06:13.555 [warning] [Decorations] CAPPING events from decorations provider vscode.git 285
2023-12-23 20:06:18.627 [warning] [Decorations] CAPPING events from decorations provider vscode.git 285
2023-12-23 20:06:25.175 [warning] [Decorations] CAPPING events from decorations provider vscode.git 286
2023-12-23 20:06:30.241 [warning] [Decorations] CAPPING events from decorations provider vscode.git 286
2023-12-23 20:06:35.293 [warning] [Decorations] CAPPING events from decorations provider vscode.git 286
2023-12-23 20:06:40.359 [warning] [Decorations] CAPPING events from decorations provider vscode.git 286
2023-12-23 20:06:45.429 [warning] [Decorations] CAPPING events from decorations provider vscode.git 287
2023-12-23 20:06:50.485 [warning] [Decorations] CAPPING events from decorations provider vscode.git 286
2023-12-23 20:06:55.552 [warning] [Decorations] CAPPING events from decorations provider vscode.git 287
2023-12-23 20:07:00.615 [warning] [Decorations] CAPPING events from decorations provider vscode.git 287
2023-12-23 20:07:05.672 [warning] [Decorations] CAPPING events from decorations provider vscode.git 287
2023-12-23 20:07:10.734 [warning] [Decorations] CAPPING events from decorations provider vscode.git 287
2023-12-23 20:07:15.790 [warning] [Decorations] CAPPING events from decorations provider vscode.git 287
2023-12-23 20:07:20.856 [warning] [Decorations] CAPPING events from decorations provider vscode.git 287
2023-12-23 20:07:25.922 [warning] [Decorations] CAPPING events from decorations provider vscode.git 287
2023-12-23 20:07:30.978 [warning] [Decorations] CAPPING events from decorations provider vscode.git 287
2023-12-23 20:08:03.715 [warning] [Decorations] CAPPING events from decorations provider vscode.git 288
2023-12-23 20:08:08.774 [warning] [Decorations] CAPPING events from decorations provider vscode.git 287
2023-12-23 20:08:13.837 [warning] [Decorations] CAPPING events from decorations provider vscode.git 287
2023-12-23 20:08:18.884 [warning] [Decorations] CAPPING events from decorations provider vscode.git 288
2023-12-23 20:08:55.210 [warning] [Decorations] CAPPING events from decorations provider vscode.git 288
2023-12-23 20:09:00.272 [warning] [Decorations] CAPPING events from decorations provider vscode.git 288
2023-12-23 20:09:05.331 [warning] [Decorations] CAPPING events from decorations provider vscode.git 288
2023-12-23 20:09:10.389 [warning] [Decorations] CAPPING events from decorations provider vscode.git 288
2023-12-23 20:09:15.442 [warning] [Decorations] CAPPING events from decorations provider vscode.git 288
2023-12-23 20:09:20.492 [warning] [Decorations] CAPPING events from decorations provider vscode.git 288
2023-12-23 20:09:25.560 [warning] [Decorations] CAPPING events from decorations provider vscode.git 288
2023-12-23 20:09:30.624 [warning] [Decorations] CAPPING events from decorations provider vscode.git 288
2023-12-23 20:09:35.673 [warning] [Decorations] CAPPING events from decorations provider vscode.git 288
2023-12-23 20:11:13.276 [warning] [Decorations] CAPPING events from decorations provider vscode.git 288
2023-12-23 20:11:18.345 [warning] [Decorations] CAPPING events from decorations provider vscode.git 288
2023-12-23 20:11:29.188 [warning] [Decorations] CAPPING events from decorations provider vscode.git 289
2023-12-23 20:11:34.284 [warning] [Decorations] CAPPING events from decorations provider vscode.git 289
2023-12-23 20:12:35.439 [warning] [Decorations] CAPPING events from decorations provider vscode.git 289
2023-12-23 20:12:40.502 [warning] [Decorations] CAPPING events from decorations provider vscode.git 289
2023-12-23 20:12:45.560 [warning] [Decorations] CAPPING events from decorations provider vscode.git 289
2023-12-23 20:13:17.768 [warning] [Decorations] CAPPING events from decorations provider vscode.git 289
2023-12-23 20:13:22.837 [warning] [Decorations] CAPPING events from decorations provider vscode.git 289
2023-12-23 20:13:27.893 [warning] [Decorations] CAPPING events from decorations provider vscode.git 290
2023-12-23 20:13:32.958 [warning] [Decorations] CAPPING events from decorations provider vscode.git 290
2023-12-23 20:13:38.008 [warning] [Decorations] CAPPING events from decorations provider vscode.git 290
2023-12-23 20:13:43.074 [warning] [Decorations] CAPPING events from decorations provider vscode.git 290
2023-12-23 20:13:48.127 [warning] [Decorations] CAPPING events from decorations provider vscode.git 290
2023-12-23 20:13:53.254 [warning] [Decorations] CAPPING events from decorations provider vscode.git 291
2023-12-23 20:13:58.320 [warning] [Decorations] CAPPING events from decorations provider vscode.git 290
2023-12-23 20:14:03.375 [warning] [Decorations] CAPPING events from decorations provider vscode.git 290
2023-12-23 20:14:10.835 [warning] [Decorations] CAPPING events from decorations provider vscode.git 290
2023-12-23 20:14:15.897 [warning] [Decorations] CAPPING events from decorations provider vscode.git 290
2023-12-23 20:14:20.962 [warning] [Decorations] CAPPING events from decorations provider vscode.git 290
2023-12-23 20:14:26.029 [warning] [Decorations] CAPPING events from decorations provider vscode.git 290
2023-12-23 20:14:31.076 [warning] [Decorations] CAPPING events from decorations provider vscode.git 290
2023-12-23 20:14:36.133 [warning] [Decorations] CAPPING events from decorations provider vscode.git 290
2023-12-23 20:14:41.183 [warning] [Decorations] CAPPING events from decorations provider vscode.git 290
2023-12-23 20:14:46.238 [warning] [Decorations] CAPPING events from decorations provider vscode.git 290
2023-12-23 20:14:51.287 [warning] [Decorations] CAPPING events from decorations provider vscode.git 290
2023-12-23 20:14:56.354 [warning] [Decorations] CAPPING events from decorations provider vscode.git 290
2023-12-23 20:15:01.418 [warning] [Decorations] CAPPING events from decorations provider vscode.git 290
2023-12-23 20:15:06.472 [warning] [Decorations] CAPPING events from decorations provider vscode.git 290
2023-12-23 20:15:11.538 [warning] [Decorations] CAPPING events from decorations provider vscode.git 290
2023-12-23 20:15:16.601 [warning] [Decorations] CAPPING events from decorations provider vscode.git 290
2023-12-23 20:15:21.662 [warning] [Decorations] CAPPING events from decorations provider vscode.git 290
2023-12-23 20:15:26.721 [warning] [Decorations] CAPPING events from decorations provider vscode.git 290
2023-12-23 20:15:31.771 [warning] [Decorations] CAPPING events from decorations provider vscode.git 291
2023-12-23 20:15:36.838 [warning] [Decorations] CAPPING events from decorations provider vscode.git 291
2023-12-23 20:15:41.916 [warning] [Decorations] CAPPING events from decorations provider vscode.git 292
2023-12-23 20:16:18.610 [warning] [Decorations] CAPPING events from decorations provider vscode.git 291
2023-12-23 20:16:23.666 [warning] [Decorations] CAPPING events from decorations provider vscode.git 291
2023-12-23 20:16:28.771 [warning] [Decorations] CAPPING events from decorations provider vscode.git 292
2023-12-23 20:16:44.533 [warning] [Decorations] CAPPING events from decorations provider vscode.git 292
2023-12-23 20:16:49.581 [warning] [Decorations] CAPPING events from decorations provider vscode.git 292
2023-12-23 20:16:54.648 [warning] [Decorations] CAPPING events from decorations provider vscode.git 292
2023-12-23 20:16:59.716 [warning] [Decorations] CAPPING events from decorations provider vscode.git 292
2023-12-23 20:17:04.770 [warning] [Decorations] CAPPING events from decorations provider vscode.git 292
2023-12-23 20:17:09.835 [warning] [Decorations] CAPPING events from decorations provider vscode.git 292
2023-12-23 20:17:14.894 [warning] [Decorations] CAPPING events from decorations provider vscode.git 292
2023-12-23 20:17:19.965 [warning] [Decorations] CAPPING events from decorations provider vscode.git 293
2023-12-23 20:17:25.031 [warning] [Decorations] CAPPING events from decorations provider vscode.git 293
2023-12-23 20:17:30.081 [warning] [Decorations] CAPPING events from decorations provider vscode.git 293
2023-12-23 20:17:35.148 [warning] [Decorations] CAPPING events from decorations provider vscode.git 293
2023-12-23 20:17:40.212 [warning] [Decorations] CAPPING events from decorations provider vscode.git 293
2023-12-23 20:17:45.266 [warning] [Decorations] CAPPING events from decorations provider vscode.git 293
2023-12-23 20:17:50.353 [warning] [Decorations] CAPPING events from decorations provider vscode.git 294
2023-12-23 20:17:58.418 [warning] [Decorations] CAPPING events from decorations provider vscode.git 293
2023-12-23 20:18:03.478 [warning] [Decorations] CAPPING events from decorations provider vscode.git 294
2023-12-23 20:18:08.540 [warning] [Decorations] CAPPING events from decorations provider vscode.git 294
2023-12-23 20:18:13.601 [warning] [Decorations] CAPPING events from decorations provider vscode.git 294
2023-12-23 20:18:18.695 [warning] [Decorations] CAPPING events from decorations provider vscode.git 295
2023-12-23 20:18:37.288 [warning] [Decorations] CAPPING events from decorations provider vscode.git 294
2023-12-23 20:18:42.372 [warning] [Decorations] CAPPING events from decorations provider vscode.git 294
2023-12-23 20:18:47.438 [warning] [Decorations] CAPPING events from decorations provider vscode.git 294
2023-12-23 20:18:52.496 [warning] [Decorations] CAPPING events from decorations provider vscode.git 296
2023-12-23 20:18:57.561 [warning] [Decorations] CAPPING events from decorations provider vscode.git 296
2023-12-23 20:19:40.105 [warning] [Decorations] CAPPING events from decorations provider vscode.git 297
2023-12-23 20:19:45.170 [warning] [Decorations] CAPPING events from decorations provider vscode.git 297
2023-12-23 20:19:50.233 [warning] [Decorations] CAPPING events from decorations provider vscode.git 297
2023-12-23 20:19:55.295 [warning] [Decorations] CAPPING events from decorations provider vscode.git 297
2023-12-23 20:20:00.354 [warning] [Decorations] CAPPING events from decorations provider vscode.git 297
2023-12-23 20:20:05.432 [warning] [Decorations] CAPPING events from decorations provider vscode.git 297
2023-12-23 20:20:10.490 [warning] [Decorations] CAPPING events from decorations provider vscode.git 297
2023-12-23 20:20:15.569 [warning] [Decorations] CAPPING events from decorations provider vscode.git 297
2023-12-23 20:20:20.635 [warning] [Decorations] CAPPING events from decorations provider vscode.git 297
2023-12-23 20:20:25.700 [warning] [Decorations] CAPPING events from decorations provider vscode.git 297
2023-12-23 20:20:30.757 [warning] [Decorations] CAPPING events from decorations provider vscode.git 297
2023-12-23 20:20:35.825 [warning] [Decorations] CAPPING events from decorations provider vscode.git 297
2023-12-23 20:20:40.871 [warning] [Decorations] CAPPING events from decorations provider vscode.git 297
2023-12-23 20:20:45.925 [warning] [Decorations] CAPPING events from decorations provider vscode.git 297
2023-12-23 20:20:50.972 [warning] [Decorations] CAPPING events from decorations provider vscode.git 297
2023-12-23 20:20:56.042 [warning] [Decorations] CAPPING events from decorations provider vscode.git 297
2023-12-23 20:21:01.101 [warning] [Decorations] CAPPING events from decorations provider vscode.git 297
2023-12-23 20:21:06.168 [warning] [Decorations] CAPPING events from decorations provider vscode.git 297
2023-12-23 20:21:11.231 [warning] [Decorations] CAPPING events from decorations provider vscode.git 297
2023-12-23 20:21:16.293 [warning] [Decorations] CAPPING events from decorations provider vscode.git 297
2023-12-23 20:21:21.350 [warning] [Decorations] CAPPING events from decorations provider vscode.git 297
2023-12-23 20:21:26.420 [warning] [Decorations] CAPPING events from decorations provider vscode.git 297
2023-12-23 20:21:31.489 [warning] [Decorations] CAPPING events from decorations provider vscode.git 297
2023-12-23 20:21:36.550 [warning] [Decorations] CAPPING events from decorations provider vscode.git 297
2023-12-23 20:21:41.616 [warning] [Decorations] CAPPING events from decorations provider vscode.git 297
2023-12-23 20:21:46.674 [warning] [Decorations] CAPPING events from decorations provider vscode.git 297
2023-12-23 20:21:51.738 [warning] [Decorations] CAPPING events from decorations provider vscode.git 297
2023-12-23 20:21:56.802 [warning] [Decorations] CAPPING events from decorations provider vscode.git 297
2023-12-23 20:22:01.857 [warning] [Decorations] CAPPING events from decorations provider vscode.git 297
2023-12-23 20:22:06.921 [warning] [Decorations] CAPPING events from decorations provider vscode.git 297
2023-12-23 20:22:11.974 [warning] [Decorations] CAPPING events from decorations provider vscode.git 297
2023-12-23 20:22:17.038 [warning] [Decorations] CAPPING events from decorations provider vscode.git 297
2023-12-23 20:22:22.108 [warning] [Decorations] CAPPING events from decorations provider vscode.git 297
2023-12-23 20:22:27.182 [warning] [Decorations] CAPPING events from decorations provider vscode.git 298
2023-12-23 20:22:32.243 [warning] [Decorations] CAPPING events from decorations provider vscode.git 298
2023-12-23 20:22:37.309 [warning] [Decorations] CAPPING events from decorations provider vscode.git 298
2023-12-23 20:23:18.032 [warning] [Decorations] CAPPING events from decorations provider vscode.git 298
2023-12-23 20:23:23.084 [warning] [Decorations] CAPPING events from decorations provider vscode.git 298
2023-12-23 20:23:28.145 [warning] [Decorations] CAPPING events from decorations provider vscode.git 298
2023-12-23 20:23:33.203 [warning] [Decorations] CAPPING events from decorations provider vscode.git 298
2023-12-23 20:23:38.257 [warning] [Decorations] CAPPING events from decorations provider vscode.git 298
2023-12-23 20:23:43.324 [warning] [Decorations] CAPPING events from decorations provider vscode.git 298
2023-12-23 20:23:48.377 [warning] [Decorations] CAPPING events from decorations provider vscode.git 298
2023-12-23 20:23:53.441 [warning] [Decorations] CAPPING events from decorations provider vscode.git 298
2023-12-23 20:27:50.585 [warning] [Decorations] CAPPING events from decorations provider vscode.git 299
2023-12-23 20:27:55.648 [warning] [Decorations] CAPPING events from decorations provider vscode.git 298
2023-12-23 20:28:00.715 [warning] [Decorations] CAPPING events from decorations provider vscode.git 298
2023-12-23 20:28:05.781 [warning] [Decorations] CAPPING events from decorations provider vscode.git 298
2023-12-23 20:28:10.849 [warning] [Decorations] CAPPING events from decorations provider vscode.git 300
