2023-12-25 05:04:50.048 [info] update#setState idle
2023-12-25 05:05:20.051 [info] update#setState checking for updates
2023-12-25 05:05:20.053 [info] update#setState idle
2023-12-25 06:05:20.055 [info] update#setState checking for updates
2023-12-25 06:05:20.063 [info] update#setState idle
2023-12-25 07:05:20.065 [info] update#setState checking for updates
2023-12-25 07:05:20.076 [info] update#setState idle
2023-12-25 07:47:51.318 [warning] No ptyHost heartbeat after 6 seconds
2023-12-25 07:47:51.437 [error] CodeWindow: detected unresponsive
2023-12-25 08:05:20.076 [info] update#setState checking for updates
2023-12-25 08:05:20.088 [info] update#setState idle
2023-12-25 08:18:49.367 [warning] No ptyHost heartbeat after 6 seconds
2023-12-25 08:25:40.275 [warning] No ptyHost heartbeat after 6 seconds
2023-12-25 08:27:50.896 [error] CodeWindow: detected unresponsive
2023-12-25 09:05:20.089 [info] update#setState checking for updates
2023-12-25 09:05:20.099 [info] update#setState idle
2023-12-25 10:05:20.099 [info] update#setState checking for updates
2023-12-25 10:05:20.101 [info] update#setState idle
2023-12-25 11:05:20.101 [info] update#setState checking for updates
2023-12-25 11:05:20.103 [info] update#setState idle
2023-12-25 12:05:20.103 [info] update#setState checking for updates
2023-12-25 12:05:20.106 [info] update#setState idle
2023-12-25 13:05:20.104 [info] update#setState checking for updates
2023-12-25 13:05:20.107 [info] update#setState idle
2023-12-25 14:05:20.105 [info] update#setState checking for updates
2023-12-25 14:05:20.107 [info] update#setState idle
2023-12-25 15:05:20.107 [info] update#setState checking for updates
2023-12-25 15:05:20.110 [info] update#setState idle
2023-12-25 16:05:20.109 [info] update#setState checking for updates
2023-12-25 16:05:20.111 [info] update#setState idle
2023-12-25 17:04:43.926 [info] Extension host with pid 8481 exited with code: 0, signal: unknown.
