2024-01-13 14:38:10.774 [info] update#setState idle
2024-01-13 14:38:40.778 [info] update#setState checking for updates
2024-01-13 14:38:40.779 [info] update#setState idle
2024-01-13 15:38:40.780 [info] update#setState checking for updates
2024-01-13 15:38:40.790 [info] update#setState idle
2024-01-13 16:38:40.790 [info] update#setState checking for updates
2024-01-13 16:38:40.800 [info] update#setState idle
2024-01-13 17:38:40.801 [info] update#setState checking for updates
2024-01-13 17:38:40.810 [info] update#setState idle
2024-01-13 18:38:40.811 [info] update#setState checking for updates
2024-01-13 18:38:40.819 [info] update#setState idle
2024-01-13 19:38:40.820 [info] update#setState checking for updates
2024-01-13 19:38:40.828 [info] update#setState idle
2024-01-13 20:38:40.827 [info] update#setState checking for updates
2024-01-13 20:38:40.835 [info] update#setState idle
2024-01-13 21:38:40.835 [info] update#setState checking for updates
2024-01-13 21:38:40.850 [info] update#setState idle
2024-01-13 21:54:40.975 [warning] No ptyHost heartbeat after 6 seconds
2024-01-13 21:55:46.571 [warning] No ptyHost heartbeat after 6 seconds
2024-01-13 21:56:25.703 [warning] No ptyHost heartbeat after 6 seconds
2024-01-13 21:57:18.398 [warning] No ptyHost heartbeat after 6 seconds
2024-01-13 21:57:26.723 [warning] No ptyHost heartbeat after 6 seconds
2024-01-13 22:07:12.823 [warning] No ptyHost heartbeat after 6 seconds
2024-01-13 22:07:15.366 [error] CodeWindow: renderer process gone (reason: killed, code: 9)
2024-01-13 22:07:16.342 [info] Extension host with pid 3534 exited with code: 0, signal: unknown.
