2024-01-19 10:06:47.202 [info] Extension host with pid 13033 started
2024-01-19 10:06:47.202 [info] Skipping acquiring lock for /opt/lampp/htdocs/PoliceMend/FrontEnd/User/workspaceStorage/be769c1f6968d66de036622ddfb1b3c5.
2024-01-19 10:06:47.318 [info] ExtensionService#_doActivateExtension vscode.emmet, startup: false, activationEvent: 'onLanguage'
2024-01-19 10:06:47.325 [info] ExtensionService#_doActivateExtension vscode.typescript-language-features, startup: false, activationEvent: 'onLanguage:typescript'
2024-01-19 10:06:47.355 [info] ExtensionService#_doActivateExtension Angular.ng-template, startup: false, activationEvent: 'onLanguage:typescript'
2024-01-19 10:06:47.686 [info] ExtensionService#_doActivateExtension vscode.git-base, startup: true, activationEvent: '*', root cause: vscode.git
2024-01-19 10:06:47.690 [info] ExtensionService#_doActivateExtension vscode.npm, startup: true, activationEvent: 'workspaceContains:package.json'
2024-01-19 10:06:47.850 [info] ExtensionService#_doActivateExtension vscode.git, startup: true, activationEvent: '*'
2024-01-19 10:06:47.892 [info] ExtensionService#_doActivateExtension vscode.github, startup: true, activationEvent: '*'
2024-01-19 10:06:48.622 [info] Eager extensions activated
2024-01-19 10:06:48.849 [info] ExtensionService#_doActivateExtension vscode.debug-auto-launch, startup: false, activationEvent: 'onStartupFinished'
2024-01-19 10:06:48.860 [info] ExtensionService#_doActivateExtension vscode.merge-conflict, startup: false, activationEvent: 'onStartupFinished'
2024-01-19 10:06:48.880 [info] ExtensionService#_doActivateExtension esbenp.prettier-vscode, startup: false, activationEvent: 'onStartupFinished'
2024-01-19 10:06:49.249 [info] ExtensionService#_doActivateExtension vscode.github-authentication, startup: false, activationEvent: 'onAuthenticationRequest:github'
2024-01-19 10:29:42.040 [info] ExtensionService#_doActivateExtension vscode.json-language-features, startup: false, activationEvent: 'onLanguage:jsonc'
2024-01-19 10:30:58.494 [info] ExtensionService#_doActivateExtension mikerhyssmith.ts-barrelr, startup: false, activationEvent: 'onCommand:extension.barrel'
2024-01-19 10:31:13.889 [info] ExtensionService#_doActivateExtension vscode.html-language-features, startup: false, activationEvent: 'onLanguage:html'
2024-01-19 10:55:07.106 [info] ExtensionService#_doActivateExtension vscode.css-language-features, startup: false, activationEvent: 'onLanguage:scss'
2024-01-19 11:25:59.671 [warning] [Decorations] CAPPING events from decorations provider vscode.git 254
2024-01-19 11:26:05.636 [warning] [Decorations] CAPPING events from decorations provider vscode.git 254
2024-01-19 11:26:10.714 [warning] [Decorations] CAPPING events from decorations provider vscode.git 254
2024-01-19 11:26:15.796 [warning] [Decorations] CAPPING events from decorations provider vscode.git 254
2024-01-19 11:26:26.666 [warning] [Decorations] CAPPING events from decorations provider vscode.git 255
2024-01-19 11:26:31.760 [warning] [Decorations] CAPPING events from decorations provider vscode.git 255
2024-01-19 11:26:36.830 [warning] [Decorations] CAPPING events from decorations provider vscode.git 255
2024-01-19 11:26:41.909 [warning] [Decorations] CAPPING events from decorations provider vscode.git 255
2024-01-19 11:26:46.981 [warning] [Decorations] CAPPING events from decorations provider vscode.git 255
2024-01-19 11:26:52.096 [warning] [Decorations] CAPPING events from decorations provider vscode.git 255
2024-01-19 11:27:12.390 [warning] [Decorations] CAPPING events from decorations provider vscode.git 255
2024-01-19 11:27:17.516 [warning] [Decorations] CAPPING events from decorations provider vscode.git 255
2024-01-19 11:27:22.607 [warning] [Decorations] CAPPING events from decorations provider vscode.git 255
2024-01-19 11:27:27.834 [warning] [Decorations] CAPPING events from decorations provider vscode.git 256
2024-01-19 11:27:32.910 [warning] [Decorations] CAPPING events from decorations provider vscode.git 256
2024-01-19 11:27:37.983 [warning] [Decorations] CAPPING events from decorations provider vscode.git 256
2024-01-19 11:27:43.051 [warning] [Decorations] CAPPING events from decorations provider vscode.git 256
2024-01-19 11:27:48.120 [warning] [Decorations] CAPPING events from decorations provider vscode.git 256
2024-01-19 11:27:57.446 [warning] [Decorations] CAPPING events from decorations provider vscode.git 256
2024-01-19 11:28:02.520 [warning] [Decorations] CAPPING events from decorations provider vscode.git 256
2024-01-19 11:28:07.595 [warning] [Decorations] CAPPING events from decorations provider vscode.git 257
2024-01-19 11:28:12.669 [warning] [Decorations] CAPPING events from decorations provider vscode.git 257
2024-01-19 11:28:17.751 [warning] [Decorations] CAPPING events from decorations provider vscode.git 257
2024-01-19 11:28:22.817 [warning] [Decorations] CAPPING events from decorations provider vscode.git 257
2024-01-19 11:28:27.916 [warning] [Decorations] CAPPING events from decorations provider vscode.git 257
2024-01-19 11:28:33.004 [warning] [Decorations] CAPPING events from decorations provider vscode.git 257
2024-01-19 11:28:38.085 [warning] [Decorations] CAPPING events from decorations provider vscode.git 257
2024-01-19 11:28:43.192 [warning] [Decorations] CAPPING events from decorations provider vscode.git 258
2024-01-19 11:28:48.265 [warning] [Decorations] CAPPING events from decorations provider vscode.git 257
2024-01-19 11:28:53.340 [warning] [Decorations] CAPPING events from decorations provider vscode.git 257
2024-01-19 11:28:58.419 [warning] [Decorations] CAPPING events from decorations provider vscode.git 257
2024-01-19 11:29:03.496 [warning] [Decorations] CAPPING events from decorations provider vscode.git 257
2024-01-19 11:29:08.560 [warning] [Decorations] CAPPING events from decorations provider vscode.git 257
2024-01-19 11:29:13.635 [warning] [Decorations] CAPPING events from decorations provider vscode.git 257
2024-01-19 11:29:18.709 [warning] [Decorations] CAPPING events from decorations provider vscode.git 257
2024-01-19 11:29:23.781 [warning] [Decorations] CAPPING events from decorations provider vscode.git 257
2024-01-19 11:29:28.858 [warning] [Decorations] CAPPING events from decorations provider vscode.git 257
2024-01-19 11:29:33.931 [warning] [Decorations] CAPPING events from decorations provider vscode.git 258
2024-01-19 11:29:39.057 [warning] [Decorations] CAPPING events from decorations provider vscode.git 259
2024-01-19 11:30:10.684 [warning] [Decorations] CAPPING events from decorations provider vscode.git 258
2024-01-19 11:30:15.759 [warning] [Decorations] CAPPING events from decorations provider vscode.git 258
2024-01-19 11:30:20.829 [warning] [Decorations] CAPPING events from decorations provider vscode.git 258
2024-01-19 11:30:25.899 [warning] [Decorations] CAPPING events from decorations provider vscode.git 258
2024-01-19 11:30:30.977 [warning] [Decorations] CAPPING events from decorations provider vscode.git 259
2024-01-19 11:30:38.507 [warning] [Decorations] CAPPING events from decorations provider vscode.git 260
2024-01-19 11:30:43.578 [warning] [Decorations] CAPPING events from decorations provider vscode.git 259
2024-01-19 11:30:48.655 [warning] [Decorations] CAPPING events from decorations provider vscode.git 259
2024-01-19 11:30:54.116 [warning] [Decorations] CAPPING events from decorations provider vscode.git 259
2024-01-19 11:30:59.190 [warning] [Decorations] CAPPING events from decorations provider vscode.git 260
2024-01-19 11:31:04.298 [warning] [Decorations] CAPPING events from decorations provider vscode.git 261
2024-01-19 11:31:09.399 [warning] [Decorations] CAPPING events from decorations provider vscode.git 261
2024-01-19 11:31:18.009 [warning] [Decorations] CAPPING events from decorations provider vscode.git 260
2024-01-19 11:31:25.112 [warning] [Decorations] CAPPING events from decorations provider vscode.git 260
2024-01-19 11:31:30.185 [warning] [Decorations] CAPPING events from decorations provider vscode.git 260
2024-01-19 11:31:41.942 [warning] [Decorations] CAPPING events from decorations provider vscode.git 260
2024-01-19 11:31:48.807 [warning] [Decorations] CAPPING events from decorations provider vscode.git 260
2024-01-19 11:31:53.887 [warning] [Decorations] CAPPING events from decorations provider vscode.git 260
2024-01-19 11:31:58.957 [warning] [Decorations] CAPPING events from decorations provider vscode.git 260
2024-01-19 11:32:04.027 [warning] [Decorations] CAPPING events from decorations provider vscode.git 260
2024-01-19 11:32:29.631 [warning] [Decorations] CAPPING events from decorations provider vscode.git 261
2024-01-19 11:32:34.738 [warning] [Decorations] CAPPING events from decorations provider vscode.git 262
2024-01-19 11:32:39.860 [warning] [Decorations] CAPPING events from decorations provider vscode.git 262
2024-01-19 11:34:16.554 [warning] [Decorations] CAPPING events from decorations provider vscode.git 264
2024-01-19 11:34:50.265 [warning] [Decorations] CAPPING events from decorations provider vscode.git 264
2024-01-19 11:34:55.342 [warning] [Decorations] CAPPING events from decorations provider vscode.git 264
2024-01-19 11:35:00.422 [warning] [Decorations] CAPPING events from decorations provider vscode.git 264
2024-01-19 11:35:05.506 [warning] [Decorations] CAPPING events from decorations provider vscode.git 265
2024-01-19 11:35:37.760 [warning] [Decorations] CAPPING events from decorations provider vscode.git 266
2024-01-19 11:35:42.833 [warning] [Decorations] CAPPING events from decorations provider vscode.git 265
2024-01-19 11:35:47.908 [warning] [Decorations] CAPPING events from decorations provider vscode.git 266
2024-01-19 11:35:52.994 [warning] [Decorations] CAPPING events from decorations provider vscode.git 267
2024-01-19 11:35:58.069 [warning] [Decorations] CAPPING events from decorations provider vscode.git 266
2024-01-19 11:36:03.147 [warning] [Decorations] CAPPING events from decorations provider vscode.git 265
2024-01-19 11:36:08.225 [warning] [Decorations] CAPPING events from decorations provider vscode.git 265
2024-01-19 11:36:13.298 [warning] [Decorations] CAPPING events from decorations provider vscode.git 265
2024-01-19 11:36:18.386 [warning] [Decorations] CAPPING events from decorations provider vscode.git 265
2024-01-19 11:36:23.472 [warning] [Decorations] CAPPING events from decorations provider vscode.git 265
2024-01-19 11:36:43.601 [warning] [Decorations] CAPPING events from decorations provider vscode.git 265
2024-01-19 11:36:48.680 [warning] [Decorations] CAPPING events from decorations provider vscode.git 265
2024-01-19 11:36:53.762 [warning] [Decorations] CAPPING events from decorations provider vscode.git 265
2024-01-19 11:36:58.836 [warning] [Decorations] CAPPING events from decorations provider vscode.git 265
2024-01-19 11:37:03.908 [warning] [Decorations] CAPPING events from decorations provider vscode.git 265
2024-01-19 11:37:17.158 [warning] [Decorations] CAPPING events from decorations provider vscode.git 265
2024-01-19 11:38:32.995 [warning] [Decorations] CAPPING events from decorations provider vscode.git 265
2024-01-19 11:38:49.330 [warning] [Decorations] CAPPING events from decorations provider vscode.git 265
2024-01-19 11:38:54.440 [warning] [Decorations] CAPPING events from decorations provider vscode.git 265
2024-01-19 11:38:59.526 [warning] [Decorations] CAPPING events from decorations provider vscode.git 265
2024-01-19 11:39:04.597 [warning] [Decorations] CAPPING events from decorations provider vscode.git 265
2024-01-19 11:39:09.676 [warning] [Decorations] CAPPING events from decorations provider vscode.git 265
2024-01-19 11:39:14.743 [warning] [Decorations] CAPPING events from decorations provider vscode.git 265
2024-01-19 11:39:26.899 [warning] [Decorations] CAPPING events from decorations provider vscode.git 270
2024-01-19 11:39:31.976 [warning] [Decorations] CAPPING events from decorations provider vscode.git 270
2024-01-19 11:39:37.048 [warning] [Decorations] CAPPING events from decorations provider vscode.git 269
2024-01-19 11:39:42.145 [warning] [Decorations] CAPPING events from decorations provider vscode.git 270
2024-01-19 11:39:47.220 [warning] [Decorations] CAPPING events from decorations provider vscode.git 270
2024-01-19 11:39:52.300 [warning] [Decorations] CAPPING events from decorations provider vscode.git 270
2024-01-19 11:39:57.381 [warning] [Decorations] CAPPING events from decorations provider vscode.git 271
2024-01-19 11:40:02.454 [warning] [Decorations] CAPPING events from decorations provider vscode.git 271
2024-01-19 11:40:07.538 [warning] [Decorations] CAPPING events from decorations provider vscode.git 271
2024-01-19 11:40:12.623 [warning] [Decorations] CAPPING events from decorations provider vscode.git 271
2024-01-19 11:40:17.707 [warning] [Decorations] CAPPING events from decorations provider vscode.git 271
2024-01-19 11:40:22.782 [warning] [Decorations] CAPPING events from decorations provider vscode.git 271
2024-01-19 11:40:27.854 [warning] [Decorations] CAPPING events from decorations provider vscode.git 272
2024-01-19 11:40:32.929 [warning] [Decorations] CAPPING events from decorations provider vscode.git 272
2024-01-19 11:40:38.020 [warning] [Decorations] CAPPING events from decorations provider vscode.git 272
2024-01-19 11:40:43.100 [warning] [Decorations] CAPPING events from decorations provider vscode.git 273
2024-01-19 11:40:48.180 [warning] [Decorations] CAPPING events from decorations provider vscode.git 272
2024-01-19 11:40:53.255 [warning] [Decorations] CAPPING events from decorations provider vscode.git 272
2024-01-19 11:40:58.324 [warning] [Decorations] CAPPING events from decorations provider vscode.git 272
2024-01-19 11:41:03.425 [warning] [Decorations] CAPPING events from decorations provider vscode.git 272
2024-01-19 11:41:08.493 [warning] [Decorations] CAPPING events from decorations provider vscode.git 273
2024-01-19 11:41:13.567 [warning] [Decorations] CAPPING events from decorations provider vscode.git 273
2024-01-19 11:41:18.637 [warning] [Decorations] CAPPING events from decorations provider vscode.git 273
2024-01-19 11:41:23.703 [warning] [Decorations] CAPPING events from decorations provider vscode.git 273
2024-01-19 11:41:28.777 [warning] [Decorations] CAPPING events from decorations provider vscode.git 273
2024-01-19 11:41:33.855 [warning] [Decorations] CAPPING events from decorations provider vscode.git 273
2024-01-19 11:41:38.937 [warning] [Decorations] CAPPING events from decorations provider vscode.git 273
2024-01-19 11:41:44.012 [warning] [Decorations] CAPPING events from decorations provider vscode.git 273
2024-01-19 11:41:49.087 [warning] [Decorations] CAPPING events from decorations provider vscode.git 273
2024-01-19 11:41:54.166 [warning] [Decorations] CAPPING events from decorations provider vscode.git 273
2024-01-19 11:41:59.248 [warning] [Decorations] CAPPING events from decorations provider vscode.git 273
2024-01-19 11:42:04.327 [warning] [Decorations] CAPPING events from decorations provider vscode.git 273
2024-01-19 11:42:09.406 [warning] [Decorations] CAPPING events from decorations provider vscode.git 273
2024-01-19 11:42:14.480 [warning] [Decorations] CAPPING events from decorations provider vscode.git 273
2024-01-19 11:42:19.583 [warning] [Decorations] CAPPING events from decorations provider vscode.git 273
2024-01-19 11:42:24.650 [warning] [Decorations] CAPPING events from decorations provider vscode.git 273
2024-01-19 11:42:29.750 [warning] [Decorations] CAPPING events from decorations provider vscode.git 273
2024-01-19 11:42:34.823 [warning] [Decorations] CAPPING events from decorations provider vscode.git 273
2024-01-19 11:42:39.914 [warning] [Decorations] CAPPING events from decorations provider vscode.git 274
2024-01-19 11:42:44.986 [warning] [Decorations] CAPPING events from decorations provider vscode.git 273
2024-01-19 11:42:50.061 [warning] [Decorations] CAPPING events from decorations provider vscode.git 273
2024-01-19 11:42:55.143 [warning] [Decorations] CAPPING events from decorations provider vscode.git 273
2024-01-19 11:43:00.221 [warning] [Decorations] CAPPING events from decorations provider vscode.git 274
2024-01-19 11:43:05.290 [warning] [Decorations] CAPPING events from decorations provider vscode.git 274
2024-01-19 11:43:12.499 [warning] [Decorations] CAPPING events from decorations provider vscode.git 275
2024-01-19 11:43:17.582 [warning] [Decorations] CAPPING events from decorations provider vscode.git 274
2024-01-19 11:43:22.691 [warning] [Decorations] CAPPING events from decorations provider vscode.git 274
2024-01-19 11:43:27.801 [warning] [Decorations] CAPPING events from decorations provider vscode.git 274
2024-01-19 11:43:33.209 [warning] [Decorations] CAPPING events from decorations provider vscode.git 275
2024-01-19 11:43:38.294 [warning] [Decorations] CAPPING events from decorations provider vscode.git 275
2024-01-19 11:43:43.372 [warning] [Decorations] CAPPING events from decorations provider vscode.git 275
2024-01-19 11:43:48.441 [warning] [Decorations] CAPPING events from decorations provider vscode.git 275
2024-01-19 11:43:53.518 [warning] [Decorations] CAPPING events from decorations provider vscode.git 275
2024-01-19 11:43:58.592 [warning] [Decorations] CAPPING events from decorations provider vscode.git 275
2024-01-19 11:44:03.706 [warning] [Decorations] CAPPING events from decorations provider vscode.git 275
2024-01-19 11:44:08.784 [warning] [Decorations] CAPPING events from decorations provider vscode.git 276
2024-01-19 11:44:13.878 [warning] [Decorations] CAPPING events from decorations provider vscode.git 276
2024-01-19 11:44:18.948 [warning] [Decorations] CAPPING events from decorations provider vscode.git 277
2024-01-19 11:44:24.025 [warning] [Decorations] CAPPING events from decorations provider vscode.git 277
2024-01-19 11:44:29.107 [warning] [Decorations] CAPPING events from decorations provider vscode.git 276
2024-01-19 11:44:34.204 [warning] [Decorations] CAPPING events from decorations provider vscode.git 276
2024-01-19 11:44:39.271 [warning] [Decorations] CAPPING events from decorations provider vscode.git 276
2024-01-19 11:44:44.336 [warning] [Decorations] CAPPING events from decorations provider vscode.git 277
2024-01-19 11:44:49.417 [warning] [Decorations] CAPPING events from decorations provider vscode.git 277
2024-01-19 11:44:54.496 [warning] [Decorations] CAPPING events from decorations provider vscode.git 277
2024-01-19 11:44:59.605 [warning] [Decorations] CAPPING events from decorations provider vscode.git 277
2024-01-19 11:45:04.678 [warning] [Decorations] CAPPING events from decorations provider vscode.git 277
2024-01-19 11:45:09.759 [warning] [Decorations] CAPPING events from decorations provider vscode.git 277
2024-01-19 11:45:14.840 [warning] [Decorations] CAPPING events from decorations provider vscode.git 277
2024-01-19 11:45:19.904 [warning] [Decorations] CAPPING events from decorations provider vscode.git 277
2024-01-19 11:45:24.974 [warning] [Decorations] CAPPING events from decorations provider vscode.git 277
2024-01-19 11:45:30.049 [warning] [Decorations] CAPPING events from decorations provider vscode.git 277
2024-01-19 11:45:35.157 [warning] [Decorations] CAPPING events from decorations provider vscode.git 277
2024-01-19 11:45:40.232 [warning] [Decorations] CAPPING events from decorations provider vscode.git 277
2024-01-19 11:45:45.306 [warning] [Decorations] CAPPING events from decorations provider vscode.git 277
2024-01-19 11:45:50.380 [warning] [Decorations] CAPPING events from decorations provider vscode.git 277
2024-01-19 11:45:55.453 [warning] [Decorations] CAPPING events from decorations provider vscode.git 277
2024-01-19 11:46:00.525 [warning] [Decorations] CAPPING events from decorations provider vscode.git 277
2024-01-19 11:46:05.602 [warning] [Decorations] CAPPING events from decorations provider vscode.git 277
2024-01-19 11:46:10.690 [warning] [Decorations] CAPPING events from decorations provider vscode.git 277
2024-01-19 11:46:23.355 [warning] [Decorations] CAPPING events from decorations provider vscode.git 277
2024-01-19 11:46:28.428 [warning] [Decorations] CAPPING events from decorations provider vscode.git 277
2024-01-19 11:46:33.506 [warning] [Decorations] CAPPING events from decorations provider vscode.git 277
2024-01-19 11:46:38.585 [warning] [Decorations] CAPPING events from decorations provider vscode.git 277
2024-01-19 11:46:43.654 [warning] [Decorations] CAPPING events from decorations provider vscode.git 277
2024-01-19 11:46:48.737 [warning] [Decorations] CAPPING events from decorations provider vscode.git 277
2024-01-19 11:46:53.823 [warning] [Decorations] CAPPING events from decorations provider vscode.git 277
2024-01-19 11:46:58.910 [warning] [Decorations] CAPPING events from decorations provider vscode.git 277
2024-01-19 11:47:08.015 [warning] [Decorations] CAPPING events from decorations provider vscode.git 277
2024-01-19 11:47:13.094 [warning] [Decorations] CAPPING events from decorations provider vscode.git 278
2024-01-19 11:47:18.188 [warning] [Decorations] CAPPING events from decorations provider vscode.git 278
2024-01-19 11:47:23.375 [warning] [Decorations] CAPPING events from decorations provider vscode.git 277
2024-01-19 11:47:28.451 [warning] [Decorations] CAPPING events from decorations provider vscode.git 277
2024-01-19 11:48:58.725 [warning] [Decorations] CAPPING events from decorations provider vscode.git 277
2024-01-19 11:49:03.805 [warning] [Decorations] CAPPING events from decorations provider vscode.git 277
2024-01-19 11:49:08.925 [warning] [Decorations] CAPPING events from decorations provider vscode.git 277
2024-01-19 11:49:14.005 [warning] [Decorations] CAPPING events from decorations provider vscode.git 277
2024-01-19 11:49:19.090 [warning] [Decorations] CAPPING events from decorations provider vscode.git 277
2024-01-19 11:49:24.163 [warning] [Decorations] CAPPING events from decorations provider vscode.git 277
2024-01-19 11:49:29.253 [warning] [Decorations] CAPPING events from decorations provider vscode.git 277
2024-01-19 11:49:34.327 [warning] [Decorations] CAPPING events from decorations provider vscode.git 278
2024-01-19 11:49:39.417 [warning] [Decorations] CAPPING events from decorations provider vscode.git 279
2024-01-19 11:49:44.494 [warning] [Decorations] CAPPING events from decorations provider vscode.git 278
2024-01-19 11:50:01.279 [warning] [Decorations] CAPPING events from decorations provider vscode.git 278
2024-01-19 11:50:06.349 [warning] [Decorations] CAPPING events from decorations provider vscode.git 278
2024-01-19 11:50:11.425 [warning] [Decorations] CAPPING events from decorations provider vscode.git 278
2024-01-19 11:50:16.494 [warning] [Decorations] CAPPING events from decorations provider vscode.git 279
2024-01-19 11:50:35.713 [warning] [Decorations] CAPPING events from decorations provider vscode.git 279
2024-01-19 11:50:40.789 [warning] [Decorations] CAPPING events from decorations provider vscode.git 279
2024-01-19 11:51:42.394 [warning] [Decorations] CAPPING events from decorations provider vscode.git 279
2024-01-19 11:51:47.480 [warning] [Decorations] CAPPING events from decorations provider vscode.git 278
2024-01-19 11:51:52.559 [warning] [Decorations] CAPPING events from decorations provider vscode.git 279
2024-01-19 11:51:57.636 [warning] [Decorations] CAPPING events from decorations provider vscode.git 279
2024-01-19 11:52:40.933 [warning] [Decorations] CAPPING events from decorations provider vscode.git 281
2024-01-19 11:52:46.008 [warning] [Decorations] CAPPING events from decorations provider vscode.git 281
2024-01-19 11:52:51.082 [warning] [Decorations] CAPPING events from decorations provider vscode.git 281
2024-01-19 11:52:56.152 [warning] [Decorations] CAPPING events from decorations provider vscode.git 281
2024-01-19 11:53:01.224 [warning] [Decorations] CAPPING events from decorations provider vscode.git 282
2024-01-19 11:53:06.313 [warning] [Decorations] CAPPING events from decorations provider vscode.git 281
2024-01-19 11:53:11.387 [warning] [Decorations] CAPPING events from decorations provider vscode.git 281
2024-01-19 11:53:16.463 [warning] [Decorations] CAPPING events from decorations provider vscode.git 281
2024-01-19 11:54:56.327 [warning] [Decorations] CAPPING events from decorations provider vscode.git 281
2024-01-19 11:55:01.395 [warning] [Decorations] CAPPING events from decorations provider vscode.git 281
2024-01-19 11:55:06.472 [warning] [Decorations] CAPPING events from decorations provider vscode.git 281
2024-01-19 11:55:11.543 [warning] [Decorations] CAPPING events from decorations provider vscode.git 282
2024-01-19 11:55:16.619 [warning] [Decorations] CAPPING events from decorations provider vscode.git 282
2024-01-19 11:55:21.685 [warning] [Decorations] CAPPING events from decorations provider vscode.git 282
2024-01-19 11:55:26.759 [warning] [Decorations] CAPPING events from decorations provider vscode.git 282
2024-01-19 11:55:37.953 [warning] [Decorations] CAPPING events from decorations provider vscode.git 282
2024-01-19 11:55:43.029 [warning] [Decorations] CAPPING events from decorations provider vscode.git 282
2024-01-19 11:55:48.107 [warning] [Decorations] CAPPING events from decorations provider vscode.git 282
2024-01-19 11:55:53.186 [warning] [Decorations] CAPPING events from decorations provider vscode.git 282
2024-01-19 11:55:58.259 [warning] [Decorations] CAPPING events from decorations provider vscode.git 282
2024-01-19 11:56:03.501 [warning] [Decorations] CAPPING events from decorations provider vscode.git 283
2024-01-19 11:56:11.990 [warning] [Decorations] CAPPING events from decorations provider vscode.git 282
2024-01-19 11:56:17.063 [warning] [Decorations] CAPPING events from decorations provider vscode.git 282
2024-01-19 11:56:22.154 [warning] [Decorations] CAPPING events from decorations provider vscode.git 282
2024-01-19 11:56:27.235 [warning] [Decorations] CAPPING events from decorations provider vscode.git 282
2024-01-19 11:56:32.309 [warning] [Decorations] CAPPING events from decorations provider vscode.git 283
2024-01-19 11:56:37.379 [warning] [Decorations] CAPPING events from decorations provider vscode.git 283
2024-01-19 11:56:42.448 [warning] [Decorations] CAPPING events from decorations provider vscode.git 284
2024-01-19 11:56:47.529 [warning] [Decorations] CAPPING events from decorations provider vscode.git 284
2024-01-19 11:56:52.601 [warning] [Decorations] CAPPING events from decorations provider vscode.git 284
2024-01-19 11:56:57.719 [warning] [Decorations] CAPPING events from decorations provider vscode.git 284
2024-01-19 11:57:22.444 [warning] [Decorations] CAPPING events from decorations provider vscode.git 284
2024-01-19 11:57:27.525 [warning] [Decorations] CAPPING events from decorations provider vscode.git 284
2024-01-19 11:57:32.593 [warning] [Decorations] CAPPING events from decorations provider vscode.git 284
2024-01-19 11:57:37.663 [warning] [Decorations] CAPPING events from decorations provider vscode.git 284
2024-01-19 11:57:42.765 [warning] [Decorations] CAPPING events from decorations provider vscode.git 285
2024-01-19 11:57:47.862 [warning] [Decorations] CAPPING events from decorations provider vscode.git 284
2024-01-19 11:57:52.944 [warning] [Decorations] CAPPING events from decorations provider vscode.git 284
2024-01-19 11:57:58.025 [warning] [Decorations] CAPPING events from decorations provider vscode.git 284
2024-01-19 11:58:04.844 [warning] [Decorations] CAPPING events from decorations provider vscode.git 284
2024-01-19 11:58:09.947 [warning] [Decorations] CAPPING events from decorations provider vscode.git 285
2024-01-19 11:58:25.480 [warning] [Decorations] CAPPING events from decorations provider vscode.git 284
2024-01-19 11:58:30.564 [warning] [Decorations] CAPPING events from decorations provider vscode.git 284
2024-01-19 11:58:35.637 [warning] [Decorations] CAPPING events from decorations provider vscode.git 284
2024-01-19 11:58:40.713 [warning] [Decorations] CAPPING events from decorations provider vscode.git 284
2024-01-19 11:59:05.301 [warning] [Decorations] CAPPING events from decorations provider vscode.git 284
2024-01-19 11:59:10.371 [warning] [Decorations] CAPPING events from decorations provider vscode.git 284
2024-01-19 11:59:15.459 [warning] [Decorations] CAPPING events from decorations provider vscode.git 285
2024-01-19 11:59:40.090 [warning] [Decorations] CAPPING events from decorations provider vscode.git 285
2024-01-19 11:59:45.163 [warning] [Decorations] CAPPING events from decorations provider vscode.git 286
2024-01-19 11:59:50.254 [warning] [Decorations] CAPPING events from decorations provider vscode.git 286
2024-01-19 11:59:55.327 [warning] [Decorations] CAPPING events from decorations provider vscode.git 286
2024-01-19 12:00:00.395 [warning] [Decorations] CAPPING events from decorations provider vscode.git 286
2024-01-19 12:00:05.460 [warning] [Decorations] CAPPING events from decorations provider vscode.git 286
2024-01-19 12:00:10.527 [warning] [Decorations] CAPPING events from decorations provider vscode.git 286
2024-01-19 12:00:15.625 [warning] [Decorations] CAPPING events from decorations provider vscode.git 287
2024-01-19 12:00:20.696 [warning] [Decorations] CAPPING events from decorations provider vscode.git 286
2024-01-19 12:00:25.764 [warning] [Decorations] CAPPING events from decorations provider vscode.git 286
2024-01-19 12:00:30.834 [warning] [Decorations] CAPPING events from decorations provider vscode.git 286
2024-01-19 12:00:35.911 [warning] [Decorations] CAPPING events from decorations provider vscode.git 286
2024-01-19 12:00:40.979 [warning] [Decorations] CAPPING events from decorations provider vscode.git 286
2024-01-19 12:00:46.043 [warning] [Decorations] CAPPING events from decorations provider vscode.git 286
2024-01-19 12:00:52.327 [warning] [Decorations] CAPPING events from decorations provider vscode.git 286
2024-01-19 12:00:57.404 [warning] [Decorations] CAPPING events from decorations provider vscode.git 286
2024-01-19 12:03:57.656 [warning] [Decorations] CAPPING events from decorations provider vscode.git 288
2024-01-19 12:08:00.072 [warning] [Decorations] CAPPING events from decorations provider vscode.git 290
2024-01-19 12:08:05.141 [warning] [Decorations] CAPPING events from decorations provider vscode.git 289
2024-01-19 12:08:10.210 [warning] [Decorations] CAPPING events from decorations provider vscode.git 288
2024-01-19 12:08:15.284 [warning] [Decorations] CAPPING events from decorations provider vscode.git 288
2024-01-19 12:08:20.405 [warning] [Decorations] CAPPING events from decorations provider vscode.git 289
2024-01-19 12:08:25.478 [warning] [Decorations] CAPPING events from decorations provider vscode.git 289
2024-01-19 12:08:30.558 [warning] [Decorations] CAPPING events from decorations provider vscode.git 289
2024-01-19 12:08:35.628 [warning] [Decorations] CAPPING events from decorations provider vscode.git 289
2024-01-19 12:08:40.716 [warning] [Decorations] CAPPING events from decorations provider vscode.git 289
2024-01-19 12:08:45.782 [warning] [Decorations] CAPPING events from decorations provider vscode.git 289
2024-01-19 12:08:50.849 [warning] [Decorations] CAPPING events from decorations provider vscode.git 289
2024-01-19 12:08:55.915 [warning] [Decorations] CAPPING events from decorations provider vscode.git 289
2024-01-19 12:09:00.991 [warning] [Decorations] CAPPING events from decorations provider vscode.git 289
2024-01-19 12:09:06.067 [warning] [Decorations] CAPPING events from decorations provider vscode.git 289
2024-01-19 12:09:11.148 [warning] [Decorations] CAPPING events from decorations provider vscode.git 289
2024-01-19 12:09:16.214 [warning] [Decorations] CAPPING events from decorations provider vscode.git 289
2024-01-19 12:09:21.282 [warning] [Decorations] CAPPING events from decorations provider vscode.git 289
2024-01-19 12:09:26.733 [warning] [Decorations] CAPPING events from decorations provider vscode.git 289
2024-01-19 12:09:31.800 [warning] [Decorations] CAPPING events from decorations provider vscode.git 289
2024-01-19 12:09:39.724 [warning] [Decorations] CAPPING events from decorations provider vscode.git 289
2024-01-19 12:09:44.798 [warning] [Decorations] CAPPING events from decorations provider vscode.git 289
2024-01-19 12:09:53.836 [warning] [Decorations] CAPPING events from decorations provider vscode.git 289
2024-01-19 12:09:58.912 [warning] [Decorations] CAPPING events from decorations provider vscode.git 289
2024-01-19 12:10:04.037 [warning] [Decorations] CAPPING events from decorations provider vscode.git 290
2024-01-19 12:10:09.124 [warning] [Decorations] CAPPING events from decorations provider vscode.git 289
2024-01-19 12:10:14.236 [warning] [Decorations] CAPPING events from decorations provider vscode.git 289
2024-01-19 12:10:21.595 [warning] [Decorations] CAPPING events from decorations provider vscode.git 289
2024-01-19 12:10:26.685 [warning] [Decorations] CAPPING events from decorations provider vscode.git 290
2024-01-19 12:10:31.764 [warning] [Decorations] CAPPING events from decorations provider vscode.git 291
2024-01-19 12:10:36.986 [warning] [Decorations] CAPPING events from decorations provider vscode.git 291
2024-01-19 12:10:43.118 [warning] [Decorations] CAPPING events from decorations provider vscode.git 291
2024-01-19 12:10:48.187 [warning] [Decorations] CAPPING events from decorations provider vscode.git 291
2024-01-19 12:10:53.437 [warning] [Decorations] CAPPING events from decorations provider vscode.git 292
2024-01-19 12:11:56.255 [warning] [Decorations] CAPPING events from decorations provider vscode.git 291
2024-01-19 12:12:01.330 [warning] [Decorations] CAPPING events from decorations provider vscode.git 290
2024-01-19 12:13:22.155 [warning] [Decorations] CAPPING events from decorations provider vscode.git 290
2024-01-19 12:14:09.507 [warning] [Decorations] CAPPING events from decorations provider vscode.git 291
2024-01-19 12:19:47.750 [warning] [Decorations] CAPPING events from decorations provider vscode.git 292
2024-01-19 12:26:37.917 [warning] [Decorations] CAPPING events from decorations provider vscode.git 297
2024-01-19 12:26:43.002 [warning] [Decorations] CAPPING events from decorations provider vscode.git 297
2024-01-19 12:26:48.095 [warning] [Decorations] CAPPING events from decorations provider vscode.git 297
2024-01-19 12:26:53.183 [warning] [Decorations] CAPPING events from decorations provider vscode.git 298
2024-01-19 12:26:58.261 [warning] [Decorations] CAPPING events from decorations provider vscode.git 298
2024-01-19 12:27:03.336 [warning] [Decorations] CAPPING events from decorations provider vscode.git 298
2024-01-19 12:27:08.427 [warning] [Decorations] CAPPING events from decorations provider vscode.git 298
2024-01-19 12:27:13.568 [warning] [Decorations] CAPPING events from decorations provider vscode.git 299
2024-01-19 12:27:19.273 [warning] [Decorations] CAPPING events from decorations provider vscode.git 298
2024-01-19 12:28:45.375 [warning] [Decorations] CAPPING events from decorations provider vscode.git 298
2024-01-19 12:28:50.450 [warning] [Decorations] CAPPING events from decorations provider vscode.git 299
2024-01-19 12:28:55.520 [warning] [Decorations] CAPPING events from decorations provider vscode.git 299
2024-01-19 12:29:00.593 [warning] [Decorations] CAPPING events from decorations provider vscode.git 299
2024-01-19 12:29:05.708 [warning] [Decorations] CAPPING events from decorations provider vscode.git 300
2024-01-19 12:29:10.881 [warning] [Decorations] CAPPING events from decorations provider vscode.git 299
2024-01-19 12:29:15.995 [warning] [Decorations] CAPPING events from decorations provider vscode.git 300
2024-01-19 12:29:21.214 [warning] [Decorations] CAPPING events from decorations provider vscode.git 301
2024-01-19 12:30:42.759 [warning] [Decorations] CAPPING events from decorations provider vscode.git 321
