2024-01-19 00:06:59.959 [info] Log level: Info
2024-01-19 00:06:59.959 [info] Validating found git in: "git"
2024-01-19 00:06:59.959 [info] Using git "2.34.1" from "git"
2024-01-19 00:06:59.959 [info] > git rev-parse --show-toplevel [17ms]
2024-01-19 00:06:59.960 [info] > git rev-parse --git-dir --git-common-dir [2ms]
2024-01-19 00:06:59.969 [info] Open repository: /opt/lampp/htdocs/PoliceMend
2024-01-19 00:07:00.033 [info] > git rev-parse --show-toplevel [23ms]
2024-01-19 00:07:00.039 [info] > git config --get commit.template [38ms]
2024-01-19 00:07:00.089 [info] > git rev-parse --show-toplevel [38ms]
2024-01-19 00:07:00.116 [info] > git rev-parse --show-toplevel [7ms]
2024-01-19 00:07:00.119 [info] > git for-each-ref --format=%(refname)%00%(upstream:short)%00%(objectname)%00%(upstream:track)%00%(upstream:remotename)%00%(upstream:remoteref) refs/heads/main refs/remotes/main [37ms]
2024-01-19 00:07:00.196 [info] > git rev-parse --show-toplevel [45ms]
2024-01-19 00:07:00.243 [info] > git rev-parse --show-toplevel [4ms]
2024-01-19 00:07:00.267 [info] > git rev-parse --show-toplevel [6ms]
2024-01-19 00:07:00.281 [info] > git rev-parse --show-toplevel [4ms]
2024-01-19 00:07:00.307 [info] > git rev-parse --show-toplevel [4ms]
2024-01-19 00:07:00.350 [info] > git rev-parse --show-toplevel [5ms]
2024-01-19 00:07:00.390 [info] > git status -z -uall [194ms]
2024-01-19 00:07:00.424 [info] > git rev-parse --show-toplevel [40ms]
2024-01-19 00:07:00.445 [info] > git config --get commit.template [22ms]
2024-01-19 00:07:00.459 [info] > git for-each-ref --format=%(refname)%00%(upstream:short)%00%(objectname)%00%(upstream:track)%00%(upstream:remotename)%00%(upstream:remoteref) refs/heads/main refs/remotes/main [5ms]
2024-01-19 00:07:00.461 [info] > git rev-parse --show-toplevel [17ms]
2024-01-19 00:07:00.545 [info] > git rev-parse --show-toplevel [55ms]
2024-01-19 00:07:00.665 [info] > git rev-parse --show-toplevel [90ms]
2024-01-19 00:07:00.682 [info] > git rev-parse --show-toplevel [7ms]
2024-01-19 00:07:00.712 [info] > git rev-parse --show-toplevel [13ms]
2024-01-19 00:07:00.742 [info] > git rev-parse --show-toplevel [10ms]
2024-01-19 00:07:00.753 [info] > git rev-parse --show-toplevel [1ms]
2024-01-19 00:07:00.764 [info] > git status -z -uall [132ms]
2024-01-19 00:07:00.789 [info] > git rev-parse --show-toplevel [26ms]
2024-01-19 00:07:00.807 [info] > git rev-parse --show-toplevel [1ms]
2024-01-19 00:07:00.839 [info] > git rev-parse --show-toplevel [4ms]
2024-01-19 00:07:00.859 [info] > git rev-parse --show-toplevel [8ms]
2024-01-19 00:07:00.897 [info] > git rev-parse --show-toplevel [24ms]
2024-01-19 00:07:00.938 [info] > git rev-parse --show-toplevel [9ms]
2024-01-19 00:07:01.551 [info] > git check-ignore -v -z --stdin [44ms]
2024-01-19 00:07:03.289 [info] > git show --textconv :FrontEnd/src/app/admin/catalogo/catalogo-edit.component.html [25ms]
2024-01-19 00:07:03.326 [info] > git ls-files --stage -- /opt/lampp/htdocs/PoliceMend/FrontEnd/src/app/admin/catalogo/catalogo-edit.component.html [37ms]
2024-01-19 00:07:03.360 [info] > git cat-file -s 08a75d9b1d9d914ca9255d0ed22c893e38aedefe [11ms]
2024-01-19 00:07:05.442 [info] > git config --get commit.template [5ms]
2024-01-19 00:07:05.459 [info] > git for-each-ref --format=%(refname)%00%(upstream:short)%00%(objectname)%00%(upstream:track)%00%(upstream:remotename)%00%(upstream:remoteref) refs/heads/main refs/remotes/main [2ms]
2024-01-19 00:07:05.524 [info] > git status -z -uall [52ms]
2024-01-19 00:07:19.060 [info] > git config --get commit.template [24ms]
2024-01-19 00:07:19.063 [info] > git for-each-ref --format=%(refname)%00%(upstream:short)%00%(objectname)%00%(upstream:track)%00%(upstream:remotename)%00%(upstream:remoteref) refs/heads/main refs/remotes/main [7ms]
2024-01-19 00:07:19.119 [info] > git status -z -uall [49ms]
2024-01-19 00:07:19.650 [info] > git check-ignore -v -z --stdin [12ms]
2024-01-19 00:07:21.183 [info] > git check-ignore -v -z --stdin [7ms]
2024-01-19 00:07:22.250 [info] > git show --textconv :FrontEnd/src/app/home/home.component.html [18ms]
2024-01-19 00:07:22.252 [info] > git ls-files --stage -- /opt/lampp/htdocs/PoliceMend/FrontEnd/src/app/home/home.component.html [4ms]
2024-01-19 00:07:22.266 [info] > git cat-file -s d031f3ff2501eb4623610b6a41ee9fced82d14c4 [1ms]
2024-01-19 00:07:24.142 [info] > git config --get commit.template [12ms]
2024-01-19 00:07:24.142 [info] > git for-each-ref --format=%(refname)%00%(upstream:short)%00%(objectname)%00%(upstream:track)%00%(upstream:remotename)%00%(upstream:remoteref) refs/heads/main refs/remotes/main [2ms]
2024-01-19 00:07:24.187 [info] > git status -z -uall [38ms]
2024-01-19 00:07:29.207 [info] > git config --get commit.template [2ms]
2024-01-19 00:07:29.221 [info] > git for-each-ref --format=%(refname)%00%(upstream:short)%00%(objectname)%00%(upstream:track)%00%(upstream:remotename)%00%(upstream:remoteref) refs/heads/main refs/remotes/main [3ms]
2024-01-19 00:07:29.281 [info] > git status -z -uall [40ms]
2024-01-19 00:07:35.460 [info] > git config --get commit.template [11ms]
2024-01-19 00:07:35.461 [info] > git for-each-ref --format=%(refname)%00%(upstream:short)%00%(objectname)%00%(upstream:track)%00%(upstream:remotename)%00%(upstream:remoteref) refs/heads/main refs/remotes/main [2ms]
2024-01-19 00:07:35.509 [info] > git status -z -uall [38ms]
2024-01-19 00:07:40.747 [info] > git check-ignore -v -z --stdin [5ms]
2024-01-19 00:08:12.465 [info] > git for-each-ref --format=%(refname)%00%(upstream:short)%00%(objectname)%00%(upstream:track)%00%(upstream:remotename)%00%(upstream:remoteref) refs/heads/main refs/remotes/main [2ms]
2024-01-19 00:08:12.466 [info] > git config --get commit.template [17ms]
2024-01-19 00:08:12.530 [info] > git status -z -uall [54ms]
2024-01-19 00:08:23.846 [info] > git config --get commit.template [12ms]
2024-01-19 00:08:23.846 [info] > git for-each-ref --format=%(refname)%00%(upstream:short)%00%(objectname)%00%(upstream:track)%00%(upstream:remotename)%00%(upstream:remoteref) refs/heads/main refs/remotes/main [1ms]
2024-01-19 00:08:23.911 [info] > git status -z -uall [52ms]
2024-01-19 00:08:28.945 [info] > git config --get commit.template [15ms]
2024-01-19 00:08:28.945 [info] > git for-each-ref --format=%(refname)%00%(upstream:short)%00%(objectname)%00%(upstream:track)%00%(upstream:remotename)%00%(upstream:remoteref) refs/heads/main refs/remotes/main [2ms]
2024-01-19 00:08:29.019 [info] > git status -z -uall [58ms]
2024-01-19 00:08:34.030 [info] > git config --get commit.template [2ms]
2024-01-19 00:08:34.040 [info] > git for-each-ref --format=%(refname)%00%(upstream:short)%00%(objectname)%00%(upstream:track)%00%(upstream:remotename)%00%(upstream:remoteref) refs/heads/main refs/remotes/main [3ms]
2024-01-19 00:08:34.093 [info] > git status -z -uall [44ms]
2024-01-19 00:08:39.111 [info] > git config --get commit.template [9ms]
2024-01-19 00:08:39.111 [info] > git for-each-ref --format=%(refname)%00%(upstream:short)%00%(objectname)%00%(upstream:track)%00%(upstream:remotename)%00%(upstream:remoteref) refs/heads/main refs/remotes/main [2ms]
2024-01-19 00:08:39.159 [info] > git status -z -uall [41ms]
2024-01-19 00:08:44.185 [info] > git config --get commit.template [12ms]
2024-01-19 00:08:44.185 [info] > git for-each-ref --format=%(refname)%00%(upstream:short)%00%(objectname)%00%(upstream:track)%00%(upstream:remotename)%00%(upstream:remoteref) refs/heads/main refs/remotes/main [2ms]
2024-01-19 00:08:44.254 [info] > git status -z -uall [62ms]
2024-01-19 00:08:49.287 [info] > git config --get commit.template [14ms]
2024-01-19 00:08:49.287 [info] > git for-each-ref --format=%(refname)%00%(upstream:short)%00%(objectname)%00%(upstream:track)%00%(upstream:remotename)%00%(upstream:remoteref) refs/heads/main refs/remotes/main [1ms]
2024-01-19 00:08:49.338 [info] > git status -z -uall [39ms]
2024-01-19 00:08:54.361 [info] > git config --get commit.template [10ms]
2024-01-19 00:08:54.363 [info] > git for-each-ref --format=%(refname)%00%(upstream:short)%00%(objectname)%00%(upstream:track)%00%(upstream:remotename)%00%(upstream:remoteref) refs/heads/main refs/remotes/main [4ms]
2024-01-19 00:08:54.412 [info] > git status -z -uall [43ms]
2024-01-19 00:08:59.435 [info] > git config --get commit.template [5ms]
2024-01-19 00:08:59.436 [info] > git for-each-ref --format=%(refname)%00%(upstream:short)%00%(objectname)%00%(upstream:track)%00%(upstream:remotename)%00%(upstream:remoteref) refs/heads/main refs/remotes/main [1ms]
2024-01-19 00:08:59.484 [info] > git status -z -uall [37ms]
2024-01-19 00:10:07.965 [info] > git show --textconv :FrontEnd/src/app/app.component.html [15ms]
2024-01-19 00:10:07.966 [info] > git ls-files --stage -- /opt/lampp/htdocs/PoliceMend/FrontEnd/src/app/app.component.html [5ms]
2024-01-19 00:10:07.981 [info] > git cat-file -s 1f48bfb16d0c150e4758ac7e7732ffec4e450509 [3ms]
2024-01-19 00:10:18.781 [info] > git show --textconv :FrontEnd/src/app/home/home.component.html [15ms]
2024-01-19 00:10:18.783 [info] > git ls-files --stage -- /opt/lampp/htdocs/PoliceMend/FrontEnd/src/app/home/home.component.html [3ms]
2024-01-19 00:10:18.801 [info] > git cat-file -s d031f3ff2501eb4623610b6a41ee9fced82d14c4 [2ms]
2024-01-19 00:10:54.022 [info] > git show --textconv :FrontEnd/src/app/home/index.ts [13ms]
2024-01-19 00:10:54.038 [info] > git ls-files --stage -- /opt/lampp/htdocs/PoliceMend/FrontEnd/src/app/home/index.ts [17ms]
2024-01-19 00:10:54.077 [info] > git cat-file -s ab5a522cb1ef3068d4e5a77c0020f60bac9a1cdb [1ms]
2024-01-19 00:10:54.121 [info] > git check-ignore -v -z --stdin [7ms]
2024-01-19 00:10:54.575 [info] > git show --textconv :FrontEnd/src/app/home/home.component.spec.ts [22ms]
2024-01-19 00:10:54.591 [info] > git ls-files --stage -- /opt/lampp/htdocs/PoliceMend/FrontEnd/src/app/home/home.component.spec.ts [17ms]
2024-01-19 00:10:54.612 [info] > git cat-file -s 5075be73bec983070e6293dc564b1ee97147a172 [2ms]
2024-01-19 00:10:55.245 [info] > git show --textconv :FrontEnd/src/app/home/home.component.scss [43ms]
2024-01-19 00:10:55.256 [info] > git ls-files --stage -- /opt/lampp/htdocs/PoliceMend/FrontEnd/src/app/home/home.component.scss [19ms]
2024-01-19 00:10:55.287 [info] > git cat-file -s ad91c44c18a787a1489cca84e4b6b316b805dee3 [2ms]
2024-01-19 00:11:06.506 [info] > git config --get commit.template [2ms]
2024-01-19 00:11:06.522 [info] > git for-each-ref --format=%(refname)%00%(upstream:short)%00%(objectname)%00%(upstream:track)%00%(upstream:remotename)%00%(upstream:remoteref) refs/heads/main refs/remotes/main [2ms]
2024-01-19 00:11:06.584 [info] > git status -z -uall [50ms]
2024-01-19 00:11:11.602 [info] > git config --get commit.template [6ms]
2024-01-19 00:11:11.603 [info] > git for-each-ref --format=%(refname)%00%(upstream:short)%00%(objectname)%00%(upstream:track)%00%(upstream:remotename)%00%(upstream:remoteref) refs/heads/main refs/remotes/main [1ms]
2024-01-19 00:11:11.651 [info] > git status -z -uall [36ms]
2024-01-19 00:11:13.720 [info] > git show --textconv :FrontEnd/src/app/home/home.component.html [21ms]
2024-01-19 00:11:13.723 [info] > git ls-files --stage -- /opt/lampp/htdocs/PoliceMend/FrontEnd/src/app/home/home.component.html [4ms]
2024-01-19 00:11:13.744 [info] > git cat-file -s d031f3ff2501eb4623610b6a41ee9fced82d14c4 [3ms]
2024-01-19 00:11:16.667 [info] > git config --get commit.template [2ms]
2024-01-19 00:11:16.674 [info] > git for-each-ref --format=%(refname)%00%(upstream:short)%00%(objectname)%00%(upstream:track)%00%(upstream:remotename)%00%(upstream:remoteref) refs/heads/main refs/remotes/main [3ms]
2024-01-19 00:11:16.722 [info] > git status -z -uall [38ms]
2024-01-19 00:11:21.761 [info] > git config --get commit.template [13ms]
2024-01-19 00:11:21.764 [info] > git for-each-ref --format=%(refname)%00%(upstream:short)%00%(objectname)%00%(upstream:track)%00%(upstream:remotename)%00%(upstream:remoteref) refs/heads/main refs/remotes/main [6ms]
2024-01-19 00:11:21.848 [info] > git status -z -uall [54ms]
2024-01-19 00:11:26.870 [info] > git for-each-ref --format=%(refname)%00%(upstream:short)%00%(objectname)%00%(upstream:track)%00%(upstream:remotename)%00%(upstream:remoteref) refs/heads/main refs/remotes/main [2ms]
2024-01-19 00:11:26.870 [info] > git config --get commit.template [8ms]
2024-01-19 00:11:26.917 [info] > git status -z -uall [36ms]
2024-01-19 00:11:31.944 [info] > git config --get commit.template [13ms]
2024-01-19 00:11:31.945 [info] > git for-each-ref --format=%(refname)%00%(upstream:short)%00%(objectname)%00%(upstream:track)%00%(upstream:remotename)%00%(upstream:remoteref) refs/heads/main refs/remotes/main [2ms]
2024-01-19 00:11:31.999 [info] > git status -z -uall [48ms]
2024-01-19 00:11:41.302 [info] > git config --get commit.template [36ms]
2024-01-19 00:11:41.305 [info] > git for-each-ref --format=%(refname)%00%(upstream:short)%00%(objectname)%00%(upstream:track)%00%(upstream:remotename)%00%(upstream:remoteref) refs/heads/main refs/remotes/main [5ms]
2024-01-19 00:11:41.394 [info] > git status -z -uall [73ms]
2024-01-19 00:11:46.423 [info] > git config --get commit.template [13ms]
2024-01-19 00:11:46.423 [info] > git for-each-ref --format=%(refname)%00%(upstream:short)%00%(objectname)%00%(upstream:track)%00%(upstream:remotename)%00%(upstream:remoteref) refs/heads/main refs/remotes/main [1ms]
2024-01-19 00:11:46.473 [info] > git status -z -uall [43ms]
2024-01-19 00:12:06.899 [info] > git config --get commit.template [30ms]
2024-01-19 00:12:06.902 [info] > git for-each-ref --format=%(refname)%00%(upstream:short)%00%(objectname)%00%(upstream:track)%00%(upstream:remotename)%00%(upstream:remoteref) refs/heads/main refs/remotes/main [9ms]
2024-01-19 00:12:07.020 [info] > git status -z -uall [81ms]
2024-01-19 00:12:17.716 [info] > git config --get commit.template [25ms]
2024-01-19 00:12:17.725 [info] > git for-each-ref --format=%(refname)%00%(upstream:short)%00%(objectname)%00%(upstream:track)%00%(upstream:remotename)%00%(upstream:remoteref) refs/heads/main refs/remotes/main [9ms]
2024-01-19 00:12:17.850 [info] > git status -z -uall [100ms]
2024-01-19 00:14:12.036 [info] > git config --get commit.template [11ms]
2024-01-19 00:14:12.037 [info] > git for-each-ref --format=%(refname)%00%(upstream:short)%00%(objectname)%00%(upstream:track)%00%(upstream:remotename)%00%(upstream:remoteref) refs/heads/main refs/remotes/main [2ms]
2024-01-19 00:14:12.101 [info] > git status -z -uall [57ms]
2024-01-19 00:14:16.000 [info] > git show --textconv :FrontEnd/src/app/home/home.component.scss [11ms]
2024-01-19 00:14:16.004 [info] > git ls-files --stage -- /opt/lampp/htdocs/PoliceMend/FrontEnd/src/app/home/home.component.scss [4ms]
2024-01-19 00:14:16.016 [info] > git cat-file -s ad91c44c18a787a1489cca84e4b6b316b805dee3 [2ms]
2024-01-19 00:14:17.127 [info] > git config --get commit.template [11ms]
2024-01-19 00:14:17.128 [info] > git for-each-ref --format=%(refname)%00%(upstream:short)%00%(objectname)%00%(upstream:track)%00%(upstream:remotename)%00%(upstream:remoteref) refs/heads/main refs/remotes/main [3ms]
2024-01-19 00:14:17.163 [info] > git status -z -uall [30ms]
2024-01-19 00:14:22.188 [info] > git config --get commit.template [12ms]
2024-01-19 00:14:22.189 [info] > git for-each-ref --format=%(refname)%00%(upstream:short)%00%(objectname)%00%(upstream:track)%00%(upstream:remotename)%00%(upstream:remoteref) refs/heads/main refs/remotes/main [3ms]
2024-01-19 00:14:22.229 [info] > git status -z -uall [32ms]
2024-01-19 00:14:27.257 [info] > git config --get commit.template [12ms]
2024-01-19 00:14:27.258 [info] > git for-each-ref --format=%(refname)%00%(upstream:short)%00%(objectname)%00%(upstream:track)%00%(upstream:remotename)%00%(upstream:remoteref) refs/heads/main refs/remotes/main [2ms]
2024-01-19 00:14:27.308 [info] > git status -z -uall [41ms]
2024-01-19 00:14:32.330 [info] > git config --get commit.template [9ms]
2024-01-19 00:14:32.331 [info] > git for-each-ref --format=%(refname)%00%(upstream:short)%00%(objectname)%00%(upstream:track)%00%(upstream:remotename)%00%(upstream:remoteref) refs/heads/main refs/remotes/main [2ms]
2024-01-19 00:14:32.368 [info] > git status -z -uall [32ms]
2024-01-19 00:14:42.445 [info] > git config --get commit.template [8ms]
2024-01-19 00:14:42.446 [info] > git for-each-ref --format=%(refname)%00%(upstream:short)%00%(objectname)%00%(upstream:track)%00%(upstream:remotename)%00%(upstream:remoteref) refs/heads/main refs/remotes/main [8ms]
2024-01-19 00:14:42.488 [info] > git status -z -uall [35ms]
2024-01-19 00:14:58.327 [info] > git config --get commit.template [7ms]
2024-01-19 00:14:58.327 [info] > git for-each-ref --format=%(refname)%00%(upstream:short)%00%(objectname)%00%(upstream:track)%00%(upstream:remotename)%00%(upstream:remoteref) refs/heads/main refs/remotes/main [1ms]
2024-01-19 00:14:58.361 [info] > git status -z -uall [29ms]
2024-01-19 00:15:29.357 [info] > git config --get commit.template [10ms]
2024-01-19 00:15:29.357 [info] > git for-each-ref --format=%(refname)%00%(upstream:short)%00%(objectname)%00%(upstream:track)%00%(upstream:remotename)%00%(upstream:remoteref) refs/heads/main refs/remotes/main [1ms]
2024-01-19 00:15:29.398 [info] > git status -z -uall [34ms]
2024-01-19 00:15:47.809 [info] > git config --get commit.template [11ms]
2024-01-19 00:15:47.809 [info] > git for-each-ref --format=%(refname)%00%(upstream:short)%00%(objectname)%00%(upstream:track)%00%(upstream:remotename)%00%(upstream:remoteref) refs/heads/main refs/remotes/main [2ms]
2024-01-19 00:15:47.847 [info] > git status -z -uall [32ms]
2024-01-19 00:15:52.862 [info] > git config --get commit.template [6ms]
2024-01-19 00:15:52.863 [info] > git for-each-ref --format=%(refname)%00%(upstream:short)%00%(objectname)%00%(upstream:track)%00%(upstream:remotename)%00%(upstream:remoteref) refs/heads/main refs/remotes/main [2ms]
2024-01-19 00:15:52.903 [info] > git status -z -uall [33ms]
2024-01-19 00:16:20.094 [info] > git config --get commit.template [3ms]
2024-01-19 00:16:20.119 [info] > git for-each-ref --format=%(refname)%00%(upstream:short)%00%(objectname)%00%(upstream:track)%00%(upstream:remotename)%00%(upstream:remoteref) refs/heads/main refs/remotes/main [7ms]
2024-01-19 00:16:20.188 [info] > git status -z -uall [53ms]
2024-01-19 00:16:25.204 [info] > git config --get commit.template [6ms]
2024-01-19 00:16:25.204 [info] > git for-each-ref --format=%(refname)%00%(upstream:short)%00%(objectname)%00%(upstream:track)%00%(upstream:remotename)%00%(upstream:remoteref) refs/heads/main refs/remotes/main [1ms]
2024-01-19 00:16:25.255 [info] > git status -z -uall [46ms]
2024-01-19 00:16:42.547 [info] > git config --get commit.template [1ms]
2024-01-19 00:16:42.561 [info] > git for-each-ref --format=%(refname)%00%(upstream:short)%00%(objectname)%00%(upstream:track)%00%(upstream:remotename)%00%(upstream:remoteref) refs/heads/main refs/remotes/main [1ms]
2024-01-19 00:16:42.613 [info] > git status -z -uall [39ms]
2024-01-19 00:17:01.871 [info] > git config --get commit.template [8ms]
2024-01-19 00:17:01.871 [info] > git for-each-ref --format=%(refname)%00%(upstream:short)%00%(objectname)%00%(upstream:track)%00%(upstream:remotename)%00%(upstream:remoteref) refs/heads/main refs/remotes/main [1ms]
2024-01-19 00:17:01.912 [info] > git status -z -uall [32ms]
2024-01-19 00:17:02.244 [info] > git show --textconv :FrontEnd/src/app/home/home.component.html [11ms]
2024-01-19 00:17:02.247 [info] > git ls-files --stage -- /opt/lampp/htdocs/PoliceMend/FrontEnd/src/app/home/home.component.html [4ms]
2024-01-19 00:17:02.256 [info] > git cat-file -s d031f3ff2501eb4623610b6a41ee9fced82d14c4 [1ms]
2024-01-19 00:17:06.931 [info] > git config --get commit.template [6ms]
2024-01-19 00:17:06.931 [info] > git for-each-ref --format=%(refname)%00%(upstream:short)%00%(objectname)%00%(upstream:track)%00%(upstream:remotename)%00%(upstream:remoteref) refs/heads/main refs/remotes/main [1ms]
2024-01-19 00:17:06.967 [info] > git status -z -uall [30ms]
2024-01-19 00:17:15.429 [info] > git config --get commit.template [1ms]
2024-01-19 00:17:15.437 [info] > git for-each-ref --format=%(refname)%00%(upstream:short)%00%(objectname)%00%(upstream:track)%00%(upstream:remotename)%00%(upstream:remoteref) refs/heads/main refs/remotes/main [1ms]
2024-01-19 00:17:15.482 [info] > git status -z -uall [39ms]
2024-01-19 00:17:20.508 [info] > git config --get commit.template [11ms]
2024-01-19 00:17:20.508 [info] > git for-each-ref --format=%(refname)%00%(upstream:short)%00%(objectname)%00%(upstream:track)%00%(upstream:remotename)%00%(upstream:remoteref) refs/heads/main refs/remotes/main [1ms]
2024-01-19 00:17:20.556 [info] > git status -z -uall [37ms]
2024-01-19 00:17:26.654 [info] > git config --get commit.template [10ms]
2024-01-19 00:17:26.655 [info] > git for-each-ref --format=%(refname)%00%(upstream:short)%00%(objectname)%00%(upstream:track)%00%(upstream:remotename)%00%(upstream:remoteref) refs/heads/main refs/remotes/main [2ms]
2024-01-19 00:17:26.695 [info] > git status -z -uall [34ms]
2024-01-19 00:17:31.718 [info] > git config --get commit.template [11ms]
2024-01-19 00:17:31.720 [info] > git for-each-ref --format=%(refname)%00%(upstream:short)%00%(objectname)%00%(upstream:track)%00%(upstream:remotename)%00%(upstream:remoteref) refs/heads/main refs/remotes/main [3ms]
2024-01-19 00:17:31.758 [info] > git status -z -uall [31ms]
2024-01-19 00:17:36.781 [info] > git config --get commit.template [11ms]
2024-01-19 00:17:36.782 [info] > git for-each-ref --format=%(refname)%00%(upstream:short)%00%(objectname)%00%(upstream:track)%00%(upstream:remotename)%00%(upstream:remoteref) refs/heads/main refs/remotes/main [2ms]
2024-01-19 00:17:36.827 [info] > git status -z -uall [35ms]
2024-01-19 00:17:41.837 [info] > git config --get commit.template [2ms]
2024-01-19 00:17:41.847 [info] > git for-each-ref --format=%(refname)%00%(upstream:short)%00%(objectname)%00%(upstream:track)%00%(upstream:remotename)%00%(upstream:remoteref) refs/heads/main refs/remotes/main [2ms]
2024-01-19 00:17:41.887 [info] > git status -z -uall [31ms]
2024-01-19 00:17:46.912 [info] > git config --get commit.template [11ms]
2024-01-19 00:17:46.913 [info] > git for-each-ref --format=%(refname)%00%(upstream:short)%00%(objectname)%00%(upstream:track)%00%(upstream:remotename)%00%(upstream:remoteref) refs/heads/main refs/remotes/main [2ms]
2024-01-19 00:17:46.957 [info] > git status -z -uall [36ms]
2024-01-19 00:17:51.973 [info] > git config --get commit.template [7ms]
2024-01-19 00:17:51.974 [info] > git for-each-ref --format=%(refname)%00%(upstream:short)%00%(objectname)%00%(upstream:track)%00%(upstream:remotename)%00%(upstream:remoteref) refs/heads/main refs/remotes/main [2ms]
2024-01-19 00:17:52.013 [info] > git status -z -uall [32ms]
2024-01-19 00:17:55.891 [info] > git show --textconv :FrontEnd/src/app/home/home.component.scss [11ms]
2024-01-19 00:17:55.894 [info] > git ls-files --stage -- /opt/lampp/htdocs/PoliceMend/FrontEnd/src/app/home/home.component.scss [4ms]
2024-01-19 00:17:55.902 [info] > git cat-file -s ad91c44c18a787a1489cca84e4b6b316b805dee3 [2ms]
2024-01-19 00:17:57.041 [info] > git config --get commit.template [6ms]
2024-01-19 00:17:57.041 [info] > git for-each-ref --format=%(refname)%00%(upstream:short)%00%(objectname)%00%(upstream:track)%00%(upstream:remotename)%00%(upstream:remoteref) refs/heads/main refs/remotes/main [1ms]
2024-01-19 00:17:57.078 [info] > git status -z -uall [31ms]
2024-01-19 00:17:57.443 [info] > git show --textconv :FrontEnd/src/app/home/home.component.html [7ms]
2024-01-19 00:17:57.444 [info] > git ls-files --stage -- /opt/lampp/htdocs/PoliceMend/FrontEnd/src/app/home/home.component.html [2ms]
2024-01-19 00:17:57.452 [info] > git cat-file -s d031f3ff2501eb4623610b6a41ee9fced82d14c4 [1ms]
2024-01-19 00:18:02.095 [info] > git config --get commit.template [7ms]
2024-01-19 00:18:02.096 [info] > git for-each-ref --format=%(refname)%00%(upstream:short)%00%(objectname)%00%(upstream:track)%00%(upstream:remotename)%00%(upstream:remoteref) refs/heads/main refs/remotes/main [2ms]
2024-01-19 00:18:02.137 [info] > git status -z -uall [34ms]
2024-01-19 00:18:03.881 [info] > git show --textconv :FrontEnd/src/app/home/home.component.scss [30ms]
2024-01-19 00:18:03.886 [info] > git ls-files --stage -- /opt/lampp/htdocs/PoliceMend/FrontEnd/src/app/home/home.component.scss [7ms]
2024-01-19 00:18:03.915 [info] > git cat-file -s ad91c44c18a787a1489cca84e4b6b316b805dee3 [2ms]
2024-01-19 00:18:07.160 [info] > git config --get commit.template [10ms]
2024-01-19 00:18:07.162 [info] > git for-each-ref --format=%(refname)%00%(upstream:short)%00%(objectname)%00%(upstream:track)%00%(upstream:remotename)%00%(upstream:remoteref) refs/heads/main refs/remotes/main [2ms]
2024-01-19 00:18:07.209 [info] > git status -z -uall [39ms]
2024-01-19 00:18:12.229 [info] > git config --get commit.template [7ms]
2024-01-19 00:18:12.230 [info] > git for-each-ref --format=%(refname)%00%(upstream:short)%00%(objectname)%00%(upstream:track)%00%(upstream:remotename)%00%(upstream:remoteref) refs/heads/main refs/remotes/main [1ms]
2024-01-19 00:18:12.264 [info] > git status -z -uall [30ms]
2024-01-19 00:18:52.432 [info] > git config --get commit.template [13ms]
2024-01-19 00:18:52.432 [info] > git for-each-ref --format=%(refname)%00%(upstream:short)%00%(objectname)%00%(upstream:track)%00%(upstream:remotename)%00%(upstream:remoteref) refs/heads/main refs/remotes/main [1ms]
2024-01-19 00:18:52.481 [info] > git status -z -uall [40ms]
2024-01-19 00:18:58.363 [info] > git config --get commit.template [7ms]
2024-01-19 00:18:58.364 [info] > git for-each-ref --format=%(refname)%00%(upstream:short)%00%(objectname)%00%(upstream:track)%00%(upstream:remotename)%00%(upstream:remoteref) refs/heads/main refs/remotes/main [2ms]
2024-01-19 00:18:58.400 [info] > git status -z -uall [30ms]
2024-01-19 00:19:04.857 [info] > git config --get commit.template [10ms]
2024-01-19 00:19:04.858 [info] > git for-each-ref --format=%(refname)%00%(upstream:short)%00%(objectname)%00%(upstream:track)%00%(upstream:remotename)%00%(upstream:remoteref) refs/heads/main refs/remotes/main [2ms]
2024-01-19 00:19:04.904 [info] > git status -z -uall [38ms]
2024-01-19 00:19:41.046 [info] > git config --get commit.template [15ms]
2024-01-19 00:19:41.047 [info] > git for-each-ref --format=%(refname)%00%(upstream:short)%00%(objectname)%00%(upstream:track)%00%(upstream:remotename)%00%(upstream:remoteref) refs/heads/main refs/remotes/main [1ms]
2024-01-19 00:19:41.092 [info] > git status -z -uall [39ms]
2024-01-19 00:19:58.428 [info] > git config --get commit.template [11ms]
2024-01-19 00:19:58.429 [info] > git for-each-ref --format=%(refname)%00%(upstream:short)%00%(objectname)%00%(upstream:track)%00%(upstream:remotename)%00%(upstream:remoteref) refs/heads/main refs/remotes/main [1ms]
2024-01-19 00:19:58.465 [info] > git status -z -uall [30ms]
2024-01-19 00:20:03.491 [info] > git config --get commit.template [12ms]
2024-01-19 00:20:03.492 [info] > git for-each-ref --format=%(refname)%00%(upstream:short)%00%(objectname)%00%(upstream:track)%00%(upstream:remotename)%00%(upstream:remoteref) refs/heads/main refs/remotes/main [3ms]
2024-01-19 00:20:03.532 [info] > git status -z -uall [31ms]
2024-01-19 00:20:08.549 [info] > git config --get commit.template [9ms]
2024-01-19 00:20:08.550 [info] > git for-each-ref --format=%(refname)%00%(upstream:short)%00%(objectname)%00%(upstream:track)%00%(upstream:remotename)%00%(upstream:remoteref) refs/heads/main refs/remotes/main [2ms]
2024-01-19 00:20:08.594 [info] > git status -z -uall [34ms]
2024-01-19 00:21:27.392 [info] > git config --get commit.template [25ms]
2024-01-19 00:21:27.394 [info] > git for-each-ref --format=%(refname)%00%(upstream:short)%00%(objectname)%00%(upstream:track)%00%(upstream:remotename)%00%(upstream:remoteref) refs/heads/main refs/remotes/main [4ms]
2024-01-19 00:21:27.468 [info] > git status -z -uall [56ms]
2024-01-19 00:21:32.494 [info] > git config --get commit.template [12ms]
2024-01-19 00:21:32.495 [info] > git for-each-ref --format=%(refname)%00%(upstream:short)%00%(objectname)%00%(upstream:track)%00%(upstream:remotename)%00%(upstream:remoteref) refs/heads/main refs/remotes/main [3ms]
2024-01-19 00:21:32.537 [info] > git status -z -uall [33ms]
2024-01-19 00:21:37.560 [info] > git config --get commit.template [9ms]
2024-01-19 00:21:37.561 [info] > git for-each-ref --format=%(refname)%00%(upstream:short)%00%(objectname)%00%(upstream:track)%00%(upstream:remotename)%00%(upstream:remoteref) refs/heads/main refs/remotes/main [2ms]
2024-01-19 00:21:37.611 [info] > git status -z -uall [42ms]
2024-01-19 00:21:42.649 [info] > git config --get commit.template [12ms]
2024-01-19 00:21:42.650 [info] > git for-each-ref --format=%(refname)%00%(upstream:short)%00%(objectname)%00%(upstream:track)%00%(upstream:remotename)%00%(upstream:remoteref) refs/heads/main refs/remotes/main [2ms]
2024-01-19 00:21:42.715 [info] > git status -z -uall [51ms]
2024-01-19 00:22:26.583 [info] > git config --get commit.template [24ms]
2024-01-19 00:22:26.584 [info] > git for-each-ref --format=%(refname)%00%(upstream:short)%00%(objectname)%00%(upstream:track)%00%(upstream:remotename)%00%(upstream:remoteref) refs/heads/main refs/remotes/main [3ms]
2024-01-19 00:22:26.666 [info] > git status -z -uall [57ms]
2024-01-19 00:22:31.693 [info] > git config --get commit.template [11ms]
2024-01-19 00:22:31.694 [info] > git for-each-ref --format=%(refname)%00%(upstream:short)%00%(objectname)%00%(upstream:track)%00%(upstream:remotename)%00%(upstream:remoteref) refs/heads/main refs/remotes/main [1ms]
2024-01-19 00:22:31.733 [info] > git status -z -uall [32ms]
2024-01-19 00:22:39.409 [info] > git config --get commit.template [17ms]
2024-01-19 00:22:39.410 [info] > git for-each-ref --format=%(refname)%00%(upstream:short)%00%(objectname)%00%(upstream:track)%00%(upstream:remotename)%00%(upstream:remoteref) refs/heads/main refs/remotes/main [3ms]
2024-01-19 00:22:39.473 [info] > git status -z -uall [52ms]
2024-01-19 00:22:44.489 [info] > git config --get commit.template [2ms]
2024-01-19 00:22:44.501 [info] > git for-each-ref --format=%(refname)%00%(upstream:short)%00%(objectname)%00%(upstream:track)%00%(upstream:remotename)%00%(upstream:remoteref) refs/heads/main refs/remotes/main [3ms]
2024-01-19 00:22:44.543 [info] > git status -z -uall [33ms]
2024-01-19 00:22:58.428 [info] > git config --get commit.template [12ms]
2024-01-19 00:22:58.429 [info] > git for-each-ref --format=%(refname)%00%(upstream:short)%00%(objectname)%00%(upstream:track)%00%(upstream:remotename)%00%(upstream:remoteref) refs/heads/main refs/remotes/main [2ms]
2024-01-19 00:22:58.464 [info] > git status -z -uall [29ms]
2024-01-19 00:23:04.905 [info] > git config --get commit.template [11ms]
2024-01-19 00:23:04.906 [info] > git for-each-ref --format=%(refname)%00%(upstream:short)%00%(objectname)%00%(upstream:track)%00%(upstream:remotename)%00%(upstream:remoteref) refs/heads/main refs/remotes/main [2ms]
2024-01-19 00:23:04.953 [info] > git status -z -uall [39ms]
2024-01-19 00:23:09.976 [info] > git config --get commit.template [10ms]
2024-01-19 00:23:09.977 [info] > git for-each-ref --format=%(refname)%00%(upstream:short)%00%(objectname)%00%(upstream:track)%00%(upstream:remotename)%00%(upstream:remoteref) refs/heads/main refs/remotes/main [2ms]
2024-01-19 00:23:10.019 [info] > git status -z -uall [33ms]
2024-01-19 00:23:16.865 [info] > git config --get commit.template [6ms]
2024-01-19 00:23:16.866 [info] > git for-each-ref --format=%(refname)%00%(upstream:short)%00%(objectname)%00%(upstream:track)%00%(upstream:remotename)%00%(upstream:remoteref) refs/heads/main refs/remotes/main [1ms]
2024-01-19 00:23:16.905 [info] > git status -z -uall [32ms]
2024-01-19 00:23:25.630 [info] > git config --get commit.template [11ms]
2024-01-19 00:23:25.631 [info] > git for-each-ref --format=%(refname)%00%(upstream:short)%00%(objectname)%00%(upstream:track)%00%(upstream:remotename)%00%(upstream:remoteref) refs/heads/main refs/remotes/main [2ms]
2024-01-19 00:23:25.666 [info] > git status -z -uall [30ms]
2024-01-19 00:23:30.981 [info] > git config --get commit.template [3ms]
2024-01-19 00:23:31.004 [info] > git for-each-ref --format=%(refname)%00%(upstream:short)%00%(objectname)%00%(upstream:track)%00%(upstream:remotename)%00%(upstream:remoteref) refs/heads/main refs/remotes/main [3ms]
2024-01-19 00:23:31.094 [info] > git status -z -uall [68ms]
2024-01-19 00:23:36.363 [info] > git config --get commit.template [11ms]
2024-01-19 00:23:36.364 [info] > git for-each-ref --format=%(refname)%00%(upstream:short)%00%(objectname)%00%(upstream:track)%00%(upstream:remotename)%00%(upstream:remoteref) refs/heads/main refs/remotes/main [2ms]
2024-01-19 00:23:36.408 [info] > git status -z -uall [34ms]
2024-01-19 00:23:41.429 [info] > git config --get commit.template [10ms]
2024-01-19 00:23:41.430 [info] > git for-each-ref --format=%(refname)%00%(upstream:short)%00%(objectname)%00%(upstream:track)%00%(upstream:remotename)%00%(upstream:remoteref) refs/heads/main refs/remotes/main [2ms]
2024-01-19 00:23:41.475 [info] > git status -z -uall [39ms]
2024-01-19 00:23:52.403 [info] > git config --get commit.template [1ms]
2024-01-19 00:23:52.417 [info] > git for-each-ref --format=%(refname)%00%(upstream:short)%00%(objectname)%00%(upstream:track)%00%(upstream:remotename)%00%(upstream:remoteref) refs/heads/main refs/remotes/main [2ms]
2024-01-19 00:23:52.459 [info] > git status -z -uall [36ms]
2024-01-19 00:23:57.474 [info] > git config --get commit.template [3ms]
2024-01-19 00:23:57.487 [info] > git for-each-ref --format=%(refname)%00%(upstream:short)%00%(objectname)%00%(upstream:track)%00%(upstream:remotename)%00%(upstream:remoteref) refs/heads/main refs/remotes/main [2ms]
2024-01-19 00:23:57.532 [info] > git status -z -uall [38ms]
2024-01-19 00:24:02.549 [info] > git config --get commit.template [8ms]
2024-01-19 00:24:02.550 [info] > git for-each-ref --format=%(refname)%00%(upstream:short)%00%(objectname)%00%(upstream:track)%00%(upstream:remotename)%00%(upstream:remoteref) refs/heads/main refs/remotes/main [2ms]
2024-01-19 00:24:02.594 [info] > git status -z -uall [35ms]
2024-01-19 00:24:12.133 [info] > git config --get commit.template [6ms]
2024-01-19 00:24:12.133 [info] > git for-each-ref --format=%(refname)%00%(upstream:short)%00%(objectname)%00%(upstream:track)%00%(upstream:remotename)%00%(upstream:remoteref) refs/heads/main refs/remotes/main [1ms]
2024-01-19 00:24:12.172 [info] > git status -z -uall [34ms]
2024-01-19 00:24:17.206 [info] > git config --get commit.template [13ms]
2024-01-19 00:24:17.207 [info] > git for-each-ref --format=%(refname)%00%(upstream:short)%00%(objectname)%00%(upstream:track)%00%(upstream:remotename)%00%(upstream:remoteref) refs/heads/main refs/remotes/main [2ms]
2024-01-19 00:24:17.270 [info] > git status -z -uall [55ms]
2024-01-19 00:24:34.565 [info] > git config --get commit.template [17ms]
2024-01-19 00:24:34.565 [info] > git for-each-ref --format=%(refname)%00%(upstream:short)%00%(objectname)%00%(upstream:track)%00%(upstream:remotename)%00%(upstream:remoteref) refs/heads/main refs/remotes/main [4ms]
2024-01-19 00:24:34.616 [info] > git status -z -uall [40ms]
2024-01-19 00:24:39.637 [info] > git config --get commit.template [8ms]
2024-01-19 00:24:39.638 [info] > git for-each-ref --format=%(refname)%00%(upstream:short)%00%(objectname)%00%(upstream:track)%00%(upstream:remotename)%00%(upstream:remoteref) refs/heads/main refs/remotes/main [1ms]
2024-01-19 00:24:39.674 [info] > git status -z -uall [32ms]
2024-01-19 00:24:48.558 [info] > git config --get commit.template [13ms]
2024-01-19 00:24:48.559 [info] > git for-each-ref --format=%(refname)%00%(upstream:short)%00%(objectname)%00%(upstream:track)%00%(upstream:remotename)%00%(upstream:remoteref) refs/heads/main refs/remotes/main [3ms]
2024-01-19 00:24:48.627 [info] > git status -z -uall [59ms]
2024-01-19 00:24:58.434 [info] > git config --get commit.template [10ms]
2024-01-19 00:24:58.434 [info] > git for-each-ref --format=%(refname)%00%(upstream:short)%00%(objectname)%00%(upstream:track)%00%(upstream:remotename)%00%(upstream:remoteref) refs/heads/main refs/remotes/main [1ms]
2024-01-19 00:24:58.470 [info] > git status -z -uall [31ms]
2024-01-19 00:25:18.287 [info] > git config --get commit.template [10ms]
2024-01-19 00:25:18.288 [info] > git for-each-ref --format=%(refname)%00%(upstream:short)%00%(objectname)%00%(upstream:track)%00%(upstream:remotename)%00%(upstream:remoteref) refs/heads/main refs/remotes/main [2ms]
2024-01-19 00:25:18.331 [info] > git status -z -uall [33ms]
2024-01-19 00:25:38.305 [info] > git config --get commit.template [13ms]
2024-01-19 00:25:38.305 [info] > git for-each-ref --format=%(refname)%00%(upstream:short)%00%(objectname)%00%(upstream:track)%00%(upstream:remotename)%00%(upstream:remoteref) refs/heads/main refs/remotes/main [3ms]
2024-01-19 00:25:38.348 [info] > git status -z -uall [34ms]
2024-01-19 00:25:43.365 [info] > git config --get commit.template [7ms]
2024-01-19 00:25:43.365 [info] > git for-each-ref --format=%(refname)%00%(upstream:short)%00%(objectname)%00%(upstream:track)%00%(upstream:remotename)%00%(upstream:remoteref) refs/heads/main refs/remotes/main [1ms]
2024-01-19 00:25:43.402 [info] > git status -z -uall [31ms]
2024-01-19 00:25:48.428 [info] > git config --get commit.template [12ms]
2024-01-19 00:25:48.430 [info] > git for-each-ref --format=%(refname)%00%(upstream:short)%00%(objectname)%00%(upstream:track)%00%(upstream:remotename)%00%(upstream:remoteref) refs/heads/main refs/remotes/main [3ms]
2024-01-19 00:25:48.466 [info] > git status -z -uall [30ms]
2024-01-19 00:25:53.490 [info] > git config --get commit.template [11ms]
2024-01-19 00:25:53.491 [info] > git for-each-ref --format=%(refname)%00%(upstream:short)%00%(objectname)%00%(upstream:track)%00%(upstream:remotename)%00%(upstream:remoteref) refs/heads/main refs/remotes/main [2ms]
2024-01-19 00:25:53.533 [info] > git status -z -uall [34ms]
2024-01-19 00:25:54.588 [info] > git show --textconv :FrontEnd/src/app/home/home.component.html [8ms]
2024-01-19 00:25:54.590 [info] > git ls-files --stage -- /opt/lampp/htdocs/PoliceMend/FrontEnd/src/app/home/home.component.html [3ms]
2024-01-19 00:25:54.597 [info] > git cat-file -s d031f3ff2501eb4623610b6a41ee9fced82d14c4 [1ms]
2024-01-19 00:25:58.546 [info] > git config --get commit.template [5ms]
2024-01-19 00:25:58.547 [info] > git for-each-ref --format=%(refname)%00%(upstream:short)%00%(objectname)%00%(upstream:track)%00%(upstream:remotename)%00%(upstream:remoteref) refs/heads/main refs/remotes/main [1ms]
2024-01-19 00:25:58.584 [info] > git status -z -uall [32ms]
2024-01-19 00:26:05.937 [info] > git show --textconv :FrontEnd/src/app/home/home.component.scss [11ms]
2024-01-19 00:26:05.940 [info] > git ls-files --stage -- /opt/lampp/htdocs/PoliceMend/FrontEnd/src/app/home/home.component.scss [3ms]
2024-01-19 00:26:05.952 [info] > git cat-file -s ad91c44c18a787a1489cca84e4b6b316b805dee3 [2ms]
2024-01-19 00:26:08.031 [info] > git config --get commit.template [11ms]
2024-01-19 00:26:08.032 [info] > git for-each-ref --format=%(refname)%00%(upstream:short)%00%(objectname)%00%(upstream:track)%00%(upstream:remotename)%00%(upstream:remoteref) refs/heads/main refs/remotes/main [2ms]
2024-01-19 00:26:08.069 [info] > git status -z -uall [32ms]
2024-01-19 00:26:19.766 [info] > git config --get commit.template [31ms]
2024-01-19 00:26:19.780 [info] > git for-each-ref --format=%(refname)%00%(upstream:short)%00%(objectname)%00%(upstream:track)%00%(upstream:remotename)%00%(upstream:remoteref) refs/heads/main refs/remotes/main [5ms]
2024-01-19 00:26:19.850 [info] > git status -z -uall [41ms]
2024-01-19 00:26:24.875 [info] > git config --get commit.template [11ms]
2024-01-19 00:26:24.876 [info] > git for-each-ref --format=%(refname)%00%(upstream:short)%00%(objectname)%00%(upstream:track)%00%(upstream:remotename)%00%(upstream:remoteref) refs/heads/main refs/remotes/main [3ms]
2024-01-19 00:26:24.917 [info] > git status -z -uall [32ms]
2024-01-19 00:26:29.941 [info] > git config --get commit.template [10ms]
2024-01-19 00:26:29.943 [info] > git for-each-ref --format=%(refname)%00%(upstream:short)%00%(objectname)%00%(upstream:track)%00%(upstream:remotename)%00%(upstream:remoteref) refs/heads/main refs/remotes/main [1ms]
2024-01-19 00:26:29.981 [info] > git status -z -uall [32ms]
2024-01-19 00:26:35.020 [info] > git config --get commit.template [22ms]
2024-01-19 00:26:35.022 [info] > git for-each-ref --format=%(refname)%00%(upstream:short)%00%(objectname)%00%(upstream:track)%00%(upstream:remotename)%00%(upstream:remoteref) refs/heads/main refs/remotes/main [3ms]
2024-01-19 00:26:35.084 [info] > git status -z -uall [49ms]
2024-01-19 00:26:40.109 [info] > git config --get commit.template [11ms]
2024-01-19 00:26:40.110 [info] > git for-each-ref --format=%(refname)%00%(upstream:short)%00%(objectname)%00%(upstream:track)%00%(upstream:remotename)%00%(upstream:remoteref) refs/heads/main refs/remotes/main [2ms]
2024-01-19 00:26:40.153 [info] > git status -z -uall [34ms]
2024-01-19 00:26:45.177 [info] > git config --get commit.template [11ms]
2024-01-19 00:26:45.177 [info] > git for-each-ref --format=%(refname)%00%(upstream:short)%00%(objectname)%00%(upstream:track)%00%(upstream:remotename)%00%(upstream:remoteref) refs/heads/main refs/remotes/main [1ms]
2024-01-19 00:26:45.217 [info] > git status -z -uall [34ms]
2024-01-19 00:26:50.238 [info] > git config --get commit.template [6ms]
2024-01-19 00:26:50.238 [info] > git for-each-ref --format=%(refname)%00%(upstream:short)%00%(objectname)%00%(upstream:track)%00%(upstream:remotename)%00%(upstream:remoteref) refs/heads/main refs/remotes/main [1ms]
2024-01-19 00:26:50.276 [info] > git status -z -uall [33ms]
2024-01-19 00:26:55.298 [info] > git config --get commit.template [8ms]
2024-01-19 00:26:55.300 [info] > git for-each-ref --format=%(refname)%00%(upstream:short)%00%(objectname)%00%(upstream:track)%00%(upstream:remotename)%00%(upstream:remoteref) refs/heads/main refs/remotes/main [3ms]
2024-01-19 00:26:55.347 [info] > git status -z -uall [39ms]
2024-01-19 00:27:05.542 [info] > git config --get commit.template [4ms]
2024-01-19 00:27:05.558 [info] > git for-each-ref --format=%(refname)%00%(upstream:short)%00%(objectname)%00%(upstream:track)%00%(upstream:remotename)%00%(upstream:remoteref) refs/heads/main refs/remotes/main [2ms]
2024-01-19 00:27:05.604 [info] > git status -z -uall [38ms]
2024-01-19 00:27:10.620 [info] > git config --get commit.template [6ms]
2024-01-19 00:27:10.620 [info] > git for-each-ref --format=%(refname)%00%(upstream:short)%00%(objectname)%00%(upstream:track)%00%(upstream:remotename)%00%(upstream:remoteref) refs/heads/main refs/remotes/main [1ms]
2024-01-19 00:27:10.668 [info] > git status -z -uall [42ms]
2024-01-19 00:27:15.684 [info] > git config --get commit.template [2ms]
2024-01-19 00:27:15.697 [info] > git for-each-ref --format=%(refname)%00%(upstream:short)%00%(objectname)%00%(upstream:track)%00%(upstream:remotename)%00%(upstream:remoteref) refs/heads/main refs/remotes/main [2ms]
2024-01-19 00:27:15.738 [info] > git status -z -uall [33ms]
2024-01-19 00:27:40.910 [info] > git config --get commit.template [2ms]
2024-01-19 00:27:40.927 [info] > git for-each-ref --format=%(refname)%00%(upstream:short)%00%(objectname)%00%(upstream:track)%00%(upstream:remotename)%00%(upstream:remoteref) refs/heads/main refs/remotes/main [2ms]
2024-01-19 00:27:40.975 [info] > git status -z -uall [36ms]
2024-01-19 00:27:45.991 [info] > git config --get commit.template [3ms]
2024-01-19 00:27:46.003 [info] > git for-each-ref --format=%(refname)%00%(upstream:short)%00%(objectname)%00%(upstream:track)%00%(upstream:remotename)%00%(upstream:remoteref) refs/heads/main refs/remotes/main [3ms]
2024-01-19 00:27:46.044 [info] > git status -z -uall [32ms]
2024-01-19 00:28:00.075 [info] > git config --get commit.template [3ms]
2024-01-19 00:28:00.086 [info] > git for-each-ref --format=%(refname)%00%(upstream:short)%00%(objectname)%00%(upstream:track)%00%(upstream:remotename)%00%(upstream:remoteref) refs/heads/main refs/remotes/main [2ms]
2024-01-19 00:28:00.128 [info] > git status -z -uall [31ms]
2024-01-19 00:28:05.144 [info] > git config --get commit.template [6ms]
2024-01-19 00:28:05.144 [info] > git for-each-ref --format=%(refname)%00%(upstream:short)%00%(objectname)%00%(upstream:track)%00%(upstream:remotename)%00%(upstream:remoteref) refs/heads/main refs/remotes/main [1ms]
2024-01-19 00:28:05.180 [info] > git status -z -uall [30ms]
2024-01-19 00:28:10.207 [info] > git config --get commit.template [13ms]
2024-01-19 00:28:10.208 [info] > git for-each-ref --format=%(refname)%00%(upstream:short)%00%(objectname)%00%(upstream:track)%00%(upstream:remotename)%00%(upstream:remoteref) refs/heads/main refs/remotes/main [2ms]
2024-01-19 00:28:10.248 [info] > git status -z -uall [33ms]
2024-01-19 00:28:15.357 [info] > git config --get commit.template [2ms]
2024-01-19 00:28:15.369 [info] > git for-each-ref --format=%(refname)%00%(upstream:short)%00%(objectname)%00%(upstream:track)%00%(upstream:remotename)%00%(upstream:remoteref) refs/heads/main refs/remotes/main [3ms]
2024-01-19 00:28:15.414 [info] > git status -z -uall [35ms]
2024-01-19 00:28:21.789 [info] > git config --get commit.template [11ms]
2024-01-19 00:28:21.790 [info] > git for-each-ref --format=%(refname)%00%(upstream:short)%00%(objectname)%00%(upstream:track)%00%(upstream:remotename)%00%(upstream:remoteref) refs/heads/main refs/remotes/main [2ms]
2024-01-19 00:28:21.835 [info] > git status -z -uall [37ms]
2024-01-19 00:28:34.026 [info] > git config --get commit.template [12ms]
2024-01-19 00:28:34.026 [info] > git for-each-ref --format=%(refname)%00%(upstream:short)%00%(objectname)%00%(upstream:track)%00%(upstream:remotename)%00%(upstream:remoteref) refs/heads/main refs/remotes/main [1ms]
2024-01-19 00:28:34.071 [info] > git status -z -uall [34ms]
2024-01-19 00:28:39.095 [info] > git config --get commit.template [11ms]
2024-01-19 00:28:39.096 [info] > git for-each-ref --format=%(refname)%00%(upstream:short)%00%(objectname)%00%(upstream:track)%00%(upstream:remotename)%00%(upstream:remoteref) refs/heads/main refs/remotes/main [2ms]
2024-01-19 00:28:39.136 [info] > git status -z -uall [32ms]
2024-01-19 00:28:44.173 [info] > git config --get commit.template [16ms]
2024-01-19 00:28:44.174 [info] > git for-each-ref --format=%(refname)%00%(upstream:short)%00%(objectname)%00%(upstream:track)%00%(upstream:remotename)%00%(upstream:remoteref) refs/heads/main refs/remotes/main [3ms]
2024-01-19 00:28:44.259 [info] > git status -z -uall [71ms]
2024-01-19 00:29:10.202 [info] > git config --get commit.template [15ms]
2024-01-19 00:29:10.203 [info] > git for-each-ref --format=%(refname)%00%(upstream:short)%00%(objectname)%00%(upstream:track)%00%(upstream:remotename)%00%(upstream:remoteref) refs/heads/main refs/remotes/main [1ms]
2024-01-19 00:29:10.250 [info] > git status -z -uall [41ms]
2024-01-19 00:29:15.276 [info] > git config --get commit.template [12ms]
2024-01-19 00:29:15.276 [info] > git for-each-ref --format=%(refname)%00%(upstream:short)%00%(objectname)%00%(upstream:track)%00%(upstream:remotename)%00%(upstream:remoteref) refs/heads/main refs/remotes/main [2ms]
2024-01-19 00:29:15.316 [info] > git status -z -uall [32ms]
2024-01-19 00:29:29.019 [info] > git config --get commit.template [11ms]
2024-01-19 00:29:29.020 [info] > git for-each-ref --format=%(refname)%00%(upstream:short)%00%(objectname)%00%(upstream:track)%00%(upstream:remotename)%00%(upstream:remoteref) refs/heads/main refs/remotes/main [2ms]
2024-01-19 00:29:29.056 [info] > git status -z -uall [30ms]
2024-01-19 00:29:34.081 [info] > git config --get commit.template [10ms]
2024-01-19 00:29:34.082 [info] > git for-each-ref --format=%(refname)%00%(upstream:short)%00%(objectname)%00%(upstream:track)%00%(upstream:remotename)%00%(upstream:remoteref) refs/heads/main refs/remotes/main [3ms]
2024-01-19 00:29:34.125 [info] > git status -z -uall [34ms]
2024-01-19 00:29:39.731 [info] > git config --get commit.template [9ms]
2024-01-19 00:29:39.734 [info] > git for-each-ref --format=%(refname)%00%(upstream:short)%00%(objectname)%00%(upstream:track)%00%(upstream:remotename)%00%(upstream:remoteref) refs/heads/main refs/remotes/main [4ms]
2024-01-19 00:29:39.777 [info] > git status -z -uall [35ms]
2024-01-19 00:29:44.801 [info] > git config --get commit.template [10ms]
2024-01-19 00:29:44.802 [info] > git for-each-ref --format=%(refname)%00%(upstream:short)%00%(objectname)%00%(upstream:track)%00%(upstream:remotename)%00%(upstream:remoteref) refs/heads/main refs/remotes/main [2ms]
2024-01-19 00:29:44.839 [info] > git status -z -uall [31ms]
2024-01-19 00:29:58.439 [info] > git config --get commit.template [7ms]
2024-01-19 00:29:58.441 [info] > git for-each-ref --format=%(refname)%00%(upstream:short)%00%(objectname)%00%(upstream:track)%00%(upstream:remotename)%00%(upstream:remoteref) refs/heads/main refs/remotes/main [3ms]
2024-01-19 00:29:58.481 [info] > git status -z -uall [32ms]
2024-01-19 00:30:31.472 [info] > git config --get commit.template [12ms]
2024-01-19 00:30:31.472 [info] > git for-each-ref --format=%(refname)%00%(upstream:short)%00%(objectname)%00%(upstream:track)%00%(upstream:remotename)%00%(upstream:remoteref) refs/heads/main refs/remotes/main [3ms]
2024-01-19 00:30:31.520 [info] > git status -z -uall [39ms]
2024-01-19 00:30:37.868 [info] > git config --get commit.template [2ms]
2024-01-19 00:30:37.880 [info] > git for-each-ref --format=%(refname)%00%(upstream:short)%00%(objectname)%00%(upstream:track)%00%(upstream:remotename)%00%(upstream:remoteref) refs/heads/main refs/remotes/main [2ms]
2024-01-19 00:30:37.927 [info] > git status -z -uall [38ms]
2024-01-19 00:30:42.944 [info] > git config --get commit.template [9ms]
2024-01-19 00:30:42.945 [info] > git for-each-ref --format=%(refname)%00%(upstream:short)%00%(objectname)%00%(upstream:track)%00%(upstream:remotename)%00%(upstream:remoteref) refs/heads/main refs/remotes/main [1ms]
2024-01-19 00:30:42.983 [info] > git status -z -uall [32ms]
2024-01-19 00:30:48.001 [info] > git config --get commit.template [8ms]
2024-01-19 00:30:48.001 [info] > git for-each-ref --format=%(refname)%00%(upstream:short)%00%(objectname)%00%(upstream:track)%00%(upstream:remotename)%00%(upstream:remoteref) refs/heads/main refs/remotes/main [1ms]
2024-01-19 00:30:48.038 [info] > git status -z -uall [30ms]
2024-01-19 00:30:53.064 [info] > git config --get commit.template [12ms]
2024-01-19 00:30:53.065 [info] > git for-each-ref --format=%(refname)%00%(upstream:short)%00%(objectname)%00%(upstream:track)%00%(upstream:remotename)%00%(upstream:remoteref) refs/heads/main refs/remotes/main [2ms]
2024-01-19 00:30:53.110 [info] > git status -z -uall [37ms]
2024-01-19 00:30:58.128 [info] > git config --get commit.template [8ms]
2024-01-19 00:30:58.129 [info] > git for-each-ref --format=%(refname)%00%(upstream:short)%00%(objectname)%00%(upstream:track)%00%(upstream:remotename)%00%(upstream:remoteref) refs/heads/main refs/remotes/main [2ms]
2024-01-19 00:30:58.195 [info] > git status -z -uall [52ms]
2024-01-19 00:32:44.914 [info] > git config --get commit.template [21ms]
2024-01-19 00:32:44.921 [info] > git for-each-ref --format=%(refname)%00%(upstream:short)%00%(objectname)%00%(upstream:track)%00%(upstream:remotename)%00%(upstream:remoteref) refs/heads/main refs/remotes/main [9ms]
2024-01-19 00:32:45.002 [info] > git status -z -uall [67ms]
2024-01-19 00:32:47.576 [info] > git show --textconv :FrontEnd/src/app/home/home.component.html [10ms]
2024-01-19 00:32:47.579 [info] > git ls-files --stage -- /opt/lampp/htdocs/PoliceMend/FrontEnd/src/app/home/home.component.html [4ms]
2024-01-19 00:32:47.587 [info] > git cat-file -s d031f3ff2501eb4623610b6a41ee9fced82d14c4 [1ms]
2024-01-19 00:32:50.017 [info] > git config --get commit.template [6ms]
2024-01-19 00:32:50.017 [info] > git for-each-ref --format=%(refname)%00%(upstream:short)%00%(objectname)%00%(upstream:track)%00%(upstream:remotename)%00%(upstream:remoteref) refs/heads/main refs/remotes/main [1ms]
2024-01-19 00:32:50.058 [info] > git status -z -uall [36ms]
2024-01-19 00:32:58.463 [info] > git config --get commit.template [11ms]
2024-01-19 00:32:58.464 [info] > git for-each-ref --format=%(refname)%00%(upstream:short)%00%(objectname)%00%(upstream:track)%00%(upstream:remotename)%00%(upstream:remoteref) refs/heads/main refs/remotes/main [3ms]
2024-01-19 00:32:58.509 [info] > git status -z -uall [37ms]
2024-01-19 00:33:03.529 [info] > git config --get commit.template [8ms]
2024-01-19 00:33:03.530 [info] > git for-each-ref --format=%(refname)%00%(upstream:short)%00%(objectname)%00%(upstream:track)%00%(upstream:remotename)%00%(upstream:remoteref) refs/heads/main refs/remotes/main [2ms]
2024-01-19 00:33:03.573 [info] > git status -z -uall [36ms]
2024-01-19 00:33:55.239 [info] > git config --get commit.template [28ms]
2024-01-19 00:33:55.239 [info] > git for-each-ref --format=%(refname)%00%(upstream:short)%00%(objectname)%00%(upstream:track)%00%(upstream:remotename)%00%(upstream:remoteref) refs/heads/main refs/remotes/main [2ms]
2024-01-19 00:33:55.303 [info] > git status -z -uall [55ms]
2024-01-19 00:34:25.730 [info] > git config --get commit.template [16ms]
2024-01-19 00:34:25.730 [info] > git for-each-ref --format=%(refname)%00%(upstream:short)%00%(objectname)%00%(upstream:track)%00%(upstream:remotename)%00%(upstream:remoteref) refs/heads/main refs/remotes/main [1ms]
2024-01-19 00:34:25.783 [info] > git status -z -uall [43ms]
2024-01-19 00:34:41.112 [info] > git config --get commit.template [10ms]
2024-01-19 00:34:41.114 [info] > git for-each-ref --format=%(refname)%00%(upstream:short)%00%(objectname)%00%(upstream:track)%00%(upstream:remotename)%00%(upstream:remoteref) refs/heads/main refs/remotes/main [3ms]
2024-01-19 00:34:41.160 [info] > git status -z -uall [37ms]
2024-01-19 00:35:31.408 [info] > git config --get commit.template [6ms]
2024-01-19 00:35:31.409 [info] > git for-each-ref --format=%(refname)%00%(upstream:short)%00%(objectname)%00%(upstream:track)%00%(upstream:remotename)%00%(upstream:remoteref) refs/heads/main refs/remotes/main [1ms]
2024-01-19 00:35:31.453 [info] > git status -z -uall [38ms]
2024-01-19 00:35:36.480 [info] > git config --get commit.template [13ms]
2024-01-19 00:35:36.481 [info] > git for-each-ref --format=%(refname)%00%(upstream:short)%00%(objectname)%00%(upstream:track)%00%(upstream:remotename)%00%(upstream:remoteref) refs/heads/main refs/remotes/main [2ms]
2024-01-19 00:35:36.524 [info] > git status -z -uall [36ms]
2024-01-19 00:35:41.547 [info] > git config --get commit.template [11ms]
2024-01-19 00:35:41.548 [info] > git for-each-ref --format=%(refname)%00%(upstream:short)%00%(objectname)%00%(upstream:track)%00%(upstream:remotename)%00%(upstream:remoteref) refs/heads/main refs/remotes/main [2ms]
2024-01-19 00:35:41.593 [info] > git status -z -uall [36ms]
2024-01-19 00:35:48.209 [info] > git config --get commit.template [16ms]
2024-01-19 00:35:48.210 [info] > git for-each-ref --format=%(refname)%00%(upstream:short)%00%(objectname)%00%(upstream:track)%00%(upstream:remotename)%00%(upstream:remoteref) refs/heads/main refs/remotes/main [3ms]
2024-01-19 00:35:48.298 [info] > git status -z -uall [72ms]
2024-01-19 00:36:29.946 [info] > git config --get commit.template [35ms]
2024-01-19 00:36:29.950 [info] > git for-each-ref --format=%(refname)%00%(upstream:short)%00%(objectname)%00%(upstream:track)%00%(upstream:remotename)%00%(upstream:remoteref) refs/heads/main refs/remotes/main [10ms]
2024-01-19 00:36:30.135 [info] > git status -z -uall [168ms]
2024-01-19 00:36:30.136 [info] > git show --textconv :FrontEnd/src/app/home/home.component.scss [32ms]
2024-01-19 00:36:30.142 [info] > git ls-files --stage -- /opt/lampp/htdocs/PoliceMend/FrontEnd/src/app/home/home.component.scss [17ms]
2024-01-19 00:36:30.161 [info] > git cat-file -s ad91c44c18a787a1489cca84e4b6b316b805dee3 [8ms]
2024-01-19 00:36:35.183 [info] > git config --get commit.template [13ms]
2024-01-19 00:36:35.184 [info] > git for-each-ref --format=%(refname)%00%(upstream:short)%00%(objectname)%00%(upstream:track)%00%(upstream:remotename)%00%(upstream:remoteref) refs/heads/main refs/remotes/main [2ms]
2024-01-19 00:36:35.235 [info] > git status -z -uall [47ms]
2024-01-19 00:36:43.303 [info] > git config --get commit.template [6ms]
2024-01-19 00:36:43.304 [info] > git for-each-ref --format=%(refname)%00%(upstream:short)%00%(objectname)%00%(upstream:track)%00%(upstream:remotename)%00%(upstream:remoteref) refs/heads/main refs/remotes/main [2ms]
2024-01-19 00:36:43.361 [info] > git status -z -uall [46ms]
2024-01-19 00:36:58.470 [info] > git config --get commit.template [9ms]
2024-01-19 00:36:58.471 [info] > git for-each-ref --format=%(refname)%00%(upstream:short)%00%(objectname)%00%(upstream:track)%00%(upstream:remotename)%00%(upstream:remoteref) refs/heads/main refs/remotes/main [2ms]
2024-01-19 00:36:58.521 [info] > git status -z -uall [42ms]
2024-01-19 00:37:13.206 [info] > git config --get commit.template [10ms]
2024-01-19 00:37:13.208 [info] > git for-each-ref --format=%(refname)%00%(upstream:short)%00%(objectname)%00%(upstream:track)%00%(upstream:remotename)%00%(upstream:remoteref) refs/heads/main refs/remotes/main [6ms]
2024-01-19 00:37:13.320 [info] > git status -z -uall [84ms]
2024-01-19 00:37:18.343 [info] > git config --get commit.template [7ms]
2024-01-19 00:37:18.344 [info] > git for-each-ref --format=%(refname)%00%(upstream:short)%00%(objectname)%00%(upstream:track)%00%(upstream:remotename)%00%(upstream:remoteref) refs/heads/main refs/remotes/main [2ms]
2024-01-19 00:37:18.402 [info] > git status -z -uall [47ms]
2024-01-19 00:37:25.800 [info] > git config --get commit.template [10ms]
2024-01-19 00:37:25.801 [info] > git for-each-ref --format=%(refname)%00%(upstream:short)%00%(objectname)%00%(upstream:track)%00%(upstream:remotename)%00%(upstream:remoteref) refs/heads/main refs/remotes/main [1ms]
2024-01-19 00:37:25.847 [info] > git status -z -uall [40ms]
2024-01-19 00:37:43.415 [info] > git config --get commit.template [11ms]
2024-01-19 00:37:43.415 [info] > git for-each-ref --format=%(refname)%00%(upstream:short)%00%(objectname)%00%(upstream:track)%00%(upstream:remotename)%00%(upstream:remoteref) refs/heads/main refs/remotes/main [1ms]
2024-01-19 00:37:43.481 [info] > git status -z -uall [52ms]
2024-01-19 00:37:58.470 [info] > git config --get commit.template [11ms]
2024-01-19 00:37:58.471 [info] > git for-each-ref --format=%(refname)%00%(upstream:short)%00%(objectname)%00%(upstream:track)%00%(upstream:remotename)%00%(upstream:remoteref) refs/heads/main refs/remotes/main [3ms]
2024-01-19 00:37:58.525 [info] > git status -z -uall [48ms]
2024-01-19 00:38:03.548 [info] > git config --get commit.template [9ms]
2024-01-19 00:38:03.551 [info] > git for-each-ref --format=%(refname)%00%(upstream:short)%00%(objectname)%00%(upstream:track)%00%(upstream:remotename)%00%(upstream:remoteref) refs/heads/main refs/remotes/main [4ms]
2024-01-19 00:38:03.605 [info] > git status -z -uall [47ms]
2024-01-19 00:38:09.788 [info] > git config --get commit.template [3ms]
2024-01-19 00:38:09.801 [info] > git for-each-ref --format=%(refname)%00%(upstream:short)%00%(objectname)%00%(upstream:track)%00%(upstream:remotename)%00%(upstream:remoteref) refs/heads/main refs/remotes/main [3ms]
2024-01-19 00:38:09.878 [info] > git status -z -uall [60ms]
2024-01-19 00:38:23.634 [info] > git config --get commit.template [14ms]
2024-01-19 00:38:23.635 [info] > git for-each-ref --format=%(refname)%00%(upstream:short)%00%(objectname)%00%(upstream:track)%00%(upstream:remotename)%00%(upstream:remoteref) refs/heads/main refs/remotes/main [2ms]
2024-01-19 00:38:23.714 [info] > git status -z -uall [65ms]
2024-01-19 00:38:31.572 [info] > git config --get commit.template [15ms]
2024-01-19 00:38:31.574 [info] > git for-each-ref --format=%(refname)%00%(upstream:short)%00%(objectname)%00%(upstream:track)%00%(upstream:remotename)%00%(upstream:remoteref) refs/heads/main refs/remotes/main [3ms]
2024-01-19 00:38:31.652 [info] > git status -z -uall [62ms]
2024-01-19 00:38:36.681 [info] > git config --get commit.template [17ms]
2024-01-19 00:38:36.682 [info] > git for-each-ref --format=%(refname)%00%(upstream:short)%00%(objectname)%00%(upstream:track)%00%(upstream:remotename)%00%(upstream:remoteref) refs/heads/main refs/remotes/main [3ms]
2024-01-19 00:38:36.775 [info] > git status -z -uall [80ms]
2024-01-19 00:38:41.798 [info] > git config --get commit.template [6ms]
2024-01-19 00:38:41.799 [info] > git for-each-ref --format=%(refname)%00%(upstream:short)%00%(objectname)%00%(upstream:track)%00%(upstream:remotename)%00%(upstream:remoteref) refs/heads/main refs/remotes/main [2ms]
2024-01-19 00:38:41.861 [info] > git status -z -uall [50ms]
2024-01-19 00:38:50.251 [info] > git config --get commit.template [12ms]
2024-01-19 00:38:50.252 [info] > git for-each-ref --format=%(refname)%00%(upstream:short)%00%(objectname)%00%(upstream:track)%00%(upstream:remotename)%00%(upstream:remoteref) refs/heads/main refs/remotes/main [1ms]
2024-01-19 00:38:50.314 [info] > git status -z -uall [51ms]
2024-01-19 00:38:55.336 [info] > git config --get commit.template [14ms]
2024-01-19 00:38:55.337 [info] > git for-each-ref --format=%(refname)%00%(upstream:short)%00%(objectname)%00%(upstream:track)%00%(upstream:remotename)%00%(upstream:remoteref) refs/heads/main refs/remotes/main [1ms]
2024-01-19 00:38:55.392 [info] > git status -z -uall [48ms]
2024-01-19 00:39:00.418 [info] > git config --get commit.template [12ms]
2024-01-19 00:39:00.419 [info] > git for-each-ref --format=%(refname)%00%(upstream:short)%00%(objectname)%00%(upstream:track)%00%(upstream:remotename)%00%(upstream:remoteref) refs/heads/main refs/remotes/main [3ms]
2024-01-19 00:39:00.471 [info] > git status -z -uall [43ms]
2024-01-19 00:39:34.275 [info] > git config --get commit.template [4ms]
2024-01-19 00:39:34.294 [info] > git for-each-ref --format=%(refname)%00%(upstream:short)%00%(objectname)%00%(upstream:track)%00%(upstream:remotename)%00%(upstream:remoteref) refs/heads/main refs/remotes/main [4ms]
2024-01-19 00:39:34.394 [info] > git status -z -uall [79ms]
2024-01-19 00:39:39.420 [info] > git config --get commit.template [14ms]
2024-01-19 00:39:39.421 [info] > git for-each-ref --format=%(refname)%00%(upstream:short)%00%(objectname)%00%(upstream:track)%00%(upstream:remotename)%00%(upstream:remoteref) refs/heads/main refs/remotes/main [2ms]
2024-01-19 00:39:39.478 [info] > git status -z -uall [50ms]
2024-01-19 00:39:44.501 [info] > git config --get commit.template [5ms]
2024-01-19 00:39:44.512 [info] > git for-each-ref --format=%(refname)%00%(upstream:short)%00%(objectname)%00%(upstream:track)%00%(upstream:remotename)%00%(upstream:remoteref) refs/heads/main refs/remotes/main [2ms]
2024-01-19 00:39:44.570 [info] > git status -z -uall [48ms]
2024-01-19 00:39:49.600 [info] > git config --get commit.template [14ms]
2024-01-19 00:39:49.601 [info] > git for-each-ref --format=%(refname)%00%(upstream:short)%00%(objectname)%00%(upstream:track)%00%(upstream:remotename)%00%(upstream:remoteref) refs/heads/main refs/remotes/main [3ms]
2024-01-19 00:39:49.658 [info] > git status -z -uall [46ms]
2024-01-19 00:39:55.248 [info] > git config --get commit.template [13ms]
2024-01-19 00:39:55.249 [info] > git for-each-ref --format=%(refname)%00%(upstream:short)%00%(objectname)%00%(upstream:track)%00%(upstream:remotename)%00%(upstream:remoteref) refs/heads/main refs/remotes/main [1ms]
2024-01-19 00:39:55.314 [info] > git status -z -uall [59ms]
2024-01-19 00:40:00.340 [info] > git config --get commit.template [1ms]
2024-01-19 00:40:00.353 [info] > git for-each-ref --format=%(refname)%00%(upstream:short)%00%(objectname)%00%(upstream:track)%00%(upstream:remotename)%00%(upstream:remoteref) refs/heads/main refs/remotes/main [2ms]
2024-01-19 00:40:00.433 [info] > git status -z -uall [66ms]
2024-01-19 00:40:19.063 [info] > git config --get commit.template [12ms]
2024-01-19 00:40:19.066 [info] > git for-each-ref --format=%(refname)%00%(upstream:short)%00%(objectname)%00%(upstream:track)%00%(upstream:remotename)%00%(upstream:remoteref) refs/heads/main refs/remotes/main [4ms]
2024-01-19 00:40:19.142 [info] > git status -z -uall [61ms]
2024-01-19 00:40:24.173 [info] > git config --get commit.template [15ms]
2024-01-19 00:40:24.174 [info] > git for-each-ref --format=%(refname)%00%(upstream:short)%00%(objectname)%00%(upstream:track)%00%(upstream:remotename)%00%(upstream:remoteref) refs/heads/main refs/remotes/main [2ms]
2024-01-19 00:40:24.300 [info] > git status -z -uall [99ms]
2024-01-19 00:40:36.335 [info] > git config --get commit.template [16ms]
2024-01-19 00:40:36.336 [info] > git for-each-ref --format=%(refname)%00%(upstream:short)%00%(objectname)%00%(upstream:track)%00%(upstream:remotename)%00%(upstream:remoteref) refs/heads/main refs/remotes/main [5ms]
2024-01-19 00:40:36.406 [info] > git status -z -uall [51ms]
2024-01-19 00:40:47.646 [info] > git config --get commit.template [17ms]
2024-01-19 00:40:47.647 [info] > git for-each-ref --format=%(refname)%00%(upstream:short)%00%(objectname)%00%(upstream:track)%00%(upstream:remotename)%00%(upstream:remoteref) refs/heads/main refs/remotes/main [1ms]
2024-01-19 00:40:47.715 [info] > git status -z -uall [55ms]
2024-01-19 00:40:52.746 [info] > git config --get commit.template [13ms]
2024-01-19 00:40:52.747 [info] > git for-each-ref --format=%(refname)%00%(upstream:short)%00%(objectname)%00%(upstream:track)%00%(upstream:remotename)%00%(upstream:remoteref) refs/heads/main refs/remotes/main [1ms]
2024-01-19 00:40:52.814 [info] > git status -z -uall [55ms]
2024-01-19 00:40:57.841 [info] > git config --get commit.template [12ms]
2024-01-19 00:40:57.842 [info] > git for-each-ref --format=%(refname)%00%(upstream:short)%00%(objectname)%00%(upstream:track)%00%(upstream:remotename)%00%(upstream:remoteref) refs/heads/main refs/remotes/main [3ms]
2024-01-19 00:40:57.901 [info] > git status -z -uall [53ms]
2024-01-19 00:41:02.926 [info] > git config --get commit.template [14ms]
2024-01-19 00:41:02.927 [info] > git for-each-ref --format=%(refname)%00%(upstream:short)%00%(objectname)%00%(upstream:track)%00%(upstream:remotename)%00%(upstream:remoteref) refs/heads/main refs/remotes/main [2ms]
2024-01-19 00:41:02.992 [info] > git status -z -uall [55ms]
2024-01-19 00:41:08.014 [info] > git config --get commit.template [10ms]
2024-01-19 00:41:08.015 [info] > git for-each-ref --format=%(refname)%00%(upstream:short)%00%(objectname)%00%(upstream:track)%00%(upstream:remotename)%00%(upstream:remoteref) refs/heads/main refs/remotes/main [2ms]
2024-01-19 00:41:08.065 [info] > git status -z -uall [43ms]
2024-01-19 00:41:20.820 [info] > git config --get commit.template [10ms]
2024-01-19 00:41:20.821 [info] > git for-each-ref --format=%(refname)%00%(upstream:short)%00%(objectname)%00%(upstream:track)%00%(upstream:remotename)%00%(upstream:remoteref) refs/heads/main refs/remotes/main [3ms]
2024-01-19 00:41:20.873 [info] > git status -z -uall [43ms]
2024-01-19 00:41:25.893 [info] > git config --get commit.template [9ms]
2024-01-19 00:41:25.894 [info] > git for-each-ref --format=%(refname)%00%(upstream:short)%00%(objectname)%00%(upstream:track)%00%(upstream:remotename)%00%(upstream:remoteref) refs/heads/main refs/remotes/main [2ms]
2024-01-19 00:41:25.945 [info] > git status -z -uall [45ms]
2024-01-19 00:41:30.976 [info] > git config --get commit.template [5ms]
2024-01-19 00:41:30.991 [info] > git for-each-ref --format=%(refname)%00%(upstream:short)%00%(objectname)%00%(upstream:track)%00%(upstream:remotename)%00%(upstream:remoteref) refs/heads/main refs/remotes/main [2ms]
2024-01-19 00:41:31.094 [info] > git status -z -uall [86ms]
2024-01-19 00:42:41.994 [info] > git config --get commit.template [9ms]
2024-01-19 00:42:41.995 [info] > git for-each-ref --format=%(refname)%00%(upstream:short)%00%(objectname)%00%(upstream:track)%00%(upstream:remotename)%00%(upstream:remoteref) refs/heads/main refs/remotes/main [2ms]
2024-01-19 00:42:42.066 [info] > git status -z -uall [56ms]
2024-01-19 00:42:47.094 [info] > git config --get commit.template [11ms]
2024-01-19 00:42:47.094 [info] > git for-each-ref --format=%(refname)%00%(upstream:short)%00%(objectname)%00%(upstream:track)%00%(upstream:remotename)%00%(upstream:remoteref) refs/heads/main refs/remotes/main [1ms]
2024-01-19 00:42:47.149 [info] > git status -z -uall [44ms]
2024-01-19 00:42:58.520 [info] > git config --get commit.template [15ms]
2024-01-19 00:42:58.521 [info] > git for-each-ref --format=%(refname)%00%(upstream:short)%00%(objectname)%00%(upstream:track)%00%(upstream:remotename)%00%(upstream:remoteref) refs/heads/main refs/remotes/main [3ms]
2024-01-19 00:42:58.582 [info] > git status -z -uall [53ms]
2024-01-19 00:43:03.640 [info] > git config --get commit.template [22ms]
2024-01-19 00:43:03.646 [info] > git for-each-ref --format=%(refname)%00%(upstream:short)%00%(objectname)%00%(upstream:track)%00%(upstream:remotename)%00%(upstream:remoteref) refs/heads/main refs/remotes/main [9ms]
2024-01-19 00:43:03.755 [info] > git status -z -uall [85ms]
2024-01-19 00:44:20.514 [info] > git config --get commit.template [25ms]
2024-01-19 00:44:20.517 [info] > git for-each-ref --format=%(refname)%00%(upstream:short)%00%(objectname)%00%(upstream:track)%00%(upstream:remotename)%00%(upstream:remoteref) refs/heads/main refs/remotes/main [4ms]
2024-01-19 00:44:20.593 [info] > git status -z -uall [53ms]
2024-01-19 00:44:25.623 [info] > git config --get commit.template [15ms]
2024-01-19 00:44:25.624 [info] > git for-each-ref --format=%(refname)%00%(upstream:short)%00%(objectname)%00%(upstream:track)%00%(upstream:remotename)%00%(upstream:remoteref) refs/heads/main refs/remotes/main [2ms]
2024-01-19 00:44:25.681 [info] > git status -z -uall [49ms]
2024-01-19 00:44:30.707 [info] > git config --get commit.template [14ms]
2024-01-19 00:44:30.708 [info] > git for-each-ref --format=%(refname)%00%(upstream:short)%00%(objectname)%00%(upstream:track)%00%(upstream:remotename)%00%(upstream:remoteref) refs/heads/main refs/remotes/main [1ms]
2024-01-19 00:44:30.772 [info] > git status -z -uall [50ms]
2024-01-19 00:44:35.801 [info] > git config --get commit.template [13ms]
2024-01-19 00:44:35.802 [info] > git for-each-ref --format=%(refname)%00%(upstream:short)%00%(objectname)%00%(upstream:track)%00%(upstream:remotename)%00%(upstream:remoteref) refs/heads/main refs/remotes/main [5ms]
2024-01-19 00:44:35.856 [info] > git status -z -uall [47ms]
2024-01-19 00:44:40.907 [info] > git config --get commit.template [19ms]
2024-01-19 00:44:40.909 [info] > git for-each-ref --format=%(refname)%00%(upstream:short)%00%(objectname)%00%(upstream:track)%00%(upstream:remotename)%00%(upstream:remoteref) refs/heads/main refs/remotes/main [3ms]
2024-01-19 00:44:41.000 [info] > git status -z -uall [72ms]
2024-01-19 00:44:46.035 [info] > git config --get commit.template [14ms]
2024-01-19 00:44:46.036 [info] > git for-each-ref --format=%(refname)%00%(upstream:short)%00%(objectname)%00%(upstream:track)%00%(upstream:remotename)%00%(upstream:remoteref) refs/heads/main refs/remotes/main [1ms]
2024-01-19 00:44:46.092 [info] > git status -z -uall [45ms]
2024-01-19 00:46:18.546 [info] > git config --get commit.template [33ms]
2024-01-19 00:46:18.547 [info] > git for-each-ref --format=%(refname)%00%(upstream:short)%00%(objectname)%00%(upstream:track)%00%(upstream:remotename)%00%(upstream:remoteref) refs/heads/main refs/remotes/main [3ms]
2024-01-19 00:46:18.638 [info] > git status -z -uall [78ms]
2024-01-19 00:46:23.660 [info] > git config --get commit.template [8ms]
2024-01-19 00:46:23.663 [info] > git for-each-ref --format=%(refname)%00%(upstream:short)%00%(objectname)%00%(upstream:track)%00%(upstream:remotename)%00%(upstream:remoteref) refs/heads/main refs/remotes/main [4ms]
2024-01-19 00:46:23.718 [info] > git status -z -uall [47ms]
2024-01-19 00:46:29.318 [info] > git config --get commit.template [9ms]
2024-01-19 00:46:29.319 [info] > git for-each-ref --format=%(refname)%00%(upstream:short)%00%(objectname)%00%(upstream:track)%00%(upstream:remotename)%00%(upstream:remoteref) refs/heads/main refs/remotes/main [1ms]
2024-01-19 00:46:29.381 [info] > git status -z -uall [49ms]
2024-01-19 00:46:38.112 [info] > git config --get commit.template [17ms]
2024-01-19 00:46:38.113 [info] > git for-each-ref --format=%(refname)%00%(upstream:short)%00%(objectname)%00%(upstream:track)%00%(upstream:remotename)%00%(upstream:remoteref) refs/heads/main refs/remotes/main [2ms]
2024-01-19 00:46:38.191 [info] > git status -z -uall [61ms]
2024-01-19 00:46:45.302 [info] > git config --get commit.template [9ms]
2024-01-19 00:46:45.305 [info] > git for-each-ref --format=%(refname)%00%(upstream:short)%00%(objectname)%00%(upstream:track)%00%(upstream:remotename)%00%(upstream:remoteref) refs/heads/main refs/remotes/main [4ms]
2024-01-19 00:46:45.374 [info] > git status -z -uall [61ms]
2024-01-19 00:47:46.015 [info] > git config --get commit.template [11ms]
2024-01-19 00:47:46.016 [info] > git for-each-ref --format=%(refname)%00%(upstream:short)%00%(objectname)%00%(upstream:track)%00%(upstream:remotename)%00%(upstream:remoteref) refs/heads/main refs/remotes/main [2ms]
2024-01-19 00:47:46.067 [info] > git status -z -uall [42ms]
2024-01-19 00:47:51.086 [info] > git config --get commit.template [9ms]
2024-01-19 00:47:51.088 [info] > git for-each-ref --format=%(refname)%00%(upstream:short)%00%(objectname)%00%(upstream:track)%00%(upstream:remotename)%00%(upstream:remoteref) refs/heads/main refs/remotes/main [2ms]
2024-01-19 00:47:51.133 [info] > git status -z -uall [37ms]
2024-01-19 00:50:31.516 [info] > git config --get commit.template [21ms]
2024-01-19 00:50:31.521 [info] > git for-each-ref --format=%(refname)%00%(upstream:short)%00%(objectname)%00%(upstream:track)%00%(upstream:remotename)%00%(upstream:remoteref) refs/heads/main refs/remotes/main [7ms]
2024-01-19 00:50:31.617 [info] > git status -z -uall [78ms]
2024-01-19 00:50:36.643 [info] > git config --get commit.template [8ms]
2024-01-19 00:50:36.644 [info] > git for-each-ref --format=%(refname)%00%(upstream:short)%00%(objectname)%00%(upstream:track)%00%(upstream:remotename)%00%(upstream:remoteref) refs/heads/main refs/remotes/main [1ms]
2024-01-19 00:50:36.686 [info] > git status -z -uall [35ms]
2024-01-19 00:50:45.729 [info] > git show --textconv :FrontEnd/src/environments/environment.ts [11ms]
2024-01-19 00:50:45.732 [info] > git ls-files --stage -- /opt/lampp/htdocs/PoliceMend/FrontEnd/src/environments/environment.ts [3ms]
2024-01-19 00:50:45.738 [info] > git cat-file -s baa17bfaceaf64ac8e43f13988520a190b99a5c1 [1ms]
2024-01-19 00:50:46.829 [info] > git config --get commit.template [10ms]
2024-01-19 00:50:46.830 [info] > git for-each-ref --format=%(refname)%00%(upstream:short)%00%(objectname)%00%(upstream:track)%00%(upstream:remotename)%00%(upstream:remoteref) refs/heads/main refs/remotes/main [2ms]
2024-01-19 00:50:46.877 [info] > git status -z -uall [39ms]
2024-01-19 00:50:51.902 [info] > git config --get commit.template [11ms]
2024-01-19 00:50:51.904 [info] > git for-each-ref --format=%(refname)%00%(upstream:short)%00%(objectname)%00%(upstream:track)%00%(upstream:remotename)%00%(upstream:remoteref) refs/heads/main refs/remotes/main [3ms]
2024-01-19 00:50:51.952 [info] > git status -z -uall [38ms]
2024-01-19 00:50:56.965 [info] > git config --get commit.template [5ms]
2024-01-19 00:50:56.966 [info] > git for-each-ref --format=%(refname)%00%(upstream:short)%00%(objectname)%00%(upstream:track)%00%(upstream:remotename)%00%(upstream:remoteref) refs/heads/main refs/remotes/main [1ms]
2024-01-19 00:50:57.005 [info] > git status -z -uall [34ms]
2024-01-19 00:51:02.023 [info] > git config --get commit.template [2ms]
2024-01-19 00:51:02.035 [info] > git for-each-ref --format=%(refname)%00%(upstream:short)%00%(objectname)%00%(upstream:track)%00%(upstream:remotename)%00%(upstream:remoteref) refs/heads/main refs/remotes/main [2ms]
2024-01-19 00:51:02.083 [info] > git status -z -uall [39ms]
2024-01-19 00:51:07.098 [info] > git config --get commit.template [2ms]
2024-01-19 00:51:07.106 [info] > git for-each-ref --format=%(refname)%00%(upstream:short)%00%(objectname)%00%(upstream:track)%00%(upstream:remotename)%00%(upstream:remoteref) refs/heads/main refs/remotes/main [2ms]
2024-01-19 00:51:07.148 [info] > git status -z -uall [37ms]
2024-01-19 00:51:12.166 [info] > git config --get commit.template [7ms]
2024-01-19 00:51:12.167 [info] > git for-each-ref --format=%(refname)%00%(upstream:short)%00%(objectname)%00%(upstream:track)%00%(upstream:remotename)%00%(upstream:remoteref) refs/heads/main refs/remotes/main [2ms]
2024-01-19 00:51:12.213 [info] > git status -z -uall [41ms]
2024-01-19 00:51:33.630 [info] > git for-each-ref --format=%(refname)%00%(upstream:short)%00%(objectname)%00%(upstream:track)%00%(upstream:remotename)%00%(upstream:remoteref) refs/heads/main refs/remotes/main [1ms]
2024-01-19 00:51:33.631 [info] > git config --get commit.template [17ms]
2024-01-19 00:51:33.695 [info] > git status -z -uall [54ms]
2024-01-19 00:53:51.527 [info] > git config --get commit.template [9ms]
2024-01-19 00:53:51.529 [info] > git for-each-ref --format=%(refname)%00%(upstream:short)%00%(objectname)%00%(upstream:track)%00%(upstream:remotename)%00%(upstream:remoteref) refs/heads/main refs/remotes/main [4ms]
2024-01-19 00:53:51.562 [info] > git ls-files --stage -- /opt/lampp/htdocs/PoliceMend/FrontEnd/src/environments/environment.ts [7ms]
2024-01-19 00:53:51.577 [info] > git cat-file -s 4a6ece3b05ec1d3bb5d254659293d1b28835453b [3ms]
2024-01-19 00:53:51.587 [info] > git status -z -uall [48ms]
2024-01-19 00:53:51.601 [info] > git show --textconv :FrontEnd/src/environments/environment.ts [3ms]
2024-01-19 00:57:59.982 [info] > git config --get commit.template [11ms]
2024-01-19 00:57:59.991 [info] > git ls-files --stage -- /opt/lampp/htdocs/PoliceMend/FrontEnd/src/environments/environment.ts [10ms]
2024-01-19 00:57:59.998 [info] > git for-each-ref --format=%(refname)%00%(upstream:short)%00%(objectname)%00%(upstream:track)%00%(upstream:remotename)%00%(upstream:remoteref) refs/heads/main refs/remotes/main [8ms]
2024-01-19 00:58:00.004 [info] > git cat-file -s 4a6ece3b05ec1d3bb5d254659293d1b28835453b [7ms]
2024-01-19 00:58:00.016 [info] > git show --textconv :FrontEnd/src/environments/environment.ts [2ms]
2024-01-19 00:58:00.032 [info] > git status -z -uall [27ms]
2024-01-19 00:58:52.508 [info] > git config --get commit.template [9ms]
2024-01-19 00:58:52.508 [info] > git for-each-ref --format=%(refname)%00%(upstream:short)%00%(objectname)%00%(upstream:track)%00%(upstream:remotename)%00%(upstream:remoteref) refs/heads/main refs/remotes/main [1ms]
2024-01-19 00:58:52.551 [info] > git status -z -uall [36ms]
2024-01-19 00:58:57.579 [info] > git config --get commit.template [13ms]
2024-01-19 00:58:57.579 [info] > git for-each-ref --format=%(refname)%00%(upstream:short)%00%(objectname)%00%(upstream:track)%00%(upstream:remotename)%00%(upstream:remoteref) refs/heads/main refs/remotes/main [3ms]
2024-01-19 00:58:57.615 [info] > git status -z -uall [27ms]
2024-01-19 00:59:10.895 [info] > git config --get commit.template [10ms]
2024-01-19 00:59:10.896 [info] > git for-each-ref --format=%(refname)%00%(upstream:short)%00%(objectname)%00%(upstream:track)%00%(upstream:remotename)%00%(upstream:remoteref) refs/heads/main refs/remotes/main [2ms]
2024-01-19 00:59:10.941 [info] > git status -z -uall [36ms]
2024-01-19 00:59:17.029 [info] > git config --get commit.template [10ms]
2024-01-19 00:59:17.031 [info] > git for-each-ref --format=%(refname)%00%(upstream:short)%00%(objectname)%00%(upstream:track)%00%(upstream:remotename)%00%(upstream:remoteref) refs/heads/main refs/remotes/main [3ms]
2024-01-19 00:59:17.066 [info] > git status -z -uall [27ms]
2024-01-19 00:59:18.832 [info] > git check-ignore -v -z --stdin [5ms]
2024-01-19 00:59:22.090 [info] > git config --get commit.template [11ms]
2024-01-19 00:59:22.090 [info] > git for-each-ref --format=%(refname)%00%(upstream:short)%00%(objectname)%00%(upstream:track)%00%(upstream:remotename)%00%(upstream:remoteref) refs/heads/main refs/remotes/main [1ms]
2024-01-19 00:59:22.121 [info] > git status -z -uall [24ms]
2024-01-19 00:59:27.132 [info] > git config --get commit.template [1ms]
2024-01-19 00:59:27.146 [info] > git for-each-ref --format=%(refname)%00%(upstream:short)%00%(objectname)%00%(upstream:track)%00%(upstream:remotename)%00%(upstream:remoteref) refs/heads/main refs/remotes/main [1ms]
2024-01-19 00:59:27.182 [info] > git status -z -uall [30ms]
2024-01-19 01:03:55.591 [info] > git config --get commit.template [12ms]
2024-01-19 01:03:55.592 [info] > git for-each-ref --format=%(refname)%00%(upstream:short)%00%(objectname)%00%(upstream:track)%00%(upstream:remotename)%00%(upstream:remoteref) refs/heads/main refs/remotes/main [2ms]
2024-01-19 01:03:55.637 [info] > git status -z -uall [34ms]
2024-01-19 01:04:15.310 [info] > git config --get commit.template [9ms]
2024-01-19 01:04:15.311 [info] > git for-each-ref --format=%(refname)%00%(upstream:short)%00%(objectname)%00%(upstream:track)%00%(upstream:remotename)%00%(upstream:remoteref) refs/heads/main refs/remotes/main [2ms]
2024-01-19 01:04:15.348 [info] > git status -z -uall [27ms]
2024-01-19 01:06:03.196 [info] > git config --get commit.template [17ms]
2024-01-19 01:06:03.200 [info] > git for-each-ref --format=%(refname)%00%(upstream:short)%00%(objectname)%00%(upstream:track)%00%(upstream:remotename)%00%(upstream:remoteref) refs/heads/main refs/remotes/main [4ms]
2024-01-19 01:06:03.244 [info] > git status -z -uall [31ms]
2024-01-19 01:08:23.763 [info] > git config --get commit.template [14ms]
2024-01-19 01:08:23.770 [info] > git for-each-ref --format=%(refname)%00%(upstream:short)%00%(objectname)%00%(upstream:track)%00%(upstream:remotename)%00%(upstream:remoteref) refs/heads/main refs/remotes/main [8ms]
2024-01-19 01:08:23.844 [info] > git status -z -uall [65ms]
2024-01-19 01:35:26.943 [info] > git config --get commit.template [14ms]
2024-01-19 01:35:26.949 [info] > git for-each-ref --format=%(refname)%00%(upstream:short)%00%(objectname)%00%(upstream:track)%00%(upstream:remotename)%00%(upstream:remoteref) refs/heads/main refs/remotes/main [6ms]
2024-01-19 01:35:27.031 [info] > git status -z -uall [72ms]
2024-01-19 02:04:12.736 [info] > git config --get commit.template [13ms]
2024-01-19 02:04:12.738 [info] > git for-each-ref --format=%(refname)%00%(upstream:short)%00%(objectname)%00%(upstream:track)%00%(upstream:remotename)%00%(upstream:remoteref) refs/heads/main refs/remotes/main [3ms]
2024-01-19 02:04:12.787 [info] > git status -z -uall [41ms]
2024-01-19 02:33:32.424 [info] > git config --get commit.template [14ms]
2024-01-19 02:33:32.425 [info] > git for-each-ref --format=%(refname)%00%(upstream:short)%00%(objectname)%00%(upstream:track)%00%(upstream:remotename)%00%(upstream:remoteref) refs/heads/main refs/remotes/main [3ms]
2024-01-19 02:33:32.461 [info] > git status -z -uall [30ms]
2024-01-19 02:33:37.485 [info] > git config --get commit.template [11ms]
2024-01-19 02:33:37.486 [info] > git for-each-ref --format=%(refname)%00%(upstream:short)%00%(objectname)%00%(upstream:track)%00%(upstream:remotename)%00%(upstream:remoteref) refs/heads/main refs/remotes/main [2ms]
2024-01-19 02:33:37.522 [info] > git status -z -uall [28ms]
2024-01-19 02:33:42.535 [info] > git config --get commit.template [4ms]
2024-01-19 02:33:42.535 [info] > git for-each-ref --format=%(refname)%00%(upstream:short)%00%(objectname)%00%(upstream:track)%00%(upstream:remotename)%00%(upstream:remoteref) refs/heads/main refs/remotes/main [1ms]
2024-01-19 02:33:42.565 [info] > git status -z -uall [25ms]
2024-01-19 02:33:54.802 [info] > git config --get commit.template [12ms]
2024-01-19 02:33:54.803 [info] > git for-each-ref --format=%(refname)%00%(upstream:short)%00%(objectname)%00%(upstream:track)%00%(upstream:remotename)%00%(upstream:remoteref) refs/heads/main refs/remotes/main [2ms]
2024-01-19 02:33:54.840 [info] > git status -z -uall [30ms]
2024-01-19 02:38:50.231 [info] > git config --get commit.template [22ms]
2024-01-19 02:38:50.235 [info] > git for-each-ref --format=%(refname)%00%(upstream:short)%00%(objectname)%00%(upstream:track)%00%(upstream:remotename)%00%(upstream:remoteref) refs/heads/main refs/remotes/main [5ms]
2024-01-19 02:38:50.285 [info] > git status -z -uall [36ms]
