2023-12-25 05:04:51.383 [info] Extension host with pid 8481 started
2023-12-25 05:04:51.383 [info] Skipping acquiring lock for /opt/lampp/htdocs/PoliceMend/FrontEnd/User/workspaceStorage/be769c1f6968d66de036622ddfb1b3c5.
2023-12-25 05:04:51.503 [info] ExtensionService#_doActivateExtension vscode.emmet, startup: false, activationEvent: 'onLanguage'
2023-12-25 05:04:51.509 [info] ExtensionService#_doActivateExtension vscode.html-language-features, startup: false, activationEvent: 'onLanguage:html'
2023-12-25 05:04:51.531 [info] ExtensionService#_doActivateExtension Angular.ng-template, startup: false, activationEvent: 'onLanguage:html'
2023-12-25 05:04:52.723 [info] ExtensionService#_doActivateExtension vscode.git-base, startup: true, activationEvent: '*', root cause: vscode.git
2023-12-25 05:04:52.727 [info] ExtensionService#_doActivateExtension vscode.npm, startup: true, activationEvent: 'workspaceContains:package.json'
2023-12-25 05:04:52.825 [info] ExtensionService#_doActivateExtension vscode.git, startup: true, activationEvent: '*'
2023-12-25 05:04:52.858 [info] ExtensionService#_doActivateExtension vscode.github, startup: true, activationEvent: '*'
2023-12-25 05:04:53.119 [info] Eager extensions activated
2023-12-25 05:04:53.203 [info] ExtensionService#_doActivateExtension vscode.debug-auto-launch, startup: false, activationEvent: 'onStartupFinished'
2023-12-25 05:04:53.206 [info] ExtensionService#_doActivateExtension vscode.merge-conflict, startup: false, activationEvent: 'onStartupFinished'
2023-12-25 05:04:53.226 [info] ExtensionService#_doActivateExtension esbenp.prettier-vscode, startup: false, activationEvent: 'onStartupFinished'
2023-12-25 05:04:53.490 [info] ExtensionService#_doActivateExtension vscode.github-authentication, startup: false, activationEvent: 'onAuthenticationRequest:github'
2023-12-25 06:37:40.882 [info] ExtensionService#_doActivateExtension vscode.typescript-language-features, startup: false, activationEvent: 'onLanguage:typescript'
2023-12-25 08:45:12.133 [error] [vscode.typescript-language-features] provider FAILED
2023-12-25 08:45:12.135 [error] Error: <semantic> TypeScript Server Error (5.3.2)
BADCLIENT: Bad error code, 6192 not found in range 594..695 (found: false, false, false, false, false, false, false, false, false); could have caused this error:
Debug Failure. False expression: should not delete whole source file
Error: BADCLIENT: Bad error code, 6192 not found in range 594..695 (found: false, false, false, false, false, false, false, false, false); could have caused this error:
Debug Failure. False expression: should not delete whole source file
    at tryDeleteDeclarationWorker (/snap/code/148/usr/share/code/resources/app/extensions/node_modules/typescript/lib/tsserver.js:153819:11)
    at tryDeleteDeclaration (/snap/code/148/usr/share/code/resources/app/extensions/node_modules/typescript/lib/tsserver.js:153802:3)
    at /snap/code/148/usr/share/code/resources/app/extensions/node_modules/typescript/lib/tsserver.js:153631:82
    at _ChangeTracker.with (/snap/code/148/usr/share/code/resources/app/extensions/node_modules/typescript/lib/tsserver.js:168582:5)
    at Object.getCodeActions (/snap/code/148/usr/share/code/resources/app/extensions/node_modules/typescript/lib/tsserver.js:153631:65)
    at /snap/code/148/usr/share/code/resources/app/extensions/node_modules/typescript/lib/tsserver.js:147102:46
    at flatMap (/snap/code/148/usr/share/code/resources/app/extensions/node_modules/typescript/lib/tsserver.js:2597:17)
    at Object.getFixes (/snap/code/148/usr/share/code/resources/app/extensions/node_modules/typescript/lib/tsserver.js:147102:10)
    at /snap/code/148/usr/share/code/resources/app/extensions/node_modules/typescript/lib/tsserver.js:145387:33
    at flatMap (/snap/code/148/usr/share/code/resources/app/extensions/node_modules/typescript/lib/tsserver.js:2597:17)
    at Object.getCodeFixesAtPosition (/snap/code/148/usr/share/code/resources/app/extensions/node_modules/typescript/lib/tsserver.js:145385:12)
    at IpcIOSession.getCodeFixes (/snap/code/148/usr/share/code/resources/app/extensions/node_modules/typescript/lib/tsserver.js:185073:50)
    at getCodeFixes (/snap/code/148/usr/share/code/resources/app/extensions/node_modules/typescript/lib/tsserver.js:183185:43)
    at /snap/code/148/usr/share/code/resources/app/extensions/node_modules/typescript/lib/tsserver.js:185377:69
    at IpcIOSession.executeWithRequestId (/snap/code/148/usr/share/code/resources/app/extensions/node_modules/typescript/lib/tsserver.js:185369:14)
    at IpcIOSession.executeCommand (/snap/code/148/usr/share/code/resources/app/extensions/node_modules/typescript/lib/tsserver.js:185377:29)
    at IpcIOSession.onMessage (/snap/code/148/usr/share/code/resources/app/extensions/node_modules/typescript/lib/tsserver.js:185419:51)
    at process.<anonymous> (/snap/code/148/usr/share/code/resources/app/extensions/node_modules/typescript/lib/tsserver.js:187001:14)
    at process.emit (node:events:513:28)
    at emit (node:internal/child_process:937:14)
    at process.processTicksAndRejections (node:internal/process/task_queues:83:21)
	at n.create (/snap/code/148/usr/share/code/resources/app/extensions/typescript-language-features/dist/extension.js:2:474656)
	at v.w (/snap/code/148/usr/share/code/resources/app/extensions/typescript-language-features/dist/extension.js:2:469981)
	at v.u (/snap/code/148/usr/share/code/resources/app/extensions/typescript-language-features/dist/extension.js:2:469064)
	at ChildProcess.<anonymous> (/snap/code/148/usr/share/code/resources/app/extensions/typescript-language-features/dist/extension.js:2:468696)
	at ChildProcess.emit (node:events:513:28)
	at emit (node:internal/child_process:937:14)
	at process.processTicksAndRejections (node:internal/process/task_queues:83:21)
2023-12-25 17:04:43.843 [info] Extension host terminating: renderer closed the MessagePort
2023-12-25 17:04:43.918 [error] Canceled: Canceled
	at new g (/snap/code/148/usr/share/code/resources/app/out/vs/workbench/api/node/extensionHostProcess.js:141:110274)
	at l.U (/snap/code/148/usr/share/code/resources/app/out/vs/workbench/api/node/extensionHostProcess.js:150:10866)
	at P.<computed>.j.charCodeAt.P.<computed> (/snap/code/148/usr/share/code/resources/app/out/vs/workbench/api/node/extensionHostProcess.js:150:8317)
	at d.g (/snap/code/148/usr/share/code/resources/app/out/vs/workbench/api/node/extensionHostProcess.js:141:139555)
	at d.executeCommand (/snap/code/148/usr/share/code/resources/app/out/vs/workbench/api/node/extensionHostProcess.js:141:138993)
	at p.registerCommand.description (/snap/code/148/usr/share/code/resources/app/out/vs/workbench/api/node/extensionHostProcess.js:141:138317)
	at d.h (/snap/code/148/usr/share/code/resources/app/out/vs/workbench/api/node/extensionHostProcess.js:141:140094)
	at d.g (/snap/code/148/usr/share/code/resources/app/out/vs/workbench/api/node/extensionHostProcess.js:141:139086)
	at d.executeCommand (/snap/code/148/usr/share/code/resources/app/out/vs/workbench/api/node/extensionHostProcess.js:141:138993)
	at Object.executeCommand (/snap/code/148/usr/share/code/resources/app/out/vs/workbench/api/node/extensionHostProcess.js:158:21333)
	at f.I [as value] (/snap/code/148/usr/share/code/resources/app/extensions/git/dist/main.js:2:924696)
	at n.y (/snap/code/148/usr/share/code/resources/app/out/vs/workbench/api/node/extensionHostProcess.js:80:1902)
	at n.z (/snap/code/148/usr/share/code/resources/app/out/vs/workbench/api/node/extensionHostProcess.js:80:1972)
	at n.fire (/snap/code/148/usr/share/code/resources/app/out/vs/workbench/api/node/extensionHostProcess.js:80:2188)
	at Object.m [as dispose] (/snap/code/148/usr/share/code/resources/app/extensions/git/dist/main.js:2:940613)
	at /snap/code/148/usr/share/code/resources/app/extensions/git/dist/main.js:2:945566
	at Array.forEach (<anonymous>)
	at p.dispose (/snap/code/148/usr/share/code/resources/app/extensions/git/dist/main.js:2:945552)
	at u.<anonymous> (/snap/code/148/usr/share/code/resources/app/out/vs/workbench/api/node/extensionHostProcess.js:137:3620)
	at u.dispose (/snap/code/148/usr/share/code/resources/app/out/vs/workbench/api/node/extensionHostProcess.js:137:3717)
	at u.<anonymous> (/snap/code/148/usr/share/code/resources/app/extensions/git/dist/main.js:2:926708)
	at u.dispose (/snap/code/148/usr/share/code/resources/app/out/vs/workbench/api/node/extensionHostProcess.js:137:3717)
	at s (/snap/code/148/usr/share/code/resources/app/out/vs/workbench/api/node/extensionHostProcess.js:30:754)
	at f.cb (/snap/code/148/usr/share/code/resources/app/out/vs/workbench/api/node/extensionHostProcess.js:154:9873)
	at /snap/code/148/usr/share/code/resources/app/out/vs/workbench/api/node/extensionHostProcess.js:154:7808
	at Array.map (<anonymous>)
	at f.Y (/snap/code/148/usr/share/code/resources/app/out/vs/workbench/api/node/extensionHostProcess.js:154:7795)
	at f.terminate (/snap/code/148/usr/share/code/resources/app/out/vs/workbench/api/node/extensionHostProcess.js:154:8068)
	at s.terminate (/snap/code/148/usr/share/code/resources/app/out/vs/workbench/api/node/extensionHostProcess.js:158:1513)
	at a (/snap/code/148/usr/share/code/resources/app/out/vs/workbench/api/node/extensionHostProcess.js:171:9802)
	at MessagePortMain.<anonymous> (/snap/code/148/usr/share/code/resources/app/out/vs/workbench/api/node/extensionHostProcess.js:171:6227)
	at MessagePortMain.emit (node:events:513:28)
	at MessagePortMain._internalPort.emit (node:electron/js2c/utility_init:2:367) setContext undefined
2023-12-25 17:04:43.918 [error] Canceled: Canceled
	at new g (/snap/code/148/usr/share/code/resources/app/out/vs/workbench/api/node/extensionHostProcess.js:141:110274)
	at l.U (/snap/code/148/usr/share/code/resources/app/out/vs/workbench/api/node/extensionHostProcess.js:150:10866)
	at P.<computed>.j.charCodeAt.P.<computed> (/snap/code/148/usr/share/code/resources/app/out/vs/workbench/api/node/extensionHostProcess.js:150:8317)
	at d.g (/snap/code/148/usr/share/code/resources/app/out/vs/workbench/api/node/extensionHostProcess.js:141:139555)
	at d.executeCommand (/snap/code/148/usr/share/code/resources/app/out/vs/workbench/api/node/extensionHostProcess.js:141:138993)
	at p.registerCommand.description (/snap/code/148/usr/share/code/resources/app/out/vs/workbench/api/node/extensionHostProcess.js:141:138317)
	at d.h (/snap/code/148/usr/share/code/resources/app/out/vs/workbench/api/node/extensionHostProcess.js:141:140094)
	at d.g (/snap/code/148/usr/share/code/resources/app/out/vs/workbench/api/node/extensionHostProcess.js:141:139086)
	at d.executeCommand (/snap/code/148/usr/share/code/resources/app/out/vs/workbench/api/node/extensionHostProcess.js:141:138993)
	at Object.executeCommand (/snap/code/148/usr/share/code/resources/app/out/vs/workbench/api/node/extensionHostProcess.js:158:21333)
	at set b [as b] (/snap/code/148/usr/share/code/resources/app/extensions/github/dist/extension.js:2:322364)
	at /snap/code/148/usr/share/code/resources/app/extensions/github/dist/extension.js:2:323005
	at f.value (/snap/code/148/usr/share/code/resources/app/extensions/git/dist/main.js:2:1016450)
	at n.y (/snap/code/148/usr/share/code/resources/app/out/vs/workbench/api/node/extensionHostProcess.js:80:1902)
	at n.z (/snap/code/148/usr/share/code/resources/app/out/vs/workbench/api/node/extensionHostProcess.js:80:1972)
	at n.fire (/snap/code/148/usr/share/code/resources/app/out/vs/workbench/api/node/extensionHostProcess.js:80:2188)
	at Object.m [as dispose] (/snap/code/148/usr/share/code/resources/app/extensions/git/dist/main.js:2:940613)
	at /snap/code/148/usr/share/code/resources/app/extensions/git/dist/main.js:2:945566
	at Array.forEach (<anonymous>)
	at p.dispose (/snap/code/148/usr/share/code/resources/app/extensions/git/dist/main.js:2:945552)
	at u.<anonymous> (/snap/code/148/usr/share/code/resources/app/out/vs/workbench/api/node/extensionHostProcess.js:137:3620)
	at u.dispose (/snap/code/148/usr/share/code/resources/app/out/vs/workbench/api/node/extensionHostProcess.js:137:3717)
	at u.<anonymous> (/snap/code/148/usr/share/code/resources/app/extensions/git/dist/main.js:2:926708)
	at u.dispose (/snap/code/148/usr/share/code/resources/app/out/vs/workbench/api/node/extensionHostProcess.js:137:3717)
	at s (/snap/code/148/usr/share/code/resources/app/out/vs/workbench/api/node/extensionHostProcess.js:30:754)
	at f.cb (/snap/code/148/usr/share/code/resources/app/out/vs/workbench/api/node/extensionHostProcess.js:154:9873)
	at /snap/code/148/usr/share/code/resources/app/out/vs/workbench/api/node/extensionHostProcess.js:154:7808
	at Array.map (<anonymous>)
	at f.Y (/snap/code/148/usr/share/code/resources/app/out/vs/workbench/api/node/extensionHostProcess.js:154:7795)
	at f.terminate (/snap/code/148/usr/share/code/resources/app/out/vs/workbench/api/node/extensionHostProcess.js:154:8068)
	at s.terminate (/snap/code/148/usr/share/code/resources/app/out/vs/workbench/api/node/extensionHostProcess.js:158:1513)
	at a (/snap/code/148/usr/share/code/resources/app/out/vs/workbench/api/node/extensionHostProcess.js:171:9802)
	at MessagePortMain.<anonymous> (/snap/code/148/usr/share/code/resources/app/out/vs/workbench/api/node/extensionHostProcess.js:171:6227)
	at MessagePortMain.emit (node:events:513:28)
	at MessagePortMain._internalPort.emit (node:electron/js2c/utility_init:2:367) setContext undefined
2023-12-25 17:04:43.923 [info] Extension host with pid 8481 exiting with code 0
