2023-12-23 07:06:44.503 [info] Log level: Info
2023-12-23 07:06:44.503 [info] Validating found git in: "git"
2023-12-23 07:06:44.503 [info] Using git "2.34.1" from "git"
2023-12-23 07:06:44.503 [info] > git rev-parse --show-toplevel [8ms]
2023-12-23 07:06:44.503 [info] > git rev-parse --show-toplevel [2ms]
2023-12-23 07:06:44.528 [info] > git rev-parse --show-toplevel [8ms]
2023-12-23 07:06:44.536 [info] > git rev-parse --show-toplevel [3ms]
2023-12-23 07:06:44.670 [info] > git rev-parse --show-toplevel [38ms]
2023-12-23 07:06:44.685 [info] > git rev-parse --show-toplevel [3ms]
2023-12-23 07:06:44.704 [info] > git rev-parse --show-toplevel [5ms]
2023-12-23 07:06:44.719 [info] > git rev-parse --show-toplevel [2ms]
2023-12-23 07:06:44.733 [info] > git rev-parse --show-toplevel [2ms]
2023-12-23 07:06:44.762 [info] > git rev-parse --show-toplevel [6ms]
2023-12-23 07:06:44.775 [info] > git rev-parse --show-toplevel [4ms]
2023-12-23 07:06:44.819 [info] > git rev-parse --show-toplevel [4ms]
2023-12-23 07:06:44.864 [info] > git rev-parse --show-toplevel [12ms]
2023-12-23 07:06:44.902 [info] > git rev-parse --show-toplevel [2ms]
2023-12-23 07:06:44.909 [info] > git rev-parse --show-toplevel [2ms]
2023-12-23 07:06:44.918 [info] > git rev-parse --show-toplevel [5ms]
2023-12-23 07:06:44.931 [info] > git rev-parse --show-toplevel [1ms]
2023-12-23 07:06:44.945 [info] > git rev-parse --show-toplevel [1ms]
2023-12-23 07:06:44.954 [info] > git rev-parse --show-toplevel [2ms]
2023-12-23 07:06:44.965 [info] > git rev-parse --show-toplevel [1ms]
2023-12-23 07:06:44.980 [info] > git rev-parse --show-toplevel [1ms]
2023-12-23 07:06:44.996 [info] > git rev-parse --show-toplevel [5ms]
2023-12-23 07:06:45.013 [info] > git rev-parse --show-toplevel [7ms]
2023-12-23 07:06:45.028 [info] > git rev-parse --show-toplevel [5ms]
2023-12-23 07:06:45.104 [info] > git rev-parse --show-toplevel [2ms]
2023-12-23 07:06:45.550 [info] > git rev-parse --show-toplevel [2ms]
2023-12-23 07:06:52.210 [info] > git rev-parse --show-toplevel [2ms]
2023-12-23 07:06:52.223 [info] > git rev-parse --git-dir --git-common-dir [5ms]
2023-12-23 07:06:52.235 [info] Open repository: /opt/lampp/htdocs/PoliceMend
2023-12-23 07:06:52.263 [info] > git config --get commit.template [17ms]
2023-12-23 07:06:52.274 [info] > git for-each-ref --format=%(refname)%00%(upstream:short)%00%(objectname)%00%(upstream:track)%00%(upstream:remotename)%00%(upstream:remoteref) refs/heads/main refs/remotes/main [11ms]
2023-12-23 07:06:52.278 [warning] ENOENT: no such file or directory, open '/opt/lampp/htdocs/PoliceMend/.git/refs/remotes/origin/main'
2023-12-23 07:06:52.279 [info] > git rev-parse refs/remotes/origin/main [1ms]
2023-12-23 07:06:52.785 [info] > git check-ignore -v -z --stdin [12ms]
2023-12-23 07:06:53.063 [info] > git status -z -uall [772ms]
2023-12-23 07:06:53.109 [info] > git config --get commit.template [18ms]
2023-12-23 07:06:53.112 [info] > git for-each-ref --format=%(refname)%00%(upstream:short)%00%(objectname)%00%(upstream:track)%00%(upstream:remotename)%00%(upstream:remoteref) refs/heads/main refs/remotes/main [9ms]
2023-12-23 07:06:53.121 [warning] ENOENT: no such file or directory, open '/opt/lampp/htdocs/PoliceMend/.git/refs/remotes/origin/main'
2023-12-23 07:06:53.233 [info] > git rev-parse refs/remotes/origin/main [113ms]
2023-12-23 07:06:53.777 [info] > git status -z -uall [530ms]
2023-12-23 07:06:55.268 [info] > git config --get commit.template [8ms]
2023-12-23 07:06:55.268 [info] > git for-each-ref --format=%(refname)%00%(upstream:short)%00%(objectname)%00%(upstream:track)%00%(upstream:remotename)%00%(upstream:remoteref) refs/heads/main refs/remotes/main [2ms]
2023-12-23 07:06:55.273 [warning] ENOENT: no such file or directory, open '/opt/lampp/htdocs/PoliceMend/.git/refs/remotes/origin/main'
2023-12-23 07:06:55.275 [info] > git rev-parse refs/remotes/origin/main [3ms]
2023-12-23 07:06:55.760 [info] > git status -z -uall [479ms]
2023-12-23 07:07:00.784 [info] > git config --get commit.template [3ms]
2023-12-23 07:07:00.791 [info] > git for-each-ref --format=%(refname)%00%(upstream:short)%00%(objectname)%00%(upstream:track)%00%(upstream:remotename)%00%(upstream:remoteref) refs/heads/main refs/remotes/main [2ms]
2023-12-23 07:07:00.798 [warning] ENOENT: no such file or directory, open '/opt/lampp/htdocs/PoliceMend/.git/refs/remotes/origin/main'
2023-12-23 07:07:00.799 [info] > git rev-parse refs/remotes/origin/main [1ms]
2023-12-23 07:07:01.278 [info] > git status -z -uall [474ms]
2023-12-23 07:07:06.302 [info] > git config --get commit.template [5ms]
2023-12-23 07:07:06.303 [info] > git for-each-ref --format=%(refname)%00%(upstream:short)%00%(objectname)%00%(upstream:track)%00%(upstream:remotename)%00%(upstream:remoteref) refs/heads/main refs/remotes/main [1ms]
2023-12-23 07:07:06.307 [warning] ENOENT: no such file or directory, open '/opt/lampp/htdocs/PoliceMend/.git/refs/remotes/origin/main'
2023-12-23 07:07:06.309 [info] > git rev-parse refs/remotes/origin/main [2ms]
2023-12-23 07:07:06.790 [info] > git status -z -uall [474ms]
2023-12-23 07:07:11.823 [info] > git config --get commit.template [8ms]
2023-12-23 07:07:11.824 [info] > git for-each-ref --format=%(refname)%00%(upstream:short)%00%(objectname)%00%(upstream:track)%00%(upstream:remotename)%00%(upstream:remoteref) refs/heads/main refs/remotes/main [3ms]
2023-12-23 07:07:11.832 [warning] ENOENT: no such file or directory, open '/opt/lampp/htdocs/PoliceMend/.git/refs/remotes/origin/main'
2023-12-23 07:07:11.832 [info] > git rev-parse refs/remotes/origin/main [0ms]
2023-12-23 07:07:12.304 [info] > git status -z -uall [465ms]
2023-12-23 07:07:17.329 [info] > git config --get commit.template [9ms]
2023-12-23 07:07:17.331 [info] > git for-each-ref --format=%(refname)%00%(upstream:short)%00%(objectname)%00%(upstream:track)%00%(upstream:remotename)%00%(upstream:remoteref) refs/heads/main refs/remotes/main [5ms]
2023-12-23 07:07:17.335 [warning] ENOENT: no such file or directory, open '/opt/lampp/htdocs/PoliceMend/.git/refs/remotes/origin/main'
2023-12-23 07:07:17.336 [info] > git rev-parse refs/remotes/origin/main [1ms]
2023-12-23 07:07:17.900 [info] > git status -z -uall [558ms]
2023-12-23 07:11:32.158 [info] > git config --get commit.template [25ms]
2023-12-23 07:11:32.158 [info] > git for-each-ref --format=%(refname)%00%(upstream:short)%00%(objectname)%00%(upstream:track)%00%(upstream:remotename)%00%(upstream:remoteref) refs/heads/main refs/remotes/main [5ms]
2023-12-23 07:11:32.168 [warning] ENOENT: no such file or directory, open '/opt/lampp/htdocs/PoliceMend/.git/refs/remotes/origin/main'
2023-12-23 07:11:32.170 [info] > git rev-parse refs/remotes/origin/main [2ms]
2023-12-23 07:11:32.672 [info] > git status -z -uall [493ms]
2023-12-23 07:19:12.225 [info] > git config --get commit.template [18ms]
2023-12-23 07:19:12.226 [info] > git for-each-ref --format=%(refname)%00%(upstream:short)%00%(objectname)%00%(upstream:track)%00%(upstream:remotename)%00%(upstream:remoteref) refs/heads/main refs/remotes/main [5ms]
2023-12-23 07:19:12.232 [warning] ENOENT: no such file or directory, open '/opt/lampp/htdocs/PoliceMend/.git/refs/remotes/origin/main'
2023-12-23 07:19:12.237 [info] > git rev-parse refs/remotes/origin/main [4ms]
2023-12-23 07:19:12.796 [info] > git status -z -uall [549ms]
2023-12-23 07:23:04.391 [info] > git config --get commit.template [22ms]
2023-12-23 07:23:04.391 [info] > git for-each-ref --format=%(refname)%00%(upstream:short)%00%(objectname)%00%(upstream:track)%00%(upstream:remotename)%00%(upstream:remoteref) refs/heads/main refs/remotes/main [2ms]
2023-12-23 07:23:04.395 [warning] ENOENT: no such file or directory, open '/opt/lampp/htdocs/PoliceMend/.git/refs/remotes/origin/main'
2023-12-23 07:23:04.396 [info] > git rev-parse refs/remotes/origin/main [0ms]
2023-12-23 07:23:04.896 [info] > git status -z -uall [496ms]
2023-12-23 07:38:50.003 [info] > git config --get commit.template [10ms]
2023-12-23 07:38:50.004 [info] > git for-each-ref --format=%(refname)%00%(upstream:short)%00%(objectname)%00%(upstream:track)%00%(upstream:remotename)%00%(upstream:remoteref) refs/heads/main refs/remotes/main [2ms]
2023-12-23 07:38:50.152 [info] > git status -z -uall [141ms]
