2024-01-18 20:13:24.880 [info] Extension host with pid 10413 started
2024-01-18 20:13:24.880 [info] Skipping acquiring lock for /opt/lampp/htdocs/PoliceMend/FrontEnd/User/workspaceStorage/be769c1f6968d66de036622ddfb1b3c5.
2024-01-18 20:13:25.038 [info] ExtensionService#_doActivateExtension vscode.html-language-features, startup: false, activationEvent: 'onLanguage:html'
2024-01-18 20:13:25.061 [info] ExtensionService#_doActivateExtension Angular.ng-template, startup: false, activationEvent: 'onLanguage:html'
2024-01-18 20:13:25.256 [info] ExtensionService#_doActivateExtension vscode.emmet, startup: false, activationEvent: 'onLanguage'
2024-01-18 20:13:25.261 [info] ExtensionService#_doActivateExtension vscode.typescript-language-features, startup: false, activationEvent: 'onLanguage:typescript'
2024-01-18 20:13:26.098 [info] ExtensionService#_doActivateExtension vscode.git-base, startup: true, activationEvent: '*', root cause: vscode.git
2024-01-18 20:13:26.166 [info] ExtensionService#_doActivateExtension vscode.npm, startup: true, activationEvent: 'workspaceContains:package.json'
2024-01-18 20:13:26.732 [info] ExtensionService#_doActivateExtension vscode.git, startup: true, activationEvent: '*'
2024-01-18 20:13:26.821 [info] ExtensionService#_doActivateExtension vscode.github, startup: true, activationEvent: '*'
2024-01-18 20:13:27.230 [info] Eager extensions activated
2024-01-18 20:13:27.458 [warning] [Decorations] CAPPING events from decorations provider vscode.git 608
2024-01-18 20:13:27.478 [info] ExtensionService#_doActivateExtension vscode.debug-auto-launch, startup: false, activationEvent: 'onStartupFinished'
2024-01-18 20:13:27.486 [info] ExtensionService#_doActivateExtension vscode.merge-conflict, startup: false, activationEvent: 'onStartupFinished'
2024-01-18 20:13:27.493 [info] ExtensionService#_doActivateExtension esbenp.prettier-vscode, startup: false, activationEvent: 'onStartupFinished'
2024-01-18 20:13:27.927 [warning] [Decorations] CAPPING events from decorations provider vscode.git 609
2024-01-18 20:13:28.178 [info] ExtensionService#_doActivateExtension vscode.github-authentication, startup: false, activationEvent: 'onAuthenticationRequest:github'
2024-01-18 20:13:32.795 [warning] [Decorations] CAPPING events from decorations provider vscode.git 612
2024-01-18 20:13:37.910 [warning] [Decorations] CAPPING events from decorations provider vscode.git 658
2024-01-18 20:13:43.031 [warning] [Decorations] CAPPING events from decorations provider vscode.git 658
2024-01-18 20:13:48.103 [warning] [Decorations] CAPPING events from decorations provider vscode.git 658
2024-01-18 20:13:53.192 [warning] [Decorations] CAPPING events from decorations provider vscode.git 658
2024-01-18 20:13:58.270 [warning] [Decorations] CAPPING events from decorations provider vscode.git 658
2024-01-18 20:14:03.358 [warning] [Decorations] CAPPING events from decorations provider vscode.git 658
2024-01-18 20:14:08.419 [warning] [Decorations] CAPPING events from decorations provider vscode.git 658
2024-01-18 20:14:13.497 [warning] [Decorations] CAPPING events from decorations provider vscode.git 658
2024-01-18 20:14:18.555 [warning] [Decorations] CAPPING events from decorations provider vscode.git 658
2024-01-18 20:14:23.631 [warning] [Decorations] CAPPING events from decorations provider vscode.git 658
2024-01-18 20:14:28.710 [warning] [Decorations] CAPPING events from decorations provider vscode.git 658
2024-01-18 20:14:33.795 [warning] [Decorations] CAPPING events from decorations provider vscode.git 658
2024-01-18 20:14:38.873 [warning] [Decorations] CAPPING events from decorations provider vscode.git 658
2024-01-18 20:14:43.951 [warning] [Decorations] CAPPING events from decorations provider vscode.git 658
2024-01-18 20:14:49.027 [warning] [Decorations] CAPPING events from decorations provider vscode.git 658
2024-01-18 20:14:54.102 [warning] [Decorations] CAPPING events from decorations provider vscode.git 658
2024-01-18 20:14:59.181 [warning] [Decorations] CAPPING events from decorations provider vscode.git 658
2024-01-18 20:15:04.242 [warning] [Decorations] CAPPING events from decorations provider vscode.git 658
2024-01-18 20:15:09.309 [warning] [Decorations] CAPPING events from decorations provider vscode.git 658
2024-01-18 20:15:14.413 [warning] [Decorations] CAPPING events from decorations provider vscode.git 660
2024-01-18 20:15:19.492 [warning] [Decorations] CAPPING events from decorations provider vscode.git 659
2024-01-18 20:15:24.574 [warning] [Decorations] CAPPING events from decorations provider vscode.git 660
2024-01-18 20:15:29.647 [warning] [Decorations] CAPPING events from decorations provider vscode.git 660
2024-01-18 20:15:34.724 [warning] [Decorations] CAPPING events from decorations provider vscode.git 660
2024-01-18 20:15:39.795 [warning] [Decorations] CAPPING events from decorations provider vscode.git 660
2024-01-18 20:15:44.873 [warning] [Decorations] CAPPING events from decorations provider vscode.git 660
2024-01-18 20:15:51.534 [warning] [Decorations] CAPPING events from decorations provider vscode.git 660
2024-01-18 20:15:56.611 [warning] [Decorations] CAPPING events from decorations provider vscode.git 662
2024-01-18 20:16:01.690 [warning] [Decorations] CAPPING events from decorations provider vscode.git 661
2024-01-18 20:16:06.767 [warning] [Decorations] CAPPING events from decorations provider vscode.git 661
2024-01-18 20:16:11.841 [warning] [Decorations] CAPPING events from decorations provider vscode.git 661
2024-01-18 20:16:16.931 [warning] [Decorations] CAPPING events from decorations provider vscode.git 661
2024-01-18 20:16:22.012 [warning] [Decorations] CAPPING events from decorations provider vscode.git 661
2024-01-18 20:16:27.099 [warning] [Decorations] CAPPING events from decorations provider vscode.git 661
2024-01-18 20:16:54.944 [warning] [Decorations] CAPPING events from decorations provider vscode.git 661
2024-01-18 20:17:00.008 [warning] [Decorations] CAPPING events from decorations provider vscode.git 661
2024-01-18 20:17:05.083 [warning] [Decorations] CAPPING events from decorations provider vscode.git 661
2024-01-18 20:17:10.145 [warning] [Decorations] CAPPING events from decorations provider vscode.git 661
2024-01-18 20:18:51.767 [warning] [Decorations] CAPPING events from decorations provider vscode.git 661
2024-01-18 20:18:56.825 [warning] [Decorations] CAPPING events from decorations provider vscode.git 661
2024-01-18 20:19:01.882 [warning] [Decorations] CAPPING events from decorations provider vscode.git 661
2024-01-18 20:19:06.959 [warning] [Decorations] CAPPING events from decorations provider vscode.git 661
2024-01-18 20:19:12.034 [warning] [Decorations] CAPPING events from decorations provider vscode.git 661
2024-01-18 20:19:17.111 [warning] [Decorations] CAPPING events from decorations provider vscode.git 661
2024-01-18 20:19:22.184 [warning] [Decorations] CAPPING events from decorations provider vscode.git 661
2024-01-18 20:19:27.251 [warning] [Decorations] CAPPING events from decorations provider vscode.git 661
2024-01-18 20:19:32.322 [warning] [Decorations] CAPPING events from decorations provider vscode.git 662
2024-01-18 20:19:37.403 [warning] [Decorations] CAPPING events from decorations provider vscode.git 662
2024-01-18 20:19:42.469 [warning] [Decorations] CAPPING events from decorations provider vscode.git 662
2024-01-18 20:19:47.542 [warning] [Decorations] CAPPING events from decorations provider vscode.git 662
2024-01-18 20:19:52.620 [warning] [Decorations] CAPPING events from decorations provider vscode.git 662
2024-01-18 20:19:57.696 [warning] [Decorations] CAPPING events from decorations provider vscode.git 662
2024-01-18 20:20:02.771 [warning] [Decorations] CAPPING events from decorations provider vscode.git 662
2024-01-18 20:20:07.857 [warning] [Decorations] CAPPING events from decorations provider vscode.git 662
2024-01-18 20:20:12.926 [warning] [Decorations] CAPPING events from decorations provider vscode.git 668
2024-01-18 20:20:18.002 [warning] [Decorations] CAPPING events from decorations provider vscode.git 668
2024-01-18 20:20:23.080 [warning] [Decorations] CAPPING events from decorations provider vscode.git 668
2024-01-18 20:20:28.155 [warning] [Decorations] CAPPING events from decorations provider vscode.git 668
2024-01-18 20:20:33.231 [warning] [Decorations] CAPPING events from decorations provider vscode.git 668
2024-01-18 20:20:38.316 [warning] [Decorations] CAPPING events from decorations provider vscode.git 669
2024-01-18 20:20:43.387 [warning] [Decorations] CAPPING events from decorations provider vscode.git 668
2024-01-18 20:20:48.467 [warning] [Decorations] CAPPING events from decorations provider vscode.git 668
2024-01-18 20:25:43.047 [warning] [Decorations] CAPPING events from decorations provider vscode.git 670
2024-01-18 20:41:14.577 [warning] [Decorations] CAPPING events from decorations provider vscode.git 673
2024-01-18 20:41:19.687 [warning] [Decorations] CAPPING events from decorations provider vscode.git 672
2024-01-18 20:41:24.790 [warning] [Decorations] CAPPING events from decorations provider vscode.git 672
2024-01-18 20:41:29.890 [warning] [Decorations] CAPPING events from decorations provider vscode.git 672
2024-01-18 20:41:35.060 [warning] [Decorations] CAPPING events from decorations provider vscode.git 672
2024-01-18 20:41:40.173 [warning] [Decorations] CAPPING events from decorations provider vscode.git 673
2024-01-18 20:41:41.588 [info] ExtensionService#_doActivateExtension vscode.css-language-features, startup: false, activationEvent: 'onLanguage:scss'
2024-01-18 20:41:45.297 [warning] [Decorations] CAPPING events from decorations provider vscode.git 673
2024-01-18 20:41:50.466 [warning] [Decorations] CAPPING events from decorations provider vscode.git 675
2024-01-18 20:41:55.759 [warning] [Decorations] CAPPING events from decorations provider vscode.git 676
2024-01-18 20:42:00.912 [warning] [Decorations] CAPPING events from decorations provider vscode.git 676
2024-01-18 20:42:06.026 [warning] [Decorations] CAPPING events from decorations provider vscode.git 676
2024-01-18 20:42:11.126 [warning] [Decorations] CAPPING events from decorations provider vscode.git 676
2024-01-18 20:42:16.229 [warning] [Decorations] CAPPING events from decorations provider vscode.git 676
2024-01-18 20:42:21.463 [warning] [Decorations] CAPPING events from decorations provider vscode.git 676
2024-01-18 20:42:26.568 [warning] [Decorations] CAPPING events from decorations provider vscode.git 676
2024-01-18 20:42:31.679 [warning] [Decorations] CAPPING events from decorations provider vscode.git 677
2024-01-18 20:42:36.843 [warning] [Decorations] CAPPING events from decorations provider vscode.git 677
2024-01-18 20:42:41.983 [warning] [Decorations] CAPPING events from decorations provider vscode.git 677
2024-01-18 20:42:47.100 [warning] [Decorations] CAPPING events from decorations provider vscode.git 677
2024-01-18 20:42:52.284 [warning] [Decorations] CAPPING events from decorations provider vscode.git 677
2024-01-18 20:42:57.399 [warning] [Decorations] CAPPING events from decorations provider vscode.git 677
2024-01-18 20:43:02.521 [warning] [Decorations] CAPPING events from decorations provider vscode.git 677
2024-01-18 20:43:07.623 [warning] [Decorations] CAPPING events from decorations provider vscode.git 677
2024-01-18 20:43:12.723 [warning] [Decorations] CAPPING events from decorations provider vscode.git 677
2024-01-18 20:43:17.823 [warning] [Decorations] CAPPING events from decorations provider vscode.git 677
2024-01-18 20:43:22.948 [warning] [Decorations] CAPPING events from decorations provider vscode.git 677
2024-01-18 20:43:28.053 [warning] [Decorations] CAPPING events from decorations provider vscode.git 677
2024-01-18 20:43:33.142 [warning] [Decorations] CAPPING events from decorations provider vscode.git 677
2024-01-18 20:43:38.245 [warning] [Decorations] CAPPING events from decorations provider vscode.git 676
2024-01-18 20:43:43.347 [warning] [Decorations] CAPPING events from decorations provider vscode.git 676
2024-01-18 20:43:48.456 [warning] [Decorations] CAPPING events from decorations provider vscode.git 676
2024-01-18 20:43:53.571 [warning] [Decorations] CAPPING events from decorations provider vscode.git 677
2024-01-18 20:43:58.679 [warning] [Decorations] CAPPING events from decorations provider vscode.git 677
2024-01-18 20:44:03.777 [warning] [Decorations] CAPPING events from decorations provider vscode.git 677
2024-01-18 20:44:08.880 [warning] [Decorations] CAPPING events from decorations provider vscode.git 677
2024-01-18 20:44:13.994 [warning] [Decorations] CAPPING events from decorations provider vscode.git 677
2024-01-18 20:44:19.111 [warning] [Decorations] CAPPING events from decorations provider vscode.git 677
2024-01-18 20:44:24.224 [warning] [Decorations] CAPPING events from decorations provider vscode.git 677
2024-01-18 20:44:29.327 [warning] [Decorations] CAPPING events from decorations provider vscode.git 677
2024-01-18 20:44:34.427 [warning] [Decorations] CAPPING events from decorations provider vscode.git 677
2024-01-18 20:44:39.537 [warning] [Decorations] CAPPING events from decorations provider vscode.git 677
2024-01-18 20:44:44.648 [warning] [Decorations] CAPPING events from decorations provider vscode.git 677
2024-01-18 20:44:49.767 [warning] [Decorations] CAPPING events from decorations provider vscode.git 677
2024-01-18 20:44:54.877 [warning] [Decorations] CAPPING events from decorations provider vscode.git 677
2024-01-18 20:45:00.005 [warning] [Decorations] CAPPING events from decorations provider vscode.git 677
2024-01-18 20:45:05.115 [warning] [Decorations] CAPPING events from decorations provider vscode.git 677
2024-01-18 20:45:10.217 [warning] [Decorations] CAPPING events from decorations provider vscode.git 677
2024-01-18 20:45:19.082 [warning] [Decorations] CAPPING events from decorations provider vscode.git 677
2024-01-18 20:45:24.160 [warning] [Decorations] CAPPING events from decorations provider vscode.git 677
2024-01-18 20:45:29.234 [warning] [Decorations] CAPPING events from decorations provider vscode.git 677
2024-01-18 20:45:34.310 [warning] [Decorations] CAPPING events from decorations provider vscode.git 677
2024-01-18 20:45:39.390 [warning] [Decorations] CAPPING events from decorations provider vscode.git 677
2024-01-18 20:45:44.473 [warning] [Decorations] CAPPING events from decorations provider vscode.git 677
2024-01-18 20:45:49.553 [warning] [Decorations] CAPPING events from decorations provider vscode.git 677
2024-01-18 20:45:54.634 [warning] [Decorations] CAPPING events from decorations provider vscode.git 677
2024-01-18 20:45:59.703 [warning] [Decorations] CAPPING events from decorations provider vscode.git 677
2024-01-18 20:46:04.780 [warning] [Decorations] CAPPING events from decorations provider vscode.git 677
2024-01-18 20:46:09.856 [warning] [Decorations] CAPPING events from decorations provider vscode.git 677
2024-01-18 20:46:14.943 [warning] [Decorations] CAPPING events from decorations provider vscode.git 677
2024-01-18 20:46:20.021 [warning] [Decorations] CAPPING events from decorations provider vscode.git 677
2024-01-18 20:46:25.102 [warning] [Decorations] CAPPING events from decorations provider vscode.git 677
2024-01-18 20:46:30.176 [warning] [Decorations] CAPPING events from decorations provider vscode.git 677
2024-01-18 20:46:35.249 [warning] [Decorations] CAPPING events from decorations provider vscode.git 677
2024-01-18 20:46:40.321 [warning] [Decorations] CAPPING events from decorations provider vscode.git 677
2024-01-18 20:46:45.398 [warning] [Decorations] CAPPING events from decorations provider vscode.git 677
2024-01-18 20:46:50.476 [warning] [Decorations] CAPPING events from decorations provider vscode.git 678
2024-01-18 20:46:55.557 [warning] [Decorations] CAPPING events from decorations provider vscode.git 678
2024-01-18 20:47:00.631 [warning] [Decorations] CAPPING events from decorations provider vscode.git 678
2024-01-18 20:47:05.710 [warning] [Decorations] CAPPING events from decorations provider vscode.git 678
2024-01-18 20:47:10.800 [warning] [Decorations] CAPPING events from decorations provider vscode.git 678
2024-01-18 20:47:15.881 [warning] [Decorations] CAPPING events from decorations provider vscode.git 678
2024-01-18 20:47:20.956 [warning] [Decorations] CAPPING events from decorations provider vscode.git 678
2024-01-18 20:47:26.024 [warning] [Decorations] CAPPING events from decorations provider vscode.git 678
2024-01-18 20:47:31.092 [warning] [Decorations] CAPPING events from decorations provider vscode.git 678
2024-01-18 20:47:36.172 [warning] [Decorations] CAPPING events from decorations provider vscode.git 678
2024-01-18 20:47:41.252 [warning] [Decorations] CAPPING events from decorations provider vscode.git 678
2024-01-18 20:47:46.330 [warning] [Decorations] CAPPING events from decorations provider vscode.git 678
2024-01-18 20:47:51.406 [warning] [Decorations] CAPPING events from decorations provider vscode.git 678
2024-01-18 20:47:56.482 [warning] [Decorations] CAPPING events from decorations provider vscode.git 678
2024-01-18 20:48:01.563 [warning] [Decorations] CAPPING events from decorations provider vscode.git 678
2024-01-18 20:48:06.641 [warning] [Decorations] CAPPING events from decorations provider vscode.git 678
2024-01-18 20:48:11.712 [warning] [Decorations] CAPPING events from decorations provider vscode.git 678
2024-01-18 20:48:16.775 [warning] [Decorations] CAPPING events from decorations provider vscode.git 678
2024-01-18 20:48:21.856 [warning] [Decorations] CAPPING events from decorations provider vscode.git 678
2024-01-18 20:48:26.942 [warning] [Decorations] CAPPING events from decorations provider vscode.git 678
2024-01-18 20:48:32.020 [warning] [Decorations] CAPPING events from decorations provider vscode.git 678
2024-01-18 20:48:37.101 [warning] [Decorations] CAPPING events from decorations provider vscode.git 678
2024-01-18 20:48:42.176 [warning] [Decorations] CAPPING events from decorations provider vscode.git 678
2024-01-18 20:48:47.247 [warning] [Decorations] CAPPING events from decorations provider vscode.git 678
2024-01-18 20:48:52.322 [warning] [Decorations] CAPPING events from decorations provider vscode.git 678
2024-01-18 20:48:57.403 [warning] [Decorations] CAPPING events from decorations provider vscode.git 678
2024-01-18 20:49:02.475 [warning] [Decorations] CAPPING events from decorations provider vscode.git 678
2024-01-18 20:49:07.565 [warning] [Decorations] CAPPING events from decorations provider vscode.git 678
2024-01-18 20:49:12.648 [warning] [Decorations] CAPPING events from decorations provider vscode.git 678
2024-01-18 20:49:17.734 [warning] [Decorations] CAPPING events from decorations provider vscode.git 678
2024-01-18 20:49:22.810 [warning] [Decorations] CAPPING events from decorations provider vscode.git 678
2024-01-18 20:49:27.887 [warning] [Decorations] CAPPING events from decorations provider vscode.git 678
2024-01-18 20:49:32.962 [warning] [Decorations] CAPPING events from decorations provider vscode.git 678
2024-01-18 20:49:38.050 [warning] [Decorations] CAPPING events from decorations provider vscode.git 678
2024-01-18 20:49:43.139 [warning] [Decorations] CAPPING events from decorations provider vscode.git 678
2024-01-18 20:49:48.212 [warning] [Decorations] CAPPING events from decorations provider vscode.git 678
2024-01-18 20:49:53.287 [warning] [Decorations] CAPPING events from decorations provider vscode.git 678
2024-01-18 20:49:58.366 [warning] [Decorations] CAPPING events from decorations provider vscode.git 678
2024-01-18 20:50:03.442 [warning] [Decorations] CAPPING events from decorations provider vscode.git 678
2024-01-18 20:50:08.519 [warning] [Decorations] CAPPING events from decorations provider vscode.git 678
2024-01-18 20:50:13.598 [warning] [Decorations] CAPPING events from decorations provider vscode.git 678
2024-01-18 20:50:18.673 [warning] [Decorations] CAPPING events from decorations provider vscode.git 678
2024-01-18 20:50:23.760 [warning] [Decorations] CAPPING events from decorations provider vscode.git 678
2024-01-18 20:51:17.204 [warning] [Decorations] CAPPING events from decorations provider vscode.git 678
2024-01-18 20:51:22.262 [warning] [Decorations] CAPPING events from decorations provider vscode.git 678
2024-01-18 20:51:28.734 [warning] [Decorations] CAPPING events from decorations provider vscode.git 678
2024-01-18 20:51:33.802 [warning] [Decorations] CAPPING events from decorations provider vscode.git 678
2024-01-18 20:51:38.876 [warning] [Decorations] CAPPING events from decorations provider vscode.git 678
2024-01-18 20:51:43.949 [warning] [Decorations] CAPPING events from decorations provider vscode.git 678
2024-01-18 20:51:49.109 [warning] [Decorations] CAPPING events from decorations provider vscode.git 680
2024-01-18 20:52:19.734 [warning] [Decorations] CAPPING events from decorations provider vscode.git 679
2024-01-18 20:52:24.805 [warning] [Decorations] CAPPING events from decorations provider vscode.git 679
2024-01-18 20:52:29.879 [warning] [Decorations] CAPPING events from decorations provider vscode.git 679
2024-01-18 20:52:34.955 [warning] [Decorations] CAPPING events from decorations provider vscode.git 679
2024-01-18 20:52:40.030 [warning] [Decorations] CAPPING events from decorations provider vscode.git 679
2024-01-18 20:52:45.111 [warning] [Decorations] CAPPING events from decorations provider vscode.git 679
2024-01-18 20:52:50.182 [warning] [Decorations] CAPPING events from decorations provider vscode.git 679
2024-01-18 20:52:55.253 [warning] [Decorations] CAPPING events from decorations provider vscode.git 679
2024-01-18 20:53:00.331 [warning] [Decorations] CAPPING events from decorations provider vscode.git 679
2024-01-18 20:53:05.409 [warning] [Decorations] CAPPING events from decorations provider vscode.git 679
2024-01-18 20:53:10.501 [warning] [Decorations] CAPPING events from decorations provider vscode.git 679
2024-01-18 20:53:15.579 [warning] [Decorations] CAPPING events from decorations provider vscode.git 679
2024-01-18 20:53:20.658 [warning] [Decorations] CAPPING events from decorations provider vscode.git 679
2024-01-18 20:53:25.738 [warning] [Decorations] CAPPING events from decorations provider vscode.git 679
2024-01-18 20:53:30.816 [warning] [Decorations] CAPPING events from decorations provider vscode.git 679
2024-01-18 20:53:35.892 [warning] [Decorations] CAPPING events from decorations provider vscode.git 679
2024-01-18 20:53:40.971 [warning] [Decorations] CAPPING events from decorations provider vscode.git 679
2024-01-18 20:53:46.049 [warning] [Decorations] CAPPING events from decorations provider vscode.git 679
2024-01-18 20:53:51.129 [warning] [Decorations] CAPPING events from decorations provider vscode.git 679
2024-01-18 20:53:56.204 [warning] [Decorations] CAPPING events from decorations provider vscode.git 679
2024-01-18 20:54:01.273 [warning] [Decorations] CAPPING events from decorations provider vscode.git 679
2024-01-18 20:54:06.344 [warning] [Decorations] CAPPING events from decorations provider vscode.git 679
2024-01-18 20:54:11.415 [warning] [Decorations] CAPPING events from decorations provider vscode.git 679
2024-01-18 20:54:16.487 [warning] [Decorations] CAPPING events from decorations provider vscode.git 679
2024-01-18 20:54:21.568 [warning] [Decorations] CAPPING events from decorations provider vscode.git 679
2024-01-18 20:54:26.642 [warning] [Decorations] CAPPING events from decorations provider vscode.git 681
2024-01-18 20:54:31.714 [warning] [Decorations] CAPPING events from decorations provider vscode.git 680
2024-01-18 20:54:36.795 [warning] [Decorations] CAPPING events from decorations provider vscode.git 680
2024-01-18 20:54:41.880 [warning] [Decorations] CAPPING events from decorations provider vscode.git 680
2024-01-18 20:54:46.967 [warning] [Decorations] CAPPING events from decorations provider vscode.git 680
2024-01-18 20:54:52.043 [warning] [Decorations] CAPPING events from decorations provider vscode.git 681
2024-01-18 20:54:57.114 [warning] [Decorations] CAPPING events from decorations provider vscode.git 682
2024-01-18 20:55:02.191 [warning] [Decorations] CAPPING events from decorations provider vscode.git 681
2024-01-18 20:55:07.254 [warning] [Decorations] CAPPING events from decorations provider vscode.git 681
2024-01-18 20:55:12.330 [warning] [Decorations] CAPPING events from decorations provider vscode.git 681
2024-01-18 20:55:17.407 [warning] [Decorations] CAPPING events from decorations provider vscode.git 681
2024-01-18 20:55:22.488 [warning] [Decorations] CAPPING events from decorations provider vscode.git 681
2024-01-18 20:55:27.561 [warning] [Decorations] CAPPING events from decorations provider vscode.git 681
2024-01-18 20:55:32.645 [warning] [Decorations] CAPPING events from decorations provider vscode.git 681
2024-01-18 20:55:37.720 [warning] [Decorations] CAPPING events from decorations provider vscode.git 681
2024-01-18 20:55:42.804 [warning] [Decorations] CAPPING events from decorations provider vscode.git 681
2024-01-18 20:55:47.880 [warning] [Decorations] CAPPING events from decorations provider vscode.git 682
2024-01-18 20:55:52.958 [warning] [Decorations] CAPPING events from decorations provider vscode.git 682
2024-01-18 20:55:58.032 [warning] [Decorations] CAPPING events from decorations provider vscode.git 682
2024-01-18 20:56:03.105 [warning] [Decorations] CAPPING events from decorations provider vscode.git 682
2024-01-18 20:56:08.175 [warning] [Decorations] CAPPING events from decorations provider vscode.git 682
2024-01-18 20:56:13.254 [warning] [Decorations] CAPPING events from decorations provider vscode.git 682
2024-01-18 20:56:18.332 [warning] [Decorations] CAPPING events from decorations provider vscode.git 682
2024-01-18 20:56:23.412 [warning] [Decorations] CAPPING events from decorations provider vscode.git 682
2024-01-18 20:56:28.486 [warning] [Decorations] CAPPING events from decorations provider vscode.git 682
2024-01-18 20:56:33.561 [warning] [Decorations] CAPPING events from decorations provider vscode.git 682
2024-01-18 20:56:38.738 [warning] [Decorations] CAPPING events from decorations provider vscode.git 683
2024-01-18 20:57:02.925 [warning] [Decorations] CAPPING events from decorations provider vscode.git 684
2024-01-18 20:57:08.005 [warning] [Decorations] CAPPING events from decorations provider vscode.git 684
2024-01-18 20:57:13.087 [warning] [Decorations] CAPPING events from decorations provider vscode.git 684
2024-01-18 20:57:18.162 [warning] [Decorations] CAPPING events from decorations provider vscode.git 685
2024-01-18 20:57:23.274 [warning] [Decorations] CAPPING events from decorations provider vscode.git 686
2024-01-18 20:57:28.365 [warning] [Decorations] CAPPING events from decorations provider vscode.git 685
2024-01-18 20:57:33.445 [warning] [Decorations] CAPPING events from decorations provider vscode.git 685
2024-01-18 20:57:38.517 [warning] [Decorations] CAPPING events from decorations provider vscode.git 685
2024-01-18 20:57:43.590 [warning] [Decorations] CAPPING events from decorations provider vscode.git 685
2024-01-18 20:57:48.662 [warning] [Decorations] CAPPING events from decorations provider vscode.git 685
2024-01-18 20:57:53.738 [warning] [Decorations] CAPPING events from decorations provider vscode.git 685
2024-01-18 20:57:58.817 [warning] [Decorations] CAPPING events from decorations provider vscode.git 685
2024-01-18 20:58:03.901 [warning] [Decorations] CAPPING events from decorations provider vscode.git 685
2024-01-18 20:58:08.984 [warning] [Decorations] CAPPING events from decorations provider vscode.git 685
2024-01-18 20:58:31.149 [warning] [Decorations] CAPPING events from decorations provider vscode.git 685
2024-01-18 20:58:42.311 [warning] [Decorations] CAPPING events from decorations provider vscode.git 685
2024-01-18 20:58:47.376 [warning] [Decorations] CAPPING events from decorations provider vscode.git 686
2024-01-18 20:58:52.455 [warning] [Decorations] CAPPING events from decorations provider vscode.git 687
2024-01-18 20:58:57.528 [warning] [Decorations] CAPPING events from decorations provider vscode.git 686
2024-01-18 20:59:02.606 [warning] [Decorations] CAPPING events from decorations provider vscode.git 686
2024-01-18 20:59:07.699 [warning] [Decorations] CAPPING events from decorations provider vscode.git 686
2024-01-18 20:59:12.782 [warning] [Decorations] CAPPING events from decorations provider vscode.git 686
2024-01-18 20:59:17.861 [warning] [Decorations] CAPPING events from decorations provider vscode.git 686
2024-01-18 20:59:22.929 [warning] [Decorations] CAPPING events from decorations provider vscode.git 686
2024-01-18 20:59:28.009 [warning] [Decorations] CAPPING events from decorations provider vscode.git 686
2024-01-18 20:59:33.086 [warning] [Decorations] CAPPING events from decorations provider vscode.git 686
2024-01-18 20:59:38.162 [warning] [Decorations] CAPPING events from decorations provider vscode.git 686
2024-01-18 20:59:43.239 [warning] [Decorations] CAPPING events from decorations provider vscode.git 686
2024-01-18 20:59:48.320 [warning] [Decorations] CAPPING events from decorations provider vscode.git 686
2024-01-18 20:59:53.397 [warning] [Decorations] CAPPING events from decorations provider vscode.git 686
2024-01-18 20:59:58.472 [warning] [Decorations] CAPPING events from decorations provider vscode.git 686
2024-01-18 21:00:03.549 [warning] [Decorations] CAPPING events from decorations provider vscode.git 686
2024-01-18 21:00:08.627 [warning] [Decorations] CAPPING events from decorations provider vscode.git 686
2024-01-18 21:00:13.703 [warning] [Decorations] CAPPING events from decorations provider vscode.git 686
2024-01-18 21:00:18.787 [warning] [Decorations] CAPPING events from decorations provider vscode.git 686
2024-01-18 21:00:23.864 [warning] [Decorations] CAPPING events from decorations provider vscode.git 686
2024-01-18 21:00:28.949 [warning] [Decorations] CAPPING events from decorations provider vscode.git 686
2024-01-18 21:00:34.026 [warning] [Decorations] CAPPING events from decorations provider vscode.git 686
2024-01-18 21:00:39.106 [warning] [Decorations] CAPPING events from decorations provider vscode.git 686
2024-01-18 21:00:44.179 [warning] [Decorations] CAPPING events from decorations provider vscode.git 686
2024-01-18 21:00:49.257 [warning] [Decorations] CAPPING events from decorations provider vscode.git 686
2024-01-18 21:00:54.335 [warning] [Decorations] CAPPING events from decorations provider vscode.git 686
2024-01-18 21:00:59.415 [warning] [Decorations] CAPPING events from decorations provider vscode.git 686
2024-01-18 21:01:04.493 [warning] [Decorations] CAPPING events from decorations provider vscode.git 686
2024-01-18 21:01:09.568 [warning] [Decorations] CAPPING events from decorations provider vscode.git 686
2024-01-18 21:01:14.641 [warning] [Decorations] CAPPING events from decorations provider vscode.git 686
2024-01-18 21:01:19.717 [warning] [Decorations] CAPPING events from decorations provider vscode.git 686
2024-01-18 21:01:24.794 [warning] [Decorations] CAPPING events from decorations provider vscode.git 686
2024-01-18 21:01:29.874 [warning] [Decorations] CAPPING events from decorations provider vscode.git 686
2024-01-18 21:01:34.946 [warning] [Decorations] CAPPING events from decorations provider vscode.git 686
2024-01-18 21:01:40.024 [warning] [Decorations] CAPPING events from decorations provider vscode.git 686
2024-01-18 21:01:45.099 [warning] [Decorations] CAPPING events from decorations provider vscode.git 686
2024-01-18 21:01:50.178 [warning] [Decorations] CAPPING events from decorations provider vscode.git 686
2024-01-18 21:01:55.253 [warning] [Decorations] CAPPING events from decorations provider vscode.git 686
2024-01-18 21:02:00.331 [warning] [Decorations] CAPPING events from decorations provider vscode.git 686
2024-01-18 21:02:05.406 [warning] [Decorations] CAPPING events from decorations provider vscode.git 686
2024-01-18 21:02:10.489 [warning] [Decorations] CAPPING events from decorations provider vscode.git 686
2024-01-18 21:02:15.573 [warning] [Decorations] CAPPING events from decorations provider vscode.git 686
2024-01-18 21:02:20.645 [warning] [Decorations] CAPPING events from decorations provider vscode.git 686
2024-01-18 21:02:25.733 [warning] [Decorations] CAPPING events from decorations provider vscode.git 687
2024-01-18 21:02:30.809 [warning] [Decorations] CAPPING events from decorations provider vscode.git 687
2024-01-18 21:02:35.887 [warning] [Decorations] CAPPING events from decorations provider vscode.git 687
2024-01-18 21:02:40.975 [warning] [Decorations] CAPPING events from decorations provider vscode.git 687
2024-01-18 21:02:46.058 [warning] [Decorations] CAPPING events from decorations provider vscode.git 688
2024-01-18 21:02:51.137 [warning] [Decorations] CAPPING events from decorations provider vscode.git 687
2024-01-18 21:02:56.215 [warning] [Decorations] CAPPING events from decorations provider vscode.git 687
2024-01-18 21:03:01.294 [warning] [Decorations] CAPPING events from decorations provider vscode.git 687
2024-01-18 21:03:06.377 [warning] [Decorations] CAPPING events from decorations provider vscode.git 687
2024-01-18 21:03:11.453 [warning] [Decorations] CAPPING events from decorations provider vscode.git 687
2024-01-18 21:03:16.531 [warning] [Decorations] CAPPING events from decorations provider vscode.git 687
2024-01-18 21:03:21.614 [warning] [Decorations] CAPPING events from decorations provider vscode.git 687
2024-01-18 21:03:26.686 [warning] [Decorations] CAPPING events from decorations provider vscode.git 687
2024-01-18 21:03:31.760 [warning] [Decorations] CAPPING events from decorations provider vscode.git 687
2024-01-18 21:03:36.836 [warning] [Decorations] CAPPING events from decorations provider vscode.git 687
2024-01-18 21:03:41.912 [warning] [Decorations] CAPPING events from decorations provider vscode.git 687
2024-01-18 21:03:46.997 [warning] [Decorations] CAPPING events from decorations provider vscode.git 687
2024-01-18 21:03:52.084 [warning] [Decorations] CAPPING events from decorations provider vscode.git 687
2024-01-18 21:04:07.721 [warning] [Decorations] CAPPING events from decorations provider vscode.git 687
2024-01-18 21:04:12.797 [warning] [Decorations] CAPPING events from decorations provider vscode.git 687
2024-01-18 21:04:17.876 [warning] [Decorations] CAPPING events from decorations provider vscode.git 687
2024-01-18 21:04:22.960 [warning] [Decorations] CAPPING events from decorations provider vscode.git 687
2024-01-18 21:04:28.034 [warning] [Decorations] CAPPING events from decorations provider vscode.git 687
2024-01-18 21:04:33.115 [warning] [Decorations] CAPPING events from decorations provider vscode.git 688
2024-01-18 21:04:38.193 [warning] [Decorations] CAPPING events from decorations provider vscode.git 688
2024-01-18 21:04:43.266 [warning] [Decorations] CAPPING events from decorations provider vscode.git 688
2024-01-18 21:04:48.346 [warning] [Decorations] CAPPING events from decorations provider vscode.git 688
2024-01-18 21:04:53.431 [warning] [Decorations] CAPPING events from decorations provider vscode.git 688
2024-01-18 21:04:58.513 [warning] [Decorations] CAPPING events from decorations provider vscode.git 688
2024-01-18 21:05:04.967 [warning] [Decorations] CAPPING events from decorations provider vscode.git 688
2024-01-18 21:05:10.045 [warning] [Decorations] CAPPING events from decorations provider vscode.git 688
2024-01-18 21:05:15.124 [warning] [Decorations] CAPPING events from decorations provider vscode.git 688
2024-01-18 21:05:20.201 [warning] [Decorations] CAPPING events from decorations provider vscode.git 688
2024-01-18 21:05:25.286 [warning] [Decorations] CAPPING events from decorations provider vscode.git 688
2024-01-18 21:05:30.369 [warning] [Decorations] CAPPING events from decorations provider vscode.git 688
2024-01-18 21:05:35.456 [warning] [Decorations] CAPPING events from decorations provider vscode.git 688
2024-01-18 21:05:40.530 [warning] [Decorations] CAPPING events from decorations provider vscode.git 688
2024-01-18 21:05:45.613 [warning] [Decorations] CAPPING events from decorations provider vscode.git 688
2024-01-18 21:05:50.715 [warning] [Decorations] CAPPING events from decorations provider vscode.git 688
2024-01-18 21:05:55.790 [warning] [Decorations] CAPPING events from decorations provider vscode.git 688
2024-01-18 21:06:00.875 [warning] [Decorations] CAPPING events from decorations provider vscode.git 688
2024-01-18 21:06:05.951 [warning] [Decorations] CAPPING events from decorations provider vscode.git 688
2024-01-18 21:06:11.030 [warning] [Decorations] CAPPING events from decorations provider vscode.git 688
2024-01-18 21:06:48.730 [warning] [Decorations] CAPPING events from decorations provider vscode.git 689
2024-01-18 21:06:53.810 [warning] [Decorations] CAPPING events from decorations provider vscode.git 688
2024-01-18 21:06:58.948 [warning] [Decorations] CAPPING events from decorations provider vscode.git 689
2024-01-18 21:07:45.499 [warning] [Decorations] CAPPING events from decorations provider vscode.git 689
2024-01-18 21:08:52.584 [warning] [Decorations] CAPPING events from decorations provider vscode.git 689
2024-01-18 21:08:57.657 [warning] [Decorations] CAPPING events from decorations provider vscode.git 689
2024-01-18 21:09:43.483 [warning] [Decorations] CAPPING events from decorations provider vscode.git 690
2024-01-18 21:09:48.559 [warning] [Decorations] CAPPING events from decorations provider vscode.git 690
2024-01-18 21:09:53.619 [warning] [Decorations] CAPPING events from decorations provider vscode.git 690
2024-01-18 21:09:58.696 [warning] [Decorations] CAPPING events from decorations provider vscode.git 690
2024-01-18 21:10:03.773 [warning] [Decorations] CAPPING events from decorations provider vscode.git 690
2024-01-18 21:10:08.849 [warning] [Decorations] CAPPING events from decorations provider vscode.git 690
2024-01-18 21:10:13.917 [warning] [Decorations] CAPPING events from decorations provider vscode.git 691
2024-01-18 21:10:18.987 [warning] [Decorations] CAPPING events from decorations provider vscode.git 691
2024-01-18 21:10:24.062 [warning] [Decorations] CAPPING events from decorations provider vscode.git 691
2024-01-18 21:10:29.138 [warning] [Decorations] CAPPING events from decorations provider vscode.git 691
2024-01-18 21:10:34.210 [warning] [Decorations] CAPPING events from decorations provider vscode.git 691
2024-01-18 21:10:39.293 [warning] [Decorations] CAPPING events from decorations provider vscode.git 691
2024-01-18 21:10:44.374 [warning] [Decorations] CAPPING events from decorations provider vscode.git 691
2024-01-18 21:10:49.455 [warning] [Decorations] CAPPING events from decorations provider vscode.git 691
2024-01-18 21:10:54.532 [warning] [Decorations] CAPPING events from decorations provider vscode.git 691
2024-01-18 21:10:59.605 [warning] [Decorations] CAPPING events from decorations provider vscode.git 691
2024-01-18 21:11:04.681 [warning] [Decorations] CAPPING events from decorations provider vscode.git 691
2024-01-18 21:11:09.754 [warning] [Decorations] CAPPING events from decorations provider vscode.git 691
2024-01-18 21:11:14.826 [warning] [Decorations] CAPPING events from decorations provider vscode.git 692
2024-01-18 21:11:19.903 [warning] [Decorations] CAPPING events from decorations provider vscode.git 691
2024-01-18 21:11:24.972 [warning] [Decorations] CAPPING events from decorations provider vscode.git 691
2024-01-18 21:11:30.058 [warning] [Decorations] CAPPING events from decorations provider vscode.git 691
2024-01-18 21:11:35.137 [warning] [Decorations] CAPPING events from decorations provider vscode.git 691
2024-01-18 21:11:40.279 [warning] [Decorations] CAPPING events from decorations provider vscode.git 691
2024-01-18 21:11:45.346 [warning] [Decorations] CAPPING events from decorations provider vscode.git 692
2024-01-18 21:11:50.429 [warning] [Decorations] CAPPING events from decorations provider vscode.git 692
2024-01-18 21:11:55.511 [warning] [Decorations] CAPPING events from decorations provider vscode.git 692
2024-01-18 21:12:00.586 [warning] [Decorations] CAPPING events from decorations provider vscode.git 692
2024-01-18 21:12:05.661 [warning] [Decorations] CAPPING events from decorations provider vscode.git 692
2024-01-18 21:12:10.789 [warning] [Decorations] CAPPING events from decorations provider vscode.git 693
2024-01-18 21:12:49.711 [warning] [Decorations] CAPPING events from decorations provider vscode.git 692
2024-01-18 21:12:54.782 [warning] [Decorations] CAPPING events from decorations provider vscode.git 692
2024-01-18 21:12:59.862 [warning] [Decorations] CAPPING events from decorations provider vscode.git 692
2024-01-18 21:13:04.939 [warning] [Decorations] CAPPING events from decorations provider vscode.git 692
2024-01-18 21:13:10.009 [warning] [Decorations] CAPPING events from decorations provider vscode.git 692
2024-01-18 21:13:15.079 [warning] [Decorations] CAPPING events from decorations provider vscode.git 692
2024-01-18 21:13:20.154 [warning] [Decorations] CAPPING events from decorations provider vscode.git 692
2024-01-18 21:13:25.224 [warning] [Decorations] CAPPING events from decorations provider vscode.git 692
2024-01-18 21:13:30.299 [warning] [Decorations] CAPPING events from decorations provider vscode.git 692
2024-01-18 21:13:35.378 [warning] [Decorations] CAPPING events from decorations provider vscode.git 692
2024-01-18 21:13:40.456 [warning] [Decorations] CAPPING events from decorations provider vscode.git 692
2024-01-18 21:13:45.534 [warning] [Decorations] CAPPING events from decorations provider vscode.git 692
2024-01-18 21:13:50.610 [warning] [Decorations] CAPPING events from decorations provider vscode.git 692
2024-01-18 21:13:55.691 [warning] [Decorations] CAPPING events from decorations provider vscode.git 692
2024-01-18 21:14:00.761 [warning] [Decorations] CAPPING events from decorations provider vscode.git 692
2024-01-18 21:14:05.838 [warning] [Decorations] CAPPING events from decorations provider vscode.git 692
2024-01-18 21:14:10.914 [warning] [Decorations] CAPPING events from decorations provider vscode.git 692
2024-01-18 21:14:15.986 [warning] [Decorations] CAPPING events from decorations provider vscode.git 692
2024-01-18 21:14:21.065 [warning] [Decorations] CAPPING events from decorations provider vscode.git 692
2024-01-18 21:14:26.143 [warning] [Decorations] CAPPING events from decorations provider vscode.git 692
2024-01-18 21:14:31.220 [warning] [Decorations] CAPPING events from decorations provider vscode.git 692
2024-01-18 21:14:36.296 [warning] [Decorations] CAPPING events from decorations provider vscode.git 692
2024-01-18 21:14:41.372 [warning] [Decorations] CAPPING events from decorations provider vscode.git 692
2024-01-18 21:14:46.448 [warning] [Decorations] CAPPING events from decorations provider vscode.git 692
2024-01-18 21:14:51.521 [warning] [Decorations] CAPPING events from decorations provider vscode.git 692
2024-01-18 21:14:56.604 [warning] [Decorations] CAPPING events from decorations provider vscode.git 692
2024-01-18 21:15:01.683 [warning] [Decorations] CAPPING events from decorations provider vscode.git 692
2024-01-18 21:15:06.763 [warning] [Decorations] CAPPING events from decorations provider vscode.git 692
2024-01-18 21:15:11.840 [warning] [Decorations] CAPPING events from decorations provider vscode.git 692
2024-01-18 21:15:16.945 [warning] [Decorations] CAPPING events from decorations provider vscode.git 693
2024-01-18 21:15:22.027 [warning] [Decorations] CAPPING events from decorations provider vscode.git 693
2024-01-18 21:15:27.104 [warning] [Decorations] CAPPING events from decorations provider vscode.git 693
2024-01-18 21:15:32.176 [warning] [Decorations] CAPPING events from decorations provider vscode.git 693
2024-01-18 21:15:37.258 [warning] [Decorations] CAPPING events from decorations provider vscode.git 693
2024-01-18 21:16:28.745 [warning] [Decorations] CAPPING events from decorations provider vscode.git 693
2024-01-18 21:16:33.815 [warning] [Decorations] CAPPING events from decorations provider vscode.git 693
2024-01-18 21:16:38.892 [warning] [Decorations] CAPPING events from decorations provider vscode.git 693
2024-01-18 21:16:43.964 [warning] [Decorations] CAPPING events from decorations provider vscode.git 693
2024-01-18 21:16:49.035 [warning] [Decorations] CAPPING events from decorations provider vscode.git 693
2024-01-18 21:16:54.124 [warning] [Decorations] CAPPING events from decorations provider vscode.git 693
2024-01-18 21:16:59.200 [warning] [Decorations] CAPPING events from decorations provider vscode.git 693
2024-01-18 21:17:04.274 [warning] [Decorations] CAPPING events from decorations provider vscode.git 693
2024-01-18 21:17:09.337 [warning] [Decorations] CAPPING events from decorations provider vscode.git 693
2024-01-18 21:17:17.632 [warning] [Decorations] CAPPING events from decorations provider vscode.git 693
2024-01-18 21:17:22.688 [warning] [Decorations] CAPPING events from decorations provider vscode.git 694
2024-01-18 21:17:27.794 [warning] [Decorations] CAPPING events from decorations provider vscode.git 695
2024-01-18 21:17:32.872 [warning] [Decorations] CAPPING events from decorations provider vscode.git 694
2024-01-18 21:18:25.943 [warning] [Decorations] CAPPING events from decorations provider vscode.git 694
2024-01-18 21:18:31.017 [warning] [Decorations] CAPPING events from decorations provider vscode.git 694
2024-01-18 21:18:36.095 [warning] [Decorations] CAPPING events from decorations provider vscode.git 694
2024-01-18 21:18:41.163 [warning] [Decorations] CAPPING events from decorations provider vscode.git 695
2024-01-18 21:18:46.248 [warning] [Decorations] CAPPING events from decorations provider vscode.git 695
2024-01-18 21:18:56.583 [warning] [Decorations] CAPPING events from decorations provider vscode.git 695
2024-01-18 21:19:01.656 [warning] [Decorations] CAPPING events from decorations provider vscode.git 695
2024-01-18 21:19:06.731 [warning] [Decorations] CAPPING events from decorations provider vscode.git 695
2024-01-18 21:19:11.806 [warning] [Decorations] CAPPING events from decorations provider vscode.git 695
2024-01-18 21:19:16.883 [warning] [Decorations] CAPPING events from decorations provider vscode.git 695
2024-01-18 21:19:21.956 [warning] [Decorations] CAPPING events from decorations provider vscode.git 695
2024-01-18 21:19:27.030 [warning] [Decorations] CAPPING events from decorations provider vscode.git 695
2024-01-18 21:19:36.868 [warning] [Decorations] CAPPING events from decorations provider vscode.git 695
2024-01-18 21:19:41.930 [warning] [Decorations] CAPPING events from decorations provider vscode.git 696
2024-01-18 21:19:47.005 [warning] [Decorations] CAPPING events from decorations provider vscode.git 696
2024-01-18 21:19:52.080 [warning] [Decorations] CAPPING events from decorations provider vscode.git 696
2024-01-18 21:19:57.160 [warning] [Decorations] CAPPING events from decorations provider vscode.git 696
2024-01-18 21:20:02.236 [warning] [Decorations] CAPPING events from decorations provider vscode.git 696
2024-01-18 21:20:07.329 [warning] [Decorations] CAPPING events from decorations provider vscode.git 696
2024-01-18 21:20:12.405 [warning] [Decorations] CAPPING events from decorations provider vscode.git 696
2024-01-18 21:20:17.480 [warning] [Decorations] CAPPING events from decorations provider vscode.git 696
2024-01-18 21:20:22.553 [warning] [Decorations] CAPPING events from decorations provider vscode.git 696
2024-01-18 21:20:27.626 [warning] [Decorations] CAPPING events from decorations provider vscode.git 696
2024-01-18 21:20:32.700 [warning] [Decorations] CAPPING events from decorations provider vscode.git 696
2024-01-18 21:20:37.780 [warning] [Decorations] CAPPING events from decorations provider vscode.git 696
2024-01-18 21:20:42.867 [warning] [Decorations] CAPPING events from decorations provider vscode.git 696
2024-01-18 21:20:47.936 [warning] [Decorations] CAPPING events from decorations provider vscode.git 696
2024-01-18 21:20:53.016 [warning] [Decorations] CAPPING events from decorations provider vscode.git 696
2024-01-18 21:20:58.081 [warning] [Decorations] CAPPING events from decorations provider vscode.git 697
2024-01-18 21:21:03.140 [warning] [Decorations] CAPPING events from decorations provider vscode.git 696
2024-01-18 21:21:08.216 [warning] [Decorations] CAPPING events from decorations provider vscode.git 696
2024-01-18 21:21:13.305 [warning] [Decorations] CAPPING events from decorations provider vscode.git 696
2024-01-18 21:21:18.388 [warning] [Decorations] CAPPING events from decorations provider vscode.git 696
2024-01-18 21:29:05.458 [warning] [Decorations] CAPPING events from decorations provider vscode.git 696
2024-01-18 21:29:10.535 [warning] [Decorations] CAPPING events from decorations provider vscode.git 696
2024-01-18 21:29:15.612 [warning] [Decorations] CAPPING events from decorations provider vscode.git 696
2024-01-18 21:32:02.841 [warning] [Decorations] CAPPING events from decorations provider vscode.git 696
2024-01-18 21:32:07.919 [warning] [Decorations] CAPPING events from decorations provider vscode.git 697
2024-01-18 21:32:34.393 [warning] [Decorations] CAPPING events from decorations provider vscode.git 697
2024-01-18 21:33:00.111 [warning] [Decorations] CAPPING events from decorations provider vscode.git 697
2024-01-18 21:40:30.058 [warning] [Decorations] CAPPING events from decorations provider vscode.git 697
2024-01-18 21:40:35.153 [warning] [Decorations] CAPPING events from decorations provider vscode.git 697
2024-01-18 21:40:40.252 [warning] [Decorations] CAPPING events from decorations provider vscode.git 698
2024-01-18 21:40:55.252 [warning] [Decorations] CAPPING events from decorations provider vscode.git 698
2024-01-18 21:41:00.325 [warning] [Decorations] CAPPING events from decorations provider vscode.git 698
2024-01-18 21:41:05.406 [warning] [Decorations] CAPPING events from decorations provider vscode.git 698
2024-01-18 21:41:12.625 [warning] [Decorations] CAPPING events from decorations provider vscode.git 698
2024-01-18 21:41:17.707 [warning] [Decorations] CAPPING events from decorations provider vscode.git 698
2024-01-18 21:41:26.595 [warning] [Decorations] CAPPING events from decorations provider vscode.git 698
2024-01-18 21:41:31.675 [warning] [Decorations] CAPPING events from decorations provider vscode.git 698
2024-01-18 21:42:00.448 [warning] [Decorations] CAPPING events from decorations provider vscode.git 698
2024-01-18 21:42:05.523 [warning] [Decorations] CAPPING events from decorations provider vscode.git 698
2024-01-18 21:43:11.324 [warning] [Decorations] CAPPING events from decorations provider vscode.git 698
2024-01-18 21:43:16.422 [warning] [Decorations] CAPPING events from decorations provider vscode.git 698
2024-01-18 21:43:21.519 [warning] [Decorations] CAPPING events from decorations provider vscode.git 699
2024-01-18 22:49:42.204 [info] Extension host terminating: renderer closed the MessagePort
2024-01-18 22:49:42.340 [error] Canceled: Canceled
	at new g (/snap/code/149/usr/share/code/resources/app/out/vs/workbench/api/node/extensionHostProcess.js:141:110274)
	at l.U (/snap/code/149/usr/share/code/resources/app/out/vs/workbench/api/node/extensionHostProcess.js:150:10866)
	at P.<computed>.j.charCodeAt.P.<computed> (/snap/code/149/usr/share/code/resources/app/out/vs/workbench/api/node/extensionHostProcess.js:150:8317)
	at d.g (/snap/code/149/usr/share/code/resources/app/out/vs/workbench/api/node/extensionHostProcess.js:141:139555)
	at d.executeCommand (/snap/code/149/usr/share/code/resources/app/out/vs/workbench/api/node/extensionHostProcess.js:141:138993)
	at p.registerCommand.description (/snap/code/149/usr/share/code/resources/app/out/vs/workbench/api/node/extensionHostProcess.js:141:138317)
	at d.h (/snap/code/149/usr/share/code/resources/app/out/vs/workbench/api/node/extensionHostProcess.js:141:140094)
	at d.g (/snap/code/149/usr/share/code/resources/app/out/vs/workbench/api/node/extensionHostProcess.js:141:139086)
	at d.executeCommand (/snap/code/149/usr/share/code/resources/app/out/vs/workbench/api/node/extensionHostProcess.js:141:138993)
	at Object.executeCommand (/snap/code/149/usr/share/code/resources/app/out/vs/workbench/api/node/extensionHostProcess.js:158:21333)
	at f.I [as value] (/snap/code/149/usr/share/code/resources/app/extensions/git/dist/main.js:2:924696)
	at n.y (/snap/code/149/usr/share/code/resources/app/out/vs/workbench/api/node/extensionHostProcess.js:80:1902)
	at n.z (/snap/code/149/usr/share/code/resources/app/out/vs/workbench/api/node/extensionHostProcess.js:80:1972)
	at n.fire (/snap/code/149/usr/share/code/resources/app/out/vs/workbench/api/node/extensionHostProcess.js:80:2188)
	at Object.m [as dispose] (/snap/code/149/usr/share/code/resources/app/extensions/git/dist/main.js:2:940613)
	at /snap/code/149/usr/share/code/resources/app/extensions/git/dist/main.js:2:945566
	at Array.forEach (<anonymous>)
	at p.dispose (/snap/code/149/usr/share/code/resources/app/extensions/git/dist/main.js:2:945552)
	at u.<anonymous> (/snap/code/149/usr/share/code/resources/app/out/vs/workbench/api/node/extensionHostProcess.js:137:3620)
	at u.dispose (/snap/code/149/usr/share/code/resources/app/out/vs/workbench/api/node/extensionHostProcess.js:137:3717)
	at u.<anonymous> (/snap/code/149/usr/share/code/resources/app/extensions/git/dist/main.js:2:926708)
	at u.dispose (/snap/code/149/usr/share/code/resources/app/out/vs/workbench/api/node/extensionHostProcess.js:137:3717)
	at s (/snap/code/149/usr/share/code/resources/app/out/vs/workbench/api/node/extensionHostProcess.js:30:754)
	at f.cb (/snap/code/149/usr/share/code/resources/app/out/vs/workbench/api/node/extensionHostProcess.js:154:9873)
	at /snap/code/149/usr/share/code/resources/app/out/vs/workbench/api/node/extensionHostProcess.js:154:7808
	at Array.map (<anonymous>)
	at f.Y (/snap/code/149/usr/share/code/resources/app/out/vs/workbench/api/node/extensionHostProcess.js:154:7795)
	at f.terminate (/snap/code/149/usr/share/code/resources/app/out/vs/workbench/api/node/extensionHostProcess.js:154:8068)
	at s.terminate (/snap/code/149/usr/share/code/resources/app/out/vs/workbench/api/node/extensionHostProcess.js:158:1513)
	at a (/snap/code/149/usr/share/code/resources/app/out/vs/workbench/api/node/extensionHostProcess.js:171:9802)
	at MessagePortMain.<anonymous> (/snap/code/149/usr/share/code/resources/app/out/vs/workbench/api/node/extensionHostProcess.js:171:6227)
	at MessagePortMain.emit (node:events:513:28)
	at MessagePortMain._internalPort.emit (node:electron/js2c/utility_init:2:367) setContext undefined
2024-01-18 22:49:42.349 [error] Canceled: Canceled
	at new g (/snap/code/149/usr/share/code/resources/app/out/vs/workbench/api/node/extensionHostProcess.js:141:110274)
	at l.U (/snap/code/149/usr/share/code/resources/app/out/vs/workbench/api/node/extensionHostProcess.js:150:10866)
	at P.<computed>.j.charCodeAt.P.<computed> (/snap/code/149/usr/share/code/resources/app/out/vs/workbench/api/node/extensionHostProcess.js:150:8317)
	at d.g (/snap/code/149/usr/share/code/resources/app/out/vs/workbench/api/node/extensionHostProcess.js:141:139555)
	at d.executeCommand (/snap/code/149/usr/share/code/resources/app/out/vs/workbench/api/node/extensionHostProcess.js:141:138993)
	at p.registerCommand.description (/snap/code/149/usr/share/code/resources/app/out/vs/workbench/api/node/extensionHostProcess.js:141:138317)
	at d.h (/snap/code/149/usr/share/code/resources/app/out/vs/workbench/api/node/extensionHostProcess.js:141:140094)
	at d.g (/snap/code/149/usr/share/code/resources/app/out/vs/workbench/api/node/extensionHostProcess.js:141:139086)
	at d.executeCommand (/snap/code/149/usr/share/code/resources/app/out/vs/workbench/api/node/extensionHostProcess.js:141:138993)
	at Object.executeCommand (/snap/code/149/usr/share/code/resources/app/out/vs/workbench/api/node/extensionHostProcess.js:158:21333)
	at set b [as b] (/snap/code/149/usr/share/code/resources/app/extensions/github/dist/extension.js:2:322364)
	at /snap/code/149/usr/share/code/resources/app/extensions/github/dist/extension.js:2:323005
	at f.value (/snap/code/149/usr/share/code/resources/app/extensions/git/dist/main.js:2:1016450)
	at n.y (/snap/code/149/usr/share/code/resources/app/out/vs/workbench/api/node/extensionHostProcess.js:80:1902)
	at n.z (/snap/code/149/usr/share/code/resources/app/out/vs/workbench/api/node/extensionHostProcess.js:80:1972)
	at n.fire (/snap/code/149/usr/share/code/resources/app/out/vs/workbench/api/node/extensionHostProcess.js:80:2188)
	at Object.m [as dispose] (/snap/code/149/usr/share/code/resources/app/extensions/git/dist/main.js:2:940613)
	at /snap/code/149/usr/share/code/resources/app/extensions/git/dist/main.js:2:945566
	at Array.forEach (<anonymous>)
	at p.dispose (/snap/code/149/usr/share/code/resources/app/extensions/git/dist/main.js:2:945552)
	at u.<anonymous> (/snap/code/149/usr/share/code/resources/app/out/vs/workbench/api/node/extensionHostProcess.js:137:3620)
	at u.dispose (/snap/code/149/usr/share/code/resources/app/out/vs/workbench/api/node/extensionHostProcess.js:137:3717)
	at u.<anonymous> (/snap/code/149/usr/share/code/resources/app/extensions/git/dist/main.js:2:926708)
	at u.dispose (/snap/code/149/usr/share/code/resources/app/out/vs/workbench/api/node/extensionHostProcess.js:137:3717)
	at s (/snap/code/149/usr/share/code/resources/app/out/vs/workbench/api/node/extensionHostProcess.js:30:754)
	at f.cb (/snap/code/149/usr/share/code/resources/app/out/vs/workbench/api/node/extensionHostProcess.js:154:9873)
	at /snap/code/149/usr/share/code/resources/app/out/vs/workbench/api/node/extensionHostProcess.js:154:7808
	at Array.map (<anonymous>)
	at f.Y (/snap/code/149/usr/share/code/resources/app/out/vs/workbench/api/node/extensionHostProcess.js:154:7795)
	at f.terminate (/snap/code/149/usr/share/code/resources/app/out/vs/workbench/api/node/extensionHostProcess.js:154:8068)
	at s.terminate (/snap/code/149/usr/share/code/resources/app/out/vs/workbench/api/node/extensionHostProcess.js:158:1513)
	at a (/snap/code/149/usr/share/code/resources/app/out/vs/workbench/api/node/extensionHostProcess.js:171:9802)
	at MessagePortMain.<anonymous> (/snap/code/149/usr/share/code/resources/app/out/vs/workbench/api/node/extensionHostProcess.js:171:6227)
	at MessagePortMain.emit (node:events:513:28)
	at MessagePortMain._internalPort.emit (node:electron/js2c/utility_init:2:367) setContext undefined
2024-01-18 22:49:42.353 [info] Extension host with pid 10413 exiting with code 0
