2024-01-18 03:01:45.967 [info] Log level: Info
2024-01-18 03:01:45.967 [info] Validating found git in: "git"
2024-01-18 03:01:45.967 [info] Using git "2.34.1" from "git"
2024-01-18 03:01:45.967 [info] > git rev-parse --show-toplevel [51ms]
2024-01-18 03:01:45.967 [info] > git rev-parse --git-dir --git-common-dir [2ms]
2024-01-18 03:01:45.967 [info] Open repository: /opt/lampp/htdocs/PoliceMend
2024-01-18 03:01:45.967 [info] > git config --get commit.template [18ms]
2024-01-18 03:01:45.967 [info] > git rev-parse --show-toplevel [9ms]
2024-01-18 03:01:45.999 [info] > git for-each-ref --format=%(refname)%00%(upstream:short)%00%(objectname)%00%(upstream:track)%00%(upstream:remotename)%00%(upstream:remoteref) refs/heads/main refs/remotes/main [16ms]
2024-01-18 03:01:46.024 [info] > git rev-parse --show-toplevel [27ms]
2024-01-18 03:01:46.081 [info] > git rev-parse --show-toplevel [1ms]
2024-01-18 03:01:46.134 [info] > git rev-parse --show-toplevel [3ms]
2024-01-18 03:01:46.151 [info] > git rev-parse --show-toplevel [5ms]
2024-01-18 03:01:46.165 [info] > git rev-parse --show-toplevel [2ms]
2024-01-18 03:01:46.185 [info] > git status -z -uall [174ms]
2024-01-18 03:01:46.226 [info] > git rev-parse --show-toplevel [45ms]
2024-01-18 03:01:46.258 [info] > git config --get commit.template [31ms]
2024-01-18 03:01:46.461 [info] > git rev-parse --show-toplevel [204ms]
2024-01-18 03:01:46.583 [info] > git check-ignore -v -z --stdin [59ms]
2024-01-18 03:01:46.585 [info] > git rev-parse --show-toplevel [14ms]
2024-01-18 03:01:46.585 [info] > git for-each-ref --format=%(refname)%00%(upstream:short)%00%(objectname)%00%(upstream:track)%00%(upstream:remotename)%00%(upstream:remoteref) refs/heads/main refs/remotes/main [27ms]
2024-01-18 03:01:46.668 [info] > git rev-parse --show-toplevel [25ms]
2024-01-18 03:01:46.726 [info] > git rev-parse --show-toplevel [26ms]
2024-01-18 03:01:46.760 [info] > git rev-parse --show-toplevel [17ms]
2024-01-18 03:01:46.789 [info] > git rev-parse --show-toplevel [1ms]
2024-01-18 03:01:46.811 [info] > git status -z -uall [89ms]
2024-01-18 03:01:46.811 [info] > git rev-parse --show-toplevel [2ms]
2024-01-18 03:01:46.858 [info] > git rev-parse --show-toplevel [5ms]
2024-01-18 03:01:46.878 [info] > git rev-parse --show-toplevel [2ms]
2024-01-18 03:01:46.899 [info] > git rev-parse --show-toplevel [3ms]
2024-01-18 03:01:46.913 [info] > git rev-parse --show-toplevel [2ms]
2024-01-18 03:01:46.982 [info] > git rev-parse --show-toplevel [57ms]
2024-01-18 03:01:47.005 [info] > git rev-parse --show-toplevel [7ms]
2024-01-18 03:01:47.017 [info] > git rev-parse --show-toplevel [1ms]
2024-01-18 03:01:47.033 [info] > git rev-parse --show-toplevel [4ms]
2024-01-18 03:01:47.324 [info] > git show --textconv :FrontEnd/src/environments/environment.ts [20ms]
2024-01-18 03:01:47.326 [info] > git ls-files --stage -- /opt/lampp/htdocs/PoliceMend/FrontEnd/src/environments/environment.ts [3ms]
2024-01-18 03:01:47.346 [info] > git cat-file -s f6daffd5b78a851df6fc667fbaf77260897d8386 [5ms]
2024-01-18 03:01:48.997 [info] > git config --get commit.template [11ms]
2024-01-18 03:01:48.998 [info] > git for-each-ref --format=%(refname)%00%(upstream:short)%00%(objectname)%00%(upstream:track)%00%(upstream:remotename)%00%(upstream:remoteref) refs/heads/main refs/remotes/main [2ms]
2024-01-18 03:01:49.061 [info] > git status -z -uall [54ms]
2024-01-18 03:01:54.110 [info] > git config --get commit.template [11ms]
2024-01-18 03:01:54.110 [info] > git for-each-ref --format=%(refname)%00%(upstream:short)%00%(objectname)%00%(upstream:track)%00%(upstream:remotename)%00%(upstream:remoteref) refs/heads/main refs/remotes/main [2ms]
2024-01-18 03:01:54.158 [info] > git status -z -uall [38ms]
2024-01-18 03:01:59.186 [info] > git config --get commit.template [11ms]
2024-01-18 03:01:59.187 [info] > git for-each-ref --format=%(refname)%00%(upstream:short)%00%(objectname)%00%(upstream:track)%00%(upstream:remotename)%00%(upstream:remoteref) refs/heads/main refs/remotes/main [2ms]
2024-01-18 03:01:59.234 [info] > git status -z -uall [37ms]
2024-01-18 03:02:04.262 [info] > git config --get commit.template [12ms]
2024-01-18 03:02:04.263 [info] > git for-each-ref --format=%(refname)%00%(upstream:short)%00%(objectname)%00%(upstream:track)%00%(upstream:remotename)%00%(upstream:remoteref) refs/heads/main refs/remotes/main [2ms]
2024-01-18 03:02:04.307 [info] > git status -z -uall [35ms]
2024-01-18 03:02:09.338 [info] > git config --get commit.template [12ms]
2024-01-18 03:02:09.339 [info] > git for-each-ref --format=%(refname)%00%(upstream:short)%00%(objectname)%00%(upstream:track)%00%(upstream:remotename)%00%(upstream:remoteref) refs/heads/main refs/remotes/main [2ms]
2024-01-18 03:02:09.384 [info] > git status -z -uall [37ms]
2024-01-18 03:02:14.399 [info] > git config --get commit.template [1ms]
2024-01-18 03:02:14.408 [info] > git for-each-ref --format=%(refname)%00%(upstream:short)%00%(objectname)%00%(upstream:track)%00%(upstream:remotename)%00%(upstream:remoteref) refs/heads/main refs/remotes/main [1ms]
2024-01-18 03:02:14.455 [info] > git status -z -uall [39ms]
2024-01-18 03:02:41.208 [info] > git config --get commit.template [22ms]
2024-01-18 03:02:41.212 [info] > git for-each-ref --format=%(refname)%00%(upstream:short)%00%(objectname)%00%(upstream:track)%00%(upstream:remotename)%00%(upstream:remoteref) refs/heads/main refs/remotes/main [6ms]
2024-01-18 03:02:41.285 [info] > git status -z -uall [57ms]
2024-01-18 03:02:46.309 [info] > git config --get commit.template [7ms]
2024-01-18 03:02:46.310 [info] > git for-each-ref --format=%(refname)%00%(upstream:short)%00%(objectname)%00%(upstream:track)%00%(upstream:remotename)%00%(upstream:remoteref) refs/heads/main refs/remotes/main [2ms]
2024-01-18 03:02:46.386 [info] > git status -z -uall [67ms]
2024-01-18 03:02:50.060 [info] > git check-ignore -v -z --stdin [3ms]
2024-01-18 03:02:53.382 [info] > git config --get commit.template [1ms]
2024-01-18 03:02:53.395 [info] > git for-each-ref --format=%(refname)%00%(upstream:short)%00%(objectname)%00%(upstream:track)%00%(upstream:remotename)%00%(upstream:remoteref) refs/heads/main refs/remotes/main [3ms]
2024-01-18 03:02:53.447 [info] > git status -z -uall [45ms]
2024-01-18 03:05:37.927 [info] > git config --get commit.template [8ms]
2024-01-18 03:05:37.928 [info] > git for-each-ref --format=%(refname)%00%(upstream:short)%00%(objectname)%00%(upstream:track)%00%(upstream:remotename)%00%(upstream:remoteref) refs/heads/main refs/remotes/main [2ms]
2024-01-18 03:05:38.011 [info] > git status -z -uall [77ms]
2024-01-18 03:05:43.062 [info] > git config --get commit.template [13ms]
2024-01-18 03:05:43.062 [info] > git for-each-ref --format=%(refname)%00%(upstream:short)%00%(objectname)%00%(upstream:track)%00%(upstream:remotename)%00%(upstream:remoteref) refs/heads/main refs/remotes/main [1ms]
2024-01-18 03:05:43.122 [info] > git status -z -uall [48ms]
2024-01-18 03:05:48.154 [info] > git config --get commit.template [9ms]
2024-01-18 03:05:48.155 [info] > git for-each-ref --format=%(refname)%00%(upstream:short)%00%(objectname)%00%(upstream:track)%00%(upstream:remotename)%00%(upstream:remoteref) refs/heads/main refs/remotes/main [1ms]
2024-01-18 03:05:48.210 [info] > git status -z -uall [43ms]
2024-01-18 03:05:53.247 [info] > git config --get commit.template [12ms]
2024-01-18 03:05:53.247 [info] > git for-each-ref --format=%(refname)%00%(upstream:short)%00%(objectname)%00%(upstream:track)%00%(upstream:remotename)%00%(upstream:remoteref) refs/heads/main refs/remotes/main [2ms]
2024-01-18 03:05:53.316 [info] > git status -z -uall [52ms]
2024-01-18 03:05:58.339 [info] > git config --get commit.template [2ms]
2024-01-18 03:05:58.349 [info] > git for-each-ref --format=%(refname)%00%(upstream:short)%00%(objectname)%00%(upstream:track)%00%(upstream:remotename)%00%(upstream:remoteref) refs/heads/main refs/remotes/main [2ms]
2024-01-18 03:05:58.403 [info] > git status -z -uall [43ms]
2024-01-18 03:06:03.429 [info] > git config --get commit.template [12ms]
2024-01-18 03:06:03.430 [info] > git for-each-ref --format=%(refname)%00%(upstream:short)%00%(objectname)%00%(upstream:track)%00%(upstream:remotename)%00%(upstream:remoteref) refs/heads/main refs/remotes/main [1ms]
2024-01-18 03:06:03.483 [info] > git status -z -uall [47ms]
2024-01-18 03:06:04.467 [info] > git check-ignore -v -z --stdin [4ms]
2024-01-18 03:06:07.019 [info] > git check-ignore -v -z --stdin [7ms]
2024-01-18 03:06:08.523 [info] > git config --get commit.template [13ms]
2024-01-18 03:06:08.523 [info] > git for-each-ref --format=%(refname)%00%(upstream:short)%00%(objectname)%00%(upstream:track)%00%(upstream:remotename)%00%(upstream:remoteref) refs/heads/main refs/remotes/main [1ms]
2024-01-18 03:06:08.579 [info] > git status -z -uall [42ms]
2024-01-18 03:07:27.984 [info] > git config --get commit.template [11ms]
2024-01-18 03:07:27.985 [info] > git for-each-ref --format=%(refname)%00%(upstream:short)%00%(objectname)%00%(upstream:track)%00%(upstream:remotename)%00%(upstream:remoteref) refs/heads/main refs/remotes/main [2ms]
2024-01-18 03:07:28.031 [info] > git status -z -uall [40ms]
2024-01-18 03:07:33.059 [info] > git config --get commit.template [11ms]
2024-01-18 03:07:33.061 [info] > git for-each-ref --format=%(refname)%00%(upstream:short)%00%(objectname)%00%(upstream:track)%00%(upstream:remotename)%00%(upstream:remoteref) refs/heads/main refs/remotes/main [2ms]
2024-01-18 03:07:33.115 [info] > git status -z -uall [44ms]
2024-01-18 03:07:38.142 [info] > git config --get commit.template [9ms]
2024-01-18 03:07:38.144 [info] > git for-each-ref --format=%(refname)%00%(upstream:short)%00%(objectname)%00%(upstream:track)%00%(upstream:remotename)%00%(upstream:remoteref) refs/heads/main refs/remotes/main [3ms]
2024-01-18 03:07:38.192 [info] > git status -z -uall [38ms]
2024-01-18 03:07:43.221 [info] > git config --get commit.template [9ms]
2024-01-18 03:07:43.223 [info] > git for-each-ref --format=%(refname)%00%(upstream:short)%00%(objectname)%00%(upstream:track)%00%(upstream:remotename)%00%(upstream:remoteref) refs/heads/main refs/remotes/main [2ms]
2024-01-18 03:07:43.266 [info] > git status -z -uall [34ms]
2024-01-18 03:07:48.293 [info] > git config --get commit.template [10ms]
2024-01-18 03:07:48.294 [info] > git for-each-ref --format=%(refname)%00%(upstream:short)%00%(objectname)%00%(upstream:track)%00%(upstream:remotename)%00%(upstream:remoteref) refs/heads/main refs/remotes/main [2ms]
2024-01-18 03:07:48.339 [info] > git status -z -uall [38ms]
