2024-01-12 21:11:06.075 [warning] Via 'product.json#extensionEnabledApiProposals' extension 'ms-python.python' wants API proposal 'registerIssueDataProvider' but that proposal DOES NOT EXIST. Likely, the proposal has been finalized (check 'vscode.d.ts') or was abandoned.
2024-01-12 21:11:06.542 [info] Started local extension host with pid 14575.
2024-01-12 21:11:11.442 [info] [perf] Render performance baseline is 48ms
2024-01-12 22:26:48.989 [error] Unable to find matching pair for [ at char 5147: Error: Unable to find matching pair for [ at char 5147
	at r.error (/snap/code/148/usr/share/code/resources/app/extensions/emmet/dist/node/emmetNodeMain.js:1:22253)
	at f (/snap/code/148/usr/share/code/resources/app/extensions/emmet/dist/node/emmetNodeMain.js:1:21483)
	at u (/snap/code/148/usr/share/code/resources/app/extensions/emmet/dist/node/emmetNodeMain.js:1:14519)
	at l (/snap/code/148/usr/share/code/resources/app/extensions/emmet/dist/node/emmetNodeMain.js:1:14611)
	at /snap/code/148/usr/share/code/resources/app/extensions/emmet/dist/node/emmetNodeMain.js:1:15226
	at m (/snap/code/148/usr/share/code/resources/app/extensions/emmet/dist/node/emmetNodeMain.js:1:15333)
	at A (/snap/code/148/usr/share/code/resources/app/extensions/emmet/dist/node/emmetNodeMain.js:1:16251)
	at S (/snap/code/148/usr/share/code/resources/app/extensions/emmet/dist/node/emmetNodeMain.js:1:16661)
	at t.$b (/snap/code/148/usr/share/code/resources/app/extensions/emmet/dist/node/emmetNodeMain.js:1:143192)
	at t.$S.b (/snap/code/148/usr/share/code/resources/app/extensions/emmet/dist/node/emmetNodeMain.js:1:129529)
	at t.$S.provideCompletionItems (/snap/code/148/usr/share/code/resources/app/extensions/emmet/dist/node/emmetNodeMain.js:1:128540)
	at ve.provideCompletionItems (/snap/code/148/usr/share/code/resources/app/out/vs/workbench/api/node/extensionHostProcess.js:143:53068)
	at /snap/code/148/usr/share/code/resources/app/out/vs/workbench/api/node/extensionHostProcess.js:143:74658
	at be.s (/snap/code/148/usr/share/code/resources/app/out/vs/workbench/api/node/extensionHostProcess.js:143:66141)
	at be.$provideCompletionItems (/snap/code/148/usr/share/code/resources/app/out/vs/workbench/api/node/extensionHostProcess.js:143:74644)
	at l.S (/snap/code/148/usr/share/code/resources/app/out/vs/workbench/api/node/extensionHostProcess.js:150:10829)
	at l.Q (/snap/code/148/usr/share/code/resources/app/out/vs/workbench/api/node/extensionHostProcess.js:150:10595)
	at l.M (/snap/code/148/usr/share/code/resources/app/out/vs/workbench/api/node/extensionHostProcess.js:150:9647)
	at l.L (/snap/code/148/usr/share/code/resources/app/out/vs/workbench/api/node/extensionHostProcess.js:150:8764)
	at f.value (/snap/code/148/usr/share/code/resources/app/out/vs/workbench/api/node/extensionHostProcess.js:150:7567)
	at n.y (/snap/code/148/usr/share/code/resources/app/out/vs/workbench/api/node/extensionHostProcess.js:80:1902)
	at n.fire (/snap/code/148/usr/share/code/resources/app/out/vs/workbench/api/node/extensionHostProcess.js:80:2119)
	at o.fire (/snap/code/148/usr/share/code/resources/app/out/vs/workbench/api/node/extensionHostProcess.js:103:14039)
	at f.value (/snap/code/148/usr/share/code/resources/app/out/vs/workbench/api/node/extensionHostProcess.js:171:7903)
	at n.y (/snap/code/148/usr/share/code/resources/app/out/vs/workbench/api/node/extensionHostProcess.js:80:1902)
	at n.fire (/snap/code/148/usr/share/code/resources/app/out/vs/workbench/api/node/extensionHostProcess.js:80:2119)
	at o.fire (/snap/code/148/usr/share/code/resources/app/out/vs/workbench/api/node/extensionHostProcess.js:103:14039)
	at MessagePortMain.<anonymous> (/snap/code/148/usr/share/code/resources/app/out/vs/workbench/api/node/extensionHostProcess.js:171:6183)
	at MessagePortMain.emit (node:events:513:28)
	at MessagePortMain._internalPort.emit (node:electron/js2c/utility_init:2:367)
2024-01-12 22:26:51.316 [error] Unable to find matching pair for [ at char 5147: Error: Unable to find matching pair for [ at char 5147
	at r.error (/snap/code/148/usr/share/code/resources/app/extensions/emmet/dist/node/emmetNodeMain.js:1:22253)
	at f (/snap/code/148/usr/share/code/resources/app/extensions/emmet/dist/node/emmetNodeMain.js:1:21483)
	at u (/snap/code/148/usr/share/code/resources/app/extensions/emmet/dist/node/emmetNodeMain.js:1:14519)
	at l (/snap/code/148/usr/share/code/resources/app/extensions/emmet/dist/node/emmetNodeMain.js:1:14611)
	at /snap/code/148/usr/share/code/resources/app/extensions/emmet/dist/node/emmetNodeMain.js:1:15226
	at m (/snap/code/148/usr/share/code/resources/app/extensions/emmet/dist/node/emmetNodeMain.js:1:15333)
	at A (/snap/code/148/usr/share/code/resources/app/extensions/emmet/dist/node/emmetNodeMain.js:1:16251)
	at S (/snap/code/148/usr/share/code/resources/app/extensions/emmet/dist/node/emmetNodeMain.js:1:16661)
	at t.$b (/snap/code/148/usr/share/code/resources/app/extensions/emmet/dist/node/emmetNodeMain.js:1:143192)
	at t.$S.b (/snap/code/148/usr/share/code/resources/app/extensions/emmet/dist/node/emmetNodeMain.js:1:129529)
	at t.$S.provideCompletionItems (/snap/code/148/usr/share/code/resources/app/extensions/emmet/dist/node/emmetNodeMain.js:1:128540)
	at ve.provideCompletionItems (/snap/code/148/usr/share/code/resources/app/out/vs/workbench/api/node/extensionHostProcess.js:143:53068)
	at /snap/code/148/usr/share/code/resources/app/out/vs/workbench/api/node/extensionHostProcess.js:143:74658
	at be.s (/snap/code/148/usr/share/code/resources/app/out/vs/workbench/api/node/extensionHostProcess.js:143:66141)
	at be.$provideCompletionItems (/snap/code/148/usr/share/code/resources/app/out/vs/workbench/api/node/extensionHostProcess.js:143:74644)
	at l.S (/snap/code/148/usr/share/code/resources/app/out/vs/workbench/api/node/extensionHostProcess.js:150:10829)
	at l.Q (/snap/code/148/usr/share/code/resources/app/out/vs/workbench/api/node/extensionHostProcess.js:150:10595)
	at l.M (/snap/code/148/usr/share/code/resources/app/out/vs/workbench/api/node/extensionHostProcess.js:150:9647)
	at l.L (/snap/code/148/usr/share/code/resources/app/out/vs/workbench/api/node/extensionHostProcess.js:150:8764)
	at f.value (/snap/code/148/usr/share/code/resources/app/out/vs/workbench/api/node/extensionHostProcess.js:150:7567)
	at n.y (/snap/code/148/usr/share/code/resources/app/out/vs/workbench/api/node/extensionHostProcess.js:80:1902)
	at n.fire (/snap/code/148/usr/share/code/resources/app/out/vs/workbench/api/node/extensionHostProcess.js:80:2119)
	at o.fire (/snap/code/148/usr/share/code/resources/app/out/vs/workbench/api/node/extensionHostProcess.js:103:14039)
	at f.value (/snap/code/148/usr/share/code/resources/app/out/vs/workbench/api/node/extensionHostProcess.js:171:7903)
	at n.y (/snap/code/148/usr/share/code/resources/app/out/vs/workbench/api/node/extensionHostProcess.js:80:1902)
	at n.fire (/snap/code/148/usr/share/code/resources/app/out/vs/workbench/api/node/extensionHostProcess.js:80:2119)
	at o.fire (/snap/code/148/usr/share/code/resources/app/out/vs/workbench/api/node/extensionHostProcess.js:103:14039)
	at MessagePortMain.<anonymous> (/snap/code/148/usr/share/code/resources/app/out/vs/workbench/api/node/extensionHostProcess.js:171:6183)
	at MessagePortMain.emit (node:events:513:28)
	at MessagePortMain._internalPort.emit (node:electron/js2c/utility_init:2:367)
2024-01-13 02:22:41.589 [error] Cannot read properties of undefined (reading 'find'): TypeError: Cannot read properties of undefined (reading 'find')
	at t.$S.b (/snap/code/148/usr/share/code/resources/app/extensions/emmet/dist/node/emmetNodeMain.js:1:129895)
	at t.$S.provideCompletionItems (/snap/code/148/usr/share/code/resources/app/extensions/emmet/dist/node/emmetNodeMain.js:1:128540)
	at ve.provideCompletionItems (/snap/code/148/usr/share/code/resources/app/out/vs/workbench/api/node/extensionHostProcess.js:143:53068)
	at /snap/code/148/usr/share/code/resources/app/out/vs/workbench/api/node/extensionHostProcess.js:143:74658
	at be.s (/snap/code/148/usr/share/code/resources/app/out/vs/workbench/api/node/extensionHostProcess.js:143:66141)
	at be.$provideCompletionItems (/snap/code/148/usr/share/code/resources/app/out/vs/workbench/api/node/extensionHostProcess.js:143:74644)
	at l.S (/snap/code/148/usr/share/code/resources/app/out/vs/workbench/api/node/extensionHostProcess.js:150:10829)
	at l.Q (/snap/code/148/usr/share/code/resources/app/out/vs/workbench/api/node/extensionHostProcess.js:150:10595)
	at l.M (/snap/code/148/usr/share/code/resources/app/out/vs/workbench/api/node/extensionHostProcess.js:150:9647)
	at l.L (/snap/code/148/usr/share/code/resources/app/out/vs/workbench/api/node/extensionHostProcess.js:150:8764)
	at f.value (/snap/code/148/usr/share/code/resources/app/out/vs/workbench/api/node/extensionHostProcess.js:150:7567)
	at n.y (/snap/code/148/usr/share/code/resources/app/out/vs/workbench/api/node/extensionHostProcess.js:80:1902)
	at n.fire (/snap/code/148/usr/share/code/resources/app/out/vs/workbench/api/node/extensionHostProcess.js:80:2119)
	at o.fire (/snap/code/148/usr/share/code/resources/app/out/vs/workbench/api/node/extensionHostProcess.js:103:14039)
	at f.value (/snap/code/148/usr/share/code/resources/app/out/vs/workbench/api/node/extensionHostProcess.js:171:7903)
	at n.y (/snap/code/148/usr/share/code/resources/app/out/vs/workbench/api/node/extensionHostProcess.js:80:1902)
	at n.fire (/snap/code/148/usr/share/code/resources/app/out/vs/workbench/api/node/extensionHostProcess.js:80:2119)
	at o.fire (/snap/code/148/usr/share/code/resources/app/out/vs/workbench/api/node/extensionHostProcess.js:103:14039)
	at MessagePortMain.<anonymous> (/snap/code/148/usr/share/code/resources/app/out/vs/workbench/api/node/extensionHostProcess.js:171:6183)
	at MessagePortMain.emit (node:events:513:28)
	at MessagePortMain._internalPort.emit (node:electron/js2c/utility_init:2:367)
2024-01-13 04:11:04.470 [info] Extension host (LocalProcess pid: 14575) is unresponsive.
2024-01-13 04:11:04.907 [info] Extension host (LocalProcess pid: 14575) is responsive.
2024-01-13 04:11:05.192 [info] UNRESPONSIVE extension host: received responsive event and cancelling profiling session
2024-01-13 04:11:06.075 [info] UNRESPONSIVE extension host: starting to profile NOW
2024-01-13 06:19:54.489 [info] Extension host (LocalProcess pid: 14575) is unresponsive.
2024-01-13 06:19:55.386 [info] Extension host (LocalProcess pid: 14575) is responsive.
2024-01-13 06:19:57.690 [info] UNRESPONSIVE extension host: received responsive event and cancelling profiling session
2024-01-13 06:20:02.902 [info] UNRESPONSIVE extension host: starting to profile NOW
2024-01-13 07:23:19.160 [info] Extension host (LocalProcess pid: 14575) is unresponsive.
2024-01-13 07:23:19.203 [info] Extension host (LocalProcess pid: 14575) is responsive.
2024-01-13 07:23:19.203 [info] UNRESPONSIVE extension host: received responsive event and cancelling profiling session
2024-01-13 07:23:19.575 [info] UNRESPONSIVE extension host: starting to profile NOW
2024-01-13 07:38:54.808 [info] Extension host (LocalProcess pid: 14575) is unresponsive.
2024-01-13 07:38:56.145 [info] Extension host (LocalProcess pid: 14575) is responsive.
2024-01-13 07:38:56.352 [info] UNRESPONSIVE extension host: received responsive event and cancelling profiling session
2024-01-13 07:38:56.412 [info] UNRESPONSIVE extension host: starting to profile NOW
2024-01-13 07:40:28.123 [info] Extension host (LocalProcess pid: 14575) is unresponsive.
2024-01-13 07:40:28.228 [info] Extension host (LocalProcess pid: 14575) is responsive.
2024-01-13 07:40:28.228 [info] UNRESPONSIVE extension host: received responsive event and cancelling profiling session
2024-01-13 07:40:28.622 [info] UNRESPONSIVE extension host: starting to profile NOW
2024-01-13 07:48:38.506 [info] Extension host (LocalProcess pid: 14575) is unresponsive.
2024-01-13 07:48:43.119 [info] Extension host (LocalProcess pid: 14575) is responsive.
2024-01-13 07:48:43.736 [info] UNRESPONSIVE extension host: received responsive event and cancelling profiling session
2024-01-13 07:48:54.676 [info] UNRESPONSIVE extension host: starting to profile NOW
2024-01-13 07:48:54.839 [info] Extension host (LocalProcess pid: 14575) is unresponsive.
2024-01-13 07:48:54.839 [info] Extension host (LocalProcess pid: 14575) is responsive.
2024-01-13 07:48:54.839 [info] UNRESPONSIVE extension host: received responsive event and cancelling profiling session
2024-01-13 07:51:06.718 [info] Extension host (LocalProcess pid: 14575) is unresponsive.
2024-01-13 07:51:07.748 [info] Extension host (LocalProcess pid: 14575) is responsive.
2024-01-13 07:51:07.808 [info] UNRESPONSIVE extension host: received responsive event and cancelling profiling session
2024-01-13 07:51:07.840 [info] UNRESPONSIVE extension host: starting to profile NOW
2024-01-13 07:52:32.201 [info] Extension host (LocalProcess pid: 14575) is unresponsive.
2024-01-13 07:52:32.294 [info] Extension host (LocalProcess pid: 14575) is responsive.
2024-01-13 07:52:32.294 [info] UNRESPONSIVE extension host: received responsive event and cancelling profiling session
2024-01-13 07:52:32.871 [info] UNRESPONSIVE extension host: starting to profile NOW
2024-01-13 07:57:23.448 [info] Extension host (LocalProcess pid: 14575) is unresponsive.
2024-01-13 07:57:23.505 [info] Extension host (LocalProcess pid: 14575) is responsive.
2024-01-13 07:57:23.505 [info] UNRESPONSIVE extension host: received responsive event and cancelling profiling session
2024-01-13 07:57:23.859 [info] UNRESPONSIVE extension host: starting to profile NOW
2024-01-13 09:14:28.140 [error] Unable to find matching pair for ( at char 4701: Error: Unable to find matching pair for ( at char 4701
	at r.error (/snap/code/148/usr/share/code/resources/app/extensions/emmet/dist/node/emmetNodeMain.js:1:22253)
	at f (/snap/code/148/usr/share/code/resources/app/extensions/emmet/dist/node/emmetNodeMain.js:1:21483)
	at u (/snap/code/148/usr/share/code/resources/app/extensions/emmet/dist/node/emmetNodeMain.js:1:14540)
	at l (/snap/code/148/usr/share/code/resources/app/extensions/emmet/dist/node/emmetNodeMain.js:1:14611)
	at /snap/code/148/usr/share/code/resources/app/extensions/emmet/dist/node/emmetNodeMain.js:1:15226
	at m (/snap/code/148/usr/share/code/resources/app/extensions/emmet/dist/node/emmetNodeMain.js:1:15333)
	at A (/snap/code/148/usr/share/code/resources/app/extensions/emmet/dist/node/emmetNodeMain.js:1:16251)
	at S (/snap/code/148/usr/share/code/resources/app/extensions/emmet/dist/node/emmetNodeMain.js:1:16661)
	at t.$b (/snap/code/148/usr/share/code/resources/app/extensions/emmet/dist/node/emmetNodeMain.js:1:143192)
	at t.$S.b (/snap/code/148/usr/share/code/resources/app/extensions/emmet/dist/node/emmetNodeMain.js:1:129529)
	at t.$S.provideCompletionItems (/snap/code/148/usr/share/code/resources/app/extensions/emmet/dist/node/emmetNodeMain.js:1:128540)
	at ve.provideCompletionItems (/snap/code/148/usr/share/code/resources/app/out/vs/workbench/api/node/extensionHostProcess.js:143:53068)
	at /snap/code/148/usr/share/code/resources/app/out/vs/workbench/api/node/extensionHostProcess.js:143:74658
	at be.s (/snap/code/148/usr/share/code/resources/app/out/vs/workbench/api/node/extensionHostProcess.js:143:66141)
	at be.$provideCompletionItems (/snap/code/148/usr/share/code/resources/app/out/vs/workbench/api/node/extensionHostProcess.js:143:74644)
	at l.S (/snap/code/148/usr/share/code/resources/app/out/vs/workbench/api/node/extensionHostProcess.js:150:10829)
	at l.Q (/snap/code/148/usr/share/code/resources/app/out/vs/workbench/api/node/extensionHostProcess.js:150:10595)
	at l.M (/snap/code/148/usr/share/code/resources/app/out/vs/workbench/api/node/extensionHostProcess.js:150:9647)
	at l.L (/snap/code/148/usr/share/code/resources/app/out/vs/workbench/api/node/extensionHostProcess.js:150:8764)
	at f.value (/snap/code/148/usr/share/code/resources/app/out/vs/workbench/api/node/extensionHostProcess.js:150:7567)
	at n.y (/snap/code/148/usr/share/code/resources/app/out/vs/workbench/api/node/extensionHostProcess.js:80:1902)
	at n.fire (/snap/code/148/usr/share/code/resources/app/out/vs/workbench/api/node/extensionHostProcess.js:80:2119)
	at o.fire (/snap/code/148/usr/share/code/resources/app/out/vs/workbench/api/node/extensionHostProcess.js:103:14039)
	at f.value (/snap/code/148/usr/share/code/resources/app/out/vs/workbench/api/node/extensionHostProcess.js:171:7903)
	at n.y (/snap/code/148/usr/share/code/resources/app/out/vs/workbench/api/node/extensionHostProcess.js:80:1902)
	at n.fire (/snap/code/148/usr/share/code/resources/app/out/vs/workbench/api/node/extensionHostProcess.js:80:2119)
	at o.fire (/snap/code/148/usr/share/code/resources/app/out/vs/workbench/api/node/extensionHostProcess.js:103:14039)
	at MessagePortMain.<anonymous> (/snap/code/148/usr/share/code/resources/app/out/vs/workbench/api/node/extensionHostProcess.js:171:6183)
	at MessagePortMain.emit (node:events:513:28)
	at MessagePortMain._internalPort.emit (node:electron/js2c/utility_init:2:367)
2024-01-13 09:14:29.274 [error] Unable to find matching pair for ( at char 4701: Error: Unable to find matching pair for ( at char 4701
	at r.error (/snap/code/148/usr/share/code/resources/app/extensions/emmet/dist/node/emmetNodeMain.js:1:22253)
	at f (/snap/code/148/usr/share/code/resources/app/extensions/emmet/dist/node/emmetNodeMain.js:1:21483)
	at u (/snap/code/148/usr/share/code/resources/app/extensions/emmet/dist/node/emmetNodeMain.js:1:14540)
	at l (/snap/code/148/usr/share/code/resources/app/extensions/emmet/dist/node/emmetNodeMain.js:1:14611)
	at /snap/code/148/usr/share/code/resources/app/extensions/emmet/dist/node/emmetNodeMain.js:1:15226
	at m (/snap/code/148/usr/share/code/resources/app/extensions/emmet/dist/node/emmetNodeMain.js:1:15333)
	at A (/snap/code/148/usr/share/code/resources/app/extensions/emmet/dist/node/emmetNodeMain.js:1:16251)
	at S (/snap/code/148/usr/share/code/resources/app/extensions/emmet/dist/node/emmetNodeMain.js:1:16661)
	at t.$b (/snap/code/148/usr/share/code/resources/app/extensions/emmet/dist/node/emmetNodeMain.js:1:143192)
	at t.$S.b (/snap/code/148/usr/share/code/resources/app/extensions/emmet/dist/node/emmetNodeMain.js:1:129529)
	at t.$S.provideCompletionItems (/snap/code/148/usr/share/code/resources/app/extensions/emmet/dist/node/emmetNodeMain.js:1:128540)
	at ve.provideCompletionItems (/snap/code/148/usr/share/code/resources/app/out/vs/workbench/api/node/extensionHostProcess.js:143:53068)
	at /snap/code/148/usr/share/code/resources/app/out/vs/workbench/api/node/extensionHostProcess.js:143:74658
	at be.s (/snap/code/148/usr/share/code/resources/app/out/vs/workbench/api/node/extensionHostProcess.js:143:66141)
	at be.$provideCompletionItems (/snap/code/148/usr/share/code/resources/app/out/vs/workbench/api/node/extensionHostProcess.js:143:74644)
	at l.S (/snap/code/148/usr/share/code/resources/app/out/vs/workbench/api/node/extensionHostProcess.js:150:10829)
	at l.Q (/snap/code/148/usr/share/code/resources/app/out/vs/workbench/api/node/extensionHostProcess.js:150:10595)
	at l.M (/snap/code/148/usr/share/code/resources/app/out/vs/workbench/api/node/extensionHostProcess.js:150:9647)
	at l.L (/snap/code/148/usr/share/code/resources/app/out/vs/workbench/api/node/extensionHostProcess.js:150:8764)
	at f.value (/snap/code/148/usr/share/code/resources/app/out/vs/workbench/api/node/extensionHostProcess.js:150:7567)
	at n.y (/snap/code/148/usr/share/code/resources/app/out/vs/workbench/api/node/extensionHostProcess.js:80:1902)
	at n.fire (/snap/code/148/usr/share/code/resources/app/out/vs/workbench/api/node/extensionHostProcess.js:80:2119)
	at o.fire (/snap/code/148/usr/share/code/resources/app/out/vs/workbench/api/node/extensionHostProcess.js:103:14039)
	at f.value (/snap/code/148/usr/share/code/resources/app/out/vs/workbench/api/node/extensionHostProcess.js:171:7903)
	at n.y (/snap/code/148/usr/share/code/resources/app/out/vs/workbench/api/node/extensionHostProcess.js:80:1902)
	at n.fire (/snap/code/148/usr/share/code/resources/app/out/vs/workbench/api/node/extensionHostProcess.js:80:2119)
	at o.fire (/snap/code/148/usr/share/code/resources/app/out/vs/workbench/api/node/extensionHostProcess.js:103:14039)
	at MessagePortMain.<anonymous> (/snap/code/148/usr/share/code/resources/app/out/vs/workbench/api/node/extensionHostProcess.js:171:6183)
	at MessagePortMain.emit (node:events:513:28)
	at MessagePortMain._internalPort.emit (node:electron/js2c/utility_init:2:367)
2024-01-13 10:27:23.996 [info] Extension host (LocalProcess pid: 14575) is unresponsive.
2024-01-13 10:27:24.418 [info] Extension host (LocalProcess pid: 14575) is responsive.
2024-01-13 10:27:24.418 [info] UNRESPONSIVE extension host: received responsive event and cancelling profiling session
2024-01-13 10:27:24.711 [info] UNRESPONSIVE extension host: starting to profile NOW
