2024-01-12 21:11:05.343 [info] update#setState idle
2024-01-12 21:11:35.341 [info] update#setState checking for updates
2024-01-12 21:11:35.343 [info] update#setState idle
2024-01-12 22:11:35.344 [info] update#setState checking for updates
2024-01-12 22:11:35.351 [info] update#setState idle
2024-01-12 23:11:35.352 [info] update#setState checking for updates
2024-01-12 23:11:35.364 [info] update#setState idle
2024-01-13 00:11:35.362 [info] update#setState checking for updates
2024-01-13 00:11:35.371 [info] update#setState idle
2024-01-13 00:47:21.890 [warning] No ptyHost heartbeat after 6 seconds
2024-01-13 01:11:35.372 [info] update#setState checking for updates
2024-01-13 01:11:35.382 [info] update#setState idle
2024-01-13 02:11:35.382 [info] update#setState checking for updates
2024-01-13 02:11:35.395 [info] update#setState idle
2024-01-13 03:11:35.402 [info] update#setState checking for updates
2024-01-13 03:11:35.418 [info] update#setState idle
2024-01-13 04:08:24.533 [warning] No ptyHost heartbeat after 6 seconds
2024-01-13 04:10:34.268 [warning] No ptyHost heartbeat after 6 seconds
2024-01-13 04:11:35.414 [info] update#setState checking for updates
2024-01-13 04:11:35.426 [info] update#setState idle
2024-01-13 05:11:35.428 [info] update#setState checking for updates
2024-01-13 05:11:35.442 [info] update#setState idle
2024-01-13 06:11:35.439 [info] update#setState checking for updates
2024-01-13 06:11:35.450 [info] update#setState idle
2024-01-13 07:11:35.447 [info] update#setState checking for updates
2024-01-13 07:11:35.449 [info] update#setState idle
2024-01-13 07:22:23.539 [warning] No ptyHost heartbeat after 6 seconds
2024-01-13 07:38:39.315 [warning] No ptyHost heartbeat after 6 seconds
2024-01-13 07:40:27.639 [warning] No ptyHost heartbeat after 6 seconds
2024-01-13 07:50:08.786 [warning] No ptyHost heartbeat after 6 seconds
2024-01-13 07:52:04.167 [warning] No ptyHost heartbeat after 6 seconds
2024-01-13 07:57:18.263 [warning] No ptyHost heartbeat after 6 seconds
2024-01-13 08:11:35.449 [info] update#setState checking for updates
2024-01-13 08:11:35.457 [info] update#setState idle
2024-01-13 08:44:07.182 [warning] No ptyHost heartbeat after 6 seconds
2024-01-13 08:47:54.994 [warning] No ptyHost heartbeat after 6 seconds
2024-01-13 08:51:17.096 [warning] No ptyHost heartbeat after 6 seconds
2024-01-13 09:03:09.603 [warning] No ptyHost heartbeat after 6 seconds
2024-01-13 09:11:35.457 [info] update#setState checking for updates
2024-01-13 09:11:35.466 [info] update#setState idle
2024-01-13 09:24:50.829 [warning] No ptyHost heartbeat after 6 seconds
2024-01-13 09:27:35.935 [warning] No ptyHost heartbeat after 6 seconds
2024-01-13 10:11:35.467 [info] update#setState checking for updates
2024-01-13 10:11:35.482 [info] update#setState idle
2024-01-13 10:23:52.396 [warning] No ptyHost heartbeat after 6 seconds
2024-01-13 10:26:55.742 [warning] No ptyHost heartbeat after 6 seconds
2024-01-13 10:29:00.856 [error] [UtilityProcessWorker]: terminated unexpectedly with code 15, signal: unknown
2024-01-13 10:29:00.857 [error] [UtilityProcess id: 1, type: fileWatcher, pid: 14587]: crashed with code 15 and reason 'killed'
2024-01-13 10:29:00.880 [info] Extension host with pid 14575 exited with code: 0, signal: unknown.
