2024-01-13 22:08:33.188 [info] Log level: Info
2024-01-13 22:08:33.188 [info] Validating found git in: "git"
2024-01-13 22:08:33.188 [info] Using git "2.34.1" from "git"
2024-01-13 22:08:33.188 [info] > git rev-parse --show-toplevel [11ms]
2024-01-13 22:08:33.188 [info] > git rev-parse --git-dir --git-common-dir [2ms]
2024-01-13 22:08:33.188 [info] Open repository: /opt/lampp/htdocs/PoliceMend
2024-01-13 22:08:33.190 [info] > git config --get commit.template [10ms]
2024-01-13 22:08:33.191 [info] > git rev-parse --show-toplevel [4ms]
2024-01-13 22:08:33.205 [info] > git for-each-ref --format=%(refname)%00%(upstream:short)%00%(objectname)%00%(upstream:track)%00%(upstream:remotename)%00%(upstream:remoteref) refs/heads/main refs/remotes/main [8ms]
2024-01-13 22:08:33.207 [info] > git rev-parse --show-toplevel [3ms]
2024-01-13 22:08:33.228 [info] > git rev-parse --show-toplevel [13ms]
2024-01-13 22:08:33.250 [info] > git rev-parse --show-toplevel [5ms]
2024-01-13 22:08:33.270 [info] > git rev-parse --show-toplevel [3ms]
2024-01-13 22:08:33.281 [info] > git rev-parse --show-toplevel [2ms]
2024-01-13 22:08:33.375 [info] > git status -z -uall [139ms]
2024-01-13 22:08:33.406 [info] > git rev-parse --show-toplevel [116ms]
2024-01-13 22:08:33.546 [info] > git rev-parse --show-toplevel [73ms]
2024-01-13 22:08:33.547 [info] > git config --get commit.template [88ms]
2024-01-13 22:08:33.617 [info] > git rev-parse --show-toplevel [56ms]
2024-01-13 22:08:33.639 [info] > git for-each-ref --format=%(refname)%00%(upstream:short)%00%(objectname)%00%(upstream:track)%00%(upstream:remotename)%00%(upstream:remoteref) refs/heads/main refs/remotes/main [22ms]
2024-01-13 22:08:33.649 [info] > git rev-parse --show-toplevel [12ms]
2024-01-13 22:08:33.663 [info] > git rev-parse --show-toplevel [4ms]
2024-01-13 22:08:33.692 [info] > git rev-parse --show-toplevel [2ms]
2024-01-13 22:08:33.705 [info] > git rev-parse --show-toplevel [3ms]
2024-01-13 22:08:33.721 [info] > git rev-parse --show-toplevel [2ms]
2024-01-13 22:08:33.739 [info] > git rev-parse --show-toplevel [11ms]
2024-01-13 22:08:33.748 [info] > git status -z -uall [71ms]
2024-01-13 22:08:33.749 [info] > git rev-parse --show-toplevel [2ms]
2024-01-13 22:08:33.765 [info] > git check-ignore -v -z --stdin [28ms]
2024-01-13 22:08:33.768 [info] > git rev-parse --show-toplevel [3ms]
2024-01-13 22:08:33.781 [info] > git rev-parse --show-toplevel [4ms]
2024-01-13 22:08:33.789 [info] > git rev-parse --show-toplevel [1ms]
2024-01-13 22:08:33.802 [info] > git rev-parse --show-toplevel [7ms]
2024-01-13 22:08:33.822 [info] > git rev-parse --show-toplevel [3ms]
2024-01-13 22:08:33.837 [info] > git rev-parse --show-toplevel [6ms]
2024-01-13 22:08:33.849 [info] > git rev-parse --show-toplevel [2ms]
2024-01-13 22:08:34.279 [info] > git show --textconv :FrontEnd/src/app/admin/orden-mantenimiento/orden-mantenimiento-list.component.html [7ms]
2024-01-13 22:08:34.282 [info] > git ls-files --stage -- /opt/lampp/htdocs/PoliceMend/FrontEnd/src/app/admin/orden-mantenimiento/orden-mantenimiento-list.component.html [4ms]
2024-01-13 22:08:34.296 [info] > git cat-file -s 8c7123f7939315dcfadfc53f67d1ba76e124d57e [4ms]
2024-01-13 22:08:35.948 [info] > git config --get commit.template [7ms]
2024-01-13 22:08:35.948 [info] > git for-each-ref --format=%(refname)%00%(upstream:short)%00%(objectname)%00%(upstream:track)%00%(upstream:remotename)%00%(upstream:remoteref) refs/heads/main refs/remotes/main [1ms]
2024-01-13 22:08:35.984 [info] > git status -z -uall [31ms]
2024-01-13 22:08:40.996 [info] > git show --textconv :FrontEnd/src/app/admin/orden-mantenimiento/orden-mantenimiento-list.component.scss [15ms]
2024-01-13 22:08:40.997 [info] > git ls-files --stage -- /opt/lampp/htdocs/PoliceMend/FrontEnd/src/app/admin/orden-mantenimiento/orden-mantenimiento-list.component.scss [9ms]
2024-01-13 22:08:41.007 [info] > git cat-file -s 9d6388b193b3b7e63052d5b17055ea77f0528b7e [2ms]
2024-01-13 22:08:41.008 [info] > git config --get commit.template [12ms]
2024-01-13 22:08:41.016 [info] > git for-each-ref --format=%(refname)%00%(upstream:short)%00%(objectname)%00%(upstream:track)%00%(upstream:remotename)%00%(upstream:remoteref) refs/heads/main refs/remotes/main [2ms]
2024-01-13 22:08:41.060 [info] > git status -z -uall [37ms]
2024-01-13 22:08:46.080 [info] > git config --get commit.template [7ms]
2024-01-13 22:08:46.081 [info] > git for-each-ref --format=%(refname)%00%(upstream:short)%00%(objectname)%00%(upstream:track)%00%(upstream:remotename)%00%(upstream:remoteref) refs/heads/main refs/remotes/main [2ms]
2024-01-13 22:08:46.113 [info] > git status -z -uall [28ms]
2024-01-13 22:08:51.128 [info] > git config --get commit.template [2ms]
2024-01-13 22:08:51.136 [info] > git for-each-ref --format=%(refname)%00%(upstream:short)%00%(objectname)%00%(upstream:track)%00%(upstream:remotename)%00%(upstream:remoteref) refs/heads/main refs/remotes/main [1ms]
2024-01-13 22:08:51.173 [info] > git status -z -uall [32ms]
2024-01-13 22:08:54.486 [info] > git show --textconv :FrontEnd/src/app/admin/orden-mantenimiento/orden-mantenimiento-edit.component.ts [138ms]
2024-01-13 22:08:54.486 [info] > git ls-files --stage -- /opt/lampp/htdocs/PoliceMend/FrontEnd/src/app/admin/orden-mantenimiento/orden-mantenimiento-edit.component.ts [122ms]
2024-01-13 22:08:54.516 [info] > git cat-file -s 7fde84b5f87cfc40ebf9bf30ceb1ef0df04b037f [20ms]
2024-01-13 22:08:56.196 [info] > git config --get commit.template [9ms]
2024-01-13 22:08:56.197 [info] > git for-each-ref --format=%(refname)%00%(upstream:short)%00%(objectname)%00%(upstream:track)%00%(upstream:remotename)%00%(upstream:remoteref) refs/heads/main refs/remotes/main [1ms]
2024-01-13 22:08:56.233 [info] > git status -z -uall [30ms]
2024-01-13 22:09:01.896 [info] > git config --get commit.template [1ms]
2024-01-13 22:09:01.904 [info] > git for-each-ref --format=%(refname)%00%(upstream:short)%00%(objectname)%00%(upstream:track)%00%(upstream:remotename)%00%(upstream:remoteref) refs/heads/main refs/remotes/main [2ms]
2024-01-13 22:09:01.943 [info] > git status -z -uall [32ms]
2024-01-13 22:09:03.984 [info] > git show --textconv :FrontEnd/src/app/admin/orden-mantenimiento/orden-mantenimiento-list.component.html [6ms]
2024-01-13 22:09:03.985 [info] > git ls-files --stage -- /opt/lampp/htdocs/PoliceMend/FrontEnd/src/app/admin/orden-mantenimiento/orden-mantenimiento-list.component.html [2ms]
2024-01-13 22:09:03.991 [info] > git cat-file -s 8c7123f7939315dcfadfc53f67d1ba76e124d57e [1ms]
2024-01-13 22:09:06.968 [info] > git config --get commit.template [9ms]
2024-01-13 22:09:06.969 [info] > git for-each-ref --format=%(refname)%00%(upstream:short)%00%(objectname)%00%(upstream:track)%00%(upstream:remotename)%00%(upstream:remoteref) refs/heads/main refs/remotes/main [1ms]
2024-01-13 22:09:07.002 [info] > git status -z -uall [28ms]
2024-01-13 22:09:15.528 [info] > git config --get commit.template [15ms]
2024-01-13 22:09:15.528 [info] > git for-each-ref --format=%(refname)%00%(upstream:short)%00%(objectname)%00%(upstream:track)%00%(upstream:remotename)%00%(upstream:remoteref) refs/heads/main refs/remotes/main [1ms]
2024-01-13 22:09:15.576 [info] > git status -z -uall [36ms]
2024-01-13 22:09:20.601 [info] > git config --get commit.template [6ms]
2024-01-13 22:09:20.601 [info] > git for-each-ref --format=%(refname)%00%(upstream:short)%00%(objectname)%00%(upstream:track)%00%(upstream:remotename)%00%(upstream:remoteref) refs/heads/main refs/remotes/main [3ms]
2024-01-13 22:09:20.645 [info] > git status -z -uall [36ms]
2024-01-13 22:09:25.666 [info] > git config --get commit.template [8ms]
2024-01-13 22:09:25.668 [info] > git for-each-ref --format=%(refname)%00%(upstream:short)%00%(objectname)%00%(upstream:track)%00%(upstream:remotename)%00%(upstream:remoteref) refs/heads/main refs/remotes/main [3ms]
2024-01-13 22:09:25.707 [info] > git status -z -uall [33ms]
2024-01-13 22:09:34.285 [info] > git config --get commit.template [10ms]
2024-01-13 22:09:34.287 [info] > git for-each-ref --format=%(refname)%00%(upstream:short)%00%(objectname)%00%(upstream:track)%00%(upstream:remotename)%00%(upstream:remoteref) refs/heads/main refs/remotes/main [3ms]
2024-01-13 22:09:34.330 [info] > git status -z -uall [37ms]
2024-01-13 22:09:52.398 [info] > git config --get commit.template [8ms]
2024-01-13 22:09:52.408 [info] > git for-each-ref --format=%(refname)%00%(upstream:short)%00%(objectname)%00%(upstream:track)%00%(upstream:remotename)%00%(upstream:remoteref) refs/heads/main refs/remotes/main [16ms]
2024-01-13 22:09:52.473 [info] > git status -z -uall [60ms]
2024-01-13 22:10:20.607 [info] > git config --get commit.template [7ms]
2024-01-13 22:10:20.607 [info] > git for-each-ref --format=%(refname)%00%(upstream:short)%00%(objectname)%00%(upstream:track)%00%(upstream:remotename)%00%(upstream:remoteref) refs/heads/main refs/remotes/main [1ms]
2024-01-13 22:10:20.657 [info] > git status -z -uall [40ms]
2024-01-13 22:10:25.682 [info] > git config --get commit.template [11ms]
2024-01-13 22:10:25.682 [info] > git for-each-ref --format=%(refname)%00%(upstream:short)%00%(objectname)%00%(upstream:track)%00%(upstream:remotename)%00%(upstream:remoteref) refs/heads/main refs/remotes/main [1ms]
2024-01-13 22:10:25.722 [info] > git status -z -uall [32ms]
2024-01-13 22:10:37.262 [info] > git config --get commit.template [12ms]
2024-01-13 22:10:37.263 [info] > git for-each-ref --format=%(refname)%00%(upstream:short)%00%(objectname)%00%(upstream:track)%00%(upstream:remotename)%00%(upstream:remoteref) refs/heads/main refs/remotes/main [2ms]
2024-01-13 22:10:37.299 [info] > git status -z -uall [29ms]
2024-01-13 22:10:42.323 [info] > git config --get commit.template [9ms]
2024-01-13 22:10:42.324 [info] > git for-each-ref --format=%(refname)%00%(upstream:short)%00%(objectname)%00%(upstream:track)%00%(upstream:remotename)%00%(upstream:remoteref) refs/heads/main refs/remotes/main [2ms]
2024-01-13 22:10:42.375 [info] > git status -z -uall [45ms]
2024-01-13 22:10:50.259 [info] > git config --get commit.template [1ms]
2024-01-13 22:10:50.267 [info] > git for-each-ref --format=%(refname)%00%(upstream:short)%00%(objectname)%00%(upstream:track)%00%(upstream:remotename)%00%(upstream:remoteref) refs/heads/main refs/remotes/main [1ms]
2024-01-13 22:10:50.305 [info] > git status -z -uall [33ms]
2024-01-13 22:10:56.860 [info] > git for-each-ref --format=%(refname)%00%(upstream:short)%00%(objectname)%00%(upstream:track)%00%(upstream:remotename)%00%(upstream:remoteref) refs/heads/main refs/remotes/main [7ms]
2024-01-13 22:10:56.869 [info] > git config --get commit.template [24ms]
2024-01-13 22:10:56.928 [info] > git status -z -uall [55ms]
2024-01-13 22:13:40.347 [info] > git config --get commit.template [11ms]
2024-01-13 22:13:40.355 [info] > git for-each-ref --format=%(refname)%00%(upstream:short)%00%(objectname)%00%(upstream:track)%00%(upstream:remotename)%00%(upstream:remoteref) refs/heads/main refs/remotes/main [12ms]
2024-01-13 22:13:40.416 [info] > git status -z -uall [56ms]
2024-01-13 22:13:45.440 [info] > git config --get commit.template [8ms]
2024-01-13 22:13:45.441 [info] > git for-each-ref --format=%(refname)%00%(upstream:short)%00%(objectname)%00%(upstream:track)%00%(upstream:remotename)%00%(upstream:remoteref) refs/heads/main refs/remotes/main [1ms]
2024-01-13 22:13:45.492 [info] > git status -z -uall [45ms]
2024-01-13 22:13:50.516 [info] > git config --get commit.template [11ms]
2024-01-13 22:13:50.517 [info] > git for-each-ref --format=%(refname)%00%(upstream:short)%00%(objectname)%00%(upstream:track)%00%(upstream:remotename)%00%(upstream:remoteref) refs/heads/main refs/remotes/main [1ms]
2024-01-13 22:13:50.553 [info] > git status -z -uall [30ms]
2024-01-13 22:13:55.607 [info] > git config --get commit.template [16ms]
2024-01-13 22:13:55.608 [info] > git for-each-ref --format=%(refname)%00%(upstream:short)%00%(objectname)%00%(upstream:track)%00%(upstream:remotename)%00%(upstream:remoteref) refs/heads/main refs/remotes/main [3ms]
2024-01-13 22:13:55.685 [info] > git status -z -uall [62ms]
2024-01-13 22:14:00.715 [info] > git config --get commit.template [9ms]
2024-01-13 22:14:00.716 [info] > git for-each-ref --format=%(refname)%00%(upstream:short)%00%(objectname)%00%(upstream:track)%00%(upstream:remotename)%00%(upstream:remoteref) refs/heads/main refs/remotes/main [2ms]
2024-01-13 22:14:00.754 [info] > git status -z -uall [30ms]
2024-01-13 22:14:11.244 [info] > git config --get commit.template [17ms]
2024-01-13 22:14:11.245 [info] > git for-each-ref --format=%(refname)%00%(upstream:short)%00%(objectname)%00%(upstream:track)%00%(upstream:remotename)%00%(upstream:remoteref) refs/heads/main refs/remotes/main [2ms]
2024-01-13 22:14:11.299 [info] > git status -z -uall [44ms]
2024-01-13 22:16:26.596 [info] > git config --get commit.template [16ms]
2024-01-13 22:16:26.606 [info] > git for-each-ref --format=%(refname)%00%(upstream:short)%00%(objectname)%00%(upstream:track)%00%(upstream:remotename)%00%(upstream:remoteref) refs/heads/main refs/remotes/main [54ms]
2024-01-13 22:16:26.684 [info] > git status -z -uall [71ms]
2024-01-13 22:19:18.823 [info] > git config --get commit.template [13ms]
2024-01-13 22:19:18.824 [info] > git for-each-ref --format=%(refname)%00%(upstream:short)%00%(objectname)%00%(upstream:track)%00%(upstream:remotename)%00%(upstream:remoteref) refs/heads/main refs/remotes/main [4ms]
2024-01-13 22:19:18.889 [info] > git status -z -uall [46ms]
2024-01-13 22:19:23.924 [info] > git config --get commit.template [12ms]
2024-01-13 22:19:23.925 [info] > git for-each-ref --format=%(refname)%00%(upstream:short)%00%(objectname)%00%(upstream:track)%00%(upstream:remotename)%00%(upstream:remoteref) refs/heads/main refs/remotes/main [3ms]
2024-01-13 22:19:23.971 [info] > git status -z -uall [37ms]
2024-01-13 22:19:32.546 [info] > git config --get commit.template [1ms]
2024-01-13 22:19:32.560 [info] > git for-each-ref --format=%(refname)%00%(upstream:short)%00%(objectname)%00%(upstream:track)%00%(upstream:remotename)%00%(upstream:remoteref) refs/heads/main refs/remotes/main [3ms]
2024-01-13 22:19:32.601 [info] > git status -z -uall [35ms]
2024-01-13 22:19:34.177 [info] > git show --textconv :FrontEnd/src/app/admin/orden-mantenimiento/orden-mantenimiento-list.component.ts [8ms]
2024-01-13 22:19:34.180 [info] > git ls-files --stage -- /opt/lampp/htdocs/PoliceMend/FrontEnd/src/app/admin/orden-mantenimiento/orden-mantenimiento-list.component.ts [3ms]
2024-01-13 22:19:34.190 [info] > git cat-file -s 007b78822cb2f74bcf2ee603790f780655452658 [1ms]
2024-01-13 22:19:37.627 [info] > git config --get commit.template [11ms]
2024-01-13 22:19:37.628 [info] > git for-each-ref --format=%(refname)%00%(upstream:short)%00%(objectname)%00%(upstream:track)%00%(upstream:remotename)%00%(upstream:remoteref) refs/heads/main refs/remotes/main [2ms]
2024-01-13 22:19:37.668 [info] > git status -z -uall [32ms]
2024-01-13 22:19:38.157 [info] > git show --textconv :FrontEnd/src/app/_models/solicitudVehicular.ts [12ms]
2024-01-13 22:19:38.158 [info] > git ls-files --stage -- /opt/lampp/htdocs/PoliceMend/FrontEnd/src/app/_models/solicitudVehicular.ts [4ms]
2024-01-13 22:19:38.166 [info] > git cat-file -s 307dadd57af9d235ae02b2f4fbd0d519cc6967d1 [2ms]
2024-01-13 22:19:38.498 [info] > git check-ignore -v -z --stdin [19ms]
2024-01-13 22:19:47.782 [info] > git config --get commit.template [8ms]
2024-01-13 22:19:47.783 [info] > git for-each-ref --format=%(refname)%00%(upstream:short)%00%(objectname)%00%(upstream:track)%00%(upstream:remotename)%00%(upstream:remoteref) refs/heads/main refs/remotes/main [2ms]
2024-01-13 22:19:47.822 [info] > git status -z -uall [31ms]
2024-01-13 22:19:52.849 [info] > git config --get commit.template [12ms]
2024-01-13 22:19:52.850 [info] > git for-each-ref --format=%(refname)%00%(upstream:short)%00%(objectname)%00%(upstream:track)%00%(upstream:remotename)%00%(upstream:remoteref) refs/heads/main refs/remotes/main [2ms]
2024-01-13 22:19:52.896 [info] > git status -z -uall [36ms]
2024-01-13 22:19:57.931 [info] > git config --get commit.template [11ms]
2024-01-13 22:19:57.932 [info] > git for-each-ref --format=%(refname)%00%(upstream:short)%00%(objectname)%00%(upstream:track)%00%(upstream:remotename)%00%(upstream:remoteref) refs/heads/main refs/remotes/main [2ms]
2024-01-13 22:19:57.974 [info] > git status -z -uall [33ms]
2024-01-13 22:20:03.005 [info] > git config --get commit.template [11ms]
2024-01-13 22:20:03.006 [info] > git for-each-ref --format=%(refname)%00%(upstream:short)%00%(objectname)%00%(upstream:track)%00%(upstream:remotename)%00%(upstream:remoteref) refs/heads/main refs/remotes/main [2ms]
2024-01-13 22:20:03.045 [info] > git status -z -uall [30ms]
2024-01-13 22:20:08.066 [info] > git config --get commit.template [7ms]
2024-01-13 22:20:08.067 [info] > git for-each-ref --format=%(refname)%00%(upstream:short)%00%(objectname)%00%(upstream:track)%00%(upstream:remotename)%00%(upstream:remoteref) refs/heads/main refs/remotes/main [2ms]
2024-01-13 22:20:08.107 [info] > git status -z -uall [31ms]
2024-01-13 22:20:13.235 [info] > git config --get commit.template [14ms]
2024-01-13 22:20:13.253 [info] > git for-each-ref --format=%(refname)%00%(upstream:short)%00%(objectname)%00%(upstream:track)%00%(upstream:remotename)%00%(upstream:remoteref) refs/heads/main refs/remotes/main [24ms]
2024-01-13 22:20:13.342 [info] > git status -z -uall [80ms]
2024-01-13 22:20:15.385 [info] > git ls-files --stage -- /opt/lampp/htdocs/PoliceMend/FrontEnd/src/app/admin/orden-mantenimiento/orden-mantenimiento-list.component.html [24ms]
2024-01-13 22:20:15.404 [info] > git show --textconv :FrontEnd/src/app/admin/orden-mantenimiento/orden-mantenimiento-list.component.html [64ms]
2024-01-13 22:20:15.404 [info] > git cat-file -s 8c7123f7939315dcfadfc53f67d1ba76e124d57e [4ms]
2024-01-13 22:20:18.391 [info] > git config --get commit.template [11ms]
2024-01-13 22:20:18.396 [info] > git for-each-ref --format=%(refname)%00%(upstream:short)%00%(objectname)%00%(upstream:track)%00%(upstream:remotename)%00%(upstream:remoteref) refs/heads/main refs/remotes/main [6ms]
2024-01-13 22:20:18.460 [info] > git status -z -uall [54ms]
2024-01-13 22:20:23.493 [info] > git config --get commit.template [11ms]
2024-01-13 22:20:23.496 [info] > git for-each-ref --format=%(refname)%00%(upstream:short)%00%(objectname)%00%(upstream:track)%00%(upstream:remotename)%00%(upstream:remoteref) refs/heads/main refs/remotes/main [4ms]
2024-01-13 22:20:23.554 [info] > git status -z -uall [48ms]
2024-01-13 22:20:32.578 [info] > git config --get commit.template [10ms]
2024-01-13 22:20:32.579 [info] > git for-each-ref --format=%(refname)%00%(upstream:short)%00%(objectname)%00%(upstream:track)%00%(upstream:remotename)%00%(upstream:remoteref) refs/heads/main refs/remotes/main [3ms]
2024-01-13 22:20:32.618 [info] > git status -z -uall [31ms]
2024-01-13 22:20:37.637 [info] > git config --get commit.template [8ms]
2024-01-13 22:20:37.637 [info] > git for-each-ref --format=%(refname)%00%(upstream:short)%00%(objectname)%00%(upstream:track)%00%(upstream:remotename)%00%(upstream:remoteref) refs/heads/main refs/remotes/main [1ms]
2024-01-13 22:20:37.687 [info] > git status -z -uall [43ms]
2024-01-13 22:20:42.706 [info] > git config --get commit.template [9ms]
2024-01-13 22:20:42.713 [info] > git for-each-ref --format=%(refname)%00%(upstream:short)%00%(objectname)%00%(upstream:track)%00%(upstream:remotename)%00%(upstream:remoteref) refs/heads/main refs/remotes/main [11ms]
2024-01-13 22:20:42.776 [info] > git status -z -uall [58ms]
2024-01-13 22:20:47.796 [info] > git config --get commit.template [11ms]
2024-01-13 22:20:47.798 [info] > git for-each-ref --format=%(refname)%00%(upstream:short)%00%(objectname)%00%(upstream:track)%00%(upstream:remotename)%00%(upstream:remoteref) refs/heads/main refs/remotes/main [2ms]
2024-01-13 22:20:47.835 [info] > git status -z -uall [28ms]
2024-01-13 22:22:39.841 [info] > git config --get commit.template [16ms]
2024-01-13 22:22:39.843 [info] > git for-each-ref --format=%(refname)%00%(upstream:short)%00%(objectname)%00%(upstream:track)%00%(upstream:remotename)%00%(upstream:remoteref) refs/heads/main refs/remotes/main [3ms]
2024-01-13 22:22:39.887 [info] > git status -z -uall [38ms]
2024-01-13 22:22:44.912 [info] > git config --get commit.template [10ms]
2024-01-13 22:22:44.913 [info] > git for-each-ref --format=%(refname)%00%(upstream:short)%00%(objectname)%00%(upstream:track)%00%(upstream:remotename)%00%(upstream:remoteref) refs/heads/main refs/remotes/main [2ms]
2024-01-13 22:22:44.957 [info] > git status -z -uall [34ms]
2024-01-13 22:22:49.989 [info] > git config --get commit.template [11ms]
2024-01-13 22:22:49.990 [info] > git for-each-ref --format=%(refname)%00%(upstream:short)%00%(objectname)%00%(upstream:track)%00%(upstream:remotename)%00%(upstream:remoteref) refs/heads/main refs/remotes/main [6ms]
2024-01-13 22:22:50.070 [info] > git status -z -uall [65ms]
2024-01-13 22:22:55.108 [info] > git config --get commit.template [11ms]
2024-01-13 22:22:55.109 [info] > git for-each-ref --format=%(refname)%00%(upstream:short)%00%(objectname)%00%(upstream:track)%00%(upstream:remotename)%00%(upstream:remoteref) refs/heads/main refs/remotes/main [3ms]
2024-01-13 22:22:55.156 [info] > git status -z -uall [39ms]
2024-01-13 23:06:03.177 [info] > git config --get commit.template [14ms]
2024-01-13 23:06:03.188 [info] > git for-each-ref --format=%(refname)%00%(upstream:short)%00%(objectname)%00%(upstream:track)%00%(upstream:remotename)%00%(upstream:remoteref) refs/heads/main refs/remotes/main [22ms]
2024-01-13 23:06:03.252 [info] > git status -z -uall [59ms]
2024-01-13 23:06:08.275 [info] > git config --get commit.template [8ms]
2024-01-13 23:06:08.276 [info] > git for-each-ref --format=%(refname)%00%(upstream:short)%00%(objectname)%00%(upstream:track)%00%(upstream:remotename)%00%(upstream:remoteref) refs/heads/main refs/remotes/main [2ms]
2024-01-13 23:06:08.312 [info] > git status -z -uall [31ms]
2024-01-13 23:20:30.046 [info] > git config --get commit.template [8ms]
2024-01-13 23:20:30.049 [info] > git for-each-ref --format=%(refname)%00%(upstream:short)%00%(objectname)%00%(upstream:track)%00%(upstream:remotename)%00%(upstream:remoteref) refs/heads/main refs/remotes/main [5ms]
2024-01-13 23:20:30.087 [info] > git status -z -uall [29ms]
2024-01-13 23:20:35.118 [info] > git config --get commit.template [16ms]
2024-01-13 23:20:35.119 [info] > git for-each-ref --format=%(refname)%00%(upstream:short)%00%(objectname)%00%(upstream:track)%00%(upstream:remotename)%00%(upstream:remoteref) refs/heads/main refs/remotes/main [2ms]
2024-01-13 23:20:35.157 [info] > git status -z -uall [27ms]
2024-01-13 23:21:10.907 [info] > git config --get commit.template [10ms]
2024-01-13 23:21:10.909 [info] > git for-each-ref --format=%(refname)%00%(upstream:short)%00%(objectname)%00%(upstream:track)%00%(upstream:remotename)%00%(upstream:remoteref) refs/heads/main refs/remotes/main [3ms]
2024-01-13 23:21:10.949 [info] > git status -z -uall [32ms]
