2023-12-25 05:04:50.697 [warning] Via 'product.json#extensionEnabledApiProposals' extension 'ms-python.python' wants API proposal 'registerIssueDataProvider' but that proposal DOES NOT EXIST. Likely, the proposal has been finalized (check 'vscode.d.ts') or was abandoned.
2023-12-25 05:04:51.092 [info] Started local extension host with pid 8481.
2023-12-25 05:04:54.516 [info] [perf] Render performance baseline is 45ms
2023-12-25 08:22:54.786 [info] Extension host (LocalProcess pid: 8481) is unresponsive.
2023-12-25 08:25:20.327 [info] Extension host (LocalProcess pid: 8481) is responsive.
2023-12-25 08:27:53.820 [info] UNRESPONSIVE extension host: received responsive event and cancelling profiling session
2023-12-25 08:27:56.044 [info] UNRESPONSIVE extension host: starting to profile NOW
2023-12-25 08:45:12.137 [error] <semantic> TypeScript Server Error (5.3.2)
BADCLIENT: Bad error code, 6192 not found in range 594..695 (found: false, false, false, false, false, false, false, false, false); could have caused this error:
Debug Failure. False expression: should not delete whole source file
Error: BADCLIENT: Bad error code, 6192 not found in range 594..695 (found: false, false, false, false, false, false, false, false, false); could have caused this error:
Debug Failure. False expression: should not delete whole source file
    at tryDeleteDeclarationWorker (/snap/code/148/usr/share/code/resources/app/extensions/node_modules/typescript/lib/tsserver.js:153819:11)
    at tryDeleteDeclaration (/snap/code/148/usr/share/code/resources/app/extensions/node_modules/typescript/lib/tsserver.js:153802:3)
    at /snap/code/148/usr/share/code/resources/app/extensions/node_modules/typescript/lib/tsserver.js:153631:82
    at _ChangeTracker.with (/snap/code/148/usr/share/code/resources/app/extensions/node_modules/typescript/lib/tsserver.js:168582:5)
    at Object.getCodeActions (/snap/code/148/usr/share/code/resources/app/extensions/node_modules/typescript/lib/tsserver.js:153631:65)
    at /snap/code/148/usr/share/code/resources/app/extensions/node_modules/typescript/lib/tsserver.js:147102:46
    at flatMap (/snap/code/148/usr/share/code/resources/app/extensions/node_modules/typescript/lib/tsserver.js:2597:17)
    at Object.getFixes (/snap/code/148/usr/share/code/resources/app/extensions/node_modules/typescript/lib/tsserver.js:147102:10)
    at /snap/code/148/usr/share/code/resources/app/extensions/node_modules/typescript/lib/tsserver.js:145387:33
    at flatMap (/snap/code/148/usr/share/code/resources/app/extensions/node_modules/typescript/lib/tsserver.js:2597:17)
    at Object.getCodeFixesAtPosition (/snap/code/148/usr/share/code/resources/app/extensions/node_modules/typescript/lib/tsserver.js:145385:12)
    at IpcIOSession.getCodeFixes (/snap/code/148/usr/share/code/resources/app/extensions/node_modules/typescript/lib/tsserver.js:185073:50)
    at getCodeFixes (/snap/code/148/usr/share/code/resources/app/extensions/node_modules/typescript/lib/tsserver.js:183185:43)
    at /snap/code/148/usr/share/code/resources/app/extensions/node_modules/typescript/lib/tsserver.js:185377:69
    at IpcIOSession.executeWithRequestId (/snap/code/148/usr/share/code/resources/app/extensions/node_modules/typescript/lib/tsserver.js:185369:14)
    at IpcIOSession.executeCommand (/snap/code/148/usr/share/code/resources/app/extensions/node_modules/typescript/lib/tsserver.js:185377:29)
    at IpcIOSession.onMessage (/snap/code/148/usr/share/code/resources/app/extensions/node_modules/typescript/lib/tsserver.js:185419:51)
    at process.<anonymous> (/snap/code/148/usr/share/code/resources/app/extensions/node_modules/typescript/lib/tsserver.js:187001:14)
    at process.emit (node:events:513:28)
    at emit (node:internal/child_process:937:14)
    at process.processTicksAndRejections (node:internal/process/task_queues:83:21): Error: <semantic> TypeScript Server Error (5.3.2)
BADCLIENT: Bad error code, 6192 not found in range 594..695 (found: false, false, false, false, false, false, false, false, false); could have caused this error:
Debug Failure. False expression: should not delete whole source file
Error: BADCLIENT: Bad error code, 6192 not found in range 594..695 (found: false, false, false, false, false, false, false, false, false); could have caused this error:
Debug Failure. False expression: should not delete whole source file
    at tryDeleteDeclarationWorker (/snap/code/148/usr/share/code/resources/app/extensions/node_modules/typescript/lib/tsserver.js:153819:11)
    at tryDeleteDeclaration (/snap/code/148/usr/share/code/resources/app/extensions/node_modules/typescript/lib/tsserver.js:153802:3)
    at /snap/code/148/usr/share/code/resources/app/extensions/node_modules/typescript/lib/tsserver.js:153631:82
    at _ChangeTracker.with (/snap/code/148/usr/share/code/resources/app/extensions/node_modules/typescript/lib/tsserver.js:168582:5)
    at Object.getCodeActions (/snap/code/148/usr/share/code/resources/app/extensions/node_modules/typescript/lib/tsserver.js:153631:65)
    at /snap/code/148/usr/share/code/resources/app/extensions/node_modules/typescript/lib/tsserver.js:147102:46
    at flatMap (/snap/code/148/usr/share/code/resources/app/extensions/node_modules/typescript/lib/tsserver.js:2597:17)
    at Object.getFixes (/snap/code/148/usr/share/code/resources/app/extensions/node_modules/typescript/lib/tsserver.js:147102:10)
    at /snap/code/148/usr/share/code/resources/app/extensions/node_modules/typescript/lib/tsserver.js:145387:33
    at flatMap (/snap/code/148/usr/share/code/resources/app/extensions/node_modules/typescript/lib/tsserver.js:2597:17)
    at Object.getCodeFixesAtPosition (/snap/code/148/usr/share/code/resources/app/extensions/node_modules/typescript/lib/tsserver.js:145385:12)
    at IpcIOSession.getCodeFixes (/snap/code/148/usr/share/code/resources/app/extensions/node_modules/typescript/lib/tsserver.js:185073:50)
    at getCodeFixes (/snap/code/148/usr/share/code/resources/app/extensions/node_modules/typescript/lib/tsserver.js:183185:43)
    at /snap/code/148/usr/share/code/resources/app/extensions/node_modules/typescript/lib/tsserver.js:185377:69
    at IpcIOSession.executeWithRequestId (/snap/code/148/usr/share/code/resources/app/extensions/node_modules/typescript/lib/tsserver.js:185369:14)
    at IpcIOSession.executeCommand (/snap/code/148/usr/share/code/resources/app/extensions/node_modules/typescript/lib/tsserver.js:185377:29)
    at IpcIOSession.onMessage (/snap/code/148/usr/share/code/resources/app/extensions/node_modules/typescript/lib/tsserver.js:185419:51)
    at process.<anonymous> (/snap/code/148/usr/share/code/resources/app/extensions/node_modules/typescript/lib/tsserver.js:187001:14)
    at process.emit (node:events:513:28)
    at emit (node:internal/child_process:937:14)
    at process.processTicksAndRejections (node:internal/process/task_queues:83:21)
	at n.create (/snap/code/148/usr/share/code/resources/app/extensions/typescript-language-features/dist/extension.js:2:474656)
	at v.w (/snap/code/148/usr/share/code/resources/app/extensions/typescript-language-features/dist/extension.js:2:469981)
	at v.u (/snap/code/148/usr/share/code/resources/app/extensions/typescript-language-features/dist/extension.js:2:469064)
	at ChildProcess.<anonymous> (/snap/code/148/usr/share/code/resources/app/extensions/typescript-language-features/dist/extension.js:2:468696)
	at ChildProcess.emit (node:events:513:28)
	at emit (node:internal/child_process:937:14)
	at process.processTicksAndRejections (node:internal/process/task_queues:83:21)
